<?xml version="1.0" encoding="UTF-8"?>
<TestRun id="ef5d9620-5ffe-4893-b15b-ae04a6f9f5f4" name="samcruise@SAMCRUISE-PC 2012-11-01 19:15:23" runUser="samcruise-PC\samcruise" xmlns="http://microsoft.com/schemas/VisualStudio/TeamTest/2010">
  <TestSettings name="Local" id="65a1706e-8b80-420d-8876-f80050a1a2ce">
    <Description>These are default test settings for a local test run.</Description>
    <Deployment enabled="false" runDeploymentRoot="samcruise_SAMCRUISE-PC 2012-11-01 19_15_23">
      <DeploymentItem filename="c:\users\samcruise\documents\visual studio 2010\Projects\ZXSpectrum\ZXSpectrum\ZXSpectrum\bin\x86\Debug\ZXSpectrum.exe" />
    </Deployment>
    <Execution>
      <TestTypeSpecific />
      <AgentRule name="Execution Agents">
      </AgentRule>
    </Execution>
  </TestSettings>
  <Times creation="2012-11-01T19:15:23.5177478+00:00" queuing="2012-11-01T19:15:24.5228053+00:00" start="2012-11-01T19:15:24.6058100+00:00" finish="2012-11-01T19:15:26.4199138+00:00" />
  <ResultSummary outcome="Warning">
    <Counters total="109" executed="109" passed="109" error="0" failed="0" timeout="0" aborted="0" inconclusive="0" passedButRunAborted="0" notRunnable="0" notExecuted="0" disconnected="0" warning="0" completed="0" inProgress="0" pending="0" />
    <RunInfos>
      <RunInfo computerName="SAMCRUISE-PC" outcome="Warning" timestamp="2012-11-01T19:15:23.8037641+00:00">
        <Text>Deployment is currently disabled. The deployment item 'EmuTest.exe' on test 'TestProject2.Z80Test.SETTest' was not deployed.</Text>
      </RunInfo>
    </RunInfos>
  </ResultSummary>
  <TestDefinitions>
    <UnitTest name="SETTest" storage="c:\users\samcruise\documents\visual studio 2010\projects\zxspectrum\testproject2\bin\debug\testproject2.dll" id="9577c4f7-7003-b9c5-163a-7c5efd62ae51">
      <DeploymentItems>
        <DeploymentItem filename="EmuTest.exe" />
      </DeploymentItems>
      <Execution id="e3d8c336-cf73-4999-b97c-75623e470c24" />
      <TestMethod codeBase="c:/users/samcruise/documents/visual studio 2010/Projects/ZXSpectrum/TestProject2/bin/Debug/TestProject2.DLL" adapterTypeName="Microsoft.VisualStudio.TestTools.TestTypes.Unit.UnitTestAdapter, Microsoft.VisualStudio.QualityTools.Tips.UnitTest.Adapter, Version=10.0.0.0, Culture=neutral, PublicKeyToken=b03f5f7f11d50a3a" className="TestProject2.Z80Test, TestProject2, Version=1.0.0.0, Culture=neutral, PublicKeyToken=null" name="SETTest" />
    </UnitTest>
    <UnitTest name="LD_nn_HLTest" storage="c:\users\samcruise\documents\visual studio 2010\projects\zxspectrum\testproject2\bin\debug\testproject2.dll" id="5fd1f04b-dac6-41bb-9db7-15f63c1db9f6">
      <DeploymentItems>
        <DeploymentItem filename="EmuTest.exe" />
      </DeploymentItems>
      <Execution id="b88930c0-5deb-4fca-9ec4-06360eb4ee87" />
      <TestMethod codeBase="c:/users/samcruise/documents/visual studio 2010/Projects/ZXSpectrum/TestProject2/bin/Debug/TestProject2.DLL" adapterTypeName="Microsoft.VisualStudio.TestTools.TestTypes.Unit.UnitTestAdapter, Microsoft.VisualStudio.QualityTools.Tips.UnitTest.Adapter, Version=10.0.0.0, Culture=neutral, PublicKeyToken=b03f5f7f11d50a3a" className="TestProject2.Z80Test, TestProject2, Version=1.0.0.0, Culture=neutral, PublicKeyToken=null" name="LD_nn_HLTest" />
    </UnitTest>
    <UnitTest name="RETNTest" storage="c:\users\samcruise\documents\visual studio 2010\projects\zxspectrum\testproject2\bin\debug\testproject2.dll" id="7a3748d0-d7ac-0d6f-14be-1f126ae99321">
      <DeploymentItems>
        <DeploymentItem filename="EmuTest.exe" />
      </DeploymentItems>
      <Execution id="cc1037fd-ef01-4527-a4e7-a027ac03931c" />
      <TestMethod codeBase="c:/users/samcruise/documents/visual studio 2010/Projects/ZXSpectrum/TestProject2/bin/Debug/TestProject2.DLL" adapterTypeName="Microsoft.VisualStudio.TestTools.TestTypes.Unit.UnitTestAdapter, Microsoft.VisualStudio.QualityTools.Tips.UnitTest.Adapter, Version=10.0.0.0, Culture=neutral, PublicKeyToken=b03f5f7f11d50a3a" className="TestProject2.Z80Test, TestProject2, Version=1.0.0.0, Culture=neutral, PublicKeyToken=null" name="RETNTest" />
    </UnitTest>
    <UnitTest name="SUB_rTest" storage="c:\users\samcruise\documents\visual studio 2010\projects\zxspectrum\testproject2\bin\debug\testproject2.dll" id="55171caa-19dd-2ede-1df5-fba7324e3535">
      <DeploymentItems>
        <DeploymentItem filename="EmuTest.exe" />
      </DeploymentItems>
      <Execution id="ecdcaada-d08d-4da6-a2e6-904ed83cdf6d" />
      <TestMethod codeBase="c:/users/samcruise/documents/visual studio 2010/Projects/ZXSpectrum/TestProject2/bin/Debug/TestProject2.DLL" adapterTypeName="Microsoft.VisualStudio.TestTools.TestTypes.Unit.UnitTestAdapter, Microsoft.VisualStudio.QualityTools.Tips.UnitTest.Adapter, Version=10.0.0.0, Culture=neutral, PublicKeyToken=b03f5f7f11d50a3a" className="TestProject2.Z80Test, TestProject2, Version=1.0.0.0, Culture=neutral, PublicKeyToken=null" name="SUB_rTest" />
    </UnitTest>
    <UnitTest name="INC_rTest" storage="c:\users\samcruise\documents\visual studio 2010\projects\zxspectrum\testproject2\bin\debug\testproject2.dll" id="d16ad0a6-d821-4cca-9aac-518623adb362">
      <DeploymentItems>
        <DeploymentItem filename="EmuTest.exe" />
      </DeploymentItems>
      <Execution id="9e06acec-0f84-45c0-8115-d11cf481346e" />
      <TestMethod codeBase="c:/users/samcruise/documents/visual studio 2010/Projects/ZXSpectrum/TestProject2/bin/Debug/TestProject2.DLL" adapterTypeName="Microsoft.VisualStudio.TestTools.TestTypes.Unit.UnitTestAdapter, Microsoft.VisualStudio.QualityTools.Tips.UnitTest.Adapter, Version=10.0.0.0, Culture=neutral, PublicKeyToken=b03f5f7f11d50a3a" className="TestProject2.Z80Test, TestProject2, Version=1.0.0.0, Culture=neutral, PublicKeyToken=null" name="INC_rTest" />
    </UnitTest>
    <UnitTest name="RLCATest" storage="c:\users\samcruise\documents\visual studio 2010\projects\zxspectrum\testproject2\bin\debug\testproject2.dll" id="eb8ea76d-8f52-861c-adb1-87727b91e8dc">
      <DeploymentItems>
        <DeploymentItem filename="EmuTest.exe" />
      </DeploymentItems>
      <Execution id="4a9f374d-6cbd-4699-89fb-e1dd0b939bad" />
      <TestMethod codeBase="c:/users/samcruise/documents/visual studio 2010/Projects/ZXSpectrum/TestProject2/bin/Debug/TestProject2.DLL" adapterTypeName="Microsoft.VisualStudio.TestTools.TestTypes.Unit.UnitTestAdapter, Microsoft.VisualStudio.QualityTools.Tips.UnitTest.Adapter, Version=10.0.0.0, Culture=neutral, PublicKeyToken=b03f5f7f11d50a3a" className="TestProject2.Z80Test, TestProject2, Version=1.0.0.0, Culture=neutral, PublicKeyToken=null" name="RLCATest" />
    </UnitTest>
    <UnitTest name="OUT_C_rTest" storage="c:\users\samcruise\documents\visual studio 2010\projects\zxspectrum\testproject2\bin\debug\testproject2.dll" id="00f0e72d-0ee9-884c-1553-d761223ad003">
      <DeploymentItems>
        <DeploymentItem filename="EmuTest.exe" />
      </DeploymentItems>
      <Execution id="afa4fe45-744f-45bd-9848-ef4d7529b0a9" />
      <TestMethod codeBase="c:/users/samcruise/documents/visual studio 2010/Projects/ZXSpectrum/TestProject2/bin/Debug/TestProject2.DLL" adapterTypeName="Microsoft.VisualStudio.TestTools.TestTypes.Unit.UnitTestAdapter, Microsoft.VisualStudio.QualityTools.Tips.UnitTest.Adapter, Version=10.0.0.0, Culture=neutral, PublicKeyToken=b03f5f7f11d50a3a" className="TestProject2.Z80Test, TestProject2, Version=1.0.0.0, Culture=neutral, PublicKeyToken=null" name="OUT_C_rTest" />
    </UnitTest>
    <UnitTest name="OUTITest" storage="c:\users\samcruise\documents\visual studio 2010\projects\zxspectrum\testproject2\bin\debug\testproject2.dll" id="e500e466-400d-7a9d-97dd-2a6998d88e4b">
      <DeploymentItems>
        <DeploymentItem filename="EmuTest.exe" />
      </DeploymentItems>
      <Execution id="79ad5f3b-d62b-4cc1-91ae-d6496c98e545" />
      <TestMethod codeBase="c:/users/samcruise/documents/visual studio 2010/Projects/ZXSpectrum/TestProject2/bin/Debug/TestProject2.DLL" adapterTypeName="Microsoft.VisualStudio.TestTools.TestTypes.Unit.UnitTestAdapter, Microsoft.VisualStudio.QualityTools.Tips.UnitTest.Adapter, Version=10.0.0.0, Culture=neutral, PublicKeyToken=b03f5f7f11d50a3a" className="TestProject2.Z80Test, TestProject2, Version=1.0.0.0, Culture=neutral, PublicKeyToken=null" name="OUTITest" />
    </UnitTest>
    <UnitTest name="JP_cc_nnTest" storage="c:\users\samcruise\documents\visual studio 2010\projects\zxspectrum\testproject2\bin\debug\testproject2.dll" id="2a561a82-d650-4928-a63a-372019177aa0">
      <DeploymentItems>
        <DeploymentItem filename="EmuTest.exe" />
      </DeploymentItems>
      <Execution id="52e1c2eb-6def-438a-92fb-7610ef84e530" />
      <TestMethod codeBase="c:/users/samcruise/documents/visual studio 2010/Projects/ZXSpectrum/TestProject2/bin/Debug/TestProject2.DLL" adapterTypeName="Microsoft.VisualStudio.TestTools.TestTypes.Unit.UnitTestAdapter, Microsoft.VisualStudio.QualityTools.Tips.UnitTest.Adapter, Version=10.0.0.0, Culture=neutral, PublicKeyToken=b03f5f7f11d50a3a" className="TestProject2.Z80Test, TestProject2, Version=1.0.0.0, Culture=neutral, PublicKeyToken=null" name="JP_cc_nnTest" />
    </UnitTest>
    <UnitTest name="RET_ccTest" storage="c:\users\samcruise\documents\visual studio 2010\projects\zxspectrum\testproject2\bin\debug\testproject2.dll" id="3a2e5b08-4e06-5e86-1556-043e5a55d63f">
      <DeploymentItems>
        <DeploymentItem filename="EmuTest.exe" />
      </DeploymentItems>
      <Execution id="2215787a-35ee-4157-90be-8be0ac368357" />
      <TestMethod codeBase="c:/users/samcruise/documents/visual studio 2010/Projects/ZXSpectrum/TestProject2/bin/Debug/TestProject2.DLL" adapterTypeName="Microsoft.VisualStudio.TestTools.TestTypes.Unit.UnitTestAdapter, Microsoft.VisualStudio.QualityTools.Tips.UnitTest.Adapter, Version=10.0.0.0, Culture=neutral, PublicKeyToken=b03f5f7f11d50a3a" className="TestProject2.Z80Test, TestProject2, Version=1.0.0.0, Culture=neutral, PublicKeyToken=null" name="RET_ccTest" />
    </UnitTest>
    <UnitTest name="ADD_A_rTest" storage="c:\users\samcruise\documents\visual studio 2010\projects\zxspectrum\testproject2\bin\debug\testproject2.dll" id="61cf7fd2-4675-4774-43a6-1058ba4d6886">
      <DeploymentItems>
        <DeploymentItem filename="EmuTest.exe" />
      </DeploymentItems>
      <Execution id="e7903964-7fb5-405b-8072-ca3dafb08597" />
      <TestMethod codeBase="c:/users/samcruise/documents/visual studio 2010/Projects/ZXSpectrum/TestProject2/bin/Debug/TestProject2.DLL" adapterTypeName="Microsoft.VisualStudio.TestTools.TestTypes.Unit.UnitTestAdapter, Microsoft.VisualStudio.QualityTools.Tips.UnitTest.Adapter, Version=10.0.0.0, Culture=neutral, PublicKeyToken=b03f5f7f11d50a3a" className="TestProject2.Z80Test, TestProject2, Version=1.0.0.0, Culture=neutral, PublicKeyToken=null" name="ADD_A_rTest" />
    </UnitTest>
    <UnitTest name="RLATest" storage="c:\users\samcruise\documents\visual studio 2010\projects\zxspectrum\testproject2\bin\debug\testproject2.dll" id="4a4a0e75-24b0-83d9-8bf1-cffe9a6c30c7">
      <DeploymentItems>
        <DeploymentItem filename="EmuTest.exe" />
      </DeploymentItems>
      <Execution id="3c95d6fd-c097-4947-b85e-fc5bfaa49362" />
      <TestMethod codeBase="c:/users/samcruise/documents/visual studio 2010/Projects/ZXSpectrum/TestProject2/bin/Debug/TestProject2.DLL" adapterTypeName="Microsoft.VisualStudio.TestTools.TestTypes.Unit.UnitTestAdapter, Microsoft.VisualStudio.QualityTools.Tips.UnitTest.Adapter, Version=10.0.0.0, Culture=neutral, PublicKeyToken=b03f5f7f11d50a3a" className="TestProject2.Z80Test, TestProject2, Version=1.0.0.0, Culture=neutral, PublicKeyToken=null" name="RLATest" />
    </UnitTest>
    <UnitTest name="OTIRTest" storage="c:\users\samcruise\documents\visual studio 2010\projects\zxspectrum\testproject2\bin\debug\testproject2.dll" id="613249bd-4594-d153-ca2b-015a8a45b6a0">
      <DeploymentItems>
        <DeploymentItem filename="EmuTest.exe" />
      </DeploymentItems>
      <Execution id="06464803-2942-46b9-8b84-48405a50a02b" />
      <TestMethod codeBase="c:/users/samcruise/documents/visual studio 2010/Projects/ZXSpectrum/TestProject2/bin/Debug/TestProject2.DLL" adapterTypeName="Microsoft.VisualStudio.TestTools.TestTypes.Unit.UnitTestAdapter, Microsoft.VisualStudio.QualityTools.Tips.UnitTest.Adapter, Version=10.0.0.0, Culture=neutral, PublicKeyToken=b03f5f7f11d50a3a" className="TestProject2.Z80Test, TestProject2, Version=1.0.0.0, Culture=neutral, PublicKeyToken=null" name="OTIRTest" />
    </UnitTest>
    <UnitTest name="LDITest" storage="c:\users\samcruise\documents\visual studio 2010\projects\zxspectrum\testproject2\bin\debug\testproject2.dll" id="26cfd68c-0b2b-b154-5fee-9a7274b0546f">
      <DeploymentItems>
        <DeploymentItem filename="EmuTest.exe" />
      </DeploymentItems>
      <Execution id="e64962b5-2279-48f1-bb15-0a234e655d86" />
      <TestMethod codeBase="c:/users/samcruise/documents/visual studio 2010/Projects/ZXSpectrum/TestProject2/bin/Debug/TestProject2.DLL" adapterTypeName="Microsoft.VisualStudio.TestTools.TestTypes.Unit.UnitTestAdapter, Microsoft.VisualStudio.QualityTools.Tips.UnitTest.Adapter, Version=10.0.0.0, Culture=neutral, PublicKeyToken=b03f5f7f11d50a3a" className="TestProject2.Z80Test, TestProject2, Version=1.0.0.0, Culture=neutral, PublicKeyToken=null" name="LDITest" />
    </UnitTest>
    <UnitTest name="DAATest" storage="c:\users\samcruise\documents\visual studio 2010\projects\zxspectrum\testproject2\bin\debug\testproject2.dll" id="8e0d0db1-8d33-69b8-381b-66e942894b60">
      <DeploymentItems>
        <DeploymentItem filename="EmuTest.exe" />
      </DeploymentItems>
      <Execution id="5edb5564-3052-4300-99b1-8f59e075f0d5" />
      <TestMethod codeBase="c:/users/samcruise/documents/visual studio 2010/Projects/ZXSpectrum/TestProject2/bin/Debug/TestProject2.DLL" adapterTypeName="Microsoft.VisualStudio.TestTools.TestTypes.Unit.UnitTestAdapter, Microsoft.VisualStudio.QualityTools.Tips.UnitTest.Adapter, Version=10.0.0.0, Culture=neutral, PublicKeyToken=b03f5f7f11d50a3a" className="TestProject2.Z80Test, TestProject2, Version=1.0.0.0, Culture=neutral, PublicKeyToken=null" name="DAATest" />
    </UnitTest>
    <UnitTest name="CALL_nnTest" storage="c:\users\samcruise\documents\visual studio 2010\projects\zxspectrum\testproject2\bin\debug\testproject2.dll" id="fa3e44b0-1a68-2b54-c8d6-5cd6535068e5">
      <DeploymentItems>
        <DeploymentItem filename="EmuTest.exe" />
      </DeploymentItems>
      <Execution id="d35e0da8-c0dd-4139-80d0-14d1ae6c91f9" />
      <TestMethod codeBase="c:/users/samcruise/documents/visual studio 2010/Projects/ZXSpectrum/TestProject2/bin/Debug/TestProject2.DLL" adapterTypeName="Microsoft.VisualStudio.TestTools.TestTypes.Unit.UnitTestAdapter, Microsoft.VisualStudio.QualityTools.Tips.UnitTest.Adapter, Version=10.0.0.0, Culture=neutral, PublicKeyToken=b03f5f7f11d50a3a" className="TestProject2.Z80Test, TestProject2, Version=1.0.0.0, Culture=neutral, PublicKeyToken=null" name="CALL_nnTest" />
    </UnitTest>
    <UnitTest name="LD_nn_ATest" storage="c:\users\samcruise\documents\visual studio 2010\projects\zxspectrum\testproject2\bin\debug\testproject2.dll" id="9f97dc1f-2483-ec75-3db2-8e92253870cb">
      <DeploymentItems>
        <DeploymentItem filename="EmuTest.exe" />
      </DeploymentItems>
      <Execution id="45d5c18e-25bd-4051-a6c6-25bbadf5267c" />
      <TestMethod codeBase="c:/users/samcruise/documents/visual studio 2010/Projects/ZXSpectrum/TestProject2/bin/Debug/TestProject2.DLL" adapterTypeName="Microsoft.VisualStudio.TestTools.TestTypes.Unit.UnitTestAdapter, Microsoft.VisualStudio.QualityTools.Tips.UnitTest.Adapter, Version=10.0.0.0, Culture=neutral, PublicKeyToken=b03f5f7f11d50a3a" className="TestProject2.Z80Test, TestProject2, Version=1.0.0.0, Culture=neutral, PublicKeyToken=null" name="LD_nn_ATest" />
    </UnitTest>
    <UnitTest name="SUB_nTest" storage="c:\users\samcruise\documents\visual studio 2010\projects\zxspectrum\testproject2\bin\debug\testproject2.dll" id="46c0ea6c-7511-1a43-1027-23d83e8af062">
      <DeploymentItems>
        <DeploymentItem filename="EmuTest.exe" />
      </DeploymentItems>
      <Execution id="35f79444-4f1e-4e7a-aa47-b35d67340312" />
      <TestMethod codeBase="c:/users/samcruise/documents/visual studio 2010/Projects/ZXSpectrum/TestProject2/bin/Debug/TestProject2.DLL" adapterTypeName="Microsoft.VisualStudio.TestTools.TestTypes.Unit.UnitTestAdapter, Microsoft.VisualStudio.QualityTools.Tips.UnitTest.Adapter, Version=10.0.0.0, Culture=neutral, PublicKeyToken=b03f5f7f11d50a3a" className="TestProject2.Z80Test, TestProject2, Version=1.0.0.0, Culture=neutral, PublicKeyToken=null" name="SUB_nTest" />
    </UnitTest>
    <UnitTest name="ADD_A_nTest" storage="c:\users\samcruise\documents\visual studio 2010\projects\zxspectrum\testproject2\bin\debug\testproject2.dll" id="0ebca460-c35e-fb90-0af2-4327104b42ae">
      <DeploymentItems>
        <DeploymentItem filename="EmuTest.exe" />
      </DeploymentItems>
      <Execution id="17091e0f-6362-415c-b8cb-008e507bdfac" />
      <TestMethod codeBase="c:/users/samcruise/documents/visual studio 2010/Projects/ZXSpectrum/TestProject2/bin/Debug/TestProject2.DLL" adapterTypeName="Microsoft.VisualStudio.TestTools.TestTypes.Unit.UnitTestAdapter, Microsoft.VisualStudio.QualityTools.Tips.UnitTest.Adapter, Version=10.0.0.0, Culture=neutral, PublicKeyToken=b03f5f7f11d50a3a" className="TestProject2.Z80Test, TestProject2, Version=1.0.0.0, Culture=neutral, PublicKeyToken=null" name="ADD_A_nTest" />
    </UnitTest>
    <UnitTest name="INDRTest" storage="c:\users\samcruise\documents\visual studio 2010\projects\zxspectrum\testproject2\bin\debug\testproject2.dll" id="0eef37c0-80da-2b47-8f3e-2850bbdef705">
      <DeploymentItems>
        <DeploymentItem filename="EmuTest.exe" />
      </DeploymentItems>
      <Execution id="de9e5576-d3bb-4b9a-ab47-ec62e79b2156" />
      <TestMethod codeBase="c:/users/samcruise/documents/visual studio 2010/Projects/ZXSpectrum/TestProject2/bin/Debug/TestProject2.DLL" adapterTypeName="Microsoft.VisualStudio.TestTools.TestTypes.Unit.UnitTestAdapter, Microsoft.VisualStudio.QualityTools.Tips.UnitTest.Adapter, Version=10.0.0.0, Culture=neutral, PublicKeyToken=b03f5f7f11d50a3a" className="TestProject2.Z80Test, TestProject2, Version=1.0.0.0, Culture=neutral, PublicKeyToken=null" name="INDRTest" />
    </UnitTest>
    <UnitTest name="ZeroTest" storage="c:\users\samcruise\documents\visual studio 2010\projects\zxspectrum\testproject2\bin\debug\testproject2.dll" id="d4004087-56d4-1d0e-14c6-9815e660af61">
      <DeploymentItems>
        <DeploymentItem filename="EmuTest.exe" />
      </DeploymentItems>
      <Execution id="44bceac2-3f69-4497-9029-79963f314dfe" />
      <TestMethod codeBase="c:/users/samcruise/documents/visual studio 2010/Projects/ZXSpectrum/TestProject2/bin/Debug/TestProject2.DLL" adapterTypeName="Microsoft.VisualStudio.TestTools.TestTypes.Unit.UnitTestAdapter, Microsoft.VisualStudio.QualityTools.Tips.UnitTest.Adapter, Version=10.0.0.0, Culture=neutral, PublicKeyToken=b03f5f7f11d50a3a" className="TestProject2.Z80Test, TestProject2, Version=1.0.0.0, Culture=neutral, PublicKeyToken=null" name="ZeroTest" />
    </UnitTest>
    <UnitTest name="OUTDTest" storage="c:\users\samcruise\documents\visual studio 2010\projects\zxspectrum\testproject2\bin\debug\testproject2.dll" id="1e0740c8-2234-8fea-75be-3168c953cfa8">
      <DeploymentItems>
        <DeploymentItem filename="EmuTest.exe" />
      </DeploymentItems>
      <Execution id="a3d917ad-c1df-41b1-bf25-738da383023c" />
      <TestMethod codeBase="c:/users/samcruise/documents/visual studio 2010/Projects/ZXSpectrum/TestProject2/bin/Debug/TestProject2.DLL" adapterTypeName="Microsoft.VisualStudio.TestTools.TestTypes.Unit.UnitTestAdapter, Microsoft.VisualStudio.QualityTools.Tips.UnitTest.Adapter, Version=10.0.0.0, Culture=neutral, PublicKeyToken=b03f5f7f11d50a3a" className="TestProject2.Z80Test, TestProject2, Version=1.0.0.0, Culture=neutral, PublicKeyToken=null" name="OUTDTest" />
    </UnitTest>
    <UnitTest name="LD_R_ATest" storage="c:\users\samcruise\documents\visual studio 2010\projects\zxspectrum\testproject2\bin\debug\testproject2.dll" id="02081afb-f4e4-3f4d-8158-5c914990d541">
      <DeploymentItems>
        <DeploymentItem filename="EmuTest.exe" />
      </DeploymentItems>
      <Execution id="de3164ba-e72d-4a2f-b8cc-3b3bcc1d0806" />
      <TestMethod codeBase="c:/users/samcruise/documents/visual studio 2010/Projects/ZXSpectrum/TestProject2/bin/Debug/TestProject2.DLL" adapterTypeName="Microsoft.VisualStudio.TestTools.TestTypes.Unit.UnitTestAdapter, Microsoft.VisualStudio.QualityTools.Tips.UnitTest.Adapter, Version=10.0.0.0, Culture=neutral, PublicKeyToken=b03f5f7f11d50a3a" className="TestProject2.Z80Test, TestProject2, Version=1.0.0.0, Culture=neutral, PublicKeyToken=null" name="LD_R_ATest" />
    </UnitTest>
    <UnitTest name="LD_dd_nn2Test" storage="c:\users\samcruise\documents\visual studio 2010\projects\zxspectrum\testproject2\bin\debug\testproject2.dll" id="531135d4-b324-d795-f9f5-d51886e82803">
      <DeploymentItems>
        <DeploymentItem filename="EmuTest.exe" />
      </DeploymentItems>
      <Execution id="50a6c9cf-466b-4800-9828-c0ff0cdf54df" />
      <TestMethod codeBase="c:/users/samcruise/documents/visual studio 2010/Projects/ZXSpectrum/TestProject2/bin/Debug/TestProject2.DLL" adapterTypeName="Microsoft.VisualStudio.TestTools.TestTypes.Unit.UnitTestAdapter, Microsoft.VisualStudio.QualityTools.Tips.UnitTest.Adapter, Version=10.0.0.0, Culture=neutral, PublicKeyToken=b03f5f7f11d50a3a" className="TestProject2.Z80Test, TestProject2, Version=1.0.0.0, Culture=neutral, PublicKeyToken=null" name="LD_dd_nn2Test" />
    </UnitTest>
    <UnitTest name="LD_dd_nnTest" storage="c:\users\samcruise\documents\visual studio 2010\projects\zxspectrum\testproject2\bin\debug\testproject2.dll" id="9693f54a-8e39-e20e-ac44-1452f0049c4d">
      <DeploymentItems>
        <DeploymentItem filename="EmuTest.exe" />
      </DeploymentItems>
      <Execution id="f504afe6-2099-4477-98a1-0f5c025f3aff" />
      <TestMethod codeBase="c:/users/samcruise/documents/visual studio 2010/Projects/ZXSpectrum/TestProject2/bin/Debug/TestProject2.DLL" adapterTypeName="Microsoft.VisualStudio.TestTools.TestTypes.Unit.UnitTestAdapter, Microsoft.VisualStudio.QualityTools.Tips.UnitTest.Adapter, Version=10.0.0.0, Culture=neutral, PublicKeyToken=b03f5f7f11d50a3a" className="TestProject2.Z80Test, TestProject2, Version=1.0.0.0, Culture=neutral, PublicKeyToken=null" name="LD_dd_nnTest" />
    </UnitTest>
    <UnitTest name="LD_HL_nnTest" storage="c:\users\samcruise\documents\visual studio 2010\projects\zxspectrum\testproject2\bin\debug\testproject2.dll" id="7a984ac0-e42a-474e-dd34-f1980e6732d9">
      <DeploymentItems>
        <DeploymentItem filename="EmuTest.exe" />
      </DeploymentItems>
      <Execution id="3a87ee10-eb28-4766-a980-d716f30c0b16" />
      <TestMethod codeBase="c:/users/samcruise/documents/visual studio 2010/Projects/ZXSpectrum/TestProject2/bin/Debug/TestProject2.DLL" adapterTypeName="Microsoft.VisualStudio.TestTools.TestTypes.Unit.UnitTestAdapter, Microsoft.VisualStudio.QualityTools.Tips.UnitTest.Adapter, Version=10.0.0.0, Culture=neutral, PublicKeyToken=b03f5f7f11d50a3a" className="TestProject2.Z80Test, TestProject2, Version=1.0.0.0, Culture=neutral, PublicKeyToken=null" name="LD_HL_nnTest" />
    </UnitTest>
    <UnitTest name="LDDRTest" storage="c:\users\samcruise\documents\visual studio 2010\projects\zxspectrum\testproject2\bin\debug\testproject2.dll" id="fbf61387-acd6-ad6e-d454-963c3b13209e">
      <DeploymentItems>
        <DeploymentItem filename="EmuTest.exe" />
      </DeploymentItems>
      <Execution id="7ce6c6f1-c736-46b4-81aa-c75ba5028905" />
      <TestMethod codeBase="c:/users/samcruise/documents/visual studio 2010/Projects/ZXSpectrum/TestProject2/bin/Debug/TestProject2.DLL" adapterTypeName="Microsoft.VisualStudio.TestTools.TestTypes.Unit.UnitTestAdapter, Microsoft.VisualStudio.QualityTools.Tips.UnitTest.Adapter, Version=10.0.0.0, Culture=neutral, PublicKeyToken=b03f5f7f11d50a3a" className="TestProject2.Z80Test, TestProject2, Version=1.0.0.0, Culture=neutral, PublicKeyToken=null" name="LDDRTest" />
    </UnitTest>
    <UnitTest name="LD_SP_HLTest" storage="c:\users\samcruise\documents\visual studio 2010\projects\zxspectrum\testproject2\bin\debug\testproject2.dll" id="408ed624-5685-2cc2-3b5f-b6dc3f3441bf">
      <DeploymentItems>
        <DeploymentItem filename="EmuTest.exe" />
      </DeploymentItems>
      <Execution id="e0cc6b50-8b8b-48c9-b5c7-88112cc3f6a8" />
      <TestMethod codeBase="c:/users/samcruise/documents/visual studio 2010/Projects/ZXSpectrum/TestProject2/bin/Debug/TestProject2.DLL" adapterTypeName="Microsoft.VisualStudio.TestTools.TestTypes.Unit.UnitTestAdapter, Microsoft.VisualStudio.QualityTools.Tips.UnitTest.Adapter, Version=10.0.0.0, Culture=neutral, PublicKeyToken=b03f5f7f11d50a3a" className="TestProject2.Z80Test, TestProject2, Version=1.0.0.0, Culture=neutral, PublicKeyToken=null" name="LD_SP_HLTest" />
    </UnitTest>
    <UnitTest name="OR_rTest" storage="c:\users\samcruise\documents\visual studio 2010\projects\zxspectrum\testproject2\bin\debug\testproject2.dll" id="429a8c32-55b7-bbd1-b067-032d95921b55">
      <DeploymentItems>
        <DeploymentItem filename="EmuTest.exe" />
      </DeploymentItems>
      <Execution id="f571bccc-5633-427d-a884-4093a41532f3" />
      <TestMethod codeBase="c:/users/samcruise/documents/visual studio 2010/Projects/ZXSpectrum/TestProject2/bin/Debug/TestProject2.DLL" adapterTypeName="Microsoft.VisualStudio.TestTools.TestTypes.Unit.UnitTestAdapter, Microsoft.VisualStudio.QualityTools.Tips.UnitTest.Adapter, Version=10.0.0.0, Culture=neutral, PublicKeyToken=b03f5f7f11d50a3a" className="TestProject2.Z80Test, TestProject2, Version=1.0.0.0, Culture=neutral, PublicKeyToken=null" name="OR_rTest" />
    </UnitTest>
    <UnitTest name="LD_DE_ATest" storage="c:\users\samcruise\documents\visual studio 2010\projects\zxspectrum\testproject2\bin\debug\testproject2.dll" id="231bd03e-0d38-6cc5-0783-b65ae0f853d9">
      <DeploymentItems>
        <DeploymentItem filename="EmuTest.exe" />
      </DeploymentItems>
      <Execution id="b7501a41-83a8-4e87-9c99-518867b1040e" />
      <TestMethod codeBase="c:/users/samcruise/documents/visual studio 2010/Projects/ZXSpectrum/TestProject2/bin/Debug/TestProject2.DLL" adapterTypeName="Microsoft.VisualStudio.TestTools.TestTypes.Unit.UnitTestAdapter, Microsoft.VisualStudio.QualityTools.Tips.UnitTest.Adapter, Version=10.0.0.0, Culture=neutral, PublicKeyToken=b03f5f7f11d50a3a" className="TestProject2.Z80Test, TestProject2, Version=1.0.0.0, Culture=neutral, PublicKeyToken=null" name="LD_DE_ATest" />
    </UnitTest>
    <UnitTest name="XOR_rTest" storage="c:\users\samcruise\documents\visual studio 2010\projects\zxspectrum\testproject2\bin\debug\testproject2.dll" id="436605de-6d1c-4402-615f-0938ced05851">
      <DeploymentItems>
        <DeploymentItem filename="EmuTest.exe" />
      </DeploymentItems>
      <Execution id="3b7c7ca0-c3c0-42e9-bc5e-0827162ec634" />
      <TestMethod codeBase="c:/users/samcruise/documents/visual studio 2010/Projects/ZXSpectrum/TestProject2/bin/Debug/TestProject2.DLL" adapterTypeName="Microsoft.VisualStudio.TestTools.TestTypes.Unit.UnitTestAdapter, Microsoft.VisualStudio.QualityTools.Tips.UnitTest.Adapter, Version=10.0.0.0, Culture=neutral, PublicKeyToken=b03f5f7f11d50a3a" className="TestProject2.Z80Test, TestProject2, Version=1.0.0.0, Culture=neutral, PublicKeyToken=null" name="XOR_rTest" />
    </UnitTest>
    <UnitTest name="CP_rTest" storage="c:\users\samcruise\documents\visual studio 2010\projects\zxspectrum\testproject2\bin\debug\testproject2.dll" id="6b710965-1677-6f38-b88e-91e3b8a9332f">
      <DeploymentItems>
        <DeploymentItem filename="EmuTest.exe" />
      </DeploymentItems>
      <Execution id="8caabc9f-afe1-4545-a236-0904145a8983" />
      <TestMethod codeBase="c:/users/samcruise/documents/visual studio 2010/Projects/ZXSpectrum/TestProject2/bin/Debug/TestProject2.DLL" adapterTypeName="Microsoft.VisualStudio.TestTools.TestTypes.Unit.UnitTestAdapter, Microsoft.VisualStudio.QualityTools.Tips.UnitTest.Adapter, Version=10.0.0.0, Culture=neutral, PublicKeyToken=b03f5f7f11d50a3a" className="TestProject2.Z80Test, TestProject2, Version=1.0.0.0, Culture=neutral, PublicKeyToken=null" name="CP_rTest" />
    </UnitTest>
    <UnitTest name="CPITest" storage="c:\users\samcruise\documents\visual studio 2010\projects\zxspectrum\testproject2\bin\debug\testproject2.dll" id="e8d906d9-8fb1-1c4e-04ae-14b5b043e77e">
      <DeploymentItems>
        <DeploymentItem filename="EmuTest.exe" />
      </DeploymentItems>
      <Execution id="d43bebaa-599f-47f8-b983-870acc71842d" />
      <TestMethod codeBase="c:/users/samcruise/documents/visual studio 2010/Projects/ZXSpectrum/TestProject2/bin/Debug/TestProject2.DLL" adapterTypeName="Microsoft.VisualStudio.TestTools.TestTypes.Unit.UnitTestAdapter, Microsoft.VisualStudio.QualityTools.Tips.UnitTest.Adapter, Version=10.0.0.0, Culture=neutral, PublicKeyToken=b03f5f7f11d50a3a" className="TestProject2.Z80Test, TestProject2, Version=1.0.0.0, Culture=neutral, PublicKeyToken=null" name="CPITest" />
    </UnitTest>
    <UnitTest name="LD_nn_ddTest" storage="c:\users\samcruise\documents\visual studio 2010\projects\zxspectrum\testproject2\bin\debug\testproject2.dll" id="f9126364-3831-3363-8188-a09b575bcf73">
      <DeploymentItems>
        <DeploymentItem filename="EmuTest.exe" />
      </DeploymentItems>
      <Execution id="c79dd44b-cbba-4c9c-9e83-2720381504b5" />
      <TestMethod codeBase="c:/users/samcruise/documents/visual studio 2010/Projects/ZXSpectrum/TestProject2/bin/Debug/TestProject2.DLL" adapterTypeName="Microsoft.VisualStudio.TestTools.TestTypes.Unit.UnitTestAdapter, Microsoft.VisualStudio.QualityTools.Tips.UnitTest.Adapter, Version=10.0.0.0, Culture=neutral, PublicKeyToken=b03f5f7f11d50a3a" className="TestProject2.Z80Test, TestProject2, Version=1.0.0.0, Culture=neutral, PublicKeyToken=null" name="LD_nn_ddTest" />
    </UnitTest>
    <UnitTest name="ADC_HLTest" storage="c:\users\samcruise\documents\visual studio 2010\projects\zxspectrum\testproject2\bin\debug\testproject2.dll" id="0b4144dd-a347-7b17-997b-3df3b8ff73bd">
      <DeploymentItems>
        <DeploymentItem filename="EmuTest.exe" />
      </DeploymentItems>
      <Execution id="281e04d6-3f1b-4e1e-8070-c3802ab78e9b" />
      <TestMethod codeBase="c:/users/samcruise/documents/visual studio 2010/Projects/ZXSpectrum/TestProject2/bin/Debug/TestProject2.DLL" adapterTypeName="Microsoft.VisualStudio.TestTools.TestTypes.Unit.UnitTestAdapter, Microsoft.VisualStudio.QualityTools.Tips.UnitTest.Adapter, Version=10.0.0.0, Culture=neutral, PublicKeyToken=b03f5f7f11d50a3a" className="TestProject2.Z80Test, TestProject2, Version=1.0.0.0, Culture=neutral, PublicKeyToken=null" name="ADC_HLTest" />
    </UnitTest>
    <UnitTest name="IMTest" storage="c:\users\samcruise\documents\visual studio 2010\projects\zxspectrum\testproject2\bin\debug\testproject2.dll" id="6993b04e-0773-c13a-ebf9-79006fbce62b">
      <DeploymentItems>
        <DeploymentItem filename="EmuTest.exe" />
      </DeploymentItems>
      <Execution id="d211641d-d743-4008-a7a8-5c3d47722155" />
      <TestMethod codeBase="c:/users/samcruise/documents/visual studio 2010/Projects/ZXSpectrum/TestProject2/bin/Debug/TestProject2.DLL" adapterTypeName="Microsoft.VisualStudio.TestTools.TestTypes.Unit.UnitTestAdapter, Microsoft.VisualStudio.QualityTools.Tips.UnitTest.Adapter, Version=10.0.0.0, Culture=neutral, PublicKeyToken=b03f5f7f11d50a3a" className="TestProject2.Z80Test, TestProject2, Version=1.0.0.0, Culture=neutral, PublicKeyToken=null" name="IMTest" />
    </UnitTest>
    <UnitTest name="PUSH_qqTest" storage="c:\users\samcruise\documents\visual studio 2010\projects\zxspectrum\testproject2\bin\debug\testproject2.dll" id="9084bd1d-64fc-c645-d3ae-df82e73934b3">
      <DeploymentItems>
        <DeploymentItem filename="EmuTest.exe" />
      </DeploymentItems>
      <Execution id="3cf61b5a-fdf2-412c-bec9-2cd186f577f8" />
      <TestMethod codeBase="c:/users/samcruise/documents/visual studio 2010/Projects/ZXSpectrum/TestProject2/bin/Debug/TestProject2.DLL" adapterTypeName="Microsoft.VisualStudio.TestTools.TestTypes.Unit.UnitTestAdapter, Microsoft.VisualStudio.QualityTools.Tips.UnitTest.Adapter, Version=10.0.0.0, Culture=neutral, PublicKeyToken=b03f5f7f11d50a3a" className="TestProject2.Z80Test, TestProject2, Version=1.0.0.0, Culture=neutral, PublicKeyToken=null" name="PUSH_qqTest" />
    </UnitTest>
    <UnitTest name="RLTest" storage="c:\users\samcruise\documents\visual studio 2010\projects\zxspectrum\testproject2\bin\debug\testproject2.dll" id="8d11f4ff-16dc-c6dd-67b2-df83947219f7">
      <DeploymentItems>
        <DeploymentItem filename="EmuTest.exe" />
      </DeploymentItems>
      <Execution id="82bf48c3-1683-42b4-89cd-d1fee3b73415" />
      <TestMethod codeBase="c:/users/samcruise/documents/visual studio 2010/Projects/ZXSpectrum/TestProject2/bin/Debug/TestProject2.DLL" adapterTypeName="Microsoft.VisualStudio.TestTools.TestTypes.Unit.UnitTestAdapter, Microsoft.VisualStudio.QualityTools.Tips.UnitTest.Adapter, Version=10.0.0.0, Culture=neutral, PublicKeyToken=b03f5f7f11d50a3a" className="TestProject2.Z80Test, TestProject2, Version=1.0.0.0, Culture=neutral, PublicKeyToken=null" name="RLTest" />
    </UnitTest>
    <UnitTest name="SRATest" storage="c:\users\samcruise\documents\visual studio 2010\projects\zxspectrum\testproject2\bin\debug\testproject2.dll" id="d576b2e9-18ab-4c39-22d6-660b702088a3">
      <DeploymentItems>
        <DeploymentItem filename="EmuTest.exe" />
      </DeploymentItems>
      <Execution id="c43a539b-2e02-4543-be16-7799dc86f8de" />
      <TestMethod codeBase="c:/users/samcruise/documents/visual studio 2010/Projects/ZXSpectrum/TestProject2/bin/Debug/TestProject2.DLL" adapterTypeName="Microsoft.VisualStudio.TestTools.TestTypes.Unit.UnitTestAdapter, Microsoft.VisualStudio.QualityTools.Tips.UnitTest.Adapter, Version=10.0.0.0, Culture=neutral, PublicKeyToken=b03f5f7f11d50a3a" className="TestProject2.Z80Test, TestProject2, Version=1.0.0.0, Culture=neutral, PublicKeyToken=null" name="SRATest" />
    </UnitTest>
    <UnitTest name="DEC_rTest" storage="c:\users\samcruise\documents\visual studio 2010\projects\zxspectrum\testproject2\bin\debug\testproject2.dll" id="64f3a371-75dd-ff36-2172-a082a1bb01a7">
      <DeploymentItems>
        <DeploymentItem filename="EmuTest.exe" />
      </DeploymentItems>
      <Execution id="d110b9b6-700b-493d-b1d2-61616dcf6873" />
      <TestMethod codeBase="c:/users/samcruise/documents/visual studio 2010/Projects/ZXSpectrum/TestProject2/bin/Debug/TestProject2.DLL" adapterTypeName="Microsoft.VisualStudio.TestTools.TestTypes.Unit.UnitTestAdapter, Microsoft.VisualStudio.QualityTools.Tips.UnitTest.Adapter, Version=10.0.0.0, Culture=neutral, PublicKeyToken=b03f5f7f11d50a3a" className="TestProject2.Z80Test, TestProject2, Version=1.0.0.0, Culture=neutral, PublicKeyToken=null" name="DEC_rTest" />
    </UnitTest>
    <UnitTest name="AND_rTest" storage="c:\users\samcruise\documents\visual studio 2010\projects\zxspectrum\testproject2\bin\debug\testproject2.dll" id="7769ab53-4bf0-a65b-8187-75daf24d1434">
      <DeploymentItems>
        <DeploymentItem filename="EmuTest.exe" />
      </DeploymentItems>
      <Execution id="503a6b8d-ac5d-44fb-98d7-67a77b9b1e92" />
      <TestMethod codeBase="c:/users/samcruise/documents/visual studio 2010/Projects/ZXSpectrum/TestProject2/bin/Debug/TestProject2.DLL" adapterTypeName="Microsoft.VisualStudio.TestTools.TestTypes.Unit.UnitTestAdapter, Microsoft.VisualStudio.QualityTools.Tips.UnitTest.Adapter, Version=10.0.0.0, Culture=neutral, PublicKeyToken=b03f5f7f11d50a3a" className="TestProject2.Z80Test, TestProject2, Version=1.0.0.0, Culture=neutral, PublicKeyToken=null" name="AND_rTest" />
    </UnitTest>
    <UnitTest name="CarryTest" storage="c:\users\samcruise\documents\visual studio 2010\projects\zxspectrum\testproject2\bin\debug\testproject2.dll" id="6ea371f5-9713-1500-34a7-78647e13da18">
      <DeploymentItems>
        <DeploymentItem filename="EmuTest.exe" />
      </DeploymentItems>
      <Execution id="460b5ad8-5bf2-42de-a41a-d93031d567fd" />
      <TestMethod codeBase="c:/users/samcruise/documents/visual studio 2010/Projects/ZXSpectrum/TestProject2/bin/Debug/TestProject2.DLL" adapterTypeName="Microsoft.VisualStudio.TestTools.TestTypes.Unit.UnitTestAdapter, Microsoft.VisualStudio.QualityTools.Tips.UnitTest.Adapter, Version=10.0.0.0, Culture=neutral, PublicKeyToken=b03f5f7f11d50a3a" className="TestProject2.Z80Test, TestProject2, Version=1.0.0.0, Culture=neutral, PublicKeyToken=null" name="CarryTest" />
    </UnitTest>
    <UnitTest name="BITTest" storage="c:\users\samcruise\documents\visual studio 2010\projects\zxspectrum\testproject2\bin\debug\testproject2.dll" id="7976e622-0553-0c71-cbd8-e8577be21b5d">
      <DeploymentItems>
        <DeploymentItem filename="EmuTest.exe" />
      </DeploymentItems>
      <Execution id="9a11acf6-39f3-4975-b2a9-2ab1aed0cfae" />
      <TestMethod codeBase="c:/users/samcruise/documents/visual studio 2010/Projects/ZXSpectrum/TestProject2/bin/Debug/TestProject2.DLL" adapterTypeName="Microsoft.VisualStudio.TestTools.TestTypes.Unit.UnitTestAdapter, Microsoft.VisualStudio.QualityTools.Tips.UnitTest.Adapter, Version=10.0.0.0, Culture=neutral, PublicKeyToken=b03f5f7f11d50a3a" className="TestProject2.Z80Test, TestProject2, Version=1.0.0.0, Culture=neutral, PublicKeyToken=null" name="BITTest" />
    </UnitTest>
    <UnitTest name="LD_r_rTest" storage="c:\users\samcruise\documents\visual studio 2010\projects\zxspectrum\testproject2\bin\debug\testproject2.dll" id="4e29e539-acb7-4fe7-b58a-ad776d59b1bb">
      <DeploymentItems>
        <DeploymentItem filename="EmuTest.exe" />
      </DeploymentItems>
      <Execution id="734ddacb-4138-4909-8a46-d87b76cab9b6" />
      <TestMethod codeBase="c:/users/samcruise/documents/visual studio 2010/Projects/ZXSpectrum/TestProject2/bin/Debug/TestProject2.DLL" adapterTypeName="Microsoft.VisualStudio.TestTools.TestTypes.Unit.UnitTestAdapter, Microsoft.VisualStudio.QualityTools.Tips.UnitTest.Adapter, Version=10.0.0.0, Culture=neutral, PublicKeyToken=b03f5f7f11d50a3a" className="TestProject2.Z80Test, TestProject2, Version=1.0.0.0, Culture=neutral, PublicKeyToken=null" name="LD_r_rTest" />
    </UnitTest>
    <UnitTest name="SBC_A_nTest" storage="c:\users\samcruise\documents\visual studio 2010\projects\zxspectrum\testproject2\bin\debug\testproject2.dll" id="f27d20d8-0856-98b6-055e-c7e96212608b">
      <DeploymentItems>
        <DeploymentItem filename="EmuTest.exe" />
      </DeploymentItems>
      <Execution id="708bc720-f10d-454c-a7ad-65354c2d3c8b" />
      <TestMethod codeBase="c:/users/samcruise/documents/visual studio 2010/Projects/ZXSpectrum/TestProject2/bin/Debug/TestProject2.DLL" adapterTypeName="Microsoft.VisualStudio.TestTools.TestTypes.Unit.UnitTestAdapter, Microsoft.VisualStudio.QualityTools.Tips.UnitTest.Adapter, Version=10.0.0.0, Culture=neutral, PublicKeyToken=b03f5f7f11d50a3a" className="TestProject2.Z80Test, TestProject2, Version=1.0.0.0, Culture=neutral, PublicKeyToken=null" name="SBC_A_nTest" />
    </UnitTest>
    <UnitTest name="LD_A_RTest" storage="c:\users\samcruise\documents\visual studio 2010\projects\zxspectrum\testproject2\bin\debug\testproject2.dll" id="d6f365f5-4679-7038-6450-481adfa7d5c7">
      <DeploymentItems>
        <DeploymentItem filename="EmuTest.exe" />
      </DeploymentItems>
      <Execution id="b1f993f0-d4fb-42a5-b9a6-16b042fbe4c8" />
      <TestMethod codeBase="c:/users/samcruise/documents/visual studio 2010/Projects/ZXSpectrum/TestProject2/bin/Debug/TestProject2.DLL" adapterTypeName="Microsoft.VisualStudio.TestTools.TestTypes.Unit.UnitTestAdapter, Microsoft.VisualStudio.QualityTools.Tips.UnitTest.Adapter, Version=10.0.0.0, Culture=neutral, PublicKeyToken=b03f5f7f11d50a3a" className="TestProject2.Z80Test, TestProject2, Version=1.0.0.0, Culture=neutral, PublicKeyToken=null" name="LD_A_RTest" />
    </UnitTest>
    <UnitTest name="IN_A_nTest" storage="c:\users\samcruise\documents\visual studio 2010\projects\zxspectrum\testproject2\bin\debug\testproject2.dll" id="cb76c32f-1004-2d6e-4048-b5467b53a179">
      <DeploymentItems>
        <DeploymentItem filename="EmuTest.exe" />
      </DeploymentItems>
      <Execution id="36b1ce3a-1912-43ad-a76a-013f694c0129" />
      <TestMethod codeBase="c:/users/samcruise/documents/visual studio 2010/Projects/ZXSpectrum/TestProject2/bin/Debug/TestProject2.DLL" adapterTypeName="Microsoft.VisualStudio.TestTools.TestTypes.Unit.UnitTestAdapter, Microsoft.VisualStudio.QualityTools.Tips.UnitTest.Adapter, Version=10.0.0.0, Culture=neutral, PublicKeyToken=b03f5f7f11d50a3a" className="TestProject2.Z80Test, TestProject2, Version=1.0.0.0, Culture=neutral, PublicKeyToken=null" name="IN_A_nTest" />
    </UnitTest>
    <UnitTest name="RRTest" storage="c:\users\samcruise\documents\visual studio 2010\projects\zxspectrum\testproject2\bin\debug\testproject2.dll" id="c00d5263-9362-91d8-9786-3cf7ff9338c7">
      <DeploymentItems>
        <DeploymentItem filename="EmuTest.exe" />
      </DeploymentItems>
      <Execution id="4f0b04ca-a535-4d5b-b4e5-f93530f4da2b" />
      <TestMethod codeBase="c:/users/samcruise/documents/visual studio 2010/Projects/ZXSpectrum/TestProject2/bin/Debug/TestProject2.DLL" adapterTypeName="Microsoft.VisualStudio.TestTools.TestTypes.Unit.UnitTestAdapter, Microsoft.VisualStudio.QualityTools.Tips.UnitTest.Adapter, Version=10.0.0.0, Culture=neutral, PublicKeyToken=b03f5f7f11d50a3a" className="TestProject2.Z80Test, TestProject2, Version=1.0.0.0, Culture=neutral, PublicKeyToken=null" name="RRTest" />
    </UnitTest>
    <UnitTest name="SRLTest" storage="c:\users\samcruise\documents\visual studio 2010\projects\zxspectrum\testproject2\bin\debug\testproject2.dll" id="a281a993-54ac-242d-6e81-bd7ca5969d50">
      <DeploymentItems>
        <DeploymentItem filename="EmuTest.exe" />
      </DeploymentItems>
      <Execution id="3b7ff851-5d94-4d32-a445-c7444f31a082" />
      <TestMethod codeBase="c:/users/samcruise/documents/visual studio 2010/Projects/ZXSpectrum/TestProject2/bin/Debug/TestProject2.DLL" adapterTypeName="Microsoft.VisualStudio.TestTools.TestTypes.Unit.UnitTestAdapter, Microsoft.VisualStudio.QualityTools.Tips.UnitTest.Adapter, Version=10.0.0.0, Culture=neutral, PublicKeyToken=b03f5f7f11d50a3a" className="TestProject2.Z80Test, TestProject2, Version=1.0.0.0, Culture=neutral, PublicKeyToken=null" name="SRLTest" />
    </UnitTest>
    <UnitTest name="JRTest" storage="c:\users\samcruise\documents\visual studio 2010\projects\zxspectrum\testproject2\bin\debug\testproject2.dll" id="d987caa4-b236-d3ff-cce6-1360da40887d">
      <DeploymentItems>
        <DeploymentItem filename="EmuTest.exe" />
      </DeploymentItems>
      <Execution id="35429a56-77f8-45b1-aefc-22872a8c8348" />
      <TestMethod codeBase="c:/users/samcruise/documents/visual studio 2010/Projects/ZXSpectrum/TestProject2/bin/Debug/TestProject2.DLL" adapterTypeName="Microsoft.VisualStudio.TestTools.TestTypes.Unit.UnitTestAdapter, Microsoft.VisualStudio.QualityTools.Tips.UnitTest.Adapter, Version=10.0.0.0, Culture=neutral, PublicKeyToken=b03f5f7f11d50a3a" className="TestProject2.Z80Test, TestProject2, Version=1.0.0.0, Culture=neutral, PublicKeyToken=null" name="JRTest" />
    </UnitTest>
    <UnitTest name="RESTest" storage="c:\users\samcruise\documents\visual studio 2010\projects\zxspectrum\testproject2\bin\debug\testproject2.dll" id="ec8889aa-5c28-4621-dc4c-a1bae4f864b3">
      <DeploymentItems>
        <DeploymentItem filename="EmuTest.exe" />
      </DeploymentItems>
      <Execution id="332a0b7f-f0ad-4525-b6ee-751be105471b" />
      <TestMethod codeBase="c:/users/samcruise/documents/visual studio 2010/Projects/ZXSpectrum/TestProject2/bin/Debug/TestProject2.DLL" adapterTypeName="Microsoft.VisualStudio.TestTools.TestTypes.Unit.UnitTestAdapter, Microsoft.VisualStudio.QualityTools.Tips.UnitTest.Adapter, Version=10.0.0.0, Culture=neutral, PublicKeyToken=b03f5f7f11d50a3a" className="TestProject2.Z80Test, TestProject2, Version=1.0.0.0, Culture=neutral, PublicKeyToken=null" name="RESTest" />
    </UnitTest>
    <UnitTest name="OR_nTest" storage="c:\users\samcruise\documents\visual studio 2010\projects\zxspectrum\testproject2\bin\debug\testproject2.dll" id="ef38ddd6-7755-2790-0e1b-b39d5b54c463">
      <DeploymentItems>
        <DeploymentItem filename="EmuTest.exe" />
      </DeploymentItems>
      <Execution id="bf55438c-8724-4a35-a33b-be5ecf6814be" />
      <TestMethod codeBase="c:/users/samcruise/documents/visual studio 2010/Projects/ZXSpectrum/TestProject2/bin/Debug/TestProject2.DLL" adapterTypeName="Microsoft.VisualStudio.TestTools.TestTypes.Unit.UnitTestAdapter, Microsoft.VisualStudio.QualityTools.Tips.UnitTest.Adapter, Version=10.0.0.0, Culture=neutral, PublicKeyToken=b03f5f7f11d50a3a" className="TestProject2.Z80Test, TestProject2, Version=1.0.0.0, Culture=neutral, PublicKeyToken=null" name="OR_nTest" />
    </UnitTest>
    <UnitTest name="RLCTest" storage="c:\users\samcruise\documents\visual studio 2010\projects\zxspectrum\testproject2\bin\debug\testproject2.dll" id="5b87d4fd-91a2-2ead-ea51-310966889653">
      <DeploymentItems>
        <DeploymentItem filename="EmuTest.exe" />
      </DeploymentItems>
      <Execution id="6ae90031-c060-404f-90f5-9a8c3a3e266e" />
      <TestMethod codeBase="c:/users/samcruise/documents/visual studio 2010/Projects/ZXSpectrum/TestProject2/bin/Debug/TestProject2.DLL" adapterTypeName="Microsoft.VisualStudio.TestTools.TestTypes.Unit.UnitTestAdapter, Microsoft.VisualStudio.QualityTools.Tips.UnitTest.Adapter, Version=10.0.0.0, Culture=neutral, PublicKeyToken=b03f5f7f11d50a3a" className="TestProject2.Z80Test, TestProject2, Version=1.0.0.0, Culture=neutral, PublicKeyToken=null" name="RLCTest" />
    </UnitTest>
    <UnitTest name="AND_nTest" storage="c:\users\samcruise\documents\visual studio 2010\projects\zxspectrum\testproject2\bin\debug\testproject2.dll" id="9f6c528b-5fee-7f40-d59f-122c6aa17338">
      <DeploymentItems>
        <DeploymentItem filename="EmuTest.exe" />
      </DeploymentItems>
      <Execution id="609972be-c9bd-43d4-8749-d9d7cb2367d7" />
      <TestMethod codeBase="c:/users/samcruise/documents/visual studio 2010/Projects/ZXSpectrum/TestProject2/bin/Debug/TestProject2.DLL" adapterTypeName="Microsoft.VisualStudio.TestTools.TestTypes.Unit.UnitTestAdapter, Microsoft.VisualStudio.QualityTools.Tips.UnitTest.Adapter, Version=10.0.0.0, Culture=neutral, PublicKeyToken=b03f5f7f11d50a3a" className="TestProject2.Z80Test, TestProject2, Version=1.0.0.0, Culture=neutral, PublicKeyToken=null" name="AND_nTest" />
    </UnitTest>
    <UnitTest name="RRCATest" storage="c:\users\samcruise\documents\visual studio 2010\projects\zxspectrum\testproject2\bin\debug\testproject2.dll" id="947b96e5-70b2-89ca-d911-83455c83ccaf">
      <DeploymentItems>
        <DeploymentItem filename="EmuTest.exe" />
      </DeploymentItems>
      <Execution id="09134c89-c9ec-4bee-9030-15f1741d1824" />
      <TestMethod codeBase="c:/users/samcruise/documents/visual studio 2010/Projects/ZXSpectrum/TestProject2/bin/Debug/TestProject2.DLL" adapterTypeName="Microsoft.VisualStudio.TestTools.TestTypes.Unit.UnitTestAdapter, Microsoft.VisualStudio.QualityTools.Tips.UnitTest.Adapter, Version=10.0.0.0, Culture=neutral, PublicKeyToken=b03f5f7f11d50a3a" className="TestProject2.Z80Test, TestProject2, Version=1.0.0.0, Culture=neutral, PublicKeyToken=null" name="RRCATest" />
    </UnitTest>
    <UnitTest name="POP_qqTest" storage="c:\users\samcruise\documents\visual studio 2010\projects\zxspectrum\testproject2\bin\debug\testproject2.dll" id="1fa28479-68b5-6739-9382-2a843d130358">
      <DeploymentItems>
        <DeploymentItem filename="EmuTest.exe" />
      </DeploymentItems>
      <Execution id="f3d3a5e0-f422-43d4-aa9d-a05a615f38c5" />
      <TestMethod codeBase="c:/users/samcruise/documents/visual studio 2010/Projects/ZXSpectrum/TestProject2/bin/Debug/TestProject2.DLL" adapterTypeName="Microsoft.VisualStudio.TestTools.TestTypes.Unit.UnitTestAdapter, Microsoft.VisualStudio.QualityTools.Tips.UnitTest.Adapter, Version=10.0.0.0, Culture=neutral, PublicKeyToken=b03f5f7f11d50a3a" className="TestProject2.Z80Test, TestProject2, Version=1.0.0.0, Culture=neutral, PublicKeyToken=null" name="POP_qqTest" />
    </UnitTest>
    <UnitTest name="EX_SP_HLTest" storage="c:\users\samcruise\documents\visual studio 2010\projects\zxspectrum\testproject2\bin\debug\testproject2.dll" id="5ffd0124-37d8-11bf-fa8d-5062ee6afc91">
      <DeploymentItems>
        <DeploymentItem filename="EmuTest.exe" />
      </DeploymentItems>
      <Execution id="3dadca4e-3b20-45f8-8449-fe74503261c1" />
      <TestMethod codeBase="c:/users/samcruise/documents/visual studio 2010/Projects/ZXSpectrum/TestProject2/bin/Debug/TestProject2.DLL" adapterTypeName="Microsoft.VisualStudio.TestTools.TestTypes.Unit.UnitTestAdapter, Microsoft.VisualStudio.QualityTools.Tips.UnitTest.Adapter, Version=10.0.0.0, Culture=neutral, PublicKeyToken=b03f5f7f11d50a3a" className="TestProject2.Z80Test, TestProject2, Version=1.0.0.0, Culture=neutral, PublicKeyToken=null" name="EX_SP_HLTest" />
    </UnitTest>
    <UnitTest name="LD_A_nnTest" storage="c:\users\samcruise\documents\visual studio 2010\projects\zxspectrum\testproject2\bin\debug\testproject2.dll" id="3910ea2e-3d0e-baae-5cb5-ee5255a7ee35">
      <DeploymentItems>
        <DeploymentItem filename="EmuTest.exe" />
      </DeploymentItems>
      <Execution id="206f3854-1fd6-4889-a076-c9d63683ddca" />
      <TestMethod codeBase="c:/users/samcruise/documents/visual studio 2010/Projects/ZXSpectrum/TestProject2/bin/Debug/TestProject2.DLL" adapterTypeName="Microsoft.VisualStudio.TestTools.TestTypes.Unit.UnitTestAdapter, Microsoft.VisualStudio.QualityTools.Tips.UnitTest.Adapter, Version=10.0.0.0, Culture=neutral, PublicKeyToken=b03f5f7f11d50a3a" className="TestProject2.Z80Test, TestProject2, Version=1.0.0.0, Culture=neutral, PublicKeyToken=null" name="LD_A_nnTest" />
    </UnitTest>
    <UnitTest name="XOR_nTest" storage="c:\users\samcruise\documents\visual studio 2010\projects\zxspectrum\testproject2\bin\debug\testproject2.dll" id="2d6e4e36-5fe1-42c4-5c13-c7a8f483806d">
      <DeploymentItems>
        <DeploymentItem filename="EmuTest.exe" />
      </DeploymentItems>
      <Execution id="cd169e5a-e7ed-4200-b042-d13479510fdd" />
      <TestMethod codeBase="c:/users/samcruise/documents/visual studio 2010/Projects/ZXSpectrum/TestProject2/bin/Debug/TestProject2.DLL" adapterTypeName="Microsoft.VisualStudio.TestTools.TestTypes.Unit.UnitTestAdapter, Microsoft.VisualStudio.QualityTools.Tips.UnitTest.Adapter, Version=10.0.0.0, Culture=neutral, PublicKeyToken=b03f5f7f11d50a3a" className="TestProject2.Z80Test, TestProject2, Version=1.0.0.0, Culture=neutral, PublicKeyToken=null" name="XOR_nTest" />
    </UnitTest>
    <UnitTest name="DNJZTest" storage="c:\users\samcruise\documents\visual studio 2010\projects\zxspectrum\testproject2\bin\debug\testproject2.dll" id="a5b3e069-d5dc-aae1-dab1-7ba2da7e0884">
      <DeploymentItems>
        <DeploymentItem filename="EmuTest.exe" />
      </DeploymentItems>
      <Execution id="eb028441-8f8e-48a9-a005-366bc753a938" />
      <TestMethod codeBase="c:/users/samcruise/documents/visual studio 2010/Projects/ZXSpectrum/TestProject2/bin/Debug/TestProject2.DLL" adapterTypeName="Microsoft.VisualStudio.TestTools.TestTypes.Unit.UnitTestAdapter, Microsoft.VisualStudio.QualityTools.Tips.UnitTest.Adapter, Version=10.0.0.0, Culture=neutral, PublicKeyToken=b03f5f7f11d50a3a" className="TestProject2.Z80Test, TestProject2, Version=1.0.0.0, Culture=neutral, PublicKeyToken=null" name="DNJZTest" />
    </UnitTest>
    <UnitTest name="OUT_n_ATest" storage="c:\users\samcruise\documents\visual studio 2010\projects\zxspectrum\testproject2\bin\debug\testproject2.dll" id="ec3dceb2-7476-60e7-45c6-cb4ca611c1fd">
      <DeploymentItems>
        <DeploymentItem filename="EmuTest.exe" />
      </DeploymentItems>
      <Execution id="9586286f-910f-45b0-8de3-c3dd2386c151" />
      <TestMethod codeBase="c:/users/samcruise/documents/visual studio 2010/Projects/ZXSpectrum/TestProject2/bin/Debug/TestProject2.DLL" adapterTypeName="Microsoft.VisualStudio.TestTools.TestTypes.Unit.UnitTestAdapter, Microsoft.VisualStudio.QualityTools.Tips.UnitTest.Adapter, Version=10.0.0.0, Culture=neutral, PublicKeyToken=b03f5f7f11d50a3a" className="TestProject2.Z80Test, TestProject2, Version=1.0.0.0, Culture=neutral, PublicKeyToken=null" name="OUT_n_ATest" />
    </UnitTest>
    <UnitTest name="NEGTest" storage="c:\users\samcruise\documents\visual studio 2010\projects\zxspectrum\testproject2\bin\debug\testproject2.dll" id="efeb0611-e5d6-72cb-f153-edd9546c4863">
      <DeploymentItems>
        <DeploymentItem filename="EmuTest.exe" />
      </DeploymentItems>
      <Execution id="c7d7c35e-9664-4ebb-bcd9-b51885ec7905" />
      <TestMethod codeBase="c:/users/samcruise/documents/visual studio 2010/Projects/ZXSpectrum/TestProject2/bin/Debug/TestProject2.DLL" adapterTypeName="Microsoft.VisualStudio.TestTools.TestTypes.Unit.UnitTestAdapter, Microsoft.VisualStudio.QualityTools.Tips.UnitTest.Adapter, Version=10.0.0.0, Culture=neutral, PublicKeyToken=b03f5f7f11d50a3a" className="TestProject2.Z80Test, TestProject2, Version=1.0.0.0, Culture=neutral, PublicKeyToken=null" name="NEGTest" />
    </UnitTest>
    <UnitTest name="LD_A_DETest" storage="c:\users\samcruise\documents\visual studio 2010\projects\zxspectrum\testproject2\bin\debug\testproject2.dll" id="dedf675d-4710-3439-30c1-2b6f394221dd">
      <DeploymentItems>
        <DeploymentItem filename="EmuTest.exe" />
      </DeploymentItems>
      <Execution id="a9ec8194-4b59-4839-adab-5ec133656312" />
      <TestMethod codeBase="c:/users/samcruise/documents/visual studio 2010/Projects/ZXSpectrum/TestProject2/bin/Debug/TestProject2.DLL" adapterTypeName="Microsoft.VisualStudio.TestTools.TestTypes.Unit.UnitTestAdapter, Microsoft.VisualStudio.QualityTools.Tips.UnitTest.Adapter, Version=10.0.0.0, Culture=neutral, PublicKeyToken=b03f5f7f11d50a3a" className="TestProject2.Z80Test, TestProject2, Version=1.0.0.0, Culture=neutral, PublicKeyToken=null" name="LD_A_DETest" />
    </UnitTest>
    <UnitTest name="INIRTest" storage="c:\users\samcruise\documents\visual studio 2010\projects\zxspectrum\testproject2\bin\debug\testproject2.dll" id="accb7fb6-557d-89fd-8c02-43ad3120a4e4">
      <DeploymentItems>
        <DeploymentItem filename="EmuTest.exe" />
      </DeploymentItems>
      <Execution id="4f756255-514d-418a-b931-1374e00a7a83" />
      <TestMethod codeBase="c:/users/samcruise/documents/visual studio 2010/Projects/ZXSpectrum/TestProject2/bin/Debug/TestProject2.DLL" adapterTypeName="Microsoft.VisualStudio.TestTools.TestTypes.Unit.UnitTestAdapter, Microsoft.VisualStudio.QualityTools.Tips.UnitTest.Adapter, Version=10.0.0.0, Culture=neutral, PublicKeyToken=b03f5f7f11d50a3a" className="TestProject2.Z80Test, TestProject2, Version=1.0.0.0, Culture=neutral, PublicKeyToken=null" name="INIRTest" />
    </UnitTest>
    <UnitTest name="SBC_A_rTest" storage="c:\users\samcruise\documents\visual studio 2010\projects\zxspectrum\testproject2\bin\debug\testproject2.dll" id="3c62e18b-0679-84be-4297-06f24bddccec">
      <DeploymentItems>
        <DeploymentItem filename="EmuTest.exe" />
      </DeploymentItems>
      <Execution id="d47108fd-2964-483e-ac3d-5d5d9140361b" />
      <TestMethod codeBase="c:/users/samcruise/documents/visual studio 2010/Projects/ZXSpectrum/TestProject2/bin/Debug/TestProject2.DLL" adapterTypeName="Microsoft.VisualStudio.TestTools.TestTypes.Unit.UnitTestAdapter, Microsoft.VisualStudio.QualityTools.Tips.UnitTest.Adapter, Version=10.0.0.0, Culture=neutral, PublicKeyToken=b03f5f7f11d50a3a" className="TestProject2.Z80Test, TestProject2, Version=1.0.0.0, Culture=neutral, PublicKeyToken=null" name="SBC_A_rTest" />
    </UnitTest>
    <UnitTest name="SBC_HLTest" storage="c:\users\samcruise\documents\visual studio 2010\projects\zxspectrum\testproject2\bin\debug\testproject2.dll" id="395f2e6e-8b8a-dab4-6961-5d67ff30ad80">
      <DeploymentItems>
        <DeploymentItem filename="EmuTest.exe" />
      </DeploymentItems>
      <Execution id="050d1779-97b5-4f50-8448-a55d10090892" />
      <TestMethod codeBase="c:/users/samcruise/documents/visual studio 2010/Projects/ZXSpectrum/TestProject2/bin/Debug/TestProject2.DLL" adapterTypeName="Microsoft.VisualStudio.TestTools.TestTypes.Unit.UnitTestAdapter, Microsoft.VisualStudio.QualityTools.Tips.UnitTest.Adapter, Version=10.0.0.0, Culture=neutral, PublicKeyToken=b03f5f7f11d50a3a" className="TestProject2.Z80Test, TestProject2, Version=1.0.0.0, Culture=neutral, PublicKeyToken=null" name="SBC_HLTest" />
    </UnitTest>
    <UnitTest name="CPDRTest" storage="c:\users\samcruise\documents\visual studio 2010\projects\zxspectrum\testproject2\bin\debug\testproject2.dll" id="225c05c4-9748-a7c6-e24e-08b5a00f73ff">
      <DeploymentItems>
        <DeploymentItem filename="EmuTest.exe" />
      </DeploymentItems>
      <Execution id="434a29cb-8614-433b-afe4-0bb39199f8fd" />
      <TestMethod codeBase="c:/users/samcruise/documents/visual studio 2010/Projects/ZXSpectrum/TestProject2/bin/Debug/TestProject2.DLL" adapterTypeName="Microsoft.VisualStudio.TestTools.TestTypes.Unit.UnitTestAdapter, Microsoft.VisualStudio.QualityTools.Tips.UnitTest.Adapter, Version=10.0.0.0, Culture=neutral, PublicKeyToken=b03f5f7f11d50a3a" className="TestProject2.Z80Test, TestProject2, Version=1.0.0.0, Culture=neutral, PublicKeyToken=null" name="CPDRTest" />
    </UnitTest>
    <UnitTest name="SLLTest" storage="c:\users\samcruise\documents\visual studio 2010\projects\zxspectrum\testproject2\bin\debug\testproject2.dll" id="3f3d6718-39ff-7fa1-2efb-6ac794445b3b">
      <DeploymentItems>
        <DeploymentItem filename="EmuTest.exe" />
      </DeploymentItems>
      <Execution id="cabadbf0-4f13-4d88-8d3f-d30c287cc457" />
      <TestMethod codeBase="c:/users/samcruise/documents/visual studio 2010/Projects/ZXSpectrum/TestProject2/bin/Debug/TestProject2.DLL" adapterTypeName="Microsoft.VisualStudio.TestTools.TestTypes.Unit.UnitTestAdapter, Microsoft.VisualStudio.QualityTools.Tips.UnitTest.Adapter, Version=10.0.0.0, Culture=neutral, PublicKeyToken=b03f5f7f11d50a3a" className="TestProject2.Z80Test, TestProject2, Version=1.0.0.0, Culture=neutral, PublicKeyToken=null" name="SLLTest" />
    </UnitTest>
    <UnitTest name="INC_ssTest" storage="c:\users\samcruise\documents\visual studio 2010\projects\zxspectrum\testproject2\bin\debug\testproject2.dll" id="d80f292a-b4c2-4be9-b82a-b5573e9be6f2">
      <DeploymentItems>
        <DeploymentItem filename="EmuTest.exe" />
      </DeploymentItems>
      <Execution id="77aa5749-4fe4-4f1c-9044-7d0ed7cf849c" />
      <TestMethod codeBase="c:/users/samcruise/documents/visual studio 2010/Projects/ZXSpectrum/TestProject2/bin/Debug/TestProject2.DLL" adapterTypeName="Microsoft.VisualStudio.TestTools.TestTypes.Unit.UnitTestAdapter, Microsoft.VisualStudio.QualityTools.Tips.UnitTest.Adapter, Version=10.0.0.0, Culture=neutral, PublicKeyToken=b03f5f7f11d50a3a" className="TestProject2.Z80Test, TestProject2, Version=1.0.0.0, Culture=neutral, PublicKeyToken=null" name="INC_ssTest" />
    </UnitTest>
    <UnitTest name="JP_nnTest" storage="c:\users\samcruise\documents\visual studio 2010\projects\zxspectrum\testproject2\bin\debug\testproject2.dll" id="3cdbe969-b2db-38d4-00ab-7c7380efb3ba">
      <DeploymentItems>
        <DeploymentItem filename="EmuTest.exe" />
      </DeploymentItems>
      <Execution id="ff353340-9b5d-4b4e-844f-b5f7c1495206" />
      <TestMethod codeBase="c:/users/samcruise/documents/visual studio 2010/Projects/ZXSpectrum/TestProject2/bin/Debug/TestProject2.DLL" adapterTypeName="Microsoft.VisualStudio.TestTools.TestTypes.Unit.UnitTestAdapter, Microsoft.VisualStudio.QualityTools.Tips.UnitTest.Adapter, Version=10.0.0.0, Culture=neutral, PublicKeyToken=b03f5f7f11d50a3a" className="TestProject2.Z80Test, TestProject2, Version=1.0.0.0, Culture=neutral, PublicKeyToken=null" name="JP_nnTest" />
    </UnitTest>
    <UnitTest name="RRATest" storage="c:\users\samcruise\documents\visual studio 2010\projects\zxspectrum\testproject2\bin\debug\testproject2.dll" id="2fe7eb0b-f938-cdd3-52dd-f930c2ebb2b1">
      <DeploymentItems>
        <DeploymentItem filename="EmuTest.exe" />
      </DeploymentItems>
      <Execution id="81405e9a-9f1f-453b-8ae0-8634323b4534" />
      <TestMethod codeBase="c:/users/samcruise/documents/visual studio 2010/Projects/ZXSpectrum/TestProject2/bin/Debug/TestProject2.DLL" adapterTypeName="Microsoft.VisualStudio.TestTools.TestTypes.Unit.UnitTestAdapter, Microsoft.VisualStudio.QualityTools.Tips.UnitTest.Adapter, Version=10.0.0.0, Culture=neutral, PublicKeyToken=b03f5f7f11d50a3a" className="TestProject2.Z80Test, TestProject2, Version=1.0.0.0, Culture=neutral, PublicKeyToken=null" name="RRATest" />
    </UnitTest>
    <UnitTest name="LDDTest" storage="c:\users\samcruise\documents\visual studio 2010\projects\zxspectrum\testproject2\bin\debug\testproject2.dll" id="2725660c-204c-cdd3-cc38-c8cb0969f291">
      <DeploymentItems>
        <DeploymentItem filename="EmuTest.exe" />
      </DeploymentItems>
      <Execution id="c9ff20c7-85af-47da-a366-662c9267f981" />
      <TestMethod codeBase="c:/users/samcruise/documents/visual studio 2010/Projects/ZXSpectrum/TestProject2/bin/Debug/TestProject2.DLL" adapterTypeName="Microsoft.VisualStudio.TestTools.TestTypes.Unit.UnitTestAdapter, Microsoft.VisualStudio.QualityTools.Tips.UnitTest.Adapter, Version=10.0.0.0, Culture=neutral, PublicKeyToken=b03f5f7f11d50a3a" className="TestProject2.Z80Test, TestProject2, Version=1.0.0.0, Culture=neutral, PublicKeyToken=null" name="LDDTest" />
    </UnitTest>
    <UnitTest name="EXXTest" storage="c:\users\samcruise\documents\visual studio 2010\projects\zxspectrum\testproject2\bin\debug\testproject2.dll" id="4362f3ce-6bef-c806-ed6a-f9a0e3284ef0">
      <DeploymentItems>
        <DeploymentItem filename="EmuTest.exe" />
      </DeploymentItems>
      <Execution id="66c5a768-1c94-4ac4-830a-268b1dde7e26" />
      <TestMethod codeBase="c:/users/samcruise/documents/visual studio 2010/Projects/ZXSpectrum/TestProject2/bin/Debug/TestProject2.DLL" adapterTypeName="Microsoft.VisualStudio.TestTools.TestTypes.Unit.UnitTestAdapter, Microsoft.VisualStudio.QualityTools.Tips.UnitTest.Adapter, Version=10.0.0.0, Culture=neutral, PublicKeyToken=b03f5f7f11d50a3a" className="TestProject2.Z80Test, TestProject2, Version=1.0.0.0, Culture=neutral, PublicKeyToken=null" name="EXXTest" />
    </UnitTest>
    <UnitTest name="INDTest" storage="c:\users\samcruise\documents\visual studio 2010\projects\zxspectrum\testproject2\bin\debug\testproject2.dll" id="aece9089-8fd9-3739-7b3a-72bcdb4cb138">
      <DeploymentItems>
        <DeploymentItem filename="EmuTest.exe" />
      </DeploymentItems>
      <Execution id="e6f61395-be76-4b13-9f42-580c91f2836a" />
      <TestMethod codeBase="c:/users/samcruise/documents/visual studio 2010/Projects/ZXSpectrum/TestProject2/bin/Debug/TestProject2.DLL" adapterTypeName="Microsoft.VisualStudio.TestTools.TestTypes.Unit.UnitTestAdapter, Microsoft.VisualStudio.QualityTools.Tips.UnitTest.Adapter, Version=10.0.0.0, Culture=neutral, PublicKeyToken=b03f5f7f11d50a3a" className="TestProject2.Z80Test, TestProject2, Version=1.0.0.0, Culture=neutral, PublicKeyToken=null" name="INDTest" />
    </UnitTest>
    <UnitTest name="Arithmetic8BitTest" storage="c:\users\samcruise\documents\visual studio 2010\projects\zxspectrum\testproject2\bin\debug\testproject2.dll" id="fa282fd8-ace3-314b-bdaa-b68c035c8013">
      <DeploymentItems>
        <DeploymentItem filename="EmuTest.exe" />
      </DeploymentItems>
      <Execution id="7bd10b92-eeab-4bd1-b56a-6c9d6e66985a" />
      <TestMethod codeBase="c:/users/samcruise/documents/visual studio 2010/Projects/ZXSpectrum/TestProject2/bin/Debug/TestProject2.DLL" adapterTypeName="Microsoft.VisualStudio.TestTools.TestTypes.Unit.UnitTestAdapter, Microsoft.VisualStudio.QualityTools.Tips.UnitTest.Adapter, Version=10.0.0.0, Culture=neutral, PublicKeyToken=b03f5f7f11d50a3a" className="TestProject2.Z80Test, TestProject2, Version=1.0.0.0, Culture=neutral, PublicKeyToken=null" name="Arithmetic8BitTest" />
    </UnitTest>
    <UnitTest name="OTDRTest" storage="c:\users\samcruise\documents\visual studio 2010\projects\zxspectrum\testproject2\bin\debug\testproject2.dll" id="6582c566-3514-80d9-5e8b-746b8c877c02">
      <DeploymentItems>
        <DeploymentItem filename="EmuTest.exe" />
      </DeploymentItems>
      <Execution id="ea991cc2-f892-4033-98f7-d314ae00b0a2" />
      <TestMethod codeBase="c:/users/samcruise/documents/visual studio 2010/Projects/ZXSpectrum/TestProject2/bin/Debug/TestProject2.DLL" adapterTypeName="Microsoft.VisualStudio.TestTools.TestTypes.Unit.UnitTestAdapter, Microsoft.VisualStudio.QualityTools.Tips.UnitTest.Adapter, Version=10.0.0.0, Culture=neutral, PublicKeyToken=b03f5f7f11d50a3a" className="TestProject2.Z80Test, TestProject2, Version=1.0.0.0, Culture=neutral, PublicKeyToken=null" name="OTDRTest" />
    </UnitTest>
    <UnitTest name="EX_AF_AF2Test" storage="c:\users\samcruise\documents\visual studio 2010\projects\zxspectrum\testproject2\bin\debug\testproject2.dll" id="a99ddd4b-7030-4db6-9934-7cc5773a9396">
      <DeploymentItems>
        <DeploymentItem filename="EmuTest.exe" />
      </DeploymentItems>
      <Execution id="fd6200ae-8af1-4fe6-9db5-8ec60179006f" />
      <TestMethod codeBase="c:/users/samcruise/documents/visual studio 2010/Projects/ZXSpectrum/TestProject2/bin/Debug/TestProject2.DLL" adapterTypeName="Microsoft.VisualStudio.TestTools.TestTypes.Unit.UnitTestAdapter, Microsoft.VisualStudio.QualityTools.Tips.UnitTest.Adapter, Version=10.0.0.0, Culture=neutral, PublicKeyToken=b03f5f7f11d50a3a" className="TestProject2.Z80Test, TestProject2, Version=1.0.0.0, Culture=neutral, PublicKeyToken=null" name="EX_AF_AF2Test" />
    </UnitTest>
    <UnitTest name="DEC_ssTest" storage="c:\users\samcruise\documents\visual studio 2010\projects\zxspectrum\testproject2\bin\debug\testproject2.dll" id="d40644e9-e5a2-7e4e-64e2-b6d9ec18d899">
      <DeploymentItems>
        <DeploymentItem filename="EmuTest.exe" />
      </DeploymentItems>
      <Execution id="e8db7618-8835-4e4a-b6f6-208022db2e16" />
      <TestMethod codeBase="c:/users/samcruise/documents/visual studio 2010/Projects/ZXSpectrum/TestProject2/bin/Debug/TestProject2.DLL" adapterTypeName="Microsoft.VisualStudio.TestTools.TestTypes.Unit.UnitTestAdapter, Microsoft.VisualStudio.QualityTools.Tips.UnitTest.Adapter, Version=10.0.0.0, Culture=neutral, PublicKeyToken=b03f5f7f11d50a3a" className="TestProject2.Z80Test, TestProject2, Version=1.0.0.0, Culture=neutral, PublicKeyToken=null" name="DEC_ssTest" />
    </UnitTest>
    <UnitTest name="EX_DE_HLTest" storage="c:\users\samcruise\documents\visual studio 2010\projects\zxspectrum\testproject2\bin\debug\testproject2.dll" id="c6073ad2-1dfd-1823-7f61-0e4d779c6b0f">
      <DeploymentItems>
        <DeploymentItem filename="EmuTest.exe" />
      </DeploymentItems>
      <Execution id="586c0c08-d073-49bf-b1a7-f4b51566590c" />
      <TestMethod codeBase="c:/users/samcruise/documents/visual studio 2010/Projects/ZXSpectrum/TestProject2/bin/Debug/TestProject2.DLL" adapterTypeName="Microsoft.VisualStudio.TestTools.TestTypes.Unit.UnitTestAdapter, Microsoft.VisualStudio.QualityTools.Tips.UnitTest.Adapter, Version=10.0.0.0, Culture=neutral, PublicKeyToken=b03f5f7f11d50a3a" className="TestProject2.Z80Test, TestProject2, Version=1.0.0.0, Culture=neutral, PublicKeyToken=null" name="EX_DE_HLTest" />
    </UnitTest>
    <UnitTest name="ADC_A_nTest" storage="c:\users\samcruise\documents\visual studio 2010\projects\zxspectrum\testproject2\bin\debug\testproject2.dll" id="a4ae135f-c523-9f9f-d27b-4db4e5509e94">
      <DeploymentItems>
        <DeploymentItem filename="EmuTest.exe" />
      </DeploymentItems>
      <Execution id="09affbc2-5617-4849-81d6-7b17642f4a9c" />
      <TestMethod codeBase="c:/users/samcruise/documents/visual studio 2010/Projects/ZXSpectrum/TestProject2/bin/Debug/TestProject2.DLL" adapterTypeName="Microsoft.VisualStudio.TestTools.TestTypes.Unit.UnitTestAdapter, Microsoft.VisualStudio.QualityTools.Tips.UnitTest.Adapter, Version=10.0.0.0, Culture=neutral, PublicKeyToken=b03f5f7f11d50a3a" className="TestProject2.Z80Test, TestProject2, Version=1.0.0.0, Culture=neutral, PublicKeyToken=null" name="ADC_A_nTest" />
    </UnitTest>
    <UnitTest name="RETITest" storage="c:\users\samcruise\documents\visual studio 2010\projects\zxspectrum\testproject2\bin\debug\testproject2.dll" id="1a78406e-fc9c-f400-96bf-e6409042a51b">
      <DeploymentItems>
        <DeploymentItem filename="EmuTest.exe" />
      </DeploymentItems>
      <Execution id="83488e08-a736-4f88-8375-981e86496fd8" />
      <TestMethod codeBase="c:/users/samcruise/documents/visual studio 2010/Projects/ZXSpectrum/TestProject2/bin/Debug/TestProject2.DLL" adapterTypeName="Microsoft.VisualStudio.TestTools.TestTypes.Unit.UnitTestAdapter, Microsoft.VisualStudio.QualityTools.Tips.UnitTest.Adapter, Version=10.0.0.0, Culture=neutral, PublicKeyToken=b03f5f7f11d50a3a" className="TestProject2.Z80Test, TestProject2, Version=1.0.0.0, Culture=neutral, PublicKeyToken=null" name="RETITest" />
    </UnitTest>
    <UnitTest name="LDIRTest" storage="c:\users\samcruise\documents\visual studio 2010\projects\zxspectrum\testproject2\bin\debug\testproject2.dll" id="c6014464-c5a6-fa24-8780-9b58004c3f58">
      <DeploymentItems>
        <DeploymentItem filename="EmuTest.exe" />
      </DeploymentItems>
      <Execution id="9b9233e8-0edc-4c02-831e-cab340c1b5ff" />
      <TestMethod codeBase="c:/users/samcruise/documents/visual studio 2010/Projects/ZXSpectrum/TestProject2/bin/Debug/TestProject2.DLL" adapterTypeName="Microsoft.VisualStudio.TestTools.TestTypes.Unit.UnitTestAdapter, Microsoft.VisualStudio.QualityTools.Tips.UnitTest.Adapter, Version=10.0.0.0, Culture=neutral, PublicKeyToken=b03f5f7f11d50a3a" className="TestProject2.Z80Test, TestProject2, Version=1.0.0.0, Culture=neutral, PublicKeyToken=null" name="LDIRTest" />
    </UnitTest>
    <UnitTest name="EITest" storage="c:\users\samcruise\documents\visual studio 2010\projects\zxspectrum\testproject2\bin\debug\testproject2.dll" id="cbf56f62-df39-1b79-4acc-e7326d9dc27c">
      <DeploymentItems>
        <DeploymentItem filename="EmuTest.exe" />
      </DeploymentItems>
      <Execution id="f0faf26d-ca9f-48d4-827a-1ef3eba7945b" />
      <TestMethod codeBase="c:/users/samcruise/documents/visual studio 2010/Projects/ZXSpectrum/TestProject2/bin/Debug/TestProject2.DLL" adapterTypeName="Microsoft.VisualStudio.TestTools.TestTypes.Unit.UnitTestAdapter, Microsoft.VisualStudio.QualityTools.Tips.UnitTest.Adapter, Version=10.0.0.0, Culture=neutral, PublicKeyToken=b03f5f7f11d50a3a" className="TestProject2.Z80Test, TestProject2, Version=1.0.0.0, Culture=neutral, PublicKeyToken=null" name="EITest" />
    </UnitTest>
    <UnitTest name="CP_nTest" storage="c:\users\samcruise\documents\visual studio 2010\projects\zxspectrum\testproject2\bin\debug\testproject2.dll" id="f418ccbd-868f-1cb5-4064-c312acb76e89">
      <DeploymentItems>
        <DeploymentItem filename="EmuTest.exe" />
      </DeploymentItems>
      <Execution id="3beab9be-e122-4151-b161-5c87a28b8d41" />
      <TestMethod codeBase="c:/users/samcruise/documents/visual studio 2010/Projects/ZXSpectrum/TestProject2/bin/Debug/TestProject2.DLL" adapterTypeName="Microsoft.VisualStudio.TestTools.TestTypes.Unit.UnitTestAdapter, Microsoft.VisualStudio.QualityTools.Tips.UnitTest.Adapter, Version=10.0.0.0, Culture=neutral, PublicKeyToken=b03f5f7f11d50a3a" className="TestProject2.Z80Test, TestProject2, Version=1.0.0.0, Culture=neutral, PublicKeyToken=null" name="CP_nTest" />
    </UnitTest>
    <UnitTest name="RRCTest" storage="c:\users\samcruise\documents\visual studio 2010\projects\zxspectrum\testproject2\bin\debug\testproject2.dll" id="4bbbd8b9-6ef7-b020-fb32-ef276dcf5e16">
      <DeploymentItems>
        <DeploymentItem filename="EmuTest.exe" />
      </DeploymentItems>
      <Execution id="49ac9edf-9da3-485b-b616-f200a929e44f" />
      <TestMethod codeBase="c:/users/samcruise/documents/visual studio 2010/Projects/ZXSpectrum/TestProject2/bin/Debug/TestProject2.DLL" adapterTypeName="Microsoft.VisualStudio.TestTools.TestTypes.Unit.UnitTestAdapter, Microsoft.VisualStudio.QualityTools.Tips.UnitTest.Adapter, Version=10.0.0.0, Culture=neutral, PublicKeyToken=b03f5f7f11d50a3a" className="TestProject2.Z80Test, TestProject2, Version=1.0.0.0, Culture=neutral, PublicKeyToken=null" name="RRCTest" />
    </UnitTest>
    <UnitTest name="CPDTest" storage="c:\users\samcruise\documents\visual studio 2010\projects\zxspectrum\testproject2\bin\debug\testproject2.dll" id="4618a85c-6917-6864-cac1-68e9f062489d">
      <DeploymentItems>
        <DeploymentItem filename="EmuTest.exe" />
      </DeploymentItems>
      <Execution id="f2d29090-92b9-4326-ae48-333db3a0d73a" />
      <TestMethod codeBase="c:/users/samcruise/documents/visual studio 2010/Projects/ZXSpectrum/TestProject2/bin/Debug/TestProject2.DLL" adapterTypeName="Microsoft.VisualStudio.TestTools.TestTypes.Unit.UnitTestAdapter, Microsoft.VisualStudio.QualityTools.Tips.UnitTest.Adapter, Version=10.0.0.0, Culture=neutral, PublicKeyToken=b03f5f7f11d50a3a" className="TestProject2.Z80Test, TestProject2, Version=1.0.0.0, Culture=neutral, PublicKeyToken=null" name="CPDTest" />
    </UnitTest>
    <UnitTest name="StackTest" storage="c:\users\samcruise\documents\visual studio 2010\projects\zxspectrum\testproject2\bin\debug\testproject2.dll" id="942a0380-d590-7e7a-6851-2cdf34dc5ff1">
      <DeploymentItems>
        <DeploymentItem filename="EmuTest.exe" />
      </DeploymentItems>
      <Execution id="8509f60b-f720-42ac-b676-f9069540836f" />
      <TestMethod codeBase="c:/users/samcruise/documents/visual studio 2010/Projects/ZXSpectrum/TestProject2/bin/Debug/TestProject2.DLL" adapterTypeName="Microsoft.VisualStudio.TestTools.TestTypes.Unit.UnitTestAdapter, Microsoft.VisualStudio.QualityTools.Tips.UnitTest.Adapter, Version=10.0.0.0, Culture=neutral, PublicKeyToken=b03f5f7f11d50a3a" className="TestProject2.Z80Test, TestProject2, Version=1.0.0.0, Culture=neutral, PublicKeyToken=null" name="StackTest" />
    </UnitTest>
    <UnitTest name="SLATest" storage="c:\users\samcruise\documents\visual studio 2010\projects\zxspectrum\testproject2\bin\debug\testproject2.dll" id="fd05f8bb-7e5b-6c74-7d40-9b6b3ce48014">
      <DeploymentItems>
        <DeploymentItem filename="EmuTest.exe" />
      </DeploymentItems>
      <Execution id="ed7ea512-33bc-47eb-8026-e6f6980748d1" />
      <TestMethod codeBase="c:/users/samcruise/documents/visual studio 2010/Projects/ZXSpectrum/TestProject2/bin/Debug/TestProject2.DLL" adapterTypeName="Microsoft.VisualStudio.TestTools.TestTypes.Unit.UnitTestAdapter, Microsoft.VisualStudio.QualityTools.Tips.UnitTest.Adapter, Version=10.0.0.0, Culture=neutral, PublicKeyToken=b03f5f7f11d50a3a" className="TestProject2.Z80Test, TestProject2, Version=1.0.0.0, Culture=neutral, PublicKeyToken=null" name="SLATest" />
    </UnitTest>
    <UnitTest name="SCFTest" storage="c:\users\samcruise\documents\visual studio 2010\projects\zxspectrum\testproject2\bin\debug\testproject2.dll" id="95637e7c-0e69-a183-b60b-a7b697c7d16d">
      <DeploymentItems>
        <DeploymentItem filename="EmuTest.exe" />
      </DeploymentItems>
      <Execution id="499a064c-a7dc-4029-9622-1796e6ca08a6" />
      <TestMethod codeBase="c:/users/samcruise/documents/visual studio 2010/Projects/ZXSpectrum/TestProject2/bin/Debug/TestProject2.DLL" adapterTypeName="Microsoft.VisualStudio.TestTools.TestTypes.Unit.UnitTestAdapter, Microsoft.VisualStudio.QualityTools.Tips.UnitTest.Adapter, Version=10.0.0.0, Culture=neutral, PublicKeyToken=b03f5f7f11d50a3a" className="TestProject2.Z80Test, TestProject2, Version=1.0.0.0, Culture=neutral, PublicKeyToken=null" name="SCFTest" />
    </UnitTest>
    <UnitTest name="LD_A_BCTest" storage="c:\users\samcruise\documents\visual studio 2010\projects\zxspectrum\testproject2\bin\debug\testproject2.dll" id="1098bc54-92c2-3c91-e91e-8afcd496d21e">
      <DeploymentItems>
        <DeploymentItem filename="EmuTest.exe" />
      </DeploymentItems>
      <Execution id="7c828628-ba3a-4ab7-be98-95a6f31a74ff" />
      <TestMethod codeBase="c:/users/samcruise/documents/visual studio 2010/Projects/ZXSpectrum/TestProject2/bin/Debug/TestProject2.DLL" adapterTypeName="Microsoft.VisualStudio.TestTools.TestTypes.Unit.UnitTestAdapter, Microsoft.VisualStudio.QualityTools.Tips.UnitTest.Adapter, Version=10.0.0.0, Culture=neutral, PublicKeyToken=b03f5f7f11d50a3a" className="TestProject2.Z80Test, TestProject2, Version=1.0.0.0, Culture=neutral, PublicKeyToken=null" name="LD_A_BCTest" />
    </UnitTest>
    <UnitTest name="LD_BC_ATest" storage="c:\users\samcruise\documents\visual studio 2010\projects\zxspectrum\testproject2\bin\debug\testproject2.dll" id="82c0cf7c-d6a8-c070-d23c-58c9b55e047a">
      <DeploymentItems>
        <DeploymentItem filename="EmuTest.exe" />
      </DeploymentItems>
      <Execution id="820411dd-08bb-4c62-a578-a0b99c0b07d0" />
      <TestMethod codeBase="c:/users/samcruise/documents/visual studio 2010/Projects/ZXSpectrum/TestProject2/bin/Debug/TestProject2.DLL" adapterTypeName="Microsoft.VisualStudio.TestTools.TestTypes.Unit.UnitTestAdapter, Microsoft.VisualStudio.QualityTools.Tips.UnitTest.Adapter, Version=10.0.0.0, Culture=neutral, PublicKeyToken=b03f5f7f11d50a3a" className="TestProject2.Z80Test, TestProject2, Version=1.0.0.0, Culture=neutral, PublicKeyToken=null" name="LD_BC_ATest" />
    </UnitTest>
    <UnitTest name="RETTest" storage="c:\users\samcruise\documents\visual studio 2010\projects\zxspectrum\testproject2\bin\debug\testproject2.dll" id="fbc81c52-7315-1e7c-4d04-ddf848c918c9">
      <DeploymentItems>
        <DeploymentItem filename="EmuTest.exe" />
      </DeploymentItems>
      <Execution id="34c23998-27cf-46bc-b88a-77209b808c6e" />
      <TestMethod codeBase="c:/users/samcruise/documents/visual studio 2010/Projects/ZXSpectrum/TestProject2/bin/Debug/TestProject2.DLL" adapterTypeName="Microsoft.VisualStudio.TestTools.TestTypes.Unit.UnitTestAdapter, Microsoft.VisualStudio.QualityTools.Tips.UnitTest.Adapter, Version=10.0.0.0, Culture=neutral, PublicKeyToken=b03f5f7f11d50a3a" className="TestProject2.Z80Test, TestProject2, Version=1.0.0.0, Culture=neutral, PublicKeyToken=null" name="RETTest" />
    </UnitTest>
    <UnitTest name="ADC_A_rTest" storage="c:\users\samcruise\documents\visual studio 2010\projects\zxspectrum\testproject2\bin\debug\testproject2.dll" id="7fa090f1-d9a9-3de8-1087-2d0b0717201b">
      <DeploymentItems>
        <DeploymentItem filename="EmuTest.exe" />
      </DeploymentItems>
      <Execution id="b110181c-752d-4ce9-948a-4642b56e2c35" />
      <TestMethod codeBase="c:/users/samcruise/documents/visual studio 2010/Projects/ZXSpectrum/TestProject2/bin/Debug/TestProject2.DLL" adapterTypeName="Microsoft.VisualStudio.TestTools.TestTypes.Unit.UnitTestAdapter, Microsoft.VisualStudio.QualityTools.Tips.UnitTest.Adapter, Version=10.0.0.0, Culture=neutral, PublicKeyToken=b03f5f7f11d50a3a" className="TestProject2.Z80Test, TestProject2, Version=1.0.0.0, Culture=neutral, PublicKeyToken=null" name="ADC_A_rTest" />
    </UnitTest>
    <UnitTest name="RLDTest" storage="c:\users\samcruise\documents\visual studio 2010\projects\zxspectrum\testproject2\bin\debug\testproject2.dll" id="0804b260-48c2-c53d-e9c8-4cb6d080560a">
      <DeploymentItems>
        <DeploymentItem filename="EmuTest.exe" />
      </DeploymentItems>
      <Execution id="eda03ae1-7369-47b6-8780-bde79a454f2a" />
      <TestMethod codeBase="c:/users/samcruise/documents/visual studio 2010/Projects/ZXSpectrum/TestProject2/bin/Debug/TestProject2.DLL" adapterTypeName="Microsoft.VisualStudio.TestTools.TestTypes.Unit.UnitTestAdapter, Microsoft.VisualStudio.QualityTools.Tips.UnitTest.Adapter, Version=10.0.0.0, Culture=neutral, PublicKeyToken=b03f5f7f11d50a3a" className="TestProject2.Z80Test, TestProject2, Version=1.0.0.0, Culture=neutral, PublicKeyToken=null" name="RLDTest" />
    </UnitTest>
    <UnitTest name="RRDTest" storage="c:\users\samcruise\documents\visual studio 2010\projects\zxspectrum\testproject2\bin\debug\testproject2.dll" id="90d80866-ad2b-eaca-8eb7-479ef25dc5d4">
      <DeploymentItems>
        <DeploymentItem filename="EmuTest.exe" />
      </DeploymentItems>
      <Execution id="2126e54e-2601-4c34-a5df-a7194c7f1c6c" />
      <TestMethod codeBase="c:/users/samcruise/documents/visual studio 2010/Projects/ZXSpectrum/TestProject2/bin/Debug/TestProject2.DLL" adapterTypeName="Microsoft.VisualStudio.TestTools.TestTypes.Unit.UnitTestAdapter, Microsoft.VisualStudio.QualityTools.Tips.UnitTest.Adapter, Version=10.0.0.0, Culture=neutral, PublicKeyToken=b03f5f7f11d50a3a" className="TestProject2.Z80Test, TestProject2, Version=1.0.0.0, Culture=neutral, PublicKeyToken=null" name="RRDTest" />
    </UnitTest>
    <UnitTest name="IN_r_CTest" storage="c:\users\samcruise\documents\visual studio 2010\projects\zxspectrum\testproject2\bin\debug\testproject2.dll" id="6af126f8-3922-fbad-35b8-bf549d275e90">
      <DeploymentItems>
        <DeploymentItem filename="EmuTest.exe" />
      </DeploymentItems>
      <Execution id="6aaa020f-9498-470e-9cbf-749b887fb47d" />
      <TestMethod codeBase="c:/users/samcruise/documents/visual studio 2010/Projects/ZXSpectrum/TestProject2/bin/Debug/TestProject2.DLL" adapterTypeName="Microsoft.VisualStudio.TestTools.TestTypes.Unit.UnitTestAdapter, Microsoft.VisualStudio.QualityTools.Tips.UnitTest.Adapter, Version=10.0.0.0, Culture=neutral, PublicKeyToken=b03f5f7f11d50a3a" className="TestProject2.Z80Test, TestProject2, Version=1.0.0.0, Culture=neutral, PublicKeyToken=null" name="IN_r_CTest" />
    </UnitTest>
    <UnitTest name="ADD_HL_ssTest" storage="c:\users\samcruise\documents\visual studio 2010\projects\zxspectrum\testproject2\bin\debug\testproject2.dll" id="77c6ab54-7ca3-396b-513b-a14bf6be574c">
      <DeploymentItems>
        <DeploymentItem filename="EmuTest.exe" />
      </DeploymentItems>
      <Execution id="49c51d73-fcea-4c9f-9c17-9471b0621646" />
      <TestMethod codeBase="c:/users/samcruise/documents/visual studio 2010/Projects/ZXSpectrum/TestProject2/bin/Debug/TestProject2.DLL" adapterTypeName="Microsoft.VisualStudio.TestTools.TestTypes.Unit.UnitTestAdapter, Microsoft.VisualStudio.QualityTools.Tips.UnitTest.Adapter, Version=10.0.0.0, Culture=neutral, PublicKeyToken=b03f5f7f11d50a3a" className="TestProject2.Z80Test, TestProject2, Version=1.0.0.0, Culture=neutral, PublicKeyToken=null" name="ADD_HL_ssTest" />
    </UnitTest>
    <UnitTest name="CALL_cc_nnTest" storage="c:\users\samcruise\documents\visual studio 2010\projects\zxspectrum\testproject2\bin\debug\testproject2.dll" id="320aa1ed-8916-5804-9751-99d2b2fcbc6a">
      <DeploymentItems>
        <DeploymentItem filename="EmuTest.exe" />
      </DeploymentItems>
      <Execution id="6ee59ba8-06a7-4352-8b82-280efc01ee8d" />
      <TestMethod codeBase="c:/users/samcruise/documents/visual studio 2010/Projects/ZXSpectrum/TestProject2/bin/Debug/TestProject2.DLL" adapterTypeName="Microsoft.VisualStudio.TestTools.TestTypes.Unit.UnitTestAdapter, Microsoft.VisualStudio.QualityTools.Tips.UnitTest.Adapter, Version=10.0.0.0, Culture=neutral, PublicKeyToken=b03f5f7f11d50a3a" className="TestProject2.Z80Test, TestProject2, Version=1.0.0.0, Culture=neutral, PublicKeyToken=null" name="CALL_cc_nnTest" />
    </UnitTest>
    <UnitTest name="LD_I_ATest" storage="c:\users\samcruise\documents\visual studio 2010\projects\zxspectrum\testproject2\bin\debug\testproject2.dll" id="8419ae4f-e0d9-7a9f-7f37-e3a84733904b">
      <DeploymentItems>
        <DeploymentItem filename="EmuTest.exe" />
      </DeploymentItems>
      <Execution id="02160f0b-ad82-4cbd-861a-f4fcce354783" />
      <TestMethod codeBase="c:/users/samcruise/documents/visual studio 2010/Projects/ZXSpectrum/TestProject2/bin/Debug/TestProject2.DLL" adapterTypeName="Microsoft.VisualStudio.TestTools.TestTypes.Unit.UnitTestAdapter, Microsoft.VisualStudio.QualityTools.Tips.UnitTest.Adapter, Version=10.0.0.0, Culture=neutral, PublicKeyToken=b03f5f7f11d50a3a" className="TestProject2.Z80Test, TestProject2, Version=1.0.0.0, Culture=neutral, PublicKeyToken=null" name="LD_I_ATest" />
    </UnitTest>
    <UnitTest name="DITest" storage="c:\users\samcruise\documents\visual studio 2010\projects\zxspectrum\testproject2\bin\debug\testproject2.dll" id="e92b5c19-a5d8-72ee-80c0-df041dccc0be">
      <DeploymentItems>
        <DeploymentItem filename="EmuTest.exe" />
      </DeploymentItems>
      <Execution id="be51dea8-343e-40a5-acda-76bd314a7c98" />
      <TestMethod codeBase="c:/users/samcruise/documents/visual studio 2010/Projects/ZXSpectrum/TestProject2/bin/Debug/TestProject2.DLL" adapterTypeName="Microsoft.VisualStudio.TestTools.TestTypes.Unit.UnitTestAdapter, Microsoft.VisualStudio.QualityTools.Tips.UnitTest.Adapter, Version=10.0.0.0, Culture=neutral, PublicKeyToken=b03f5f7f11d50a3a" className="TestProject2.Z80Test, TestProject2, Version=1.0.0.0, Culture=neutral, PublicKeyToken=null" name="DITest" />
    </UnitTest>
    <UnitTest name="CPLTest" storage="c:\users\samcruise\documents\visual studio 2010\projects\zxspectrum\testproject2\bin\debug\testproject2.dll" id="f8babc50-25ce-9eb4-fa02-2679067db866">
      <DeploymentItems>
        <DeploymentItem filename="EmuTest.exe" />
      </DeploymentItems>
      <Execution id="c553497c-2d6c-441c-95b1-0ef3a185d732" />
      <TestMethod codeBase="c:/users/samcruise/documents/visual studio 2010/Projects/ZXSpectrum/TestProject2/bin/Debug/TestProject2.DLL" adapterTypeName="Microsoft.VisualStudio.TestTools.TestTypes.Unit.UnitTestAdapter, Microsoft.VisualStudio.QualityTools.Tips.UnitTest.Adapter, Version=10.0.0.0, Culture=neutral, PublicKeyToken=b03f5f7f11d50a3a" className="TestProject2.Z80Test, TestProject2, Version=1.0.0.0, Culture=neutral, PublicKeyToken=null" name="CPLTest" />
    </UnitTest>
    <UnitTest name="CPIRTest" storage="c:\users\samcruise\documents\visual studio 2010\projects\zxspectrum\testproject2\bin\debug\testproject2.dll" id="1a60954a-838a-08ce-4a89-0464a13b3a93">
      <DeploymentItems>
        <DeploymentItem filename="EmuTest.exe" />
      </DeploymentItems>
      <Execution id="e66de698-5de7-48d0-bb57-9459ac744b9a" />
      <TestMethod codeBase="c:/users/samcruise/documents/visual studio 2010/Projects/ZXSpectrum/TestProject2/bin/Debug/TestProject2.DLL" adapterTypeName="Microsoft.VisualStudio.TestTools.TestTypes.Unit.UnitTestAdapter, Microsoft.VisualStudio.QualityTools.Tips.UnitTest.Adapter, Version=10.0.0.0, Culture=neutral, PublicKeyToken=b03f5f7f11d50a3a" className="TestProject2.Z80Test, TestProject2, Version=1.0.0.0, Culture=neutral, PublicKeyToken=null" name="CPIRTest" />
    </UnitTest>
    <UnitTest name="RSTTest" storage="c:\users\samcruise\documents\visual studio 2010\projects\zxspectrum\testproject2\bin\debug\testproject2.dll" id="ea7626fe-75bd-bf00-5a86-b04022167316">
      <DeploymentItems>
        <DeploymentItem filename="EmuTest.exe" />
      </DeploymentItems>
      <Execution id="a6d58cb1-3beb-422b-8c73-9b69ac0879a5" />
      <TestMethod codeBase="c:/users/samcruise/documents/visual studio 2010/Projects/ZXSpectrum/TestProject2/bin/Debug/TestProject2.DLL" adapterTypeName="Microsoft.VisualStudio.TestTools.TestTypes.Unit.UnitTestAdapter, Microsoft.VisualStudio.QualityTools.Tips.UnitTest.Adapter, Version=10.0.0.0, Culture=neutral, PublicKeyToken=b03f5f7f11d50a3a" className="TestProject2.Z80Test, TestProject2, Version=1.0.0.0, Culture=neutral, PublicKeyToken=null" name="RSTTest" />
    </UnitTest>
    <UnitTest name="CCFTest" storage="c:\users\samcruise\documents\visual studio 2010\projects\zxspectrum\testproject2\bin\debug\testproject2.dll" id="da8af087-df0c-8562-0b18-6cdda3360a1f">
      <DeploymentItems>
        <DeploymentItem filename="EmuTest.exe" />
      </DeploymentItems>
      <Execution id="f1086a4b-3023-46a7-8a53-71b3337b4c46" />
      <TestMethod codeBase="c:/users/samcruise/documents/visual studio 2010/Projects/ZXSpectrum/TestProject2/bin/Debug/TestProject2.DLL" adapterTypeName="Microsoft.VisualStudio.TestTools.TestTypes.Unit.UnitTestAdapter, Microsoft.VisualStudio.QualityTools.Tips.UnitTest.Adapter, Version=10.0.0.0, Culture=neutral, PublicKeyToken=b03f5f7f11d50a3a" className="TestProject2.Z80Test, TestProject2, Version=1.0.0.0, Culture=neutral, PublicKeyToken=null" name="CCFTest" />
    </UnitTest>
    <UnitTest name="LD_r_nTest" storage="c:\users\samcruise\documents\visual studio 2010\projects\zxspectrum\testproject2\bin\debug\testproject2.dll" id="4ca40fc0-23e6-fedb-25b7-f0ba20aa5cc5">
      <DeploymentItems>
        <DeploymentItem filename="EmuTest.exe" />
      </DeploymentItems>
      <Execution id="7daf2ba1-d54e-449d-a205-a0400a8b9140" />
      <TestMethod codeBase="c:/users/samcruise/documents/visual studio 2010/Projects/ZXSpectrum/TestProject2/bin/Debug/TestProject2.DLL" adapterTypeName="Microsoft.VisualStudio.TestTools.TestTypes.Unit.UnitTestAdapter, Microsoft.VisualStudio.QualityTools.Tips.UnitTest.Adapter, Version=10.0.0.0, Culture=neutral, PublicKeyToken=b03f5f7f11d50a3a" className="TestProject2.Z80Test, TestProject2, Version=1.0.0.0, Culture=neutral, PublicKeyToken=null" name="LD_r_nTest" />
    </UnitTest>
    <UnitTest name="JP_HLTest" storage="c:\users\samcruise\documents\visual studio 2010\projects\zxspectrum\testproject2\bin\debug\testproject2.dll" id="644506c2-c887-ef59-e127-65e89db16cbc">
      <DeploymentItems>
        <DeploymentItem filename="EmuTest.exe" />
      </DeploymentItems>
      <Execution id="fcfbd450-862e-4701-b621-0e3828b4b529" />
      <TestMethod codeBase="c:/users/samcruise/documents/visual studio 2010/Projects/ZXSpectrum/TestProject2/bin/Debug/TestProject2.DLL" adapterTypeName="Microsoft.VisualStudio.TestTools.TestTypes.Unit.UnitTestAdapter, Microsoft.VisualStudio.QualityTools.Tips.UnitTest.Adapter, Version=10.0.0.0, Culture=neutral, PublicKeyToken=b03f5f7f11d50a3a" className="TestProject2.Z80Test, TestProject2, Version=1.0.0.0, Culture=neutral, PublicKeyToken=null" name="JP_HLTest" />
    </UnitTest>
    <UnitTest name="HALTTest" storage="c:\users\samcruise\documents\visual studio 2010\projects\zxspectrum\testproject2\bin\debug\testproject2.dll" id="cc8e988e-fc66-7582-921e-6f44ee2d4fb1">
      <DeploymentItems>
        <DeploymentItem filename="EmuTest.exe" />
      </DeploymentItems>
      <Execution id="579afaa4-e759-4381-8a6b-b713121ab9a5" />
      <TestMethod codeBase="c:/users/samcruise/documents/visual studio 2010/Projects/ZXSpectrum/TestProject2/bin/Debug/TestProject2.DLL" adapterTypeName="Microsoft.VisualStudio.TestTools.TestTypes.Unit.UnitTestAdapter, Microsoft.VisualStudio.QualityTools.Tips.UnitTest.Adapter, Version=10.0.0.0, Culture=neutral, PublicKeyToken=b03f5f7f11d50a3a" className="TestProject2.Z80Test, TestProject2, Version=1.0.0.0, Culture=neutral, PublicKeyToken=null" name="HALTTest" />
    </UnitTest>
    <UnitTest name="INITest" storage="c:\users\samcruise\documents\visual studio 2010\projects\zxspectrum\testproject2\bin\debug\testproject2.dll" id="663717dd-e6fb-6ae6-4ed1-26415e1cd665">
      <DeploymentItems>
        <DeploymentItem filename="EmuTest.exe" />
      </DeploymentItems>
      <Execution id="6bb6a8a1-4f37-4d8d-8593-758b39bbddae" />
      <TestMethod codeBase="c:/users/samcruise/documents/visual studio 2010/Projects/ZXSpectrum/TestProject2/bin/Debug/TestProject2.DLL" adapterTypeName="Microsoft.VisualStudio.TestTools.TestTypes.Unit.UnitTestAdapter, Microsoft.VisualStudio.QualityTools.Tips.UnitTest.Adapter, Version=10.0.0.0, Culture=neutral, PublicKeyToken=b03f5f7f11d50a3a" className="TestProject2.Z80Test, TestProject2, Version=1.0.0.0, Culture=neutral, PublicKeyToken=null" name="INITest" />
    </UnitTest>
    <UnitTest name="LD_A_ITest" storage="c:\users\samcruise\documents\visual studio 2010\projects\zxspectrum\testproject2\bin\debug\testproject2.dll" id="77ea9ad2-e5e0-4a61-f03a-bc81b141b08e">
      <DeploymentItems>
        <DeploymentItem filename="EmuTest.exe" />
      </DeploymentItems>
      <Execution id="ad374016-5f27-4a62-92f2-3f6f3e39de93" />
      <TestMethod codeBase="c:/users/samcruise/documents/visual studio 2010/Projects/ZXSpectrum/TestProject2/bin/Debug/TestProject2.DLL" adapterTypeName="Microsoft.VisualStudio.TestTools.TestTypes.Unit.UnitTestAdapter, Microsoft.VisualStudio.QualityTools.Tips.UnitTest.Adapter, Version=10.0.0.0, Culture=neutral, PublicKeyToken=b03f5f7f11d50a3a" className="TestProject2.Z80Test, TestProject2, Version=1.0.0.0, Culture=neutral, PublicKeyToken=null" name="LD_A_ITest" />
    </UnitTest>
  </TestDefinitions>
  <TestLists>
    <TestList name="Results Not in a List" id="8c84fa94-04c1-424b-9868-57a2d4851a1d" />
    <TestList name="All Loaded Results" id="19431567-8539-422a-85d7-44ee4e166bda" />
  </TestLists>
  <TestEntries>
    <TestEntry testId="7a3748d0-d7ac-0d6f-14be-1f126ae99321" executionId="cc1037fd-ef01-4527-a4e7-a027ac03931c" testListId="8c84fa94-04c1-424b-9868-57a2d4851a1d" />
    <TestEntry testId="3a2e5b08-4e06-5e86-1556-043e5a55d63f" executionId="2215787a-35ee-4157-90be-8be0ac368357" testListId="8c84fa94-04c1-424b-9868-57a2d4851a1d" />
    <TestEntry testId="8d11f4ff-16dc-c6dd-67b2-df83947219f7" executionId="82bf48c3-1683-42b4-89cd-d1fee3b73415" testListId="8c84fa94-04c1-424b-9868-57a2d4851a1d" />
    <TestEntry testId="4a4a0e75-24b0-83d9-8bf1-cffe9a6c30c7" executionId="3c95d6fd-c097-4947-b85e-fc5bfaa49362" testListId="8c84fa94-04c1-424b-9868-57a2d4851a1d" />
    <TestEntry testId="5b87d4fd-91a2-2ead-ea51-310966889653" executionId="6ae90031-c060-404f-90f5-9a8c3a3e266e" testListId="8c84fa94-04c1-424b-9868-57a2d4851a1d" />
    <TestEntry testId="eb8ea76d-8f52-861c-adb1-87727b91e8dc" executionId="4a9f374d-6cbd-4699-89fb-e1dd0b939bad" testListId="8c84fa94-04c1-424b-9868-57a2d4851a1d" />
    <TestEntry testId="0804b260-48c2-c53d-e9c8-4cb6d080560a" executionId="eda03ae1-7369-47b6-8780-bde79a454f2a" testListId="8c84fa94-04c1-424b-9868-57a2d4851a1d" />
    <TestEntry testId="c00d5263-9362-91d8-9786-3cf7ff9338c7" executionId="4f0b04ca-a535-4d5b-b4e5-f93530f4da2b" testListId="8c84fa94-04c1-424b-9868-57a2d4851a1d" />
    <TestEntry testId="2fe7eb0b-f938-cdd3-52dd-f930c2ebb2b1" executionId="81405e9a-9f1f-453b-8ae0-8634323b4534" testListId="8c84fa94-04c1-424b-9868-57a2d4851a1d" />
    <TestEntry testId="4bbbd8b9-6ef7-b020-fb32-ef276dcf5e16" executionId="49ac9edf-9da3-485b-b616-f200a929e44f" testListId="8c84fa94-04c1-424b-9868-57a2d4851a1d" />
    <TestEntry testId="947b96e5-70b2-89ca-d911-83455c83ccaf" executionId="09134c89-c9ec-4bee-9030-15f1741d1824" testListId="8c84fa94-04c1-424b-9868-57a2d4851a1d" />
    <TestEntry testId="90d80866-ad2b-eaca-8eb7-479ef25dc5d4" executionId="2126e54e-2601-4c34-a5df-a7194c7f1c6c" testListId="8c84fa94-04c1-424b-9868-57a2d4851a1d" />
    <TestEntry testId="ea7626fe-75bd-bf00-5a86-b04022167316" executionId="a6d58cb1-3beb-422b-8c73-9b69ac0879a5" testListId="8c84fa94-04c1-424b-9868-57a2d4851a1d" />
    <TestEntry testId="f27d20d8-0856-98b6-055e-c7e96212608b" executionId="708bc720-f10d-454c-a7ad-65354c2d3c8b" testListId="8c84fa94-04c1-424b-9868-57a2d4851a1d" />
    <TestEntry testId="3c62e18b-0679-84be-4297-06f24bddccec" executionId="d47108fd-2964-483e-ac3d-5d5d9140361b" testListId="8c84fa94-04c1-424b-9868-57a2d4851a1d" />
    <TestEntry testId="395f2e6e-8b8a-dab4-6961-5d67ff30ad80" executionId="050d1779-97b5-4f50-8448-a55d10090892" testListId="8c84fa94-04c1-424b-9868-57a2d4851a1d" />
    <TestEntry testId="95637e7c-0e69-a183-b60b-a7b697c7d16d" executionId="499a064c-a7dc-4029-9622-1796e6ca08a6" testListId="8c84fa94-04c1-424b-9868-57a2d4851a1d" />
    <TestEntry testId="9577c4f7-7003-b9c5-163a-7c5efd62ae51" executionId="e3d8c336-cf73-4999-b97c-75623e470c24" testListId="8c84fa94-04c1-424b-9868-57a2d4851a1d" />
    <TestEntry testId="fd05f8bb-7e5b-6c74-7d40-9b6b3ce48014" executionId="ed7ea512-33bc-47eb-8026-e6f6980748d1" testListId="8c84fa94-04c1-424b-9868-57a2d4851a1d" />
    <TestEntry testId="3f3d6718-39ff-7fa1-2efb-6ac794445b3b" executionId="cabadbf0-4f13-4d88-8d3f-d30c287cc457" testListId="8c84fa94-04c1-424b-9868-57a2d4851a1d" />
    <TestEntry testId="d576b2e9-18ab-4c39-22d6-660b702088a3" executionId="c43a539b-2e02-4543-be16-7799dc86f8de" testListId="8c84fa94-04c1-424b-9868-57a2d4851a1d" />
    <TestEntry testId="a281a993-54ac-242d-6e81-bd7ca5969d50" executionId="3b7ff851-5d94-4d32-a445-c7444f31a082" testListId="8c84fa94-04c1-424b-9868-57a2d4851a1d" />
    <TestEntry testId="46c0ea6c-7511-1a43-1027-23d83e8af062" executionId="35f79444-4f1e-4e7a-aa47-b35d67340312" testListId="8c84fa94-04c1-424b-9868-57a2d4851a1d" />
    <TestEntry testId="55171caa-19dd-2ede-1df5-fba7324e3535" executionId="ecdcaada-d08d-4da6-a2e6-904ed83cdf6d" testListId="8c84fa94-04c1-424b-9868-57a2d4851a1d" />
    <TestEntry testId="2d6e4e36-5fe1-42c4-5c13-c7a8f483806d" executionId="cd169e5a-e7ed-4200-b042-d13479510fdd" testListId="8c84fa94-04c1-424b-9868-57a2d4851a1d" />
    <TestEntry testId="436605de-6d1c-4402-615f-0938ced05851" executionId="3b7c7ca0-c3c0-42e9-bc5e-0827162ec634" testListId="8c84fa94-04c1-424b-9868-57a2d4851a1d" />
    <TestEntry testId="942a0380-d590-7e7a-6851-2cdf34dc5ff1" executionId="8509f60b-f720-42ac-b676-f9069540836f" testListId="8c84fa94-04c1-424b-9868-57a2d4851a1d" />
    <TestEntry testId="6ea371f5-9713-1500-34a7-78647e13da18" executionId="460b5ad8-5bf2-42de-a41a-d93031d567fd" testListId="8c84fa94-04c1-424b-9868-57a2d4851a1d" />
    <TestEntry testId="fa282fd8-ace3-314b-bdaa-b68c035c8013" executionId="7bd10b92-eeab-4bd1-b56a-6c9d6e66985a" testListId="8c84fa94-04c1-424b-9868-57a2d4851a1d" />
    <TestEntry testId="d4004087-56d4-1d0e-14c6-9815e660af61" executionId="44bceac2-3f69-4497-9029-79963f314dfe" testListId="8c84fa94-04c1-424b-9868-57a2d4851a1d" />
    <TestEntry testId="a4ae135f-c523-9f9f-d27b-4db4e5509e94" executionId="09affbc2-5617-4849-81d6-7b17642f4a9c" testListId="8c84fa94-04c1-424b-9868-57a2d4851a1d" />
    <TestEntry testId="7fa090f1-d9a9-3de8-1087-2d0b0717201b" executionId="b110181c-752d-4ce9-948a-4642b56e2c35" testListId="8c84fa94-04c1-424b-9868-57a2d4851a1d" />
    <TestEntry testId="0b4144dd-a347-7b17-997b-3df3b8ff73bd" executionId="281e04d6-3f1b-4e1e-8070-c3802ab78e9b" testListId="8c84fa94-04c1-424b-9868-57a2d4851a1d" />
    <TestEntry testId="0ebca460-c35e-fb90-0af2-4327104b42ae" executionId="17091e0f-6362-415c-b8cb-008e507bdfac" testListId="8c84fa94-04c1-424b-9868-57a2d4851a1d" />
    <TestEntry testId="61cf7fd2-4675-4774-43a6-1058ba4d6886" executionId="e7903964-7fb5-405b-8072-ca3dafb08597" testListId="8c84fa94-04c1-424b-9868-57a2d4851a1d" />
    <TestEntry testId="77c6ab54-7ca3-396b-513b-a14bf6be574c" executionId="49c51d73-fcea-4c9f-9c17-9471b0621646" testListId="8c84fa94-04c1-424b-9868-57a2d4851a1d" />
    <TestEntry testId="9f6c528b-5fee-7f40-d59f-122c6aa17338" executionId="609972be-c9bd-43d4-8749-d9d7cb2367d7" testListId="8c84fa94-04c1-424b-9868-57a2d4851a1d" />
    <TestEntry testId="7769ab53-4bf0-a65b-8187-75daf24d1434" executionId="503a6b8d-ac5d-44fb-98d7-67a77b9b1e92" testListId="8c84fa94-04c1-424b-9868-57a2d4851a1d" />
    <TestEntry testId="7976e622-0553-0c71-cbd8-e8577be21b5d" executionId="9a11acf6-39f3-4975-b2a9-2ab1aed0cfae" testListId="8c84fa94-04c1-424b-9868-57a2d4851a1d" />
    <TestEntry testId="320aa1ed-8916-5804-9751-99d2b2fcbc6a" executionId="6ee59ba8-06a7-4352-8b82-280efc01ee8d" testListId="8c84fa94-04c1-424b-9868-57a2d4851a1d" />
    <TestEntry testId="fa3e44b0-1a68-2b54-c8d6-5cd6535068e5" executionId="d35e0da8-c0dd-4139-80d0-14d1ae6c91f9" testListId="8c84fa94-04c1-424b-9868-57a2d4851a1d" />
    <TestEntry testId="da8af087-df0c-8562-0b18-6cdda3360a1f" executionId="f1086a4b-3023-46a7-8a53-71b3337b4c46" testListId="8c84fa94-04c1-424b-9868-57a2d4851a1d" />
    <TestEntry testId="4618a85c-6917-6864-cac1-68e9f062489d" executionId="f2d29090-92b9-4326-ae48-333db3a0d73a" testListId="8c84fa94-04c1-424b-9868-57a2d4851a1d" />
    <TestEntry testId="225c05c4-9748-a7c6-e24e-08b5a00f73ff" executionId="434a29cb-8614-433b-afe4-0bb39199f8fd" testListId="8c84fa94-04c1-424b-9868-57a2d4851a1d" />
    <TestEntry testId="e8d906d9-8fb1-1c4e-04ae-14b5b043e77e" executionId="d43bebaa-599f-47f8-b983-870acc71842d" testListId="8c84fa94-04c1-424b-9868-57a2d4851a1d" />
    <TestEntry testId="1a60954a-838a-08ce-4a89-0464a13b3a93" executionId="e66de698-5de7-48d0-bb57-9459ac744b9a" testListId="8c84fa94-04c1-424b-9868-57a2d4851a1d" />
    <TestEntry testId="f8babc50-25ce-9eb4-fa02-2679067db866" executionId="c553497c-2d6c-441c-95b1-0ef3a185d732" testListId="8c84fa94-04c1-424b-9868-57a2d4851a1d" />
    <TestEntry testId="f418ccbd-868f-1cb5-4064-c312acb76e89" executionId="3beab9be-e122-4151-b161-5c87a28b8d41" testListId="8c84fa94-04c1-424b-9868-57a2d4851a1d" />
    <TestEntry testId="6b710965-1677-6f38-b88e-91e3b8a9332f" executionId="8caabc9f-afe1-4545-a236-0904145a8983" testListId="8c84fa94-04c1-424b-9868-57a2d4851a1d" />
    <TestEntry testId="8e0d0db1-8d33-69b8-381b-66e942894b60" executionId="5edb5564-3052-4300-99b1-8f59e075f0d5" testListId="8c84fa94-04c1-424b-9868-57a2d4851a1d" />
    <TestEntry testId="64f3a371-75dd-ff36-2172-a082a1bb01a7" executionId="d110b9b6-700b-493d-b1d2-61616dcf6873" testListId="8c84fa94-04c1-424b-9868-57a2d4851a1d" />
    <TestEntry testId="d40644e9-e5a2-7e4e-64e2-b6d9ec18d899" executionId="e8db7618-8835-4e4a-b6f6-208022db2e16" testListId="8c84fa94-04c1-424b-9868-57a2d4851a1d" />
    <TestEntry testId="e92b5c19-a5d8-72ee-80c0-df041dccc0be" executionId="be51dea8-343e-40a5-acda-76bd314a7c98" testListId="8c84fa94-04c1-424b-9868-57a2d4851a1d" />
    <TestEntry testId="a5b3e069-d5dc-aae1-dab1-7ba2da7e0884" executionId="eb028441-8f8e-48a9-a005-366bc753a938" testListId="8c84fa94-04c1-424b-9868-57a2d4851a1d" />
    <TestEntry testId="cbf56f62-df39-1b79-4acc-e7326d9dc27c" executionId="f0faf26d-ca9f-48d4-827a-1ef3eba7945b" testListId="8c84fa94-04c1-424b-9868-57a2d4851a1d" />
    <TestEntry testId="4362f3ce-6bef-c806-ed6a-f9a0e3284ef0" executionId="66c5a768-1c94-4ac4-830a-268b1dde7e26" testListId="8c84fa94-04c1-424b-9868-57a2d4851a1d" />
    <TestEntry testId="a99ddd4b-7030-4db6-9934-7cc5773a9396" executionId="fd6200ae-8af1-4fe6-9db5-8ec60179006f" testListId="8c84fa94-04c1-424b-9868-57a2d4851a1d" />
    <TestEntry testId="c6073ad2-1dfd-1823-7f61-0e4d779c6b0f" executionId="586c0c08-d073-49bf-b1a7-f4b51566590c" testListId="8c84fa94-04c1-424b-9868-57a2d4851a1d" />
    <TestEntry testId="5ffd0124-37d8-11bf-fa8d-5062ee6afc91" executionId="3dadca4e-3b20-45f8-8449-fe74503261c1" testListId="8c84fa94-04c1-424b-9868-57a2d4851a1d" />
    <TestEntry testId="cc8e988e-fc66-7582-921e-6f44ee2d4fb1" executionId="579afaa4-e759-4381-8a6b-b713121ab9a5" testListId="8c84fa94-04c1-424b-9868-57a2d4851a1d" />
    <TestEntry testId="6993b04e-0773-c13a-ebf9-79006fbce62b" executionId="d211641d-d743-4008-a7a8-5c3d47722155" testListId="8c84fa94-04c1-424b-9868-57a2d4851a1d" />
    <TestEntry testId="d16ad0a6-d821-4cca-9aac-518623adb362" executionId="9e06acec-0f84-45c0-8115-d11cf481346e" testListId="8c84fa94-04c1-424b-9868-57a2d4851a1d" />
    <TestEntry testId="d80f292a-b4c2-4be9-b82a-b5573e9be6f2" executionId="77aa5749-4fe4-4f1c-9044-7d0ed7cf849c" testListId="8c84fa94-04c1-424b-9868-57a2d4851a1d" />
    <TestEntry testId="aece9089-8fd9-3739-7b3a-72bcdb4cb138" executionId="e6f61395-be76-4b13-9f42-580c91f2836a" testListId="8c84fa94-04c1-424b-9868-57a2d4851a1d" />
    <TestEntry testId="0eef37c0-80da-2b47-8f3e-2850bbdef705" executionId="de9e5576-d3bb-4b9a-ab47-ec62e79b2156" testListId="8c84fa94-04c1-424b-9868-57a2d4851a1d" />
    <TestEntry testId="663717dd-e6fb-6ae6-4ed1-26415e1cd665" executionId="6bb6a8a1-4f37-4d8d-8593-758b39bbddae" testListId="8c84fa94-04c1-424b-9868-57a2d4851a1d" />
    <TestEntry testId="accb7fb6-557d-89fd-8c02-43ad3120a4e4" executionId="4f756255-514d-418a-b931-1374e00a7a83" testListId="8c84fa94-04c1-424b-9868-57a2d4851a1d" />
    <TestEntry testId="cb76c32f-1004-2d6e-4048-b5467b53a179" executionId="36b1ce3a-1912-43ad-a76a-013f694c0129" testListId="8c84fa94-04c1-424b-9868-57a2d4851a1d" />
    <TestEntry testId="6af126f8-3922-fbad-35b8-bf549d275e90" executionId="6aaa020f-9498-470e-9cbf-749b887fb47d" testListId="8c84fa94-04c1-424b-9868-57a2d4851a1d" />
    <TestEntry testId="644506c2-c887-ef59-e127-65e89db16cbc" executionId="fcfbd450-862e-4701-b621-0e3828b4b529" testListId="8c84fa94-04c1-424b-9868-57a2d4851a1d" />
    <TestEntry testId="2a561a82-d650-4928-a63a-372019177aa0" executionId="52e1c2eb-6def-438a-92fb-7610ef84e530" testListId="8c84fa94-04c1-424b-9868-57a2d4851a1d" />
    <TestEntry testId="3cdbe969-b2db-38d4-00ab-7c7380efb3ba" executionId="ff353340-9b5d-4b4e-844f-b5f7c1495206" testListId="8c84fa94-04c1-424b-9868-57a2d4851a1d" />
    <TestEntry testId="d987caa4-b236-d3ff-cce6-1360da40887d" executionId="35429a56-77f8-45b1-aefc-22872a8c8348" testListId="8c84fa94-04c1-424b-9868-57a2d4851a1d" />
    <TestEntry testId="2725660c-204c-cdd3-cc38-c8cb0969f291" executionId="c9ff20c7-85af-47da-a366-662c9267f981" testListId="8c84fa94-04c1-424b-9868-57a2d4851a1d" />
    <TestEntry testId="fbf61387-acd6-ad6e-d454-963c3b13209e" executionId="7ce6c6f1-c736-46b4-81aa-c75ba5028905" testListId="8c84fa94-04c1-424b-9868-57a2d4851a1d" />
    <TestEntry testId="26cfd68c-0b2b-b154-5fee-9a7274b0546f" executionId="e64962b5-2279-48f1-bb15-0a234e655d86" testListId="8c84fa94-04c1-424b-9868-57a2d4851a1d" />
    <TestEntry testId="c6014464-c5a6-fa24-8780-9b58004c3f58" executionId="9b9233e8-0edc-4c02-831e-cab340c1b5ff" testListId="8c84fa94-04c1-424b-9868-57a2d4851a1d" />
    <TestEntry testId="1098bc54-92c2-3c91-e91e-8afcd496d21e" executionId="7c828628-ba3a-4ab7-be98-95a6f31a74ff" testListId="8c84fa94-04c1-424b-9868-57a2d4851a1d" />
    <TestEntry testId="dedf675d-4710-3439-30c1-2b6f394221dd" executionId="a9ec8194-4b59-4839-adab-5ec133656312" testListId="8c84fa94-04c1-424b-9868-57a2d4851a1d" />
    <TestEntry testId="77ea9ad2-e5e0-4a61-f03a-bc81b141b08e" executionId="ad374016-5f27-4a62-92f2-3f6f3e39de93" testListId="8c84fa94-04c1-424b-9868-57a2d4851a1d" />
    <TestEntry testId="d6f365f5-4679-7038-6450-481adfa7d5c7" executionId="b1f993f0-d4fb-42a5-b9a6-16b042fbe4c8" testListId="8c84fa94-04c1-424b-9868-57a2d4851a1d" />
    <TestEntry testId="3910ea2e-3d0e-baae-5cb5-ee5255a7ee35" executionId="206f3854-1fd6-4889-a076-c9d63683ddca" testListId="8c84fa94-04c1-424b-9868-57a2d4851a1d" />
    <TestEntry testId="82c0cf7c-d6a8-c070-d23c-58c9b55e047a" executionId="820411dd-08bb-4c62-a578-a0b99c0b07d0" testListId="8c84fa94-04c1-424b-9868-57a2d4851a1d" />
    <TestEntry testId="231bd03e-0d38-6cc5-0783-b65ae0f853d9" executionId="b7501a41-83a8-4e87-9c99-518867b1040e" testListId="8c84fa94-04c1-424b-9868-57a2d4851a1d" />
    <TestEntry testId="7a984ac0-e42a-474e-dd34-f1980e6732d9" executionId="3a87ee10-eb28-4766-a980-d716f30c0b16" testListId="8c84fa94-04c1-424b-9868-57a2d4851a1d" />
    <TestEntry testId="8419ae4f-e0d9-7a9f-7f37-e3a84733904b" executionId="02160f0b-ad82-4cbd-861a-f4fcce354783" testListId="8c84fa94-04c1-424b-9868-57a2d4851a1d" />
    <TestEntry testId="02081afb-f4e4-3f4d-8158-5c914990d541" executionId="de3164ba-e72d-4a2f-b8cc-3b3bcc1d0806" testListId="8c84fa94-04c1-424b-9868-57a2d4851a1d" />
    <TestEntry testId="408ed624-5685-2cc2-3b5f-b6dc3f3441bf" executionId="e0cc6b50-8b8b-48c9-b5c7-88112cc3f6a8" testListId="8c84fa94-04c1-424b-9868-57a2d4851a1d" />
    <TestEntry testId="9693f54a-8e39-e20e-ac44-1452f0049c4d" executionId="f504afe6-2099-4477-98a1-0f5c025f3aff" testListId="8c84fa94-04c1-424b-9868-57a2d4851a1d" />
    <TestEntry testId="531135d4-b324-d795-f9f5-d51886e82803" executionId="50a6c9cf-466b-4800-9828-c0ff0cdf54df" testListId="8c84fa94-04c1-424b-9868-57a2d4851a1d" />
    <TestEntry testId="9f97dc1f-2483-ec75-3db2-8e92253870cb" executionId="45d5c18e-25bd-4051-a6c6-25bbadf5267c" testListId="8c84fa94-04c1-424b-9868-57a2d4851a1d" />
    <TestEntry testId="5fd1f04b-dac6-41bb-9db7-15f63c1db9f6" executionId="b88930c0-5deb-4fca-9ec4-06360eb4ee87" testListId="8c84fa94-04c1-424b-9868-57a2d4851a1d" />
    <TestEntry testId="f9126364-3831-3363-8188-a09b575bcf73" executionId="c79dd44b-cbba-4c9c-9e83-2720381504b5" testListId="8c84fa94-04c1-424b-9868-57a2d4851a1d" />
    <TestEntry testId="4ca40fc0-23e6-fedb-25b7-f0ba20aa5cc5" executionId="7daf2ba1-d54e-449d-a205-a0400a8b9140" testListId="8c84fa94-04c1-424b-9868-57a2d4851a1d" />
    <TestEntry testId="4e29e539-acb7-4fe7-b58a-ad776d59b1bb" executionId="734ddacb-4138-4909-8a46-d87b76cab9b6" testListId="8c84fa94-04c1-424b-9868-57a2d4851a1d" />
    <TestEntry testId="efeb0611-e5d6-72cb-f153-edd9546c4863" executionId="c7d7c35e-9664-4ebb-bcd9-b51885ec7905" testListId="8c84fa94-04c1-424b-9868-57a2d4851a1d" />
    <TestEntry testId="ef38ddd6-7755-2790-0e1b-b39d5b54c463" executionId="bf55438c-8724-4a35-a33b-be5ecf6814be" testListId="8c84fa94-04c1-424b-9868-57a2d4851a1d" />
    <TestEntry testId="429a8c32-55b7-bbd1-b067-032d95921b55" executionId="f571bccc-5633-427d-a884-4093a41532f3" testListId="8c84fa94-04c1-424b-9868-57a2d4851a1d" />
    <TestEntry testId="6582c566-3514-80d9-5e8b-746b8c877c02" executionId="ea991cc2-f892-4033-98f7-d314ae00b0a2" testListId="8c84fa94-04c1-424b-9868-57a2d4851a1d" />
    <TestEntry testId="613249bd-4594-d153-ca2b-015a8a45b6a0" executionId="06464803-2942-46b9-8b84-48405a50a02b" testListId="8c84fa94-04c1-424b-9868-57a2d4851a1d" />
    <TestEntry testId="1e0740c8-2234-8fea-75be-3168c953cfa8" executionId="a3d917ad-c1df-41b1-bf25-738da383023c" testListId="8c84fa94-04c1-424b-9868-57a2d4851a1d" />
    <TestEntry testId="e500e466-400d-7a9d-97dd-2a6998d88e4b" executionId="79ad5f3b-d62b-4cc1-91ae-d6496c98e545" testListId="8c84fa94-04c1-424b-9868-57a2d4851a1d" />
    <TestEntry testId="00f0e72d-0ee9-884c-1553-d761223ad003" executionId="afa4fe45-744f-45bd-9848-ef4d7529b0a9" testListId="8c84fa94-04c1-424b-9868-57a2d4851a1d" />
    <TestEntry testId="ec3dceb2-7476-60e7-45c6-cb4ca611c1fd" executionId="9586286f-910f-45b0-8de3-c3dd2386c151" testListId="8c84fa94-04c1-424b-9868-57a2d4851a1d" />
    <TestEntry testId="1fa28479-68b5-6739-9382-2a843d130358" executionId="f3d3a5e0-f422-43d4-aa9d-a05a615f38c5" testListId="8c84fa94-04c1-424b-9868-57a2d4851a1d" />
    <TestEntry testId="9084bd1d-64fc-c645-d3ae-df82e73934b3" executionId="3cf61b5a-fdf2-412c-bec9-2cd186f577f8" testListId="8c84fa94-04c1-424b-9868-57a2d4851a1d" />
    <TestEntry testId="ec8889aa-5c28-4621-dc4c-a1bae4f864b3" executionId="332a0b7f-f0ad-4525-b6ee-751be105471b" testListId="8c84fa94-04c1-424b-9868-57a2d4851a1d" />
    <TestEntry testId="fbc81c52-7315-1e7c-4d04-ddf848c918c9" executionId="34c23998-27cf-46bc-b88a-77209b808c6e" testListId="8c84fa94-04c1-424b-9868-57a2d4851a1d" />
    <TestEntry testId="1a78406e-fc9c-f400-96bf-e6409042a51b" executionId="83488e08-a736-4f88-8375-981e86496fd8" testListId="8c84fa94-04c1-424b-9868-57a2d4851a1d" />
  </TestEntries>
  <Results>
    <UnitTestResult executionId="cc1037fd-ef01-4527-a4e7-a027ac03931c" testId="7a3748d0-d7ac-0d6f-14be-1f126ae99321" testName="RETNTest" computerName="SAMCRUISE-PC" duration="00:00:00.0252250" startTime="2012-11-01T19:15:24.6468124+00:00" endTime="2012-11-01T19:15:25.4538585+00:00" testType="13cdc9d9-ddb5-4fa4-a97d-d965ccfc6d4b" outcome="Passed" testListId="8c84fa94-04c1-424b-9868-57a2d4851a1d" relativeResultsDirectory="cc1037fd-ef01-4527-a4e7-a027ac03931c">
    </UnitTestResult>
    <UnitTestResult executionId="2215787a-35ee-4157-90be-8be0ac368357" testId="3a2e5b08-4e06-5e86-1556-043e5a55d63f" testName="RET_ccTest" computerName="SAMCRUISE-PC" duration="00:00:00.0019589" startTime="2012-11-01T19:15:25.4598589+00:00" endTime="2012-11-01T19:15:25.4648592+00:00" testType="13cdc9d9-ddb5-4fa4-a97d-d965ccfc6d4b" outcome="Passed" testListId="8c84fa94-04c1-424b-9868-57a2d4851a1d" relativeResultsDirectory="2215787a-35ee-4157-90be-8be0ac368357">
    </UnitTestResult>
    <UnitTestResult executionId="82bf48c3-1683-42b4-89cd-d1fee3b73415" testId="8d11f4ff-16dc-c6dd-67b2-df83947219f7" testName="RLTest" computerName="SAMCRUISE-PC" duration="00:00:00.0025023" startTime="2012-11-01T19:15:25.4688594+00:00" endTime="2012-11-01T19:15:25.4748597+00:00" testType="13cdc9d9-ddb5-4fa4-a97d-d965ccfc6d4b" outcome="Passed" testListId="8c84fa94-04c1-424b-9868-57a2d4851a1d" relativeResultsDirectory="82bf48c3-1683-42b4-89cd-d1fee3b73415">
    </UnitTestResult>
    <UnitTestResult executionId="3c95d6fd-c097-4947-b85e-fc5bfaa49362" testId="4a4a0e75-24b0-83d9-8bf1-cffe9a6c30c7" testName="RLATest" computerName="SAMCRUISE-PC" duration="00:00:00.0008903" startTime="2012-11-01T19:15:25.4788600+00:00" endTime="2012-11-01T19:15:25.4838602+00:00" testType="13cdc9d9-ddb5-4fa4-a97d-d965ccfc6d4b" outcome="Passed" testListId="8c84fa94-04c1-424b-9868-57a2d4851a1d" relativeResultsDirectory="3c95d6fd-c097-4947-b85e-fc5bfaa49362">
    </UnitTestResult>
    <UnitTestResult executionId="6ae90031-c060-404f-90f5-9a8c3a3e266e" testId="5b87d4fd-91a2-2ead-ea51-310966889653" testName="RLCTest" computerName="SAMCRUISE-PC" duration="00:00:00.0014636" startTime="2012-11-01T19:15:25.4878605+00:00" endTime="2012-11-01T19:15:25.4918607+00:00" testType="13cdc9d9-ddb5-4fa4-a97d-d965ccfc6d4b" outcome="Passed" testListId="8c84fa94-04c1-424b-9868-57a2d4851a1d" relativeResultsDirectory="6ae90031-c060-404f-90f5-9a8c3a3e266e">
    </UnitTestResult>
    <UnitTestResult executionId="4a9f374d-6cbd-4699-89fb-e1dd0b939bad" testId="eb8ea76d-8f52-861c-adb1-87727b91e8dc" testName="RLCATest" computerName="SAMCRUISE-PC" duration="00:00:00.0006052" startTime="2012-11-01T19:15:25.4958609+00:00" endTime="2012-11-01T19:15:25.4998612+00:00" testType="13cdc9d9-ddb5-4fa4-a97d-d965ccfc6d4b" outcome="Passed" testListId="8c84fa94-04c1-424b-9868-57a2d4851a1d" relativeResultsDirectory="4a9f374d-6cbd-4699-89fb-e1dd0b939bad">
    </UnitTestResult>
    <UnitTestResult executionId="eda03ae1-7369-47b6-8780-bde79a454f2a" testId="0804b260-48c2-c53d-e9c8-4cb6d080560a" testName="RLDTest" computerName="SAMCRUISE-PC" duration="00:00:00.0006609" startTime="2012-11-01T19:15:25.5038614+00:00" endTime="2012-11-01T19:15:25.5078616+00:00" testType="13cdc9d9-ddb5-4fa4-a97d-d965ccfc6d4b" outcome="Passed" testListId="8c84fa94-04c1-424b-9868-57a2d4851a1d" relativeResultsDirectory="eda03ae1-7369-47b6-8780-bde79a454f2a">
    </UnitTestResult>
    <UnitTestResult executionId="4f0b04ca-a535-4d5b-b4e5-f93530f4da2b" testId="c00d5263-9362-91d8-9786-3cf7ff9338c7" testName="RRTest" computerName="SAMCRUISE-PC" duration="00:00:00.0007643" startTime="2012-11-01T19:15:25.5118618+00:00" endTime="2012-11-01T19:15:25.5158621+00:00" testType="13cdc9d9-ddb5-4fa4-a97d-d965ccfc6d4b" outcome="Passed" testListId="8c84fa94-04c1-424b-9868-57a2d4851a1d" relativeResultsDirectory="4f0b04ca-a535-4d5b-b4e5-f93530f4da2b">
    </UnitTestResult>
    <UnitTestResult executionId="81405e9a-9f1f-453b-8ae0-8634323b4534" testId="2fe7eb0b-f938-cdd3-52dd-f930c2ebb2b1" testName="RRATest" computerName="SAMCRUISE-PC" duration="00:00:00.0006547" startTime="2012-11-01T19:15:25.5198623+00:00" endTime="2012-11-01T19:15:25.5238625+00:00" testType="13cdc9d9-ddb5-4fa4-a97d-d965ccfc6d4b" outcome="Passed" testListId="8c84fa94-04c1-424b-9868-57a2d4851a1d" relativeResultsDirectory="81405e9a-9f1f-453b-8ae0-8634323b4534">
    </UnitTestResult>
    <UnitTestResult executionId="49ac9edf-9da3-485b-b616-f200a929e44f" testId="4bbbd8b9-6ef7-b020-fb32-ef276dcf5e16" testName="RRCTest" computerName="SAMCRUISE-PC" duration="00:00:00.0007343" startTime="2012-11-01T19:15:25.5278628+00:00" endTime="2012-11-01T19:15:25.5328630+00:00" testType="13cdc9d9-ddb5-4fa4-a97d-d965ccfc6d4b" outcome="Passed" testListId="8c84fa94-04c1-424b-9868-57a2d4851a1d" relativeResultsDirectory="49ac9edf-9da3-485b-b616-f200a929e44f">
    </UnitTestResult>
    <UnitTestResult executionId="09134c89-c9ec-4bee-9030-15f1741d1824" testId="947b96e5-70b2-89ca-d911-83455c83ccaf" testName="RRCATest" computerName="SAMCRUISE-PC" duration="00:00:00.0006482" startTime="2012-11-01T19:15:25.5368633+00:00" endTime="2012-11-01T19:15:25.5408635+00:00" testType="13cdc9d9-ddb5-4fa4-a97d-d965ccfc6d4b" outcome="Passed" testListId="8c84fa94-04c1-424b-9868-57a2d4851a1d" relativeResultsDirectory="09134c89-c9ec-4bee-9030-15f1741d1824">
    </UnitTestResult>
    <UnitTestResult executionId="2126e54e-2601-4c34-a5df-a7194c7f1c6c" testId="90d80866-ad2b-eaca-8eb7-479ef25dc5d4" testName="RRDTest" computerName="SAMCRUISE-PC" duration="00:00:00.0006766" startTime="2012-11-01T19:15:25.5448637+00:00" endTime="2012-11-01T19:15:25.5488640+00:00" testType="13cdc9d9-ddb5-4fa4-a97d-d965ccfc6d4b" outcome="Passed" testListId="8c84fa94-04c1-424b-9868-57a2d4851a1d" relativeResultsDirectory="2126e54e-2601-4c34-a5df-a7194c7f1c6c">
    </UnitTestResult>
    <UnitTestResult executionId="a6d58cb1-3beb-422b-8c73-9b69ac0879a5" testId="ea7626fe-75bd-bf00-5a86-b04022167316" testName="RSTTest" computerName="SAMCRUISE-PC" duration="00:00:00.0006305" startTime="2012-11-01T19:15:25.5528642+00:00" endTime="2012-11-01T19:15:25.5568644+00:00" testType="13cdc9d9-ddb5-4fa4-a97d-d965ccfc6d4b" outcome="Passed" testListId="8c84fa94-04c1-424b-9868-57a2d4851a1d" relativeResultsDirectory="a6d58cb1-3beb-422b-8c73-9b69ac0879a5">
    </UnitTestResult>
    <UnitTestResult executionId="708bc720-f10d-454c-a7ad-65354c2d3c8b" testId="f27d20d8-0856-98b6-055e-c7e96212608b" testName="SBC_A_nTest" computerName="SAMCRUISE-PC" duration="00:00:00.0010090" startTime="2012-11-01T19:15:25.5598646+00:00" endTime="2012-11-01T19:15:25.5638648+00:00" testType="13cdc9d9-ddb5-4fa4-a97d-d965ccfc6d4b" outcome="Passed" testListId="8c84fa94-04c1-424b-9868-57a2d4851a1d" relativeResultsDirectory="708bc720-f10d-454c-a7ad-65354c2d3c8b">
    </UnitTestResult>
    <UnitTestResult executionId="d47108fd-2964-483e-ac3d-5d5d9140361b" testId="3c62e18b-0679-84be-4297-06f24bddccec" testName="SBC_A_rTest" computerName="SAMCRUISE-PC" duration="00:00:00.0007981" startTime="2012-11-01T19:15:25.5678651+00:00" endTime="2012-11-01T19:15:25.5718653+00:00" testType="13cdc9d9-ddb5-4fa4-a97d-d965ccfc6d4b" outcome="Passed" testListId="8c84fa94-04c1-424b-9868-57a2d4851a1d" relativeResultsDirectory="d47108fd-2964-483e-ac3d-5d5d9140361b">
    </UnitTestResult>
    <UnitTestResult executionId="050d1779-97b5-4f50-8448-a55d10090892" testId="395f2e6e-8b8a-dab4-6961-5d67ff30ad80" testName="SBC_HLTest" computerName="SAMCRUISE-PC" duration="00:00:00.0009625" startTime="2012-11-01T19:15:25.5758655+00:00" endTime="2012-11-01T19:15:25.5798657+00:00" testType="13cdc9d9-ddb5-4fa4-a97d-d965ccfc6d4b" outcome="Passed" testListId="8c84fa94-04c1-424b-9868-57a2d4851a1d" relativeResultsDirectory="050d1779-97b5-4f50-8448-a55d10090892">
    </UnitTestResult>
    <UnitTestResult executionId="499a064c-a7dc-4029-9622-1796e6ca08a6" testId="95637e7c-0e69-a183-b60b-a7b697c7d16d" testName="SCFTest" computerName="SAMCRUISE-PC" duration="00:00:00.0005418" startTime="2012-11-01T19:15:25.5838660+00:00" endTime="2012-11-01T19:15:25.5878662+00:00" testType="13cdc9d9-ddb5-4fa4-a97d-d965ccfc6d4b" outcome="Passed" testListId="8c84fa94-04c1-424b-9868-57a2d4851a1d" relativeResultsDirectory="499a064c-a7dc-4029-9622-1796e6ca08a6">
    </UnitTestResult>
    <UnitTestResult executionId="e3d8c336-cf73-4999-b97c-75623e470c24" testId="9577c4f7-7003-b9c5-163a-7c5efd62ae51" testName="SETTest" computerName="SAMCRUISE-PC" duration="00:00:00.0006751" startTime="2012-11-01T19:15:25.5908664+00:00" endTime="2012-11-01T19:15:25.5948666+00:00" testType="13cdc9d9-ddb5-4fa4-a97d-d965ccfc6d4b" outcome="Passed" testListId="8c84fa94-04c1-424b-9868-57a2d4851a1d" relativeResultsDirectory="e3d8c336-cf73-4999-b97c-75623e470c24">
    </UnitTestResult>
    <UnitTestResult executionId="ed7ea512-33bc-47eb-8026-e6f6980748d1" testId="fd05f8bb-7e5b-6c74-7d40-9b6b3ce48014" testName="SLATest" computerName="SAMCRUISE-PC" duration="00:00:00.0009318" startTime="2012-11-01T19:15:25.5988668+00:00" endTime="2012-11-01T19:15:25.6028671+00:00" testType="13cdc9d9-ddb5-4fa4-a97d-d965ccfc6d4b" outcome="Passed" testListId="8c84fa94-04c1-424b-9868-57a2d4851a1d" relativeResultsDirectory="ed7ea512-33bc-47eb-8026-e6f6980748d1">
    </UnitTestResult>
    <UnitTestResult executionId="cabadbf0-4f13-4d88-8d3f-d30c287cc457" testId="3f3d6718-39ff-7fa1-2efb-6ac794445b3b" testName="SLLTest" computerName="SAMCRUISE-PC" duration="00:00:00.0009141" startTime="2012-11-01T19:15:25.6068673+00:00" endTime="2012-11-01T19:15:25.6108675+00:00" testType="13cdc9d9-ddb5-4fa4-a97d-d965ccfc6d4b" outcome="Passed" testListId="8c84fa94-04c1-424b-9868-57a2d4851a1d" relativeResultsDirectory="cabadbf0-4f13-4d88-8d3f-d30c287cc457">
    </UnitTestResult>
    <UnitTestResult executionId="c43a539b-2e02-4543-be16-7799dc86f8de" testId="d576b2e9-18ab-4c39-22d6-660b702088a3" testName="SRATest" computerName="SAMCRUISE-PC" duration="00:00:00.0010332" startTime="2012-11-01T19:15:25.6148677+00:00" endTime="2012-11-01T19:15:25.6188680+00:00" testType="13cdc9d9-ddb5-4fa4-a97d-d965ccfc6d4b" outcome="Passed" testListId="8c84fa94-04c1-424b-9868-57a2d4851a1d" relativeResultsDirectory="c43a539b-2e02-4543-be16-7799dc86f8de">
    </UnitTestResult>
    <UnitTestResult executionId="3b7ff851-5d94-4d32-a445-c7444f31a082" testId="a281a993-54ac-242d-6e81-bd7ca5969d50" testName="SRLTest" computerName="SAMCRUISE-PC" duration="00:00:00.0006989" startTime="2012-11-01T19:15:25.6228682+00:00" endTime="2012-11-01T19:15:25.6268684+00:00" testType="13cdc9d9-ddb5-4fa4-a97d-d965ccfc6d4b" outcome="Passed" testListId="8c84fa94-04c1-424b-9868-57a2d4851a1d" relativeResultsDirectory="3b7ff851-5d94-4d32-a445-c7444f31a082">
    </UnitTestResult>
    <UnitTestResult executionId="35f79444-4f1e-4e7a-aa47-b35d67340312" testId="46c0ea6c-7511-1a43-1027-23d83e8af062" testName="SUB_nTest" computerName="SAMCRUISE-PC" duration="00:00:00.0006086" startTime="2012-11-01T19:15:25.6308687+00:00" endTime="2012-11-01T19:15:25.6348689+00:00" testType="13cdc9d9-ddb5-4fa4-a97d-d965ccfc6d4b" outcome="Passed" testListId="8c84fa94-04c1-424b-9868-57a2d4851a1d" relativeResultsDirectory="35f79444-4f1e-4e7a-aa47-b35d67340312">
    </UnitTestResult>
    <UnitTestResult executionId="ecdcaada-d08d-4da6-a2e6-904ed83cdf6d" testId="55171caa-19dd-2ede-1df5-fba7324e3535" testName="SUB_rTest" computerName="SAMCRUISE-PC" duration="00:00:00.0007381" startTime="2012-11-01T19:15:25.6388691+00:00" endTime="2012-11-01T19:15:25.6428693+00:00" testType="13cdc9d9-ddb5-4fa4-a97d-d965ccfc6d4b" outcome="Passed" testListId="8c84fa94-04c1-424b-9868-57a2d4851a1d" relativeResultsDirectory="ecdcaada-d08d-4da6-a2e6-904ed83cdf6d">
    </UnitTestResult>
    <UnitTestResult executionId="cd169e5a-e7ed-4200-b042-d13479510fdd" testId="2d6e4e36-5fe1-42c4-5c13-c7a8f483806d" testName="XOR_nTest" computerName="SAMCRUISE-PC" duration="00:00:00.0005948" startTime="2012-11-01T19:15:25.6468696+00:00" endTime="2012-11-01T19:15:25.6508698+00:00" testType="13cdc9d9-ddb5-4fa4-a97d-d965ccfc6d4b" outcome="Passed" testListId="8c84fa94-04c1-424b-9868-57a2d4851a1d" relativeResultsDirectory="cd169e5a-e7ed-4200-b042-d13479510fdd">
    </UnitTestResult>
    <UnitTestResult executionId="3b7c7ca0-c3c0-42e9-bc5e-0827162ec634" testId="436605de-6d1c-4402-615f-0938ced05851" testName="XOR_rTest" computerName="SAMCRUISE-PC" duration="00:00:00.0007385" startTime="2012-11-01T19:15:25.6548700+00:00" endTime="2012-11-01T19:15:25.6588703+00:00" testType="13cdc9d9-ddb5-4fa4-a97d-d965ccfc6d4b" outcome="Passed" testListId="8c84fa94-04c1-424b-9868-57a2d4851a1d" relativeResultsDirectory="3b7c7ca0-c3c0-42e9-bc5e-0827162ec634">
    </UnitTestResult>
    <UnitTestResult executionId="8509f60b-f720-42ac-b676-f9069540836f" testId="942a0380-d590-7e7a-6851-2cdf34dc5ff1" testName="StackTest" computerName="SAMCRUISE-PC" duration="00:00:00.0018959" startTime="2012-11-01T19:15:25.6628705+00:00" endTime="2012-11-01T19:15:25.6678708+00:00" testType="13cdc9d9-ddb5-4fa4-a97d-d965ccfc6d4b" outcome="Passed" testListId="8c84fa94-04c1-424b-9868-57a2d4851a1d" relativeResultsDirectory="8509f60b-f720-42ac-b676-f9069540836f">
    </UnitTestResult>
    <UnitTestResult executionId="460b5ad8-5bf2-42de-a41a-d93031d567fd" testId="6ea371f5-9713-1500-34a7-78647e13da18" testName="CarryTest" computerName="SAMCRUISE-PC" duration="00:00:00.0011558" startTime="2012-11-01T19:15:25.6718710+00:00" endTime="2012-11-01T19:15:25.6768713+00:00" testType="13cdc9d9-ddb5-4fa4-a97d-d965ccfc6d4b" outcome="Passed" testListId="8c84fa94-04c1-424b-9868-57a2d4851a1d" relativeResultsDirectory="460b5ad8-5bf2-42de-a41a-d93031d567fd">
    </UnitTestResult>
    <UnitTestResult executionId="7bd10b92-eeab-4bd1-b56a-6c9d6e66985a" testId="fa282fd8-ace3-314b-bdaa-b68c035c8013" testName="Arithmetic8BitTest" computerName="SAMCRUISE-PC" duration="00:00:00.0016465" startTime="2012-11-01T19:15:25.6808715+00:00" endTime="2012-11-01T19:15:25.6858718+00:00" testType="13cdc9d9-ddb5-4fa4-a97d-d965ccfc6d4b" outcome="Passed" testListId="8c84fa94-04c1-424b-9868-57a2d4851a1d" relativeResultsDirectory="7bd10b92-eeab-4bd1-b56a-6c9d6e66985a">
    </UnitTestResult>
    <UnitTestResult executionId="44bceac2-3f69-4497-9029-79963f314dfe" testId="d4004087-56d4-1d0e-14c6-9815e660af61" testName="ZeroTest" computerName="SAMCRUISE-PC" duration="00:00:00.0018994" startTime="2012-11-01T19:15:25.6898720+00:00" endTime="2012-11-01T19:15:25.6948723+00:00" testType="13cdc9d9-ddb5-4fa4-a97d-d965ccfc6d4b" outcome="Passed" testListId="8c84fa94-04c1-424b-9868-57a2d4851a1d" relativeResultsDirectory="44bceac2-3f69-4497-9029-79963f314dfe">
    </UnitTestResult>
    <UnitTestResult executionId="09affbc2-5617-4849-81d6-7b17642f4a9c" testId="a4ae135f-c523-9f9f-d27b-4db4e5509e94" testName="ADC_A_nTest" computerName="SAMCRUISE-PC" duration="00:00:00.0002670" startTime="2012-11-01T19:15:25.6988725+00:00" endTime="2012-11-01T19:15:25.7018727+00:00" testType="13cdc9d9-ddb5-4fa4-a97d-d965ccfc6d4b" outcome="Passed" testListId="8c84fa94-04c1-424b-9868-57a2d4851a1d" relativeResultsDirectory="09affbc2-5617-4849-81d6-7b17642f4a9c">
    </UnitTestResult>
    <UnitTestResult executionId="b110181c-752d-4ce9-948a-4642b56e2c35" testId="7fa090f1-d9a9-3de8-1087-2d0b0717201b" testName="ADC_A_rTest" computerName="SAMCRUISE-PC" duration="00:00:00.0007635" startTime="2012-11-01T19:15:25.7058729+00:00" endTime="2012-11-01T19:15:25.7098732+00:00" testType="13cdc9d9-ddb5-4fa4-a97d-d965ccfc6d4b" outcome="Passed" testListId="8c84fa94-04c1-424b-9868-57a2d4851a1d" relativeResultsDirectory="b110181c-752d-4ce9-948a-4642b56e2c35">
    </UnitTestResult>
    <UnitTestResult executionId="281e04d6-3f1b-4e1e-8070-c3802ab78e9b" testId="0b4144dd-a347-7b17-997b-3df3b8ff73bd" testName="ADC_HLTest" computerName="SAMCRUISE-PC" duration="00:00:00.0007281" startTime="2012-11-01T19:15:25.7138734+00:00" endTime="2012-11-01T19:15:25.7178736+00:00" testType="13cdc9d9-ddb5-4fa4-a97d-d965ccfc6d4b" outcome="Passed" testListId="8c84fa94-04c1-424b-9868-57a2d4851a1d" relativeResultsDirectory="281e04d6-3f1b-4e1e-8070-c3802ab78e9b">
    </UnitTestResult>
    <UnitTestResult executionId="17091e0f-6362-415c-b8cb-008e507bdfac" testId="0ebca460-c35e-fb90-0af2-4327104b42ae" testName="ADD_A_nTest" computerName="SAMCRUISE-PC" duration="00:00:00.0002647" startTime="2012-11-01T19:15:25.7218739+00:00" endTime="2012-11-01T19:15:25.7248740+00:00" testType="13cdc9d9-ddb5-4fa4-a97d-d965ccfc6d4b" outcome="Passed" testListId="8c84fa94-04c1-424b-9868-57a2d4851a1d" relativeResultsDirectory="17091e0f-6362-415c-b8cb-008e507bdfac">
    </UnitTestResult>
    <UnitTestResult executionId="e7903964-7fb5-405b-8072-ca3dafb08597" testId="61cf7fd2-4675-4774-43a6-1058ba4d6886" testName="ADD_A_rTest" computerName="SAMCRUISE-PC" duration="00:00:00.0002413" startTime="2012-11-01T19:15:25.7288743+00:00" endTime="2012-11-01T19:15:25.7328745+00:00" testType="13cdc9d9-ddb5-4fa4-a97d-d965ccfc6d4b" outcome="Passed" testListId="8c84fa94-04c1-424b-9868-57a2d4851a1d" relativeResultsDirectory="e7903964-7fb5-405b-8072-ca3dafb08597">
    </UnitTestResult>
    <UnitTestResult executionId="49c51d73-fcea-4c9f-9c17-9471b0621646" testId="77c6ab54-7ca3-396b-513b-a14bf6be574c" testName="ADD_HL_ssTest" computerName="SAMCRUISE-PC" duration="00:00:00.0006720" startTime="2012-11-01T19:15:25.7358747+00:00" endTime="2012-11-01T19:15:25.7398749+00:00" testType="13cdc9d9-ddb5-4fa4-a97d-d965ccfc6d4b" outcome="Passed" testListId="8c84fa94-04c1-424b-9868-57a2d4851a1d" relativeResultsDirectory="49c51d73-fcea-4c9f-9c17-9471b0621646">
    </UnitTestResult>
    <UnitTestResult executionId="609972be-c9bd-43d4-8749-d9d7cb2367d7" testId="9f6c528b-5fee-7f40-d59f-122c6aa17338" testName="AND_nTest" computerName="SAMCRUISE-PC" duration="00:00:00.0005921" startTime="2012-11-01T19:15:25.7448752+00:00" endTime="2012-11-01T19:15:25.7488754+00:00" testType="13cdc9d9-ddb5-4fa4-a97d-d965ccfc6d4b" outcome="Passed" testListId="8c84fa94-04c1-424b-9868-57a2d4851a1d" relativeResultsDirectory="609972be-c9bd-43d4-8749-d9d7cb2367d7">
    </UnitTestResult>
    <UnitTestResult executionId="503a6b8d-ac5d-44fb-98d7-67a77b9b1e92" testId="7769ab53-4bf0-a65b-8187-75daf24d1434" testName="AND_rTest" computerName="SAMCRUISE-PC" duration="00:00:00.0007262" startTime="2012-11-01T19:15:25.7518756+00:00" endTime="2012-11-01T19:15:25.7558758+00:00" testType="13cdc9d9-ddb5-4fa4-a97d-d965ccfc6d4b" outcome="Passed" testListId="8c84fa94-04c1-424b-9868-57a2d4851a1d" relativeResultsDirectory="503a6b8d-ac5d-44fb-98d7-67a77b9b1e92">
    </UnitTestResult>
    <UnitTestResult executionId="9a11acf6-39f3-4975-b2a9-2ab1aed0cfae" testId="7976e622-0553-0c71-cbd8-e8577be21b5d" testName="BITTest" computerName="SAMCRUISE-PC" duration="00:00:00.0008415" startTime="2012-11-01T19:15:25.7598760+00:00" endTime="2012-11-01T19:15:25.7648763+00:00" testType="13cdc9d9-ddb5-4fa4-a97d-d965ccfc6d4b" outcome="Passed" testListId="8c84fa94-04c1-424b-9868-57a2d4851a1d" relativeResultsDirectory="9a11acf6-39f3-4975-b2a9-2ab1aed0cfae">
    </UnitTestResult>
    <UnitTestResult executionId="6ee59ba8-06a7-4352-8b82-280efc01ee8d" testId="320aa1ed-8916-5804-9751-99d2b2fcbc6a" testName="CALL_cc_nnTest" computerName="SAMCRUISE-PC" duration="00:00:00.0008230" startTime="2012-11-01T19:15:25.7678765+00:00" endTime="2012-11-01T19:15:25.7718767+00:00" testType="13cdc9d9-ddb5-4fa4-a97d-d965ccfc6d4b" outcome="Passed" testListId="8c84fa94-04c1-424b-9868-57a2d4851a1d" relativeResultsDirectory="6ee59ba8-06a7-4352-8b82-280efc01ee8d">
    </UnitTestResult>
    <UnitTestResult executionId="d35e0da8-c0dd-4139-80d0-14d1ae6c91f9" testId="fa3e44b0-1a68-2b54-c8d6-5cd6535068e5" testName="CALL_nnTest" computerName="SAMCRUISE-PC" duration="00:00:00.0006778" startTime="2012-11-01T19:15:25.7768770+00:00" endTime="2012-11-01T19:15:25.7808772+00:00" testType="13cdc9d9-ddb5-4fa4-a97d-d965ccfc6d4b" outcome="Passed" testListId="8c84fa94-04c1-424b-9868-57a2d4851a1d" relativeResultsDirectory="d35e0da8-c0dd-4139-80d0-14d1ae6c91f9">
    </UnitTestResult>
    <UnitTestResult executionId="f1086a4b-3023-46a7-8a53-71b3337b4c46" testId="da8af087-df0c-8562-0b18-6cdda3360a1f" testName="CCFTest" computerName="SAMCRUISE-PC" duration="00:00:00.0005637" startTime="2012-11-01T19:15:25.7848775+00:00" endTime="2012-11-01T19:15:25.7878776+00:00" testType="13cdc9d9-ddb5-4fa4-a97d-d965ccfc6d4b" outcome="Passed" testListId="8c84fa94-04c1-424b-9868-57a2d4851a1d" relativeResultsDirectory="f1086a4b-3023-46a7-8a53-71b3337b4c46">
    </UnitTestResult>
    <UnitTestResult executionId="f2d29090-92b9-4326-ae48-333db3a0d73a" testId="4618a85c-6917-6864-cac1-68e9f062489d" testName="CPDTest" computerName="SAMCRUISE-PC" duration="00:00:00.0008084" startTime="2012-11-01T19:15:25.7918779+00:00" endTime="2012-11-01T19:15:25.7958781+00:00" testType="13cdc9d9-ddb5-4fa4-a97d-d965ccfc6d4b" outcome="Passed" testListId="8c84fa94-04c1-424b-9868-57a2d4851a1d" relativeResultsDirectory="f2d29090-92b9-4326-ae48-333db3a0d73a">
    </UnitTestResult>
    <UnitTestResult executionId="434a29cb-8614-433b-afe4-0bb39199f8fd" testId="225c05c4-9748-a7c6-e24e-08b5a00f73ff" testName="CPDRTest" computerName="SAMCRUISE-PC" duration="00:00:00.0008753" startTime="2012-11-01T19:15:25.7998783+00:00" endTime="2012-11-01T19:15:25.8038785+00:00" testType="13cdc9d9-ddb5-4fa4-a97d-d965ccfc6d4b" outcome="Passed" testListId="8c84fa94-04c1-424b-9868-57a2d4851a1d" relativeResultsDirectory="434a29cb-8614-433b-afe4-0bb39199f8fd">
    </UnitTestResult>
    <UnitTestResult executionId="d43bebaa-599f-47f8-b983-870acc71842d" testId="e8d906d9-8fb1-1c4e-04ae-14b5b043e77e" testName="CPITest" computerName="SAMCRUISE-PC" duration="00:00:00.0003938" startTime="2012-11-01T19:15:25.8218796+00:00" endTime="2012-11-01T19:15:25.8258798+00:00" testType="13cdc9d9-ddb5-4fa4-a97d-d965ccfc6d4b" outcome="Passed" testListId="8c84fa94-04c1-424b-9868-57a2d4851a1d" relativeResultsDirectory="d43bebaa-599f-47f8-b983-870acc71842d">
    </UnitTestResult>
    <UnitTestResult executionId="e66de698-5de7-48d0-bb57-9459ac744b9a" testId="1a60954a-838a-08ce-4a89-0464a13b3a93" testName="CPIRTest" computerName="SAMCRUISE-PC" duration="00:00:00.0009072" startTime="2012-11-01T19:15:25.8338803+00:00" endTime="2012-11-01T19:15:25.8388806+00:00" testType="13cdc9d9-ddb5-4fa4-a97d-d965ccfc6d4b" outcome="Passed" testListId="8c84fa94-04c1-424b-9868-57a2d4851a1d" relativeResultsDirectory="e66de698-5de7-48d0-bb57-9459ac744b9a">
    </UnitTestResult>
    <UnitTestResult executionId="c553497c-2d6c-441c-95b1-0ef3a185d732" testId="f8babc50-25ce-9eb4-fa02-2679067db866" testName="CPLTest" computerName="SAMCRUISE-PC" duration="00:00:00.0005525" startTime="2012-11-01T19:15:25.8428808+00:00" endTime="2012-11-01T19:15:25.8458810+00:00" testType="13cdc9d9-ddb5-4fa4-a97d-d965ccfc6d4b" outcome="Passed" testListId="8c84fa94-04c1-424b-9868-57a2d4851a1d" relativeResultsDirectory="c553497c-2d6c-441c-95b1-0ef3a185d732">
    </UnitTestResult>
    <UnitTestResult executionId="3beab9be-e122-4151-b161-5c87a28b8d41" testId="f418ccbd-868f-1cb5-4064-c312acb76e89" testName="CP_nTest" computerName="SAMCRUISE-PC" duration="00:00:00.0066862" startTime="2012-11-01T19:15:25.8498812+00:00" endTime="2012-11-01T19:15:25.8598818+00:00" testType="13cdc9d9-ddb5-4fa4-a97d-d965ccfc6d4b" outcome="Passed" testListId="8c84fa94-04c1-424b-9868-57a2d4851a1d" relativeResultsDirectory="3beab9be-e122-4151-b161-5c87a28b8d41">
    </UnitTestResult>
    <UnitTestResult executionId="8caabc9f-afe1-4545-a236-0904145a8983" testId="6b710965-1677-6f38-b88e-91e3b8a9332f" testName="CP_rTest" computerName="SAMCRUISE-PC" duration="00:00:00.0008914" startTime="2012-11-01T19:15:25.8648820+00:00" endTime="2012-11-01T19:15:25.8688823+00:00" testType="13cdc9d9-ddb5-4fa4-a97d-d965ccfc6d4b" outcome="Passed" testListId="8c84fa94-04c1-424b-9868-57a2d4851a1d" relativeResultsDirectory="8caabc9f-afe1-4545-a236-0904145a8983">
    </UnitTestResult>
    <UnitTestResult executionId="5edb5564-3052-4300-99b1-8f59e075f0d5" testId="8e0d0db1-8d33-69b8-381b-66e942894b60" testName="DAATest" computerName="SAMCRUISE-PC" duration="00:00:00.0008711" startTime="2012-11-01T19:15:25.8728825+00:00" endTime="2012-11-01T19:15:25.8768827+00:00" testType="13cdc9d9-ddb5-4fa4-a97d-d965ccfc6d4b" outcome="Passed" testListId="8c84fa94-04c1-424b-9868-57a2d4851a1d" relativeResultsDirectory="5edb5564-3052-4300-99b1-8f59e075f0d5">
    </UnitTestResult>
    <UnitTestResult executionId="d110b9b6-700b-493d-b1d2-61616dcf6873" testId="64f3a371-75dd-ff36-2172-a082a1bb01a7" testName="DEC_rTest" computerName="SAMCRUISE-PC" duration="00:00:00.0007973" startTime="2012-11-01T19:15:25.8808830+00:00" endTime="2012-11-01T19:15:25.8848832+00:00" testType="13cdc9d9-ddb5-4fa4-a97d-d965ccfc6d4b" outcome="Passed" testListId="8c84fa94-04c1-424b-9868-57a2d4851a1d" relativeResultsDirectory="d110b9b6-700b-493d-b1d2-61616dcf6873">
    </UnitTestResult>
    <UnitTestResult executionId="e8db7618-8835-4e4a-b6f6-208022db2e16" testId="d40644e9-e5a2-7e4e-64e2-b6d9ec18d899" testName="DEC_ssTest" computerName="SAMCRUISE-PC" duration="00:00:00.0007008" startTime="2012-11-01T19:15:25.8888834+00:00" endTime="2012-11-01T19:15:25.8928836+00:00" testType="13cdc9d9-ddb5-4fa4-a97d-d965ccfc6d4b" outcome="Passed" testListId="8c84fa94-04c1-424b-9868-57a2d4851a1d" relativeResultsDirectory="e8db7618-8835-4e4a-b6f6-208022db2e16">
    </UnitTestResult>
    <UnitTestResult executionId="be51dea8-343e-40a5-acda-76bd314a7c98" testId="e92b5c19-a5d8-72ee-80c0-df041dccc0be" testName="DITest" computerName="SAMCRUISE-PC" duration="00:00:00.0009994" startTime="2012-11-01T19:15:25.8968839+00:00" endTime="2012-11-01T19:15:25.9008841+00:00" testType="13cdc9d9-ddb5-4fa4-a97d-d965ccfc6d4b" outcome="Passed" testListId="8c84fa94-04c1-424b-9868-57a2d4851a1d" relativeResultsDirectory="be51dea8-343e-40a5-acda-76bd314a7c98">
    </UnitTestResult>
    <UnitTestResult executionId="eb028441-8f8e-48a9-a005-366bc753a938" testId="a5b3e069-d5dc-aae1-dab1-7ba2da7e0884" testName="DNJZTest" computerName="SAMCRUISE-PC" duration="00:00:00.0005564" startTime="2012-11-01T19:15:25.9048843+00:00" endTime="2012-11-01T19:15:25.9078845+00:00" testType="13cdc9d9-ddb5-4fa4-a97d-d965ccfc6d4b" outcome="Passed" testListId="8c84fa94-04c1-424b-9868-57a2d4851a1d" relativeResultsDirectory="eb028441-8f8e-48a9-a005-366bc753a938">
    </UnitTestResult>
    <UnitTestResult executionId="f0faf26d-ca9f-48d4-827a-1ef3eba7945b" testId="cbf56f62-df39-1b79-4acc-e7326d9dc27c" testName="EITest" computerName="SAMCRUISE-PC" duration="00:00:00.0005256" startTime="2012-11-01T19:15:25.9118847+00:00" endTime="2012-11-01T19:15:25.9158850+00:00" testType="13cdc9d9-ddb5-4fa4-a97d-d965ccfc6d4b" outcome="Passed" testListId="8c84fa94-04c1-424b-9868-57a2d4851a1d" relativeResultsDirectory="f0faf26d-ca9f-48d4-827a-1ef3eba7945b">
    </UnitTestResult>
    <UnitTestResult executionId="66c5a768-1c94-4ac4-830a-268b1dde7e26" testId="4362f3ce-6bef-c806-ed6a-f9a0e3284ef0" testName="EXXTest" computerName="SAMCRUISE-PC" duration="00:00:00.0006997" startTime="2012-11-01T19:15:25.9198852+00:00" endTime="2012-11-01T19:15:25.9228854+00:00" testType="13cdc9d9-ddb5-4fa4-a97d-d965ccfc6d4b" outcome="Passed" testListId="8c84fa94-04c1-424b-9868-57a2d4851a1d" relativeResultsDirectory="66c5a768-1c94-4ac4-830a-268b1dde7e26">
    </UnitTestResult>
    <UnitTestResult executionId="fd6200ae-8af1-4fe6-9db5-8ec60179006f" testId="a99ddd4b-7030-4db6-9934-7cc5773a9396" testName="EX_AF_AF2Test" computerName="SAMCRUISE-PC" duration="00:00:00.0012523" startTime="2012-11-01T19:15:25.9268856+00:00" endTime="2012-11-01T19:15:25.9318859+00:00" testType="13cdc9d9-ddb5-4fa4-a97d-d965ccfc6d4b" outcome="Passed" testListId="8c84fa94-04c1-424b-9868-57a2d4851a1d" relativeResultsDirectory="fd6200ae-8af1-4fe6-9db5-8ec60179006f">
    </UnitTestResult>
    <UnitTestResult executionId="586c0c08-d073-49bf-b1a7-f4b51566590c" testId="c6073ad2-1dfd-1823-7f61-0e4d779c6b0f" testName="EX_DE_HLTest" computerName="SAMCRUISE-PC" duration="00:00:00.0005829" startTime="2012-11-01T19:15:25.9358861+00:00" endTime="2012-11-01T19:15:25.9398863+00:00" testType="13cdc9d9-ddb5-4fa4-a97d-d965ccfc6d4b" outcome="Passed" testListId="8c84fa94-04c1-424b-9868-57a2d4851a1d" relativeResultsDirectory="586c0c08-d073-49bf-b1a7-f4b51566590c">
    </UnitTestResult>
    <UnitTestResult executionId="3dadca4e-3b20-45f8-8449-fe74503261c1" testId="5ffd0124-37d8-11bf-fa8d-5062ee6afc91" testName="EX_SP_HLTest" computerName="SAMCRUISE-PC" duration="00:00:00.0007120" startTime="2012-11-01T19:15:25.9428865+00:00" endTime="2012-11-01T19:15:25.9468867+00:00" testType="13cdc9d9-ddb5-4fa4-a97d-d965ccfc6d4b" outcome="Passed" testListId="8c84fa94-04c1-424b-9868-57a2d4851a1d" relativeResultsDirectory="3dadca4e-3b20-45f8-8449-fe74503261c1">
    </UnitTestResult>
    <UnitTestResult executionId="579afaa4-e759-4381-8a6b-b713121ab9a5" testId="cc8e988e-fc66-7582-921e-6f44ee2d4fb1" testName="HALTTest" computerName="SAMCRUISE-PC" duration="00:00:00.0007381" startTime="2012-11-01T19:15:25.9508870+00:00" endTime="2012-11-01T19:15:25.9548872+00:00" testType="13cdc9d9-ddb5-4fa4-a97d-d965ccfc6d4b" outcome="Passed" testListId="8c84fa94-04c1-424b-9868-57a2d4851a1d" relativeResultsDirectory="579afaa4-e759-4381-8a6b-b713121ab9a5">
    </UnitTestResult>
    <UnitTestResult executionId="d211641d-d743-4008-a7a8-5c3d47722155" testId="6993b04e-0773-c13a-ebf9-79006fbce62b" testName="IMTest" computerName="SAMCRUISE-PC" duration="00:00:00.0007531" startTime="2012-11-01T19:15:25.9578874+00:00" endTime="2012-11-01T19:15:25.9618876+00:00" testType="13cdc9d9-ddb5-4fa4-a97d-d965ccfc6d4b" outcome="Passed" testListId="8c84fa94-04c1-424b-9868-57a2d4851a1d" relativeResultsDirectory="d211641d-d743-4008-a7a8-5c3d47722155">
    </UnitTestResult>
    <UnitTestResult executionId="9e06acec-0f84-45c0-8115-d11cf481346e" testId="d16ad0a6-d821-4cca-9aac-518623adb362" testName="INC_rTest" computerName="SAMCRUISE-PC" duration="00:00:00.0007197" startTime="2012-11-01T19:15:25.9658878+00:00" endTime="2012-11-01T19:15:25.9698880+00:00" testType="13cdc9d9-ddb5-4fa4-a97d-d965ccfc6d4b" outcome="Passed" testListId="8c84fa94-04c1-424b-9868-57a2d4851a1d" relativeResultsDirectory="9e06acec-0f84-45c0-8115-d11cf481346e">
    </UnitTestResult>
    <UnitTestResult executionId="77aa5749-4fe4-4f1c-9044-7d0ed7cf849c" testId="d80f292a-b4c2-4be9-b82a-b5573e9be6f2" testName="INC_ssTest" computerName="SAMCRUISE-PC" duration="00:00:00.0006048" startTime="2012-11-01T19:15:25.9738883+00:00" endTime="2012-11-01T19:15:25.9778885+00:00" testType="13cdc9d9-ddb5-4fa4-a97d-d965ccfc6d4b" outcome="Passed" testListId="8c84fa94-04c1-424b-9868-57a2d4851a1d" relativeResultsDirectory="77aa5749-4fe4-4f1c-9044-7d0ed7cf849c">
    </UnitTestResult>
    <UnitTestResult executionId="e6f61395-be76-4b13-9f42-580c91f2836a" testId="aece9089-8fd9-3739-7b3a-72bcdb4cb138" testName="INDTest" computerName="SAMCRUISE-PC" duration="00:00:00.0012434" startTime="2012-11-01T19:15:25.9808887+00:00" endTime="2012-11-01T19:15:25.9858890+00:00" testType="13cdc9d9-ddb5-4fa4-a97d-d965ccfc6d4b" outcome="Passed" testListId="8c84fa94-04c1-424b-9868-57a2d4851a1d" relativeResultsDirectory="e6f61395-be76-4b13-9f42-580c91f2836a">
      <Output>
        <StdOut>193 was read from port 3847</StdOut>
      </Output>
    </UnitTestResult>
    <UnitTestResult executionId="de9e5576-d3bb-4b9a-ab47-ec62e79b2156" testId="0eef37c0-80da-2b47-8f3e-2850bbdef705" testName="INDRTest" computerName="SAMCRUISE-PC" duration="00:00:00.0008530" startTime="2012-11-01T19:15:25.9888891+00:00" endTime="2012-11-01T19:15:25.9928894+00:00" testType="13cdc9d9-ddb5-4fa4-a97d-d965ccfc6d4b" outcome="Passed" testListId="8c84fa94-04c1-424b-9868-57a2d4851a1d" relativeResultsDirectory="de9e5576-d3bb-4b9a-ab47-ec62e79b2156">
      <Output>
        <StdOut>193 was read from port 775
193 was read from port 519
193 was read from port 263</StdOut>
      </Output>
    </UnitTestResult>
    <UnitTestResult executionId="6bb6a8a1-4f37-4d8d-8593-758b39bbddae" testId="663717dd-e6fb-6ae6-4ed1-26415e1cd665" testName="INITest" computerName="SAMCRUISE-PC" duration="00:00:00.0007719" startTime="2012-11-01T19:15:25.9968896+00:00" endTime="2012-11-01T19:15:26.0008898+00:00" testType="13cdc9d9-ddb5-4fa4-a97d-d965ccfc6d4b" outcome="Passed" testListId="8c84fa94-04c1-424b-9868-57a2d4851a1d" relativeResultsDirectory="6bb6a8a1-4f37-4d8d-8593-758b39bbddae">
      <Output>
        <StdOut>193 was read from port 4103</StdOut>
      </Output>
    </UnitTestResult>
    <UnitTestResult executionId="4f756255-514d-418a-b931-1374e00a7a83" testId="accb7fb6-557d-89fd-8c02-43ad3120a4e4" testName="INIRTest" computerName="SAMCRUISE-PC" duration="00:00:00.0008373" startTime="2012-11-01T19:15:26.0048900+00:00" endTime="2012-11-01T19:15:26.0088903+00:00" testType="13cdc9d9-ddb5-4fa4-a97d-d965ccfc6d4b" outcome="Passed" testListId="8c84fa94-04c1-424b-9868-57a2d4851a1d" relativeResultsDirectory="4f756255-514d-418a-b931-1374e00a7a83">
      <Output>
        <StdOut>193 was read from port 775
193 was read from port 519
193 was read from port 263</StdOut>
      </Output>
    </UnitTestResult>
    <UnitTestResult executionId="36b1ce3a-1912-43ad-a76a-013f694c0129" testId="cb76c32f-1004-2d6e-4048-b5467b53a179" testName="IN_A_nTest" computerName="SAMCRUISE-PC" duration="00:00:00.0005936" startTime="2012-11-01T19:15:26.0118904+00:00" endTime="2012-11-01T19:15:26.0158907+00:00" testType="13cdc9d9-ddb5-4fa4-a97d-d965ccfc6d4b" outcome="Passed" testListId="8c84fa94-04c1-424b-9868-57a2d4851a1d" relativeResultsDirectory="36b1ce3a-1912-43ad-a76a-013f694c0129">
      <Output>
        <StdOut>193 was read from port 8961</StdOut>
      </Output>
    </UnitTestResult>
    <UnitTestResult executionId="6aaa020f-9498-470e-9cbf-749b887fb47d" testId="6af126f8-3922-fbad-35b8-bf549d275e90" testName="IN_r_CTest" computerName="SAMCRUISE-PC" duration="00:00:00.0006659" startTime="2012-11-01T19:15:26.0198909+00:00" endTime="2012-11-01T19:15:26.0228911+00:00" testType="13cdc9d9-ddb5-4fa4-a97d-d965ccfc6d4b" outcome="Passed" testListId="8c84fa94-04c1-424b-9868-57a2d4851a1d" relativeResultsDirectory="6aaa020f-9498-470e-9cbf-749b887fb47d">
      <Output>
        <StdOut>193 was read from port 4103</StdOut>
      </Output>
    </UnitTestResult>
    <UnitTestResult executionId="fcfbd450-862e-4701-b621-0e3828b4b529" testId="644506c2-c887-ef59-e127-65e89db16cbc" testName="JP_HLTest" computerName="SAMCRUISE-PC" duration="00:00:00.0005498" startTime="2012-11-01T19:15:26.0268913+00:00" endTime="2012-11-01T19:15:26.0308915+00:00" testType="13cdc9d9-ddb5-4fa4-a97d-d965ccfc6d4b" outcome="Passed" testListId="8c84fa94-04c1-424b-9868-57a2d4851a1d" relativeResultsDirectory="fcfbd450-862e-4701-b621-0e3828b4b529">
    </UnitTestResult>
    <UnitTestResult executionId="52e1c2eb-6def-438a-92fb-7610ef84e530" testId="2a561a82-d650-4928-a63a-372019177aa0" testName="JP_cc_nnTest" computerName="SAMCRUISE-PC" duration="00:00:00.0007543" startTime="2012-11-01T19:15:26.0338917+00:00" endTime="2012-11-01T19:15:26.0378919+00:00" testType="13cdc9d9-ddb5-4fa4-a97d-d965ccfc6d4b" outcome="Passed" testListId="8c84fa94-04c1-424b-9868-57a2d4851a1d" relativeResultsDirectory="52e1c2eb-6def-438a-92fb-7610ef84e530">
    </UnitTestResult>
    <UnitTestResult executionId="ff353340-9b5d-4b4e-844f-b5f7c1495206" testId="3cdbe969-b2db-38d4-00ab-7c7380efb3ba" testName="JP_nnTest" computerName="SAMCRUISE-PC" duration="00:00:00.0005748" startTime="2012-11-01T19:15:26.0418922+00:00" endTime="2012-11-01T19:15:26.0448923+00:00" testType="13cdc9d9-ddb5-4fa4-a97d-d965ccfc6d4b" outcome="Passed" testListId="8c84fa94-04c1-424b-9868-57a2d4851a1d" relativeResultsDirectory="ff353340-9b5d-4b4e-844f-b5f7c1495206">
    </UnitTestResult>
    <UnitTestResult executionId="35429a56-77f8-45b1-aefc-22872a8c8348" testId="d987caa4-b236-d3ff-cce6-1360da40887d" testName="JRTest" computerName="SAMCRUISE-PC" duration="00:00:00.0006593" startTime="2012-11-01T19:15:26.0488926+00:00" endTime="2012-11-01T19:15:26.0528928+00:00" testType="13cdc9d9-ddb5-4fa4-a97d-d965ccfc6d4b" outcome="Passed" testListId="8c84fa94-04c1-424b-9868-57a2d4851a1d" relativeResultsDirectory="35429a56-77f8-45b1-aefc-22872a8c8348">
    </UnitTestResult>
    <UnitTestResult executionId="c9ff20c7-85af-47da-a366-662c9267f981" testId="2725660c-204c-cdd3-cc38-c8cb0969f291" testName="LDDTest" computerName="SAMCRUISE-PC" duration="00:00:00.0009368" startTime="2012-11-01T19:15:26.0568930+00:00" endTime="2012-11-01T19:15:26.0608933+00:00" testType="13cdc9d9-ddb5-4fa4-a97d-d965ccfc6d4b" outcome="Passed" testListId="8c84fa94-04c1-424b-9868-57a2d4851a1d" relativeResultsDirectory="c9ff20c7-85af-47da-a366-662c9267f981">
    </UnitTestResult>
    <UnitTestResult executionId="7ce6c6f1-c736-46b4-81aa-c75ba5028905" testId="fbf61387-acd6-ad6e-d454-963c3b13209e" testName="LDDRTest" computerName="SAMCRUISE-PC" duration="00:00:00.0009183" startTime="2012-11-01T19:15:26.0638934+00:00" endTime="2012-11-01T19:15:26.0688937+00:00" testType="13cdc9d9-ddb5-4fa4-a97d-d965ccfc6d4b" outcome="Passed" testListId="8c84fa94-04c1-424b-9868-57a2d4851a1d" relativeResultsDirectory="7ce6c6f1-c736-46b4-81aa-c75ba5028905">
    </UnitTestResult>
    <UnitTestResult executionId="e64962b5-2279-48f1-bb15-0a234e655d86" testId="26cfd68c-0b2b-b154-5fee-9a7274b0546f" testName="LDITest" computerName="SAMCRUISE-PC" duration="00:00:00.0007769" startTime="2012-11-01T19:15:26.0718939+00:00" endTime="2012-11-01T19:15:26.0758941+00:00" testType="13cdc9d9-ddb5-4fa4-a97d-d965ccfc6d4b" outcome="Passed" testListId="8c84fa94-04c1-424b-9868-57a2d4851a1d" relativeResultsDirectory="e64962b5-2279-48f1-bb15-0a234e655d86">
    </UnitTestResult>
    <UnitTestResult executionId="9b9233e8-0edc-4c02-831e-cab340c1b5ff" testId="c6014464-c5a6-fa24-8780-9b58004c3f58" testName="LDIRTest" computerName="SAMCRUISE-PC" duration="00:00:00.0009287" startTime="2012-11-01T19:15:26.0798943+00:00" endTime="2012-11-01T19:15:26.0838946+00:00" testType="13cdc9d9-ddb5-4fa4-a97d-d965ccfc6d4b" outcome="Passed" testListId="8c84fa94-04c1-424b-9868-57a2d4851a1d" relativeResultsDirectory="9b9233e8-0edc-4c02-831e-cab340c1b5ff">
    </UnitTestResult>
    <UnitTestResult executionId="7c828628-ba3a-4ab7-be98-95a6f31a74ff" testId="1098bc54-92c2-3c91-e91e-8afcd496d21e" testName="LD_A_BCTest" computerName="SAMCRUISE-PC" duration="00:00:00.0007558" startTime="2012-11-01T19:15:26.0868947+00:00" endTime="2012-11-01T19:15:26.0908950+00:00" testType="13cdc9d9-ddb5-4fa4-a97d-d965ccfc6d4b" outcome="Passed" testListId="8c84fa94-04c1-424b-9868-57a2d4851a1d" relativeResultsDirectory="7c828628-ba3a-4ab7-be98-95a6f31a74ff">
    </UnitTestResult>
    <UnitTestResult executionId="a9ec8194-4b59-4839-adab-5ec133656312" testId="dedf675d-4710-3439-30c1-2b6f394221dd" testName="LD_A_DETest" computerName="SAMCRUISE-PC" duration="00:00:00.0005664" startTime="2012-11-01T19:15:26.0948952+00:00" endTime="2012-11-01T19:15:26.0988954+00:00" testType="13cdc9d9-ddb5-4fa4-a97d-d965ccfc6d4b" outcome="Passed" testListId="8c84fa94-04c1-424b-9868-57a2d4851a1d" relativeResultsDirectory="a9ec8194-4b59-4839-adab-5ec133656312">
    </UnitTestResult>
    <UnitTestResult executionId="ad374016-5f27-4a62-92f2-3f6f3e39de93" testId="77ea9ad2-e5e0-4a61-f03a-bc81b141b08e" testName="LD_A_ITest" computerName="SAMCRUISE-PC" duration="00:00:00.0002958" startTime="2012-11-01T19:15:26.1028957+00:00" endTime="2012-11-01T19:15:26.1058958+00:00" testType="13cdc9d9-ddb5-4fa4-a97d-d965ccfc6d4b" outcome="Passed" testListId="8c84fa94-04c1-424b-9868-57a2d4851a1d" relativeResultsDirectory="ad374016-5f27-4a62-92f2-3f6f3e39de93">
    </UnitTestResult>
    <UnitTestResult executionId="b1f993f0-d4fb-42a5-b9a6-16b042fbe4c8" testId="d6f365f5-4679-7038-6450-481adfa7d5c7" testName="LD_A_RTest" computerName="SAMCRUISE-PC" duration="00:00:00.0002931" startTime="2012-11-01T19:15:26.1098961+00:00" endTime="2012-11-01T19:15:26.1128962+00:00" testType="13cdc9d9-ddb5-4fa4-a97d-d965ccfc6d4b" outcome="Passed" testListId="8c84fa94-04c1-424b-9868-57a2d4851a1d" relativeResultsDirectory="b1f993f0-d4fb-42a5-b9a6-16b042fbe4c8">
    </UnitTestResult>
    <UnitTestResult executionId="206f3854-1fd6-4889-a076-c9d63683ddca" testId="3910ea2e-3d0e-baae-5cb5-ee5255a7ee35" testName="LD_A_nnTest" computerName="SAMCRUISE-PC" duration="00:00:00.0006102" startTime="2012-11-01T19:15:26.1168965+00:00" endTime="2012-11-01T19:15:26.1208967+00:00" testType="13cdc9d9-ddb5-4fa4-a97d-d965ccfc6d4b" outcome="Passed" testListId="8c84fa94-04c1-424b-9868-57a2d4851a1d" relativeResultsDirectory="206f3854-1fd6-4889-a076-c9d63683ddca">
    </UnitTestResult>
    <UnitTestResult executionId="820411dd-08bb-4c62-a578-a0b99c0b07d0" testId="82c0cf7c-d6a8-c070-d23c-58c9b55e047a" testName="LD_BC_ATest" computerName="SAMCRUISE-PC" duration="00:00:00.0005621" startTime="2012-11-01T19:15:26.1248969+00:00" endTime="2012-11-01T19:15:26.1278971+00:00" testType="13cdc9d9-ddb5-4fa4-a97d-d965ccfc6d4b" outcome="Passed" testListId="8c84fa94-04c1-424b-9868-57a2d4851a1d" relativeResultsDirectory="820411dd-08bb-4c62-a578-a0b99c0b07d0">
    </UnitTestResult>
    <UnitTestResult executionId="b7501a41-83a8-4e87-9c99-518867b1040e" testId="231bd03e-0d38-6cc5-0783-b65ae0f853d9" testName="LD_DE_ATest" computerName="SAMCRUISE-PC" duration="00:00:00.0005679" startTime="2012-11-01T19:15:26.1318973+00:00" endTime="2012-11-01T19:15:26.1358975+00:00" testType="13cdc9d9-ddb5-4fa4-a97d-d965ccfc6d4b" outcome="Passed" testListId="8c84fa94-04c1-424b-9868-57a2d4851a1d" relativeResultsDirectory="b7501a41-83a8-4e87-9c99-518867b1040e">
    </UnitTestResult>
    <UnitTestResult executionId="3a87ee10-eb28-4766-a980-d716f30c0b16" testId="7a984ac0-e42a-474e-dd34-f1980e6732d9" testName="LD_HL_nnTest" computerName="SAMCRUISE-PC" duration="00:00:00.0006251" startTime="2012-11-01T19:15:26.1398978+00:00" endTime="2012-11-01T19:15:26.1438980+00:00" testType="13cdc9d9-ddb5-4fa4-a97d-d965ccfc6d4b" outcome="Passed" testListId="8c84fa94-04c1-424b-9868-57a2d4851a1d" relativeResultsDirectory="3a87ee10-eb28-4766-a980-d716f30c0b16">
    </UnitTestResult>
    <UnitTestResult executionId="02160f0b-ad82-4cbd-861a-f4fcce354783" testId="8419ae4f-e0d9-7a9f-7f37-e3a84733904b" testName="LD_I_ATest" computerName="SAMCRUISE-PC" duration="00:00:00.0006159" startTime="2012-11-01T19:15:26.1478982+00:00" endTime="2012-11-01T19:15:26.1518985+00:00" testType="13cdc9d9-ddb5-4fa4-a97d-d965ccfc6d4b" outcome="Passed" testListId="8c84fa94-04c1-424b-9868-57a2d4851a1d" relativeResultsDirectory="02160f0b-ad82-4cbd-861a-f4fcce354783">
    </UnitTestResult>
    <UnitTestResult executionId="de3164ba-e72d-4a2f-b8cc-3b3bcc1d0806" testId="02081afb-f4e4-3f4d-8158-5c914990d541" testName="LD_R_ATest" computerName="SAMCRUISE-PC" duration="00:00:00.0006713" startTime="2012-11-01T19:15:26.1558987+00:00" endTime="2012-11-01T19:15:26.1598989+00:00" testType="13cdc9d9-ddb5-4fa4-a97d-d965ccfc6d4b" outcome="Passed" testListId="8c84fa94-04c1-424b-9868-57a2d4851a1d" relativeResultsDirectory="de3164ba-e72d-4a2f-b8cc-3b3bcc1d0806">
    </UnitTestResult>
    <UnitTestResult executionId="e0cc6b50-8b8b-48c9-b5c7-88112cc3f6a8" testId="408ed624-5685-2cc2-3b5f-b6dc3f3441bf" testName="LD_SP_HLTest" computerName="SAMCRUISE-PC" duration="00:00:00.0005525" startTime="2012-11-01T19:15:26.1638991+00:00" endTime="2012-11-01T19:15:26.1668993+00:00" testType="13cdc9d9-ddb5-4fa4-a97d-d965ccfc6d4b" outcome="Passed" testListId="8c84fa94-04c1-424b-9868-57a2d4851a1d" relativeResultsDirectory="e0cc6b50-8b8b-48c9-b5c7-88112cc3f6a8">
    </UnitTestResult>
    <UnitTestResult executionId="f504afe6-2099-4477-98a1-0f5c025f3aff" testId="9693f54a-8e39-e20e-ac44-1452f0049c4d" testName="LD_dd_nnTest" computerName="SAMCRUISE-PC" duration="00:00:00.0003258" startTime="2012-11-01T19:15:26.1708995+00:00" endTime="2012-11-01T19:15:26.1748998+00:00" testType="13cdc9d9-ddb5-4fa4-a97d-d965ccfc6d4b" outcome="Passed" testListId="8c84fa94-04c1-424b-9868-57a2d4851a1d" relativeResultsDirectory="f504afe6-2099-4477-98a1-0f5c025f3aff">
    </UnitTestResult>
    <UnitTestResult executionId="50a6c9cf-466b-4800-9828-c0ff0cdf54df" testId="531135d4-b324-d795-f9f5-d51886e82803" testName="LD_dd_nn2Test" computerName="SAMCRUISE-PC" duration="00:00:00.0007162" startTime="2012-11-01T19:15:26.1789000+00:00" endTime="2012-11-01T19:15:26.1829002+00:00" testType="13cdc9d9-ddb5-4fa4-a97d-d965ccfc6d4b" outcome="Passed" testListId="8c84fa94-04c1-424b-9868-57a2d4851a1d" relativeResultsDirectory="50a6c9cf-466b-4800-9828-c0ff0cdf54df">
    </UnitTestResult>
    <UnitTestResult executionId="45d5c18e-25bd-4051-a6c6-25bbadf5267c" testId="9f97dc1f-2483-ec75-3db2-8e92253870cb" testName="LD_nn_ATest" computerName="SAMCRUISE-PC" duration="00:00:00.0006240" startTime="2012-11-01T19:15:26.1869005+00:00" endTime="2012-11-01T19:15:26.1909007+00:00" testType="13cdc9d9-ddb5-4fa4-a97d-d965ccfc6d4b" outcome="Passed" testListId="8c84fa94-04c1-424b-9868-57a2d4851a1d" relativeResultsDirectory="45d5c18e-25bd-4051-a6c6-25bbadf5267c">
    </UnitTestResult>
    <UnitTestResult executionId="b88930c0-5deb-4fca-9ec4-06360eb4ee87" testId="5fd1f04b-dac6-41bb-9db7-15f63c1db9f6" testName="LD_nn_HLTest" computerName="SAMCRUISE-PC" duration="00:00:00.0006997" startTime="2012-11-01T19:15:26.1949009+00:00" endTime="2012-11-01T19:15:26.1989011+00:00" testType="13cdc9d9-ddb5-4fa4-a97d-d965ccfc6d4b" outcome="Passed" testListId="8c84fa94-04c1-424b-9868-57a2d4851a1d" relativeResultsDirectory="b88930c0-5deb-4fca-9ec4-06360eb4ee87">
    </UnitTestResult>
    <UnitTestResult executionId="c79dd44b-cbba-4c9c-9e83-2720381504b5" testId="f9126364-3831-3363-8188-a09b575bcf73" testName="LD_nn_ddTest" computerName="SAMCRUISE-PC" duration="00:00:00.0007800" startTime="2012-11-01T19:15:26.2019013+00:00" endTime="2012-11-01T19:15:26.2059015+00:00" testType="13cdc9d9-ddb5-4fa4-a97d-d965ccfc6d4b" outcome="Passed" testListId="8c84fa94-04c1-424b-9868-57a2d4851a1d" relativeResultsDirectory="c79dd44b-cbba-4c9c-9e83-2720381504b5">
    </UnitTestResult>
    <UnitTestResult executionId="7daf2ba1-d54e-449d-a205-a0400a8b9140" testId="4ca40fc0-23e6-fedb-25b7-f0ba20aa5cc5" testName="LD_r_nTest" computerName="SAMCRUISE-PC" duration="00:00:00.0012215" startTime="2012-11-01T19:15:26.2099018+00:00" endTime="2012-11-01T19:15:26.2149021+00:00" testType="13cdc9d9-ddb5-4fa4-a97d-d965ccfc6d4b" outcome="Passed" testListId="8c84fa94-04c1-424b-9868-57a2d4851a1d" relativeResultsDirectory="7daf2ba1-d54e-449d-a205-a0400a8b9140">
    </UnitTestResult>
    <UnitTestResult executionId="734ddacb-4138-4909-8a46-d87b76cab9b6" testId="4e29e539-acb7-4fe7-b58a-ad776d59b1bb" testName="LD_r_rTest" computerName="SAMCRUISE-PC" duration="00:00:00.0015812" startTime="2012-11-01T19:15:26.2179022+00:00" endTime="2012-11-01T19:15:26.2229025+00:00" testType="13cdc9d9-ddb5-4fa4-a97d-d965ccfc6d4b" outcome="Passed" testListId="8c84fa94-04c1-424b-9868-57a2d4851a1d" relativeResultsDirectory="734ddacb-4138-4909-8a46-d87b76cab9b6">
    </UnitTestResult>
    <UnitTestResult executionId="c7d7c35e-9664-4ebb-bcd9-b51885ec7905" testId="efeb0611-e5d6-72cb-f153-edd9546c4863" testName="NEGTest" computerName="SAMCRUISE-PC" duration="00:00:00.0006486" startTime="2012-11-01T19:15:26.2459038+00:00" endTime="2012-11-01T19:15:26.2499041+00:00" testType="13cdc9d9-ddb5-4fa4-a97d-d965ccfc6d4b" outcome="Passed" testListId="8c84fa94-04c1-424b-9868-57a2d4851a1d" relativeResultsDirectory="c7d7c35e-9664-4ebb-bcd9-b51885ec7905">
    </UnitTestResult>
    <UnitTestResult executionId="bf55438c-8724-4a35-a33b-be5ecf6814be" testId="ef38ddd6-7755-2790-0e1b-b39d5b54c463" testName="OR_nTest" computerName="SAMCRUISE-PC" duration="00:00:00.0032512" startTime="2012-11-01T19:15:26.2539043+00:00" endTime="2012-11-01T19:15:26.2609047+00:00" testType="13cdc9d9-ddb5-4fa4-a97d-d965ccfc6d4b" outcome="Passed" testListId="8c84fa94-04c1-424b-9868-57a2d4851a1d" relativeResultsDirectory="bf55438c-8724-4a35-a33b-be5ecf6814be">
    </UnitTestResult>
    <UnitTestResult executionId="f571bccc-5633-427d-a884-4093a41532f3" testId="429a8c32-55b7-bbd1-b067-032d95921b55" testName="OR_rTest" computerName="SAMCRUISE-PC" duration="00:00:00.0007885" startTime="2012-11-01T19:15:26.2659050+00:00" endTime="2012-11-01T19:15:26.2709053+00:00" testType="13cdc9d9-ddb5-4fa4-a97d-d965ccfc6d4b" outcome="Passed" testListId="8c84fa94-04c1-424b-9868-57a2d4851a1d" relativeResultsDirectory="f571bccc-5633-427d-a884-4093a41532f3">
    </UnitTestResult>
    <UnitTestResult executionId="ea991cc2-f892-4033-98f7-d314ae00b0a2" testId="6582c566-3514-80d9-5e8b-746b8c877c02" testName="OTDRTest" computerName="SAMCRUISE-PC" duration="00:00:00.0011097" startTime="2012-11-01T19:15:26.2739054+00:00" endTime="2012-11-01T19:15:26.2789057+00:00" testType="13cdc9d9-ddb5-4fa4-a97d-d965ccfc6d4b" outcome="Passed" testListId="8c84fa94-04c1-424b-9868-57a2d4851a1d" relativeResultsDirectory="ea991cc2-f892-4033-98f7-d314ae00b0a2">
      <Output>
        <StdOut>3 was written to port 775
169 was written to port 519
81 was written to port 263</StdOut>
      </Output>
    </UnitTestResult>
    <UnitTestResult executionId="06464803-2942-46b9-8b84-48405a50a02b" testId="613249bd-4594-d153-ca2b-015a8a45b6a0" testName="OTIRTest" computerName="SAMCRUISE-PC" duration="00:00:00.0008572" startTime="2012-11-01T19:15:26.2819059+00:00" endTime="2012-11-01T19:15:26.2859061+00:00" testType="13cdc9d9-ddb5-4fa4-a97d-d965ccfc6d4b" outcome="Passed" testListId="8c84fa94-04c1-424b-9868-57a2d4851a1d" relativeResultsDirectory="06464803-2942-46b9-8b84-48405a50a02b">
      <Output>
        <StdOut>81 was written to port 775
169 was written to port 519
3 was written to port 263</StdOut>
      </Output>
    </UnitTestResult>
    <UnitTestResult executionId="a3d917ad-c1df-41b1-bf25-738da383023c" testId="1e0740c8-2234-8fea-75be-3168c953cfa8" testName="OUTDTest" computerName="SAMCRUISE-PC" duration="00:00:00.0007869" startTime="2012-11-01T19:15:26.2899063+00:00" endTime="2012-11-01T19:15:26.2939066+00:00" testType="13cdc9d9-ddb5-4fa4-a97d-d965ccfc6d4b" outcome="Passed" testListId="8c84fa94-04c1-424b-9868-57a2d4851a1d" relativeResultsDirectory="a3d917ad-c1df-41b1-bf25-738da383023c">
      <Output>
        <StdOut>89 was written to port 4103</StdOut>
      </Output>
    </UnitTestResult>
    <UnitTestResult executionId="79ad5f3b-d62b-4cc1-91ae-d6496c98e545" testId="e500e466-400d-7a9d-97dd-2a6998d88e4b" testName="OUTITest" computerName="SAMCRUISE-PC" duration="00:00:00.0007616" startTime="2012-11-01T19:15:26.2979068+00:00" endTime="2012-11-01T19:15:26.3019070+00:00" testType="13cdc9d9-ddb5-4fa4-a97d-d965ccfc6d4b" outcome="Passed" testListId="8c84fa94-04c1-424b-9868-57a2d4851a1d" relativeResultsDirectory="79ad5f3b-d62b-4cc1-91ae-d6496c98e545">
      <Output>
        <StdOut>89 was written to port 4103</StdOut>
      </Output>
    </UnitTestResult>
    <UnitTestResult executionId="afa4fe45-744f-45bd-9848-ef4d7529b0a9" testId="00f0e72d-0ee9-884c-1553-d761223ad003" testName="OUT_C_rTest" computerName="SAMCRUISE-PC" duration="00:00:00.0006709" startTime="2012-11-01T19:15:26.3049072+00:00" endTime="2012-11-01T19:15:26.3089074+00:00" testType="13cdc9d9-ddb5-4fa4-a97d-d965ccfc6d4b" outcome="Passed" testListId="8c84fa94-04c1-424b-9868-57a2d4851a1d" relativeResultsDirectory="afa4fe45-744f-45bd-9848-ef4d7529b0a9">
      <Output>
        <StdOut>0 was written to port 1</StdOut>
      </Output>
    </UnitTestResult>
    <UnitTestResult executionId="9586286f-910f-45b0-8de3-c3dd2386c151" testId="ec3dceb2-7476-60e7-45c6-cb4ca611c1fd" testName="OUT_n_ATest" computerName="SAMCRUISE-PC" duration="00:00:00.0005779" startTime="2012-11-01T19:15:26.3129077+00:00" endTime="2012-11-01T19:15:26.3169079+00:00" testType="13cdc9d9-ddb5-4fa4-a97d-d965ccfc6d4b" outcome="Passed" testListId="8c84fa94-04c1-424b-9868-57a2d4851a1d" relativeResultsDirectory="9586286f-910f-45b0-8de3-c3dd2386c151">
      <Output>
        <StdOut>35 was written to port 8961</StdOut>
      </Output>
    </UnitTestResult>
    <UnitTestResult executionId="f3d3a5e0-f422-43d4-aa9d-a05a615f38c5" testId="1fa28479-68b5-6739-9382-2a843d130358" testName="POP_qqTest" computerName="SAMCRUISE-PC" duration="00:00:00.0003677" startTime="2012-11-01T19:15:26.3209081+00:00" endTime="2012-11-01T19:15:26.3249084+00:00" testType="13cdc9d9-ddb5-4fa4-a97d-d965ccfc6d4b" outcome="Passed" testListId="8c84fa94-04c1-424b-9868-57a2d4851a1d" relativeResultsDirectory="f3d3a5e0-f422-43d4-aa9d-a05a615f38c5">
    </UnitTestResult>
    <UnitTestResult executionId="3cf61b5a-fdf2-412c-bec9-2cd186f577f8" testId="9084bd1d-64fc-c645-d3ae-df82e73934b3" testName="PUSH_qqTest" computerName="SAMCRUISE-PC" duration="00:00:00.0007915" startTime="2012-11-01T19:15:26.3279085+00:00" endTime="2012-11-01T19:15:26.3319088+00:00" testType="13cdc9d9-ddb5-4fa4-a97d-d965ccfc6d4b" outcome="Passed" testListId="8c84fa94-04c1-424b-9868-57a2d4851a1d" relativeResultsDirectory="3cf61b5a-fdf2-412c-bec9-2cd186f577f8">
    </UnitTestResult>
    <UnitTestResult executionId="332a0b7f-f0ad-4525-b6ee-751be105471b" testId="ec8889aa-5c28-4621-dc4c-a1bae4f864b3" testName="RESTest" computerName="SAMCRUISE-PC" duration="00:00:00.0006912" startTime="2012-11-01T19:15:26.3359090+00:00" endTime="2012-11-01T19:15:26.3399092+00:00" testType="13cdc9d9-ddb5-4fa4-a97d-d965ccfc6d4b" outcome="Passed" testListId="8c84fa94-04c1-424b-9868-57a2d4851a1d" relativeResultsDirectory="332a0b7f-f0ad-4525-b6ee-751be105471b">
    </UnitTestResult>
    <UnitTestResult executionId="34c23998-27cf-46bc-b88a-77209b808c6e" testId="fbc81c52-7315-1e7c-4d04-ddf848c918c9" testName="RETTest" computerName="SAMCRUISE-PC" duration="00:00:00.0006759" startTime="2012-11-01T19:15:26.3439094+00:00" endTime="2012-11-01T19:15:26.3479097+00:00" testType="13cdc9d9-ddb5-4fa4-a97d-d965ccfc6d4b" outcome="Passed" testListId="8c84fa94-04c1-424b-9868-57a2d4851a1d" relativeResultsDirectory="34c23998-27cf-46bc-b88a-77209b808c6e">
    </UnitTestResult>
    <UnitTestResult executionId="83488e08-a736-4f88-8375-981e86496fd8" testId="1a78406e-fc9c-f400-96bf-e6409042a51b" testName="RETITest" computerName="SAMCRUISE-PC" duration="00:00:00.0005483" startTime="2012-11-01T19:15:26.3519099+00:00" endTime="2012-11-01T19:15:26.3559101+00:00" testType="13cdc9d9-ddb5-4fa4-a97d-d965ccfc6d4b" outcome="Passed" testListId="8c84fa94-04c1-424b-9868-57a2d4851a1d" relativeResultsDirectory="83488e08-a736-4f88-8375-981e86496fd8">
    </UnitTestResult>
  </Results>
</TestRun>