<?xml version="1.0" encoding="UTF-8"?>
<TestRun id="72ec6064-2e2c-4297-a5d3-cae77b018afd" name="samcruise@SAMCRUISE-PC 2012-11-05 18:06:05" runUser="samcruise-PC\samcruise" xmlns="http://microsoft.com/schemas/VisualStudio/TeamTest/2010">
  <TestSettings name="Local" id="65a1706e-8b80-420d-8876-f80050a1a2ce">
    <Description>These are default test settings for a local test run.</Description>
    <Deployment enabled="false" runDeploymentRoot="samcruise_SAMCRUISE-PC 2012-11-05 18_06_05">
      <DeploymentItem filename="C:\Users\samcruise\documents\visual studio 2010\Projects\ZXSpectrum\ZXSpectrum\ZXSpectrum\bin\x86\Debug\ZXSpectrum.exe" />
    </Deployment>
    <Execution>
      <TestTypeSpecific />
      <AgentRule name="Execution Agents">
      </AgentRule>
    </Execution>
  </TestSettings>
  <Times creation="2012-11-05T18:06:05.2675857+00:00" queuing="2012-11-05T18:06:06.1159875+00:00" start="2012-11-05T18:06:06.1783876+00:00" finish="2012-11-05T18:06:24.4772198+00:00" />
  <ResultSummary outcome="Error">
    <Counters total="111" executed="29" passed="28" error="0" failed="0" timeout="0" aborted="1" inconclusive="0" passedButRunAborted="0" notRunnable="0" notExecuted="82" disconnected="0" warning="0" completed="0" inProgress="0" pending="0" />
    <RunInfos>
      <RunInfo computerName="SAMCRUISE-PC" outcome="Warning" timestamp="2012-11-05T18:06:05.3203861+00:00">
        <Text>Deployment is currently disabled. The deployment item 'EmuTest.exe' on test 'TestProject2.Z80Test.SETTest' was not deployed.</Text>
      </RunInfo>
      <RunInfo computerName="SAMCRUISE-PC" outcome="Error" timestamp="2012-11-05T18:06:24.4616197+00:00">
        <Text>Test host process exited unexpectedly.</Text>
      </RunInfo>
    </RunInfos>
  </ResultSummary>
  <TestDefinitions>
    <UnitTest name="SETTest" storage="c:\users\samcruise\documents\visual studio 2010\projects\zxspectrum\testproject2\bin\debug\testproject2.dll" id="9577c4f7-7003-b9c5-163a-7c5efd62ae51">
      <DeploymentItems>
        <DeploymentItem filename="EmuTest.exe" />
      </DeploymentItems>
      <Execution id="f378ac46-6ac1-44ef-a525-ee092963724e" />
      <TestMethod codeBase="C:/Users/samcruise/documents/visual studio 2010/Projects/ZXSpectrum/TestProject2/bin/Debug/TestProject2.DLL" adapterTypeName="Microsoft.VisualStudio.TestTools.TestTypes.Unit.UnitTestAdapter, Microsoft.VisualStudio.QualityTools.Tips.UnitTest.Adapter, Version=10.0.0.0, Culture=neutral, PublicKeyToken=b03f5f7f11d50a3a" className="TestProject2.Z80Test, TestProject2, Version=1.0.0.0, Culture=neutral, PublicKeyToken=null" name="SETTest" />
    </UnitTest>
    <UnitTest name="LD_nn_HLTest" storage="c:\users\samcruise\documents\visual studio 2010\projects\zxspectrum\testproject2\bin\debug\testproject2.dll" id="5fd1f04b-dac6-41bb-9db7-15f63c1db9f6">
      <DeploymentItems>
        <DeploymentItem filename="EmuTest.exe" />
      </DeploymentItems>
      <Execution id="55b49a94-6139-49e2-92b3-78d373992301" />
      <TestMethod codeBase="C:/Users/samcruise/documents/visual studio 2010/Projects/ZXSpectrum/TestProject2/bin/Debug/TestProject2.DLL" adapterTypeName="Microsoft.VisualStudio.TestTools.TestTypes.Unit.UnitTestAdapter, Microsoft.VisualStudio.QualityTools.Tips.UnitTest.Adapter, Version=10.0.0.0, Culture=neutral, PublicKeyToken=b03f5f7f11d50a3a" className="TestProject2.Z80Test, TestProject2, Version=1.0.0.0, Culture=neutral, PublicKeyToken=null" name="LD_nn_HLTest" />
    </UnitTest>
    <UnitTest name="RETNTest" storage="c:\users\samcruise\documents\visual studio 2010\projects\zxspectrum\testproject2\bin\debug\testproject2.dll" id="7a3748d0-d7ac-0d6f-14be-1f126ae99321">
      <DeploymentItems>
        <DeploymentItem filename="EmuTest.exe" />
      </DeploymentItems>
      <Execution id="71f6e994-73ec-4dcc-9cac-c2e115a8f953" />
      <TestMethod codeBase="C:/Users/samcruise/documents/visual studio 2010/Projects/ZXSpectrum/TestProject2/bin/Debug/TestProject2.DLL" adapterTypeName="Microsoft.VisualStudio.TestTools.TestTypes.Unit.UnitTestAdapter, Microsoft.VisualStudio.QualityTools.Tips.UnitTest.Adapter, Version=10.0.0.0, Culture=neutral, PublicKeyToken=b03f5f7f11d50a3a" className="TestProject2.Z80Test, TestProject2, Version=1.0.0.0, Culture=neutral, PublicKeyToken=null" name="RETNTest" />
    </UnitTest>
    <UnitTest name="SUB_rTest" storage="c:\users\samcruise\documents\visual studio 2010\projects\zxspectrum\testproject2\bin\debug\testproject2.dll" id="55171caa-19dd-2ede-1df5-fba7324e3535">
      <DeploymentItems>
        <DeploymentItem filename="EmuTest.exe" />
      </DeploymentItems>
      <Execution id="2c5228f4-cfc7-4cb8-8b41-45263163adb4" />
      <TestMethod codeBase="C:/Users/samcruise/documents/visual studio 2010/Projects/ZXSpectrum/TestProject2/bin/Debug/TestProject2.DLL" adapterTypeName="Microsoft.VisualStudio.TestTools.TestTypes.Unit.UnitTestAdapter, Microsoft.VisualStudio.QualityTools.Tips.UnitTest.Adapter, Version=10.0.0.0, Culture=neutral, PublicKeyToken=b03f5f7f11d50a3a" className="TestProject2.Z80Test, TestProject2, Version=1.0.0.0, Culture=neutral, PublicKeyToken=null" name="SUB_rTest" />
    </UnitTest>
    <UnitTest name="CPITest" storage="c:\users\samcruise\documents\visual studio 2010\projects\zxspectrum\testproject2\bin\debug\testproject2.dll" id="e8d906d9-8fb1-1c4e-04ae-14b5b043e77e">
      <DeploymentItems>
        <DeploymentItem filename="EmuTest.exe" />
      </DeploymentItems>
      <Execution id="443c23ca-9a9c-4218-a7f3-258e9ae40181" />
      <TestMethod codeBase="C:/Users/samcruise/documents/visual studio 2010/Projects/ZXSpectrum/TestProject2/bin/Debug/TestProject2.DLL" adapterTypeName="Microsoft.VisualStudio.TestTools.TestTypes.Unit.UnitTestAdapter, Microsoft.VisualStudio.QualityTools.Tips.UnitTest.Adapter, Version=10.0.0.0, Culture=neutral, PublicKeyToken=b03f5f7f11d50a3a" className="TestProject2.Z80Test, TestProject2, Version=1.0.0.0, Culture=neutral, PublicKeyToken=null" name="CPITest" />
    </UnitTest>
    <UnitTest name="RLCATest" storage="c:\users\samcruise\documents\visual studio 2010\projects\zxspectrum\testproject2\bin\debug\testproject2.dll" id="eb8ea76d-8f52-861c-adb1-87727b91e8dc">
      <DeploymentItems>
        <DeploymentItem filename="EmuTest.exe" />
      </DeploymentItems>
      <Execution id="8376fa6a-86d3-4239-895d-9ce5aa9f3d2f" />
      <TestMethod codeBase="C:/Users/samcruise/documents/visual studio 2010/Projects/ZXSpectrum/TestProject2/bin/Debug/TestProject2.DLL" adapterTypeName="Microsoft.VisualStudio.TestTools.TestTypes.Unit.UnitTestAdapter, Microsoft.VisualStudio.QualityTools.Tips.UnitTest.Adapter, Version=10.0.0.0, Culture=neutral, PublicKeyToken=b03f5f7f11d50a3a" className="TestProject2.Z80Test, TestProject2, Version=1.0.0.0, Culture=neutral, PublicKeyToken=null" name="RLCATest" />
    </UnitTest>
    <UnitTest name="OUT_C_rTest" storage="c:\users\samcruise\documents\visual studio 2010\projects\zxspectrum\testproject2\bin\debug\testproject2.dll" id="00f0e72d-0ee9-884c-1553-d761223ad003">
      <DeploymentItems>
        <DeploymentItem filename="EmuTest.exe" />
      </DeploymentItems>
      <Execution id="a469b588-3117-4009-b643-c19d5d2be6cc" />
      <TestMethod codeBase="C:/Users/samcruise/documents/visual studio 2010/Projects/ZXSpectrum/TestProject2/bin/Debug/TestProject2.DLL" adapterTypeName="Microsoft.VisualStudio.TestTools.TestTypes.Unit.UnitTestAdapter, Microsoft.VisualStudio.QualityTools.Tips.UnitTest.Adapter, Version=10.0.0.0, Culture=neutral, PublicKeyToken=b03f5f7f11d50a3a" className="TestProject2.Z80Test, TestProject2, Version=1.0.0.0, Culture=neutral, PublicKeyToken=null" name="OUT_C_rTest" />
    </UnitTest>
    <UnitTest name="OUTITest" storage="c:\users\samcruise\documents\visual studio 2010\projects\zxspectrum\testproject2\bin\debug\testproject2.dll" id="e500e466-400d-7a9d-97dd-2a6998d88e4b">
      <DeploymentItems>
        <DeploymentItem filename="EmuTest.exe" />
      </DeploymentItems>
      <Execution id="710d87cf-2285-4191-94c5-d9558fe26e0e" />
      <TestMethod codeBase="C:/Users/samcruise/documents/visual studio 2010/Projects/ZXSpectrum/TestProject2/bin/Debug/TestProject2.DLL" adapterTypeName="Microsoft.VisualStudio.TestTools.TestTypes.Unit.UnitTestAdapter, Microsoft.VisualStudio.QualityTools.Tips.UnitTest.Adapter, Version=10.0.0.0, Culture=neutral, PublicKeyToken=b03f5f7f11d50a3a" className="TestProject2.Z80Test, TestProject2, Version=1.0.0.0, Culture=neutral, PublicKeyToken=null" name="OUTITest" />
    </UnitTest>
    <UnitTest name="JP_cc_nnTest" storage="c:\users\samcruise\documents\visual studio 2010\projects\zxspectrum\testproject2\bin\debug\testproject2.dll" id="2a561a82-d650-4928-a63a-372019177aa0">
      <DeploymentItems>
        <DeploymentItem filename="EmuTest.exe" />
      </DeploymentItems>
      <Execution id="a9033136-2b48-4c5b-8e10-6d10742f5a9c" />
      <TestMethod codeBase="C:/Users/samcruise/documents/visual studio 2010/Projects/ZXSpectrum/TestProject2/bin/Debug/TestProject2.DLL" adapterTypeName="Microsoft.VisualStudio.TestTools.TestTypes.Unit.UnitTestAdapter, Microsoft.VisualStudio.QualityTools.Tips.UnitTest.Adapter, Version=10.0.0.0, Culture=neutral, PublicKeyToken=b03f5f7f11d50a3a" className="TestProject2.Z80Test, TestProject2, Version=1.0.0.0, Culture=neutral, PublicKeyToken=null" name="JP_cc_nnTest" />
    </UnitTest>
    <UnitTest name="RET_ccTest" storage="c:\users\samcruise\documents\visual studio 2010\projects\zxspectrum\testproject2\bin\debug\testproject2.dll" id="3a2e5b08-4e06-5e86-1556-043e5a55d63f">
      <DeploymentItems>
        <DeploymentItem filename="EmuTest.exe" />
      </DeploymentItems>
      <Execution id="bfdc8950-dd76-489a-91d8-392f810af55a" />
      <TestMethod codeBase="C:/Users/samcruise/documents/visual studio 2010/Projects/ZXSpectrum/TestProject2/bin/Debug/TestProject2.DLL" adapterTypeName="Microsoft.VisualStudio.TestTools.TestTypes.Unit.UnitTestAdapter, Microsoft.VisualStudio.QualityTools.Tips.UnitTest.Adapter, Version=10.0.0.0, Culture=neutral, PublicKeyToken=b03f5f7f11d50a3a" className="TestProject2.Z80Test, TestProject2, Version=1.0.0.0, Culture=neutral, PublicKeyToken=null" name="RET_ccTest" />
    </UnitTest>
    <UnitTest name="ADD_A_rTest" storage="c:\users\samcruise\documents\visual studio 2010\projects\zxspectrum\testproject2\bin\debug\testproject2.dll" id="61cf7fd2-4675-4774-43a6-1058ba4d6886">
      <DeploymentItems>
        <DeploymentItem filename="EmuTest.exe" />
      </DeploymentItems>
      <Execution id="a49b0c5e-3089-432b-92d8-39038fd7dea6" />
      <TestMethod codeBase="C:/Users/samcruise/documents/visual studio 2010/Projects/ZXSpectrum/TestProject2/bin/Debug/TestProject2.DLL" adapterTypeName="Microsoft.VisualStudio.TestTools.TestTypes.Unit.UnitTestAdapter, Microsoft.VisualStudio.QualityTools.Tips.UnitTest.Adapter, Version=10.0.0.0, Culture=neutral, PublicKeyToken=b03f5f7f11d50a3a" className="TestProject2.Z80Test, TestProject2, Version=1.0.0.0, Culture=neutral, PublicKeyToken=null" name="ADD_A_rTest" />
    </UnitTest>
    <UnitTest name="RLATest" storage="c:\users\samcruise\documents\visual studio 2010\projects\zxspectrum\testproject2\bin\debug\testproject2.dll" id="4a4a0e75-24b0-83d9-8bf1-cffe9a6c30c7">
      <DeploymentItems>
        <DeploymentItem filename="EmuTest.exe" />
      </DeploymentItems>
      <Execution id="f30866fb-4931-4494-86d8-8b4db2a184b2" />
      <TestMethod codeBase="C:/Users/samcruise/documents/visual studio 2010/Projects/ZXSpectrum/TestProject2/bin/Debug/TestProject2.DLL" adapterTypeName="Microsoft.VisualStudio.TestTools.TestTypes.Unit.UnitTestAdapter, Microsoft.VisualStudio.QualityTools.Tips.UnitTest.Adapter, Version=10.0.0.0, Culture=neutral, PublicKeyToken=b03f5f7f11d50a3a" className="TestProject2.Z80Test, TestProject2, Version=1.0.0.0, Culture=neutral, PublicKeyToken=null" name="RLATest" />
    </UnitTest>
    <UnitTest name="OTIRTest" storage="c:\users\samcruise\documents\visual studio 2010\projects\zxspectrum\testproject2\bin\debug\testproject2.dll" id="613249bd-4594-d153-ca2b-015a8a45b6a0">
      <DeploymentItems>
        <DeploymentItem filename="EmuTest.exe" />
      </DeploymentItems>
      <Execution id="e76fcb56-dc8e-4a3b-b15f-53f6b3594bc5" />
      <TestMethod codeBase="C:/Users/samcruise/documents/visual studio 2010/Projects/ZXSpectrum/TestProject2/bin/Debug/TestProject2.DLL" adapterTypeName="Microsoft.VisualStudio.TestTools.TestTypes.Unit.UnitTestAdapter, Microsoft.VisualStudio.QualityTools.Tips.UnitTest.Adapter, Version=10.0.0.0, Culture=neutral, PublicKeyToken=b03f5f7f11d50a3a" className="TestProject2.Z80Test, TestProject2, Version=1.0.0.0, Culture=neutral, PublicKeyToken=null" name="OTIRTest" />
    </UnitTest>
    <UnitTest name="LDITest" storage="c:\users\samcruise\documents\visual studio 2010\projects\zxspectrum\testproject2\bin\debug\testproject2.dll" id="26cfd68c-0b2b-b154-5fee-9a7274b0546f">
      <DeploymentItems>
        <DeploymentItem filename="EmuTest.exe" />
      </DeploymentItems>
      <Execution id="1e055146-1500-4057-953a-1a1439c5908a" />
      <TestMethod codeBase="C:/Users/samcruise/documents/visual studio 2010/Projects/ZXSpectrum/TestProject2/bin/Debug/TestProject2.DLL" adapterTypeName="Microsoft.VisualStudio.TestTools.TestTypes.Unit.UnitTestAdapter, Microsoft.VisualStudio.QualityTools.Tips.UnitTest.Adapter, Version=10.0.0.0, Culture=neutral, PublicKeyToken=b03f5f7f11d50a3a" className="TestProject2.Z80Test, TestProject2, Version=1.0.0.0, Culture=neutral, PublicKeyToken=null" name="LDITest" />
    </UnitTest>
    <UnitTest name="DAATest" storage="c:\users\samcruise\documents\visual studio 2010\projects\zxspectrum\testproject2\bin\debug\testproject2.dll" id="8e0d0db1-8d33-69b8-381b-66e942894b60">
      <DeploymentItems>
        <DeploymentItem filename="EmuTest.exe" />
      </DeploymentItems>
      <Execution id="56180e61-03b2-4fc3-af26-9cefc73f48a7" />
      <TestMethod codeBase="C:/Users/samcruise/documents/visual studio 2010/Projects/ZXSpectrum/TestProject2/bin/Debug/TestProject2.DLL" adapterTypeName="Microsoft.VisualStudio.TestTools.TestTypes.Unit.UnitTestAdapter, Microsoft.VisualStudio.QualityTools.Tips.UnitTest.Adapter, Version=10.0.0.0, Culture=neutral, PublicKeyToken=b03f5f7f11d50a3a" className="TestProject2.Z80Test, TestProject2, Version=1.0.0.0, Culture=neutral, PublicKeyToken=null" name="DAATest" />
    </UnitTest>
    <UnitTest name="CALL_nnTest" storage="c:\users\samcruise\documents\visual studio 2010\projects\zxspectrum\testproject2\bin\debug\testproject2.dll" id="fa3e44b0-1a68-2b54-c8d6-5cd6535068e5">
      <DeploymentItems>
        <DeploymentItem filename="EmuTest.exe" />
      </DeploymentItems>
      <Execution id="89edfa7c-6217-49c7-8458-1b6cc2f9999a" />
      <TestMethod codeBase="C:/Users/samcruise/documents/visual studio 2010/Projects/ZXSpectrum/TestProject2/bin/Debug/TestProject2.DLL" adapterTypeName="Microsoft.VisualStudio.TestTools.TestTypes.Unit.UnitTestAdapter, Microsoft.VisualStudio.QualityTools.Tips.UnitTest.Adapter, Version=10.0.0.0, Culture=neutral, PublicKeyToken=b03f5f7f11d50a3a" className="TestProject2.Z80Test, TestProject2, Version=1.0.0.0, Culture=neutral, PublicKeyToken=null" name="CALL_nnTest" />
    </UnitTest>
    <UnitTest name="LD_nn_ATest" storage="c:\users\samcruise\documents\visual studio 2010\projects\zxspectrum\testproject2\bin\debug\testproject2.dll" id="9f97dc1f-2483-ec75-3db2-8e92253870cb">
      <DeploymentItems>
        <DeploymentItem filename="EmuTest.exe" />
      </DeploymentItems>
      <Execution id="1ae61ec9-cccd-40ab-a15a-1ce7af42874c" />
      <TestMethod codeBase="C:/Users/samcruise/documents/visual studio 2010/Projects/ZXSpectrum/TestProject2/bin/Debug/TestProject2.DLL" adapterTypeName="Microsoft.VisualStudio.TestTools.TestTypes.Unit.UnitTestAdapter, Microsoft.VisualStudio.QualityTools.Tips.UnitTest.Adapter, Version=10.0.0.0, Culture=neutral, PublicKeyToken=b03f5f7f11d50a3a" className="TestProject2.Z80Test, TestProject2, Version=1.0.0.0, Culture=neutral, PublicKeyToken=null" name="LD_nn_ATest" />
    </UnitTest>
    <UnitTest name="SUB_nTest" storage="c:\users\samcruise\documents\visual studio 2010\projects\zxspectrum\testproject2\bin\debug\testproject2.dll" id="46c0ea6c-7511-1a43-1027-23d83e8af062">
      <DeploymentItems>
        <DeploymentItem filename="EmuTest.exe" />
      </DeploymentItems>
      <Execution id="1032cab5-1e5c-47ce-8512-3a8327c554a4" />
      <TestMethod codeBase="C:/Users/samcruise/documents/visual studio 2010/Projects/ZXSpectrum/TestProject2/bin/Debug/TestProject2.DLL" adapterTypeName="Microsoft.VisualStudio.TestTools.TestTypes.Unit.UnitTestAdapter, Microsoft.VisualStudio.QualityTools.Tips.UnitTest.Adapter, Version=10.0.0.0, Culture=neutral, PublicKeyToken=b03f5f7f11d50a3a" className="TestProject2.Z80Test, TestProject2, Version=1.0.0.0, Culture=neutral, PublicKeyToken=null" name="SUB_nTest" />
    </UnitTest>
    <UnitTest name="ADD_A_nTest" storage="c:\users\samcruise\documents\visual studio 2010\projects\zxspectrum\testproject2\bin\debug\testproject2.dll" id="0ebca460-c35e-fb90-0af2-4327104b42ae">
      <DeploymentItems>
        <DeploymentItem filename="EmuTest.exe" />
      </DeploymentItems>
      <Execution id="c6836f45-6285-4209-9600-c02dd9eb0e56" />
      <TestMethod codeBase="C:/Users/samcruise/documents/visual studio 2010/Projects/ZXSpectrum/TestProject2/bin/Debug/TestProject2.DLL" adapterTypeName="Microsoft.VisualStudio.TestTools.TestTypes.Unit.UnitTestAdapter, Microsoft.VisualStudio.QualityTools.Tips.UnitTest.Adapter, Version=10.0.0.0, Culture=neutral, PublicKeyToken=b03f5f7f11d50a3a" className="TestProject2.Z80Test, TestProject2, Version=1.0.0.0, Culture=neutral, PublicKeyToken=null" name="ADD_A_nTest" />
    </UnitTest>
    <UnitTest name="INDRTest" storage="c:\users\samcruise\documents\visual studio 2010\projects\zxspectrum\testproject2\bin\debug\testproject2.dll" id="0eef37c0-80da-2b47-8f3e-2850bbdef705">
      <DeploymentItems>
        <DeploymentItem filename="EmuTest.exe" />
      </DeploymentItems>
      <Execution id="0f979686-5a0a-43a3-a581-397ade4a46e4" />
      <TestMethod codeBase="C:/Users/samcruise/documents/visual studio 2010/Projects/ZXSpectrum/TestProject2/bin/Debug/TestProject2.DLL" adapterTypeName="Microsoft.VisualStudio.TestTools.TestTypes.Unit.UnitTestAdapter, Microsoft.VisualStudio.QualityTools.Tips.UnitTest.Adapter, Version=10.0.0.0, Culture=neutral, PublicKeyToken=b03f5f7f11d50a3a" className="TestProject2.Z80Test, TestProject2, Version=1.0.0.0, Culture=neutral, PublicKeyToken=null" name="INDRTest" />
    </UnitTest>
    <UnitTest name="ZeroTest" storage="c:\users\samcruise\documents\visual studio 2010\projects\zxspectrum\testproject2\bin\debug\testproject2.dll" id="d4004087-56d4-1d0e-14c6-9815e660af61">
      <DeploymentItems>
        <DeploymentItem filename="EmuTest.exe" />
      </DeploymentItems>
      <Execution id="e7538234-f8c8-4d3a-a5f8-416b7b9e51da" />
      <TestMethod codeBase="C:/Users/samcruise/documents/visual studio 2010/Projects/ZXSpectrum/TestProject2/bin/Debug/TestProject2.DLL" adapterTypeName="Microsoft.VisualStudio.TestTools.TestTypes.Unit.UnitTestAdapter, Microsoft.VisualStudio.QualityTools.Tips.UnitTest.Adapter, Version=10.0.0.0, Culture=neutral, PublicKeyToken=b03f5f7f11d50a3a" className="TestProject2.Z80Test, TestProject2, Version=1.0.0.0, Culture=neutral, PublicKeyToken=null" name="ZeroTest" />
    </UnitTest>
    <UnitTest name="OUTDTest" storage="c:\users\samcruise\documents\visual studio 2010\projects\zxspectrum\testproject2\bin\debug\testproject2.dll" id="1e0740c8-2234-8fea-75be-3168c953cfa8">
      <DeploymentItems>
        <DeploymentItem filename="EmuTest.exe" />
      </DeploymentItems>
      <Execution id="c101ca71-61a5-4042-8a88-4b34c44b2fb3" />
      <TestMethod codeBase="C:/Users/samcruise/documents/visual studio 2010/Projects/ZXSpectrum/TestProject2/bin/Debug/TestProject2.DLL" adapterTypeName="Microsoft.VisualStudio.TestTools.TestTypes.Unit.UnitTestAdapter, Microsoft.VisualStudio.QualityTools.Tips.UnitTest.Adapter, Version=10.0.0.0, Culture=neutral, PublicKeyToken=b03f5f7f11d50a3a" className="TestProject2.Z80Test, TestProject2, Version=1.0.0.0, Culture=neutral, PublicKeyToken=null" name="OUTDTest" />
    </UnitTest>
    <UnitTest name="LD_R_ATest" storage="c:\users\samcruise\documents\visual studio 2010\projects\zxspectrum\testproject2\bin\debug\testproject2.dll" id="02081afb-f4e4-3f4d-8158-5c914990d541">
      <DeploymentItems>
        <DeploymentItem filename="EmuTest.exe" />
      </DeploymentItems>
      <Execution id="f2f4708c-cc3d-457e-b0ba-3d32fed616ce" />
      <TestMethod codeBase="C:/Users/samcruise/documents/visual studio 2010/Projects/ZXSpectrum/TestProject2/bin/Debug/TestProject2.DLL" adapterTypeName="Microsoft.VisualStudio.TestTools.TestTypes.Unit.UnitTestAdapter, Microsoft.VisualStudio.QualityTools.Tips.UnitTest.Adapter, Version=10.0.0.0, Culture=neutral, PublicKeyToken=b03f5f7f11d50a3a" className="TestProject2.Z80Test, TestProject2, Version=1.0.0.0, Culture=neutral, PublicKeyToken=null" name="LD_R_ATest" />
    </UnitTest>
    <UnitTest name="LD_dd_nn2Test" storage="c:\users\samcruise\documents\visual studio 2010\projects\zxspectrum\testproject2\bin\debug\testproject2.dll" id="531135d4-b324-d795-f9f5-d51886e82803">
      <DeploymentItems>
        <DeploymentItem filename="EmuTest.exe" />
      </DeploymentItems>
      <Execution id="d753d1bf-677e-4ac9-94ec-6e89292bba34" />
      <TestMethod codeBase="C:/Users/samcruise/documents/visual studio 2010/Projects/ZXSpectrum/TestProject2/bin/Debug/TestProject2.DLL" adapterTypeName="Microsoft.VisualStudio.TestTools.TestTypes.Unit.UnitTestAdapter, Microsoft.VisualStudio.QualityTools.Tips.UnitTest.Adapter, Version=10.0.0.0, Culture=neutral, PublicKeyToken=b03f5f7f11d50a3a" className="TestProject2.Z80Test, TestProject2, Version=1.0.0.0, Culture=neutral, PublicKeyToken=null" name="LD_dd_nn2Test" />
    </UnitTest>
    <UnitTest name="LD_dd_nnTest" storage="c:\users\samcruise\documents\visual studio 2010\projects\zxspectrum\testproject2\bin\debug\testproject2.dll" id="9693f54a-8e39-e20e-ac44-1452f0049c4d">
      <DeploymentItems>
        <DeploymentItem filename="EmuTest.exe" />
      </DeploymentItems>
      <Execution id="152d640b-d262-4cdb-8c1b-592e47ddf2a3" />
      <TestMethod codeBase="C:/Users/samcruise/documents/visual studio 2010/Projects/ZXSpectrum/TestProject2/bin/Debug/TestProject2.DLL" adapterTypeName="Microsoft.VisualStudio.TestTools.TestTypes.Unit.UnitTestAdapter, Microsoft.VisualStudio.QualityTools.Tips.UnitTest.Adapter, Version=10.0.0.0, Culture=neutral, PublicKeyToken=b03f5f7f11d50a3a" className="TestProject2.Z80Test, TestProject2, Version=1.0.0.0, Culture=neutral, PublicKeyToken=null" name="LD_dd_nnTest" />
    </UnitTest>
    <UnitTest name="LD_HL_nnTest" storage="c:\users\samcruise\documents\visual studio 2010\projects\zxspectrum\testproject2\bin\debug\testproject2.dll" id="7a984ac0-e42a-474e-dd34-f1980e6732d9">
      <DeploymentItems>
        <DeploymentItem filename="EmuTest.exe" />
      </DeploymentItems>
      <Execution id="400a6ad8-0bbe-401a-ba6b-d2f07811576d" />
      <TestMethod codeBase="C:/Users/samcruise/documents/visual studio 2010/Projects/ZXSpectrum/TestProject2/bin/Debug/TestProject2.DLL" adapterTypeName="Microsoft.VisualStudio.TestTools.TestTypes.Unit.UnitTestAdapter, Microsoft.VisualStudio.QualityTools.Tips.UnitTest.Adapter, Version=10.0.0.0, Culture=neutral, PublicKeyToken=b03f5f7f11d50a3a" className="TestProject2.Z80Test, TestProject2, Version=1.0.0.0, Culture=neutral, PublicKeyToken=null" name="LD_HL_nnTest" />
    </UnitTest>
    <UnitTest name="LDDRTest" storage="c:\users\samcruise\documents\visual studio 2010\projects\zxspectrum\testproject2\bin\debug\testproject2.dll" id="fbf61387-acd6-ad6e-d454-963c3b13209e">
      <DeploymentItems>
        <DeploymentItem filename="EmuTest.exe" />
      </DeploymentItems>
      <Execution id="af0426e4-d952-4116-a578-273ec7351e25" />
      <TestMethod codeBase="C:/Users/samcruise/documents/visual studio 2010/Projects/ZXSpectrum/TestProject2/bin/Debug/TestProject2.DLL" adapterTypeName="Microsoft.VisualStudio.TestTools.TestTypes.Unit.UnitTestAdapter, Microsoft.VisualStudio.QualityTools.Tips.UnitTest.Adapter, Version=10.0.0.0, Culture=neutral, PublicKeyToken=b03f5f7f11d50a3a" className="TestProject2.Z80Test, TestProject2, Version=1.0.0.0, Culture=neutral, PublicKeyToken=null" name="LDDRTest" />
    </UnitTest>
    <UnitTest name="LD_SP_HLTest" storage="c:\users\samcruise\documents\visual studio 2010\projects\zxspectrum\testproject2\bin\debug\testproject2.dll" id="408ed624-5685-2cc2-3b5f-b6dc3f3441bf">
      <DeploymentItems>
        <DeploymentItem filename="EmuTest.exe" />
      </DeploymentItems>
      <Execution id="9cf3d448-78ca-47f6-b1aa-aabbefa2b262" />
      <TestMethod codeBase="C:/Users/samcruise/documents/visual studio 2010/Projects/ZXSpectrum/TestProject2/bin/Debug/TestProject2.DLL" adapterTypeName="Microsoft.VisualStudio.TestTools.TestTypes.Unit.UnitTestAdapter, Microsoft.VisualStudio.QualityTools.Tips.UnitTest.Adapter, Version=10.0.0.0, Culture=neutral, PublicKeyToken=b03f5f7f11d50a3a" className="TestProject2.Z80Test, TestProject2, Version=1.0.0.0, Culture=neutral, PublicKeyToken=null" name="LD_SP_HLTest" />
    </UnitTest>
    <UnitTest name="OR_rTest" storage="c:\users\samcruise\documents\visual studio 2010\projects\zxspectrum\testproject2\bin\debug\testproject2.dll" id="429a8c32-55b7-bbd1-b067-032d95921b55">
      <DeploymentItems>
        <DeploymentItem filename="EmuTest.exe" />
      </DeploymentItems>
      <Execution id="840cc7b4-78fd-4315-a8d3-f82a65b7e4c1" />
      <TestMethod codeBase="C:/Users/samcruise/documents/visual studio 2010/Projects/ZXSpectrum/TestProject2/bin/Debug/TestProject2.DLL" adapterTypeName="Microsoft.VisualStudio.TestTools.TestTypes.Unit.UnitTestAdapter, Microsoft.VisualStudio.QualityTools.Tips.UnitTest.Adapter, Version=10.0.0.0, Culture=neutral, PublicKeyToken=b03f5f7f11d50a3a" className="TestProject2.Z80Test, TestProject2, Version=1.0.0.0, Culture=neutral, PublicKeyToken=null" name="OR_rTest" />
    </UnitTest>
    <UnitTest name="LD_DE_ATest" storage="c:\users\samcruise\documents\visual studio 2010\projects\zxspectrum\testproject2\bin\debug\testproject2.dll" id="231bd03e-0d38-6cc5-0783-b65ae0f853d9">
      <DeploymentItems>
        <DeploymentItem filename="EmuTest.exe" />
      </DeploymentItems>
      <Execution id="9666c388-5480-413a-842e-7e1b21d38ca6" />
      <TestMethod codeBase="C:/Users/samcruise/documents/visual studio 2010/Projects/ZXSpectrum/TestProject2/bin/Debug/TestProject2.DLL" adapterTypeName="Microsoft.VisualStudio.TestTools.TestTypes.Unit.UnitTestAdapter, Microsoft.VisualStudio.QualityTools.Tips.UnitTest.Adapter, Version=10.0.0.0, Culture=neutral, PublicKeyToken=b03f5f7f11d50a3a" className="TestProject2.Z80Test, TestProject2, Version=1.0.0.0, Culture=neutral, PublicKeyToken=null" name="LD_DE_ATest" />
    </UnitTest>
    <UnitTest name="XOR_rTest" storage="c:\users\samcruise\documents\visual studio 2010\projects\zxspectrum\testproject2\bin\debug\testproject2.dll" id="436605de-6d1c-4402-615f-0938ced05851">
      <DeploymentItems>
        <DeploymentItem filename="EmuTest.exe" />
      </DeploymentItems>
      <Execution id="48cdfebd-44b4-47e2-9ea6-67c8899ae23f" />
      <TestMethod codeBase="C:/Users/samcruise/documents/visual studio 2010/Projects/ZXSpectrum/TestProject2/bin/Debug/TestProject2.DLL" adapterTypeName="Microsoft.VisualStudio.TestTools.TestTypes.Unit.UnitTestAdapter, Microsoft.VisualStudio.QualityTools.Tips.UnitTest.Adapter, Version=10.0.0.0, Culture=neutral, PublicKeyToken=b03f5f7f11d50a3a" className="TestProject2.Z80Test, TestProject2, Version=1.0.0.0, Culture=neutral, PublicKeyToken=null" name="XOR_rTest" />
    </UnitTest>
    <UnitTest name="CP_rTest" storage="c:\users\samcruise\documents\visual studio 2010\projects\zxspectrum\testproject2\bin\debug\testproject2.dll" id="6b710965-1677-6f38-b88e-91e3b8a9332f">
      <DeploymentItems>
        <DeploymentItem filename="EmuTest.exe" />
      </DeploymentItems>
      <Execution id="f4222e17-945a-4344-b256-dab1df07fbfb" />
      <TestMethod codeBase="C:/Users/samcruise/documents/visual studio 2010/Projects/ZXSpectrum/TestProject2/bin/Debug/TestProject2.DLL" adapterTypeName="Microsoft.VisualStudio.TestTools.TestTypes.Unit.UnitTestAdapter, Microsoft.VisualStudio.QualityTools.Tips.UnitTest.Adapter, Version=10.0.0.0, Culture=neutral, PublicKeyToken=b03f5f7f11d50a3a" className="TestProject2.Z80Test, TestProject2, Version=1.0.0.0, Culture=neutral, PublicKeyToken=null" name="CP_rTest" />
    </UnitTest>
    <UnitTest name="LD_nn_ddTest" storage="c:\users\samcruise\documents\visual studio 2010\projects\zxspectrum\testproject2\bin\debug\testproject2.dll" id="f9126364-3831-3363-8188-a09b575bcf73">
      <DeploymentItems>
        <DeploymentItem filename="EmuTest.exe" />
      </DeploymentItems>
      <Execution id="6b238dd0-0c3f-4ad3-89c0-2eb9c1c961ce" />
      <TestMethod codeBase="C:/Users/samcruise/documents/visual studio 2010/Projects/ZXSpectrum/TestProject2/bin/Debug/TestProject2.DLL" adapterTypeName="Microsoft.VisualStudio.TestTools.TestTypes.Unit.UnitTestAdapter, Microsoft.VisualStudio.QualityTools.Tips.UnitTest.Adapter, Version=10.0.0.0, Culture=neutral, PublicKeyToken=b03f5f7f11d50a3a" className="TestProject2.Z80Test, TestProject2, Version=1.0.0.0, Culture=neutral, PublicKeyToken=null" name="LD_nn_ddTest" />
    </UnitTest>
    <UnitTest name="ADC_HLTest" storage="c:\users\samcruise\documents\visual studio 2010\projects\zxspectrum\testproject2\bin\debug\testproject2.dll" id="0b4144dd-a347-7b17-997b-3df3b8ff73bd">
      <DeploymentItems>
        <DeploymentItem filename="EmuTest.exe" />
      </DeploymentItems>
      <Execution id="3aae5277-029f-4653-b41d-48c4b757ef30" />
      <TestMethod codeBase="C:/Users/samcruise/documents/visual studio 2010/Projects/ZXSpectrum/TestProject2/bin/Debug/TestProject2.DLL" adapterTypeName="Microsoft.VisualStudio.TestTools.TestTypes.Unit.UnitTestAdapter, Microsoft.VisualStudio.QualityTools.Tips.UnitTest.Adapter, Version=10.0.0.0, Culture=neutral, PublicKeyToken=b03f5f7f11d50a3a" className="TestProject2.Z80Test, TestProject2, Version=1.0.0.0, Culture=neutral, PublicKeyToken=null" name="ADC_HLTest" />
    </UnitTest>
    <UnitTest name="IMTest" storage="c:\users\samcruise\documents\visual studio 2010\projects\zxspectrum\testproject2\bin\debug\testproject2.dll" id="6993b04e-0773-c13a-ebf9-79006fbce62b">
      <DeploymentItems>
        <DeploymentItem filename="EmuTest.exe" />
      </DeploymentItems>
      <Execution id="ac36e267-0278-4487-938c-ae40f5ae42ef" />
      <TestMethod codeBase="C:/Users/samcruise/documents/visual studio 2010/Projects/ZXSpectrum/TestProject2/bin/Debug/TestProject2.DLL" adapterTypeName="Microsoft.VisualStudio.TestTools.TestTypes.Unit.UnitTestAdapter, Microsoft.VisualStudio.QualityTools.Tips.UnitTest.Adapter, Version=10.0.0.0, Culture=neutral, PublicKeyToken=b03f5f7f11d50a3a" className="TestProject2.Z80Test, TestProject2, Version=1.0.0.0, Culture=neutral, PublicKeyToken=null" name="IMTest" />
    </UnitTest>
    <UnitTest name="PUSH_qqTest" storage="c:\users\samcruise\documents\visual studio 2010\projects\zxspectrum\testproject2\bin\debug\testproject2.dll" id="9084bd1d-64fc-c645-d3ae-df82e73934b3">
      <DeploymentItems>
        <DeploymentItem filename="EmuTest.exe" />
      </DeploymentItems>
      <Execution id="2c669a17-937b-4cf7-b3d9-f048ca026b75" />
      <TestMethod codeBase="C:/Users/samcruise/documents/visual studio 2010/Projects/ZXSpectrum/TestProject2/bin/Debug/TestProject2.DLL" adapterTypeName="Microsoft.VisualStudio.TestTools.TestTypes.Unit.UnitTestAdapter, Microsoft.VisualStudio.QualityTools.Tips.UnitTest.Adapter, Version=10.0.0.0, Culture=neutral, PublicKeyToken=b03f5f7f11d50a3a" className="TestProject2.Z80Test, TestProject2, Version=1.0.0.0, Culture=neutral, PublicKeyToken=null" name="PUSH_qqTest" />
    </UnitTest>
    <UnitTest name="RLTest" storage="c:\users\samcruise\documents\visual studio 2010\projects\zxspectrum\testproject2\bin\debug\testproject2.dll" id="8d11f4ff-16dc-c6dd-67b2-df83947219f7">
      <DeploymentItems>
        <DeploymentItem filename="EmuTest.exe" />
      </DeploymentItems>
      <Execution id="509731a6-f1a8-42e4-a590-e6ebadb7991d" />
      <TestMethod codeBase="C:/Users/samcruise/documents/visual studio 2010/Projects/ZXSpectrum/TestProject2/bin/Debug/TestProject2.DLL" adapterTypeName="Microsoft.VisualStudio.TestTools.TestTypes.Unit.UnitTestAdapter, Microsoft.VisualStudio.QualityTools.Tips.UnitTest.Adapter, Version=10.0.0.0, Culture=neutral, PublicKeyToken=b03f5f7f11d50a3a" className="TestProject2.Z80Test, TestProject2, Version=1.0.0.0, Culture=neutral, PublicKeyToken=null" name="RLTest" />
    </UnitTest>
    <UnitTest name="SRATest" storage="c:\users\samcruise\documents\visual studio 2010\projects\zxspectrum\testproject2\bin\debug\testproject2.dll" id="d576b2e9-18ab-4c39-22d6-660b702088a3">
      <DeploymentItems>
        <DeploymentItem filename="EmuTest.exe" />
      </DeploymentItems>
      <Execution id="27341510-b3ee-46c8-a19e-b3cec52b0b82" />
      <TestMethod codeBase="C:/Users/samcruise/documents/visual studio 2010/Projects/ZXSpectrum/TestProject2/bin/Debug/TestProject2.DLL" adapterTypeName="Microsoft.VisualStudio.TestTools.TestTypes.Unit.UnitTestAdapter, Microsoft.VisualStudio.QualityTools.Tips.UnitTest.Adapter, Version=10.0.0.0, Culture=neutral, PublicKeyToken=b03f5f7f11d50a3a" className="TestProject2.Z80Test, TestProject2, Version=1.0.0.0, Culture=neutral, PublicKeyToken=null" name="SRATest" />
    </UnitTest>
    <UnitTest name="DEC_rTest" storage="c:\users\samcruise\documents\visual studio 2010\projects\zxspectrum\testproject2\bin\debug\testproject2.dll" id="64f3a371-75dd-ff36-2172-a082a1bb01a7">
      <DeploymentItems>
        <DeploymentItem filename="EmuTest.exe" />
      </DeploymentItems>
      <Execution id="da86030c-2822-4704-b7e1-71dbe0f506f4" />
      <TestMethod codeBase="C:/Users/samcruise/documents/visual studio 2010/Projects/ZXSpectrum/TestProject2/bin/Debug/TestProject2.DLL" adapterTypeName="Microsoft.VisualStudio.TestTools.TestTypes.Unit.UnitTestAdapter, Microsoft.VisualStudio.QualityTools.Tips.UnitTest.Adapter, Version=10.0.0.0, Culture=neutral, PublicKeyToken=b03f5f7f11d50a3a" className="TestProject2.Z80Test, TestProject2, Version=1.0.0.0, Culture=neutral, PublicKeyToken=null" name="DEC_rTest" />
    </UnitTest>
    <UnitTest name="AND_rTest" storage="c:\users\samcruise\documents\visual studio 2010\projects\zxspectrum\testproject2\bin\debug\testproject2.dll" id="7769ab53-4bf0-a65b-8187-75daf24d1434">
      <DeploymentItems>
        <DeploymentItem filename="EmuTest.exe" />
      </DeploymentItems>
      <Execution id="7ba1f555-67a2-4c0a-9fe7-f50c7b9bc639" />
      <TestMethod codeBase="C:/Users/samcruise/documents/visual studio 2010/Projects/ZXSpectrum/TestProject2/bin/Debug/TestProject2.DLL" adapterTypeName="Microsoft.VisualStudio.TestTools.TestTypes.Unit.UnitTestAdapter, Microsoft.VisualStudio.QualityTools.Tips.UnitTest.Adapter, Version=10.0.0.0, Culture=neutral, PublicKeyToken=b03f5f7f11d50a3a" className="TestProject2.Z80Test, TestProject2, Version=1.0.0.0, Culture=neutral, PublicKeyToken=null" name="AND_rTest" />
    </UnitTest>
    <UnitTest name="CarryTest" storage="c:\users\samcruise\documents\visual studio 2010\projects\zxspectrum\testproject2\bin\debug\testproject2.dll" id="6ea371f5-9713-1500-34a7-78647e13da18">
      <DeploymentItems>
        <DeploymentItem filename="EmuTest.exe" />
      </DeploymentItems>
      <Execution id="66eb6dd4-402e-44b1-8cc6-76088cd4b682" />
      <TestMethod codeBase="C:/Users/samcruise/documents/visual studio 2010/Projects/ZXSpectrum/TestProject2/bin/Debug/TestProject2.DLL" adapterTypeName="Microsoft.VisualStudio.TestTools.TestTypes.Unit.UnitTestAdapter, Microsoft.VisualStudio.QualityTools.Tips.UnitTest.Adapter, Version=10.0.0.0, Culture=neutral, PublicKeyToken=b03f5f7f11d50a3a" className="TestProject2.Z80Test, TestProject2, Version=1.0.0.0, Culture=neutral, PublicKeyToken=null" name="CarryTest" />
    </UnitTest>
    <UnitTest name="INC_rTest" storage="c:\users\samcruise\documents\visual studio 2010\projects\zxspectrum\testproject2\bin\debug\testproject2.dll" id="d16ad0a6-d821-4cca-9aac-518623adb362">
      <DeploymentItems>
        <DeploymentItem filename="EmuTest.exe" />
      </DeploymentItems>
      <Execution id="a0c39c03-87f6-4084-80a5-65e2fc67ec2e" />
      <TestMethod codeBase="C:/Users/samcruise/documents/visual studio 2010/Projects/ZXSpectrum/TestProject2/bin/Debug/TestProject2.DLL" adapterTypeName="Microsoft.VisualStudio.TestTools.TestTypes.Unit.UnitTestAdapter, Microsoft.VisualStudio.QualityTools.Tips.UnitTest.Adapter, Version=10.0.0.0, Culture=neutral, PublicKeyToken=b03f5f7f11d50a3a" className="TestProject2.Z80Test, TestProject2, Version=1.0.0.0, Culture=neutral, PublicKeyToken=null" name="INC_rTest" />
    </UnitTest>
    <UnitTest name="BITTest" storage="c:\users\samcruise\documents\visual studio 2010\projects\zxspectrum\testproject2\bin\debug\testproject2.dll" id="7976e622-0553-0c71-cbd8-e8577be21b5d">
      <DeploymentItems>
        <DeploymentItem filename="EmuTest.exe" />
      </DeploymentItems>
      <Execution id="0bdeff54-100b-4ef6-bdb1-fe257f8de399" />
      <TestMethod codeBase="C:/Users/samcruise/documents/visual studio 2010/Projects/ZXSpectrum/TestProject2/bin/Debug/TestProject2.DLL" adapterTypeName="Microsoft.VisualStudio.TestTools.TestTypes.Unit.UnitTestAdapter, Microsoft.VisualStudio.QualityTools.Tips.UnitTest.Adapter, Version=10.0.0.0, Culture=neutral, PublicKeyToken=b03f5f7f11d50a3a" className="TestProject2.Z80Test, TestProject2, Version=1.0.0.0, Culture=neutral, PublicKeyToken=null" name="BITTest" />
    </UnitTest>
    <UnitTest name="LD_r_rTest" storage="c:\users\samcruise\documents\visual studio 2010\projects\zxspectrum\testproject2\bin\debug\testproject2.dll" id="4e29e539-acb7-4fe7-b58a-ad776d59b1bb">
      <DeploymentItems>
        <DeploymentItem filename="EmuTest.exe" />
      </DeploymentItems>
      <Execution id="b1205da5-81fe-4c91-851a-a205dd6eb8a0" />
      <TestMethod codeBase="C:/Users/samcruise/documents/visual studio 2010/Projects/ZXSpectrum/TestProject2/bin/Debug/TestProject2.DLL" adapterTypeName="Microsoft.VisualStudio.TestTools.TestTypes.Unit.UnitTestAdapter, Microsoft.VisualStudio.QualityTools.Tips.UnitTest.Adapter, Version=10.0.0.0, Culture=neutral, PublicKeyToken=b03f5f7f11d50a3a" className="TestProject2.Z80Test, TestProject2, Version=1.0.0.0, Culture=neutral, PublicKeyToken=null" name="LD_r_rTest" />
    </UnitTest>
    <UnitTest name="SBC_A_nTest" storage="c:\users\samcruise\documents\visual studio 2010\projects\zxspectrum\testproject2\bin\debug\testproject2.dll" id="f27d20d8-0856-98b6-055e-c7e96212608b">
      <DeploymentItems>
        <DeploymentItem filename="EmuTest.exe" />
      </DeploymentItems>
      <Execution id="47e4683c-c419-46d0-bb9b-75dd13a13b30" />
      <TestMethod codeBase="C:/Users/samcruise/documents/visual studio 2010/Projects/ZXSpectrum/TestProject2/bin/Debug/TestProject2.DLL" adapterTypeName="Microsoft.VisualStudio.TestTools.TestTypes.Unit.UnitTestAdapter, Microsoft.VisualStudio.QualityTools.Tips.UnitTest.Adapter, Version=10.0.0.0, Culture=neutral, PublicKeyToken=b03f5f7f11d50a3a" className="TestProject2.Z80Test, TestProject2, Version=1.0.0.0, Culture=neutral, PublicKeyToken=null" name="SBC_A_nTest" />
    </UnitTest>
    <UnitTest name="LD_A_RTest" storage="c:\users\samcruise\documents\visual studio 2010\projects\zxspectrum\testproject2\bin\debug\testproject2.dll" id="d6f365f5-4679-7038-6450-481adfa7d5c7">
      <DeploymentItems>
        <DeploymentItem filename="EmuTest.exe" />
      </DeploymentItems>
      <Execution id="f2c0e451-5360-4d09-a5ae-d93f436713fc" />
      <TestMethod codeBase="C:/Users/samcruise/documents/visual studio 2010/Projects/ZXSpectrum/TestProject2/bin/Debug/TestProject2.DLL" adapterTypeName="Microsoft.VisualStudio.TestTools.TestTypes.Unit.UnitTestAdapter, Microsoft.VisualStudio.QualityTools.Tips.UnitTest.Adapter, Version=10.0.0.0, Culture=neutral, PublicKeyToken=b03f5f7f11d50a3a" className="TestProject2.Z80Test, TestProject2, Version=1.0.0.0, Culture=neutral, PublicKeyToken=null" name="LD_A_RTest" />
    </UnitTest>
    <UnitTest name="IN_A_nTest" storage="c:\users\samcruise\documents\visual studio 2010\projects\zxspectrum\testproject2\bin\debug\testproject2.dll" id="cb76c32f-1004-2d6e-4048-b5467b53a179">
      <DeploymentItems>
        <DeploymentItem filename="EmuTest.exe" />
      </DeploymentItems>
      <Execution id="991daaf3-6b17-4df0-ad54-9fe265ad4a68" />
      <TestMethod codeBase="C:/Users/samcruise/documents/visual studio 2010/Projects/ZXSpectrum/TestProject2/bin/Debug/TestProject2.DLL" adapterTypeName="Microsoft.VisualStudio.TestTools.TestTypes.Unit.UnitTestAdapter, Microsoft.VisualStudio.QualityTools.Tips.UnitTest.Adapter, Version=10.0.0.0, Culture=neutral, PublicKeyToken=b03f5f7f11d50a3a" className="TestProject2.Z80Test, TestProject2, Version=1.0.0.0, Culture=neutral, PublicKeyToken=null" name="IN_A_nTest" />
    </UnitTest>
    <UnitTest name="RRTest" storage="c:\users\samcruise\documents\visual studio 2010\projects\zxspectrum\testproject2\bin\debug\testproject2.dll" id="c00d5263-9362-91d8-9786-3cf7ff9338c7">
      <DeploymentItems>
        <DeploymentItem filename="EmuTest.exe" />
      </DeploymentItems>
      <Execution id="c75c2b5c-be7f-4e65-849a-c15c3627f670" />
      <TestMethod codeBase="C:/Users/samcruise/documents/visual studio 2010/Projects/ZXSpectrum/TestProject2/bin/Debug/TestProject2.DLL" adapterTypeName="Microsoft.VisualStudio.TestTools.TestTypes.Unit.UnitTestAdapter, Microsoft.VisualStudio.QualityTools.Tips.UnitTest.Adapter, Version=10.0.0.0, Culture=neutral, PublicKeyToken=b03f5f7f11d50a3a" className="TestProject2.Z80Test, TestProject2, Version=1.0.0.0, Culture=neutral, PublicKeyToken=null" name="RRTest" />
    </UnitTest>
    <UnitTest name="SRLTest" storage="c:\users\samcruise\documents\visual studio 2010\projects\zxspectrum\testproject2\bin\debug\testproject2.dll" id="a281a993-54ac-242d-6e81-bd7ca5969d50">
      <DeploymentItems>
        <DeploymentItem filename="EmuTest.exe" />
      </DeploymentItems>
      <Execution id="82430796-ddbd-4f5c-b8d6-a81b698d7021" />
      <TestMethod codeBase="C:/Users/samcruise/documents/visual studio 2010/Projects/ZXSpectrum/TestProject2/bin/Debug/TestProject2.DLL" adapterTypeName="Microsoft.VisualStudio.TestTools.TestTypes.Unit.UnitTestAdapter, Microsoft.VisualStudio.QualityTools.Tips.UnitTest.Adapter, Version=10.0.0.0, Culture=neutral, PublicKeyToken=b03f5f7f11d50a3a" className="TestProject2.Z80Test, TestProject2, Version=1.0.0.0, Culture=neutral, PublicKeyToken=null" name="SRLTest" />
    </UnitTest>
    <UnitTest name="JRTest" storage="c:\users\samcruise\documents\visual studio 2010\projects\zxspectrum\testproject2\bin\debug\testproject2.dll" id="d987caa4-b236-d3ff-cce6-1360da40887d">
      <DeploymentItems>
        <DeploymentItem filename="EmuTest.exe" />
      </DeploymentItems>
      <Execution id="0025f933-ab8c-46a7-9d00-fcb11d830085" />
      <TestMethod codeBase="C:/Users/samcruise/documents/visual studio 2010/Projects/ZXSpectrum/TestProject2/bin/Debug/TestProject2.DLL" adapterTypeName="Microsoft.VisualStudio.TestTools.TestTypes.Unit.UnitTestAdapter, Microsoft.VisualStudio.QualityTools.Tips.UnitTest.Adapter, Version=10.0.0.0, Culture=neutral, PublicKeyToken=b03f5f7f11d50a3a" className="TestProject2.Z80Test, TestProject2, Version=1.0.0.0, Culture=neutral, PublicKeyToken=null" name="JRTest" />
    </UnitTest>
    <UnitTest name="RESTest" storage="c:\users\samcruise\documents\visual studio 2010\projects\zxspectrum\testproject2\bin\debug\testproject2.dll" id="ec8889aa-5c28-4621-dc4c-a1bae4f864b3">
      <DeploymentItems>
        <DeploymentItem filename="EmuTest.exe" />
      </DeploymentItems>
      <Execution id="37f16199-4a2e-4f90-a648-abbbb833a579" />
      <TestMethod codeBase="C:/Users/samcruise/documents/visual studio 2010/Projects/ZXSpectrum/TestProject2/bin/Debug/TestProject2.DLL" adapterTypeName="Microsoft.VisualStudio.TestTools.TestTypes.Unit.UnitTestAdapter, Microsoft.VisualStudio.QualityTools.Tips.UnitTest.Adapter, Version=10.0.0.0, Culture=neutral, PublicKeyToken=b03f5f7f11d50a3a" className="TestProject2.Z80Test, TestProject2, Version=1.0.0.0, Culture=neutral, PublicKeyToken=null" name="RESTest" />
    </UnitTest>
    <UnitTest name="OR_nTest" storage="c:\users\samcruise\documents\visual studio 2010\projects\zxspectrum\testproject2\bin\debug\testproject2.dll" id="ef38ddd6-7755-2790-0e1b-b39d5b54c463">
      <DeploymentItems>
        <DeploymentItem filename="EmuTest.exe" />
      </DeploymentItems>
      <Execution id="79d01de4-3425-4a79-91a6-d261c9956182" />
      <TestMethod codeBase="C:/Users/samcruise/documents/visual studio 2010/Projects/ZXSpectrum/TestProject2/bin/Debug/TestProject2.DLL" adapterTypeName="Microsoft.VisualStudio.TestTools.TestTypes.Unit.UnitTestAdapter, Microsoft.VisualStudio.QualityTools.Tips.UnitTest.Adapter, Version=10.0.0.0, Culture=neutral, PublicKeyToken=b03f5f7f11d50a3a" className="TestProject2.Z80Test, TestProject2, Version=1.0.0.0, Culture=neutral, PublicKeyToken=null" name="OR_nTest" />
    </UnitTest>
    <UnitTest name="RLCTest" storage="c:\users\samcruise\documents\visual studio 2010\projects\zxspectrum\testproject2\bin\debug\testproject2.dll" id="5b87d4fd-91a2-2ead-ea51-310966889653">
      <DeploymentItems>
        <DeploymentItem filename="EmuTest.exe" />
      </DeploymentItems>
      <Execution id="94a4d5dd-2445-4487-846d-ee7ffff5d4af" />
      <TestMethod codeBase="C:/Users/samcruise/documents/visual studio 2010/Projects/ZXSpectrum/TestProject2/bin/Debug/TestProject2.DLL" adapterTypeName="Microsoft.VisualStudio.TestTools.TestTypes.Unit.UnitTestAdapter, Microsoft.VisualStudio.QualityTools.Tips.UnitTest.Adapter, Version=10.0.0.0, Culture=neutral, PublicKeyToken=b03f5f7f11d50a3a" className="TestProject2.Z80Test, TestProject2, Version=1.0.0.0, Culture=neutral, PublicKeyToken=null" name="RLCTest" />
    </UnitTest>
    <UnitTest name="AND_nTest" storage="c:\users\samcruise\documents\visual studio 2010\projects\zxspectrum\testproject2\bin\debug\testproject2.dll" id="9f6c528b-5fee-7f40-d59f-122c6aa17338">
      <DeploymentItems>
        <DeploymentItem filename="EmuTest.exe" />
      </DeploymentItems>
      <Execution id="a6374414-0811-4849-b2cb-9a1c9bb5ae6f" />
      <TestMethod codeBase="C:/Users/samcruise/documents/visual studio 2010/Projects/ZXSpectrum/TestProject2/bin/Debug/TestProject2.DLL" adapterTypeName="Microsoft.VisualStudio.TestTools.TestTypes.Unit.UnitTestAdapter, Microsoft.VisualStudio.QualityTools.Tips.UnitTest.Adapter, Version=10.0.0.0, Culture=neutral, PublicKeyToken=b03f5f7f11d50a3a" className="TestProject2.Z80Test, TestProject2, Version=1.0.0.0, Culture=neutral, PublicKeyToken=null" name="AND_nTest" />
    </UnitTest>
    <UnitTest name="RRCATest" storage="c:\users\samcruise\documents\visual studio 2010\projects\zxspectrum\testproject2\bin\debug\testproject2.dll" id="947b96e5-70b2-89ca-d911-83455c83ccaf">
      <DeploymentItems>
        <DeploymentItem filename="EmuTest.exe" />
      </DeploymentItems>
      <Execution id="7f4bc955-5c6c-4f7d-8a78-ae5762b00cfd" />
      <TestMethod codeBase="C:/Users/samcruise/documents/visual studio 2010/Projects/ZXSpectrum/TestProject2/bin/Debug/TestProject2.DLL" adapterTypeName="Microsoft.VisualStudio.TestTools.TestTypes.Unit.UnitTestAdapter, Microsoft.VisualStudio.QualityTools.Tips.UnitTest.Adapter, Version=10.0.0.0, Culture=neutral, PublicKeyToken=b03f5f7f11d50a3a" className="TestProject2.Z80Test, TestProject2, Version=1.0.0.0, Culture=neutral, PublicKeyToken=null" name="RRCATest" />
    </UnitTest>
    <UnitTest name="POP_qqTest" storage="c:\users\samcruise\documents\visual studio 2010\projects\zxspectrum\testproject2\bin\debug\testproject2.dll" id="1fa28479-68b5-6739-9382-2a843d130358">
      <DeploymentItems>
        <DeploymentItem filename="EmuTest.exe" />
      </DeploymentItems>
      <Execution id="e5dc8753-4e17-4430-aa7c-a0281cb485f7" />
      <TestMethod codeBase="C:/Users/samcruise/documents/visual studio 2010/Projects/ZXSpectrum/TestProject2/bin/Debug/TestProject2.DLL" adapterTypeName="Microsoft.VisualStudio.TestTools.TestTypes.Unit.UnitTestAdapter, Microsoft.VisualStudio.QualityTools.Tips.UnitTest.Adapter, Version=10.0.0.0, Culture=neutral, PublicKeyToken=b03f5f7f11d50a3a" className="TestProject2.Z80Test, TestProject2, Version=1.0.0.0, Culture=neutral, PublicKeyToken=null" name="POP_qqTest" />
    </UnitTest>
    <UnitTest name="EX_SP_HLTest" storage="c:\users\samcruise\documents\visual studio 2010\projects\zxspectrum\testproject2\bin\debug\testproject2.dll" id="5ffd0124-37d8-11bf-fa8d-5062ee6afc91">
      <DeploymentItems>
        <DeploymentItem filename="EmuTest.exe" />
      </DeploymentItems>
      <Execution id="6d1454e2-2fcd-4699-befe-96dcf21160dd" />
      <TestMethod codeBase="C:/Users/samcruise/documents/visual studio 2010/Projects/ZXSpectrum/TestProject2/bin/Debug/TestProject2.DLL" adapterTypeName="Microsoft.VisualStudio.TestTools.TestTypes.Unit.UnitTestAdapter, Microsoft.VisualStudio.QualityTools.Tips.UnitTest.Adapter, Version=10.0.0.0, Culture=neutral, PublicKeyToken=b03f5f7f11d50a3a" className="TestProject2.Z80Test, TestProject2, Version=1.0.0.0, Culture=neutral, PublicKeyToken=null" name="EX_SP_HLTest" />
    </UnitTest>
    <UnitTest name="LD_A_nnTest" storage="c:\users\samcruise\documents\visual studio 2010\projects\zxspectrum\testproject2\bin\debug\testproject2.dll" id="3910ea2e-3d0e-baae-5cb5-ee5255a7ee35">
      <DeploymentItems>
        <DeploymentItem filename="EmuTest.exe" />
      </DeploymentItems>
      <Execution id="d58fe542-c091-4767-92e6-ac9247110591" />
      <TestMethod codeBase="C:/Users/samcruise/documents/visual studio 2010/Projects/ZXSpectrum/TestProject2/bin/Debug/TestProject2.DLL" adapterTypeName="Microsoft.VisualStudio.TestTools.TestTypes.Unit.UnitTestAdapter, Microsoft.VisualStudio.QualityTools.Tips.UnitTest.Adapter, Version=10.0.0.0, Culture=neutral, PublicKeyToken=b03f5f7f11d50a3a" className="TestProject2.Z80Test, TestProject2, Version=1.0.0.0, Culture=neutral, PublicKeyToken=null" name="LD_A_nnTest" />
    </UnitTest>
    <UnitTest name="XOR_nTest" storage="c:\users\samcruise\documents\visual studio 2010\projects\zxspectrum\testproject2\bin\debug\testproject2.dll" id="2d6e4e36-5fe1-42c4-5c13-c7a8f483806d">
      <DeploymentItems>
        <DeploymentItem filename="EmuTest.exe" />
      </DeploymentItems>
      <Execution id="fa16a3e2-b167-4485-b08f-e254f090a32e" />
      <TestMethod codeBase="C:/Users/samcruise/documents/visual studio 2010/Projects/ZXSpectrum/TestProject2/bin/Debug/TestProject2.DLL" adapterTypeName="Microsoft.VisualStudio.TestTools.TestTypes.Unit.UnitTestAdapter, Microsoft.VisualStudio.QualityTools.Tips.UnitTest.Adapter, Version=10.0.0.0, Culture=neutral, PublicKeyToken=b03f5f7f11d50a3a" className="TestProject2.Z80Test, TestProject2, Version=1.0.0.0, Culture=neutral, PublicKeyToken=null" name="XOR_nTest" />
    </UnitTest>
    <UnitTest name="DNJZTest" storage="c:\users\samcruise\documents\visual studio 2010\projects\zxspectrum\testproject2\bin\debug\testproject2.dll" id="a5b3e069-d5dc-aae1-dab1-7ba2da7e0884">
      <DeploymentItems>
        <DeploymentItem filename="EmuTest.exe" />
      </DeploymentItems>
      <Execution id="af261279-a958-4b14-94cd-cd3c0a19ece3" />
      <TestMethod codeBase="C:/Users/samcruise/documents/visual studio 2010/Projects/ZXSpectrum/TestProject2/bin/Debug/TestProject2.DLL" adapterTypeName="Microsoft.VisualStudio.TestTools.TestTypes.Unit.UnitTestAdapter, Microsoft.VisualStudio.QualityTools.Tips.UnitTest.Adapter, Version=10.0.0.0, Culture=neutral, PublicKeyToken=b03f5f7f11d50a3a" className="TestProject2.Z80Test, TestProject2, Version=1.0.0.0, Culture=neutral, PublicKeyToken=null" name="DNJZTest" />
    </UnitTest>
    <UnitTest name="OUT_n_ATest" storage="c:\users\samcruise\documents\visual studio 2010\projects\zxspectrum\testproject2\bin\debug\testproject2.dll" id="ec3dceb2-7476-60e7-45c6-cb4ca611c1fd">
      <DeploymentItems>
        <DeploymentItem filename="EmuTest.exe" />
      </DeploymentItems>
      <Execution id="e015d6b1-92a7-4156-b931-fa45fa517fe1" />
      <TestMethod codeBase="C:/Users/samcruise/documents/visual studio 2010/Projects/ZXSpectrum/TestProject2/bin/Debug/TestProject2.DLL" adapterTypeName="Microsoft.VisualStudio.TestTools.TestTypes.Unit.UnitTestAdapter, Microsoft.VisualStudio.QualityTools.Tips.UnitTest.Adapter, Version=10.0.0.0, Culture=neutral, PublicKeyToken=b03f5f7f11d50a3a" className="TestProject2.Z80Test, TestProject2, Version=1.0.0.0, Culture=neutral, PublicKeyToken=null" name="OUT_n_ATest" />
    </UnitTest>
    <UnitTest name="NEGTest" storage="c:\users\samcruise\documents\visual studio 2010\projects\zxspectrum\testproject2\bin\debug\testproject2.dll" id="efeb0611-e5d6-72cb-f153-edd9546c4863">
      <DeploymentItems>
        <DeploymentItem filename="EmuTest.exe" />
      </DeploymentItems>
      <Execution id="f56fc278-2cea-4ad6-8923-376f6535d2a8" />
      <TestMethod codeBase="C:/Users/samcruise/documents/visual studio 2010/Projects/ZXSpectrum/TestProject2/bin/Debug/TestProject2.DLL" adapterTypeName="Microsoft.VisualStudio.TestTools.TestTypes.Unit.UnitTestAdapter, Microsoft.VisualStudio.QualityTools.Tips.UnitTest.Adapter, Version=10.0.0.0, Culture=neutral, PublicKeyToken=b03f5f7f11d50a3a" className="TestProject2.Z80Test, TestProject2, Version=1.0.0.0, Culture=neutral, PublicKeyToken=null" name="NEGTest" />
    </UnitTest>
    <UnitTest name="LD_A_DETest" storage="c:\users\samcruise\documents\visual studio 2010\projects\zxspectrum\testproject2\bin\debug\testproject2.dll" id="dedf675d-4710-3439-30c1-2b6f394221dd">
      <DeploymentItems>
        <DeploymentItem filename="EmuTest.exe" />
      </DeploymentItems>
      <Execution id="1455bfbc-c563-489d-a603-461626594b6e" />
      <TestMethod codeBase="C:/Users/samcruise/documents/visual studio 2010/Projects/ZXSpectrum/TestProject2/bin/Debug/TestProject2.DLL" adapterTypeName="Microsoft.VisualStudio.TestTools.TestTypes.Unit.UnitTestAdapter, Microsoft.VisualStudio.QualityTools.Tips.UnitTest.Adapter, Version=10.0.0.0, Culture=neutral, PublicKeyToken=b03f5f7f11d50a3a" className="TestProject2.Z80Test, TestProject2, Version=1.0.0.0, Culture=neutral, PublicKeyToken=null" name="LD_A_DETest" />
    </UnitTest>
    <UnitTest name="INIRTest" storage="c:\users\samcruise\documents\visual studio 2010\projects\zxspectrum\testproject2\bin\debug\testproject2.dll" id="accb7fb6-557d-89fd-8c02-43ad3120a4e4">
      <DeploymentItems>
        <DeploymentItem filename="EmuTest.exe" />
      </DeploymentItems>
      <Execution id="5af59735-c5b4-4beb-87fd-6a8f59463ddb" />
      <TestMethod codeBase="C:/Users/samcruise/documents/visual studio 2010/Projects/ZXSpectrum/TestProject2/bin/Debug/TestProject2.DLL" adapterTypeName="Microsoft.VisualStudio.TestTools.TestTypes.Unit.UnitTestAdapter, Microsoft.VisualStudio.QualityTools.Tips.UnitTest.Adapter, Version=10.0.0.0, Culture=neutral, PublicKeyToken=b03f5f7f11d50a3a" className="TestProject2.Z80Test, TestProject2, Version=1.0.0.0, Culture=neutral, PublicKeyToken=null" name="INIRTest" />
    </UnitTest>
    <UnitTest name="SBC_A_rTest" storage="c:\users\samcruise\documents\visual studio 2010\projects\zxspectrum\testproject2\bin\debug\testproject2.dll" id="3c62e18b-0679-84be-4297-06f24bddccec">
      <DeploymentItems>
        <DeploymentItem filename="EmuTest.exe" />
      </DeploymentItems>
      <Execution id="f5029cf9-7115-4e94-b222-c0c618672687" />
      <TestMethod codeBase="C:/Users/samcruise/documents/visual studio 2010/Projects/ZXSpectrum/TestProject2/bin/Debug/TestProject2.DLL" adapterTypeName="Microsoft.VisualStudio.TestTools.TestTypes.Unit.UnitTestAdapter, Microsoft.VisualStudio.QualityTools.Tips.UnitTest.Adapter, Version=10.0.0.0, Culture=neutral, PublicKeyToken=b03f5f7f11d50a3a" className="TestProject2.Z80Test, TestProject2, Version=1.0.0.0, Culture=neutral, PublicKeyToken=null" name="SBC_A_rTest" />
    </UnitTest>
    <UnitTest name="SBC_HLTest" storage="c:\users\samcruise\documents\visual studio 2010\projects\zxspectrum\testproject2\bin\debug\testproject2.dll" id="395f2e6e-8b8a-dab4-6961-5d67ff30ad80">
      <DeploymentItems>
        <DeploymentItem filename="EmuTest.exe" />
      </DeploymentItems>
      <Execution id="f5d8fbc6-a7d0-43b6-bbae-a7b957bfa436" />
      <TestMethod codeBase="C:/Users/samcruise/documents/visual studio 2010/Projects/ZXSpectrum/TestProject2/bin/Debug/TestProject2.DLL" adapterTypeName="Microsoft.VisualStudio.TestTools.TestTypes.Unit.UnitTestAdapter, Microsoft.VisualStudio.QualityTools.Tips.UnitTest.Adapter, Version=10.0.0.0, Culture=neutral, PublicKeyToken=b03f5f7f11d50a3a" className="TestProject2.Z80Test, TestProject2, Version=1.0.0.0, Culture=neutral, PublicKeyToken=null" name="SBC_HLTest" />
    </UnitTest>
    <UnitTest name="CPDRTest" storage="c:\users\samcruise\documents\visual studio 2010\projects\zxspectrum\testproject2\bin\debug\testproject2.dll" id="225c05c4-9748-a7c6-e24e-08b5a00f73ff">
      <DeploymentItems>
        <DeploymentItem filename="EmuTest.exe" />
      </DeploymentItems>
      <Execution id="9ba25431-bf6f-42cf-b8af-55c0616b9ff4" />
      <TestMethod codeBase="C:/Users/samcruise/documents/visual studio 2010/Projects/ZXSpectrum/TestProject2/bin/Debug/TestProject2.DLL" adapterTypeName="Microsoft.VisualStudio.TestTools.TestTypes.Unit.UnitTestAdapter, Microsoft.VisualStudio.QualityTools.Tips.UnitTest.Adapter, Version=10.0.0.0, Culture=neutral, PublicKeyToken=b03f5f7f11d50a3a" className="TestProject2.Z80Test, TestProject2, Version=1.0.0.0, Culture=neutral, PublicKeyToken=null" name="CPDRTest" />
    </UnitTest>
    <UnitTest name="SLLTest" storage="c:\users\samcruise\documents\visual studio 2010\projects\zxspectrum\testproject2\bin\debug\testproject2.dll" id="3f3d6718-39ff-7fa1-2efb-6ac794445b3b">
      <DeploymentItems>
        <DeploymentItem filename="EmuTest.exe" />
      </DeploymentItems>
      <Execution id="68acd751-4b3e-48ce-9262-0c3b4f39eff1" />
      <TestMethod codeBase="C:/Users/samcruise/documents/visual studio 2010/Projects/ZXSpectrum/TestProject2/bin/Debug/TestProject2.DLL" adapterTypeName="Microsoft.VisualStudio.TestTools.TestTypes.Unit.UnitTestAdapter, Microsoft.VisualStudio.QualityTools.Tips.UnitTest.Adapter, Version=10.0.0.0, Culture=neutral, PublicKeyToken=b03f5f7f11d50a3a" className="TestProject2.Z80Test, TestProject2, Version=1.0.0.0, Culture=neutral, PublicKeyToken=null" name="SLLTest" />
    </UnitTest>
    <UnitTest name="INC_ssTest" storage="c:\users\samcruise\documents\visual studio 2010\projects\zxspectrum\testproject2\bin\debug\testproject2.dll" id="d80f292a-b4c2-4be9-b82a-b5573e9be6f2">
      <DeploymentItems>
        <DeploymentItem filename="EmuTest.exe" />
      </DeploymentItems>
      <Execution id="0485399c-37b7-46f8-8047-8c1a4c9bbe97" />
      <TestMethod codeBase="C:/Users/samcruise/documents/visual studio 2010/Projects/ZXSpectrum/TestProject2/bin/Debug/TestProject2.DLL" adapterTypeName="Microsoft.VisualStudio.TestTools.TestTypes.Unit.UnitTestAdapter, Microsoft.VisualStudio.QualityTools.Tips.UnitTest.Adapter, Version=10.0.0.0, Culture=neutral, PublicKeyToken=b03f5f7f11d50a3a" className="TestProject2.Z80Test, TestProject2, Version=1.0.0.0, Culture=neutral, PublicKeyToken=null" name="INC_ssTest" />
    </UnitTest>
    <UnitTest name="JP_nnTest" storage="c:\users\samcruise\documents\visual studio 2010\projects\zxspectrum\testproject2\bin\debug\testproject2.dll" id="3cdbe969-b2db-38d4-00ab-7c7380efb3ba">
      <DeploymentItems>
        <DeploymentItem filename="EmuTest.exe" />
      </DeploymentItems>
      <Execution id="9c6ae672-f22f-4dfd-9a7d-c9725e788ece" />
      <TestMethod codeBase="C:/Users/samcruise/documents/visual studio 2010/Projects/ZXSpectrum/TestProject2/bin/Debug/TestProject2.DLL" adapterTypeName="Microsoft.VisualStudio.TestTools.TestTypes.Unit.UnitTestAdapter, Microsoft.VisualStudio.QualityTools.Tips.UnitTest.Adapter, Version=10.0.0.0, Culture=neutral, PublicKeyToken=b03f5f7f11d50a3a" className="TestProject2.Z80Test, TestProject2, Version=1.0.0.0, Culture=neutral, PublicKeyToken=null" name="JP_nnTest" />
    </UnitTest>
    <UnitTest name="RRATest" storage="c:\users\samcruise\documents\visual studio 2010\projects\zxspectrum\testproject2\bin\debug\testproject2.dll" id="2fe7eb0b-f938-cdd3-52dd-f930c2ebb2b1">
      <DeploymentItems>
        <DeploymentItem filename="EmuTest.exe" />
      </DeploymentItems>
      <Execution id="043b0e43-6d65-4f25-8f7b-68718ce0cf0d" />
      <TestMethod codeBase="C:/Users/samcruise/documents/visual studio 2010/Projects/ZXSpectrum/TestProject2/bin/Debug/TestProject2.DLL" adapterTypeName="Microsoft.VisualStudio.TestTools.TestTypes.Unit.UnitTestAdapter, Microsoft.VisualStudio.QualityTools.Tips.UnitTest.Adapter, Version=10.0.0.0, Culture=neutral, PublicKeyToken=b03f5f7f11d50a3a" className="TestProject2.Z80Test, TestProject2, Version=1.0.0.0, Culture=neutral, PublicKeyToken=null" name="RRATest" />
    </UnitTest>
    <UnitTest name="LDDTest" storage="c:\users\samcruise\documents\visual studio 2010\projects\zxspectrum\testproject2\bin\debug\testproject2.dll" id="2725660c-204c-cdd3-cc38-c8cb0969f291">
      <DeploymentItems>
        <DeploymentItem filename="EmuTest.exe" />
      </DeploymentItems>
      <Execution id="e3f9fb41-3176-44b6-9523-791204df22d1" />
      <TestMethod codeBase="C:/Users/samcruise/documents/visual studio 2010/Projects/ZXSpectrum/TestProject2/bin/Debug/TestProject2.DLL" adapterTypeName="Microsoft.VisualStudio.TestTools.TestTypes.Unit.UnitTestAdapter, Microsoft.VisualStudio.QualityTools.Tips.UnitTest.Adapter, Version=10.0.0.0, Culture=neutral, PublicKeyToken=b03f5f7f11d50a3a" className="TestProject2.Z80Test, TestProject2, Version=1.0.0.0, Culture=neutral, PublicKeyToken=null" name="LDDTest" />
    </UnitTest>
    <UnitTest name="EXXTest" storage="c:\users\samcruise\documents\visual studio 2010\projects\zxspectrum\testproject2\bin\debug\testproject2.dll" id="4362f3ce-6bef-c806-ed6a-f9a0e3284ef0">
      <DeploymentItems>
        <DeploymentItem filename="EmuTest.exe" />
      </DeploymentItems>
      <Execution id="fdd6132a-7312-4c51-ad93-38f9f08deebb" />
      <TestMethod codeBase="C:/Users/samcruise/documents/visual studio 2010/Projects/ZXSpectrum/TestProject2/bin/Debug/TestProject2.DLL" adapterTypeName="Microsoft.VisualStudio.TestTools.TestTypes.Unit.UnitTestAdapter, Microsoft.VisualStudio.QualityTools.Tips.UnitTest.Adapter, Version=10.0.0.0, Culture=neutral, PublicKeyToken=b03f5f7f11d50a3a" className="TestProject2.Z80Test, TestProject2, Version=1.0.0.0, Culture=neutral, PublicKeyToken=null" name="EXXTest" />
    </UnitTest>
    <UnitTest name="INDTest" storage="c:\users\samcruise\documents\visual studio 2010\projects\zxspectrum\testproject2\bin\debug\testproject2.dll" id="aece9089-8fd9-3739-7b3a-72bcdb4cb138">
      <DeploymentItems>
        <DeploymentItem filename="EmuTest.exe" />
      </DeploymentItems>
      <Execution id="46d03a92-aa49-457e-ae88-068415237773" />
      <TestMethod codeBase="C:/Users/samcruise/documents/visual studio 2010/Projects/ZXSpectrum/TestProject2/bin/Debug/TestProject2.DLL" adapterTypeName="Microsoft.VisualStudio.TestTools.TestTypes.Unit.UnitTestAdapter, Microsoft.VisualStudio.QualityTools.Tips.UnitTest.Adapter, Version=10.0.0.0, Culture=neutral, PublicKeyToken=b03f5f7f11d50a3a" className="TestProject2.Z80Test, TestProject2, Version=1.0.0.0, Culture=neutral, PublicKeyToken=null" name="INDTest" />
    </UnitTest>
    <UnitTest name="Arithmetic8BitTest" storage="c:\users\samcruise\documents\visual studio 2010\projects\zxspectrum\testproject2\bin\debug\testproject2.dll" id="fa282fd8-ace3-314b-bdaa-b68c035c8013">
      <DeploymentItems>
        <DeploymentItem filename="EmuTest.exe" />
      </DeploymentItems>
      <Execution id="f8438e7f-f920-4432-b983-0091bdcf7638" />
      <TestMethod codeBase="C:/Users/samcruise/documents/visual studio 2010/Projects/ZXSpectrum/TestProject2/bin/Debug/TestProject2.DLL" adapterTypeName="Microsoft.VisualStudio.TestTools.TestTypes.Unit.UnitTestAdapter, Microsoft.VisualStudio.QualityTools.Tips.UnitTest.Adapter, Version=10.0.0.0, Culture=neutral, PublicKeyToken=b03f5f7f11d50a3a" className="TestProject2.Z80Test, TestProject2, Version=1.0.0.0, Culture=neutral, PublicKeyToken=null" name="Arithmetic8BitTest" />
    </UnitTest>
    <UnitTest name="OTDRTest" storage="c:\users\samcruise\documents\visual studio 2010\projects\zxspectrum\testproject2\bin\debug\testproject2.dll" id="6582c566-3514-80d9-5e8b-746b8c877c02">
      <DeploymentItems>
        <DeploymentItem filename="EmuTest.exe" />
      </DeploymentItems>
      <Execution id="910a85ff-44e7-41f7-ac7a-6daf82e8c68f" />
      <TestMethod codeBase="C:/Users/samcruise/documents/visual studio 2010/Projects/ZXSpectrum/TestProject2/bin/Debug/TestProject2.DLL" adapterTypeName="Microsoft.VisualStudio.TestTools.TestTypes.Unit.UnitTestAdapter, Microsoft.VisualStudio.QualityTools.Tips.UnitTest.Adapter, Version=10.0.0.0, Culture=neutral, PublicKeyToken=b03f5f7f11d50a3a" className="TestProject2.Z80Test, TestProject2, Version=1.0.0.0, Culture=neutral, PublicKeyToken=null" name="OTDRTest" />
    </UnitTest>
    <UnitTest name="EX_AF_AF2Test" storage="c:\users\samcruise\documents\visual studio 2010\projects\zxspectrum\testproject2\bin\debug\testproject2.dll" id="a99ddd4b-7030-4db6-9934-7cc5773a9396">
      <DeploymentItems>
        <DeploymentItem filename="EmuTest.exe" />
      </DeploymentItems>
      <Execution id="0dcfbc53-cb3a-4158-8a96-0f3220381fb5" />
      <TestMethod codeBase="C:/Users/samcruise/documents/visual studio 2010/Projects/ZXSpectrum/TestProject2/bin/Debug/TestProject2.DLL" adapterTypeName="Microsoft.VisualStudio.TestTools.TestTypes.Unit.UnitTestAdapter, Microsoft.VisualStudio.QualityTools.Tips.UnitTest.Adapter, Version=10.0.0.0, Culture=neutral, PublicKeyToken=b03f5f7f11d50a3a" className="TestProject2.Z80Test, TestProject2, Version=1.0.0.0, Culture=neutral, PublicKeyToken=null" name="EX_AF_AF2Test" />
    </UnitTest>
    <UnitTest name="DEC_ssTest" storage="c:\users\samcruise\documents\visual studio 2010\projects\zxspectrum\testproject2\bin\debug\testproject2.dll" id="d40644e9-e5a2-7e4e-64e2-b6d9ec18d899">
      <DeploymentItems>
        <DeploymentItem filename="EmuTest.exe" />
      </DeploymentItems>
      <Execution id="3644895f-f26f-485f-9f86-f0347321f7d5" />
      <TestMethod codeBase="C:/Users/samcruise/documents/visual studio 2010/Projects/ZXSpectrum/TestProject2/bin/Debug/TestProject2.DLL" adapterTypeName="Microsoft.VisualStudio.TestTools.TestTypes.Unit.UnitTestAdapter, Microsoft.VisualStudio.QualityTools.Tips.UnitTest.Adapter, Version=10.0.0.0, Culture=neutral, PublicKeyToken=b03f5f7f11d50a3a" className="TestProject2.Z80Test, TestProject2, Version=1.0.0.0, Culture=neutral, PublicKeyToken=null" name="DEC_ssTest" />
    </UnitTest>
    <UnitTest name="EX_DE_HLTest" storage="c:\users\samcruise\documents\visual studio 2010\projects\zxspectrum\testproject2\bin\debug\testproject2.dll" id="c6073ad2-1dfd-1823-7f61-0e4d779c6b0f">
      <DeploymentItems>
        <DeploymentItem filename="EmuTest.exe" />
      </DeploymentItems>
      <Execution id="2c5b548b-f7f1-4056-b225-82b9c048e7e7" />
      <TestMethod codeBase="C:/Users/samcruise/documents/visual studio 2010/Projects/ZXSpectrum/TestProject2/bin/Debug/TestProject2.DLL" adapterTypeName="Microsoft.VisualStudio.TestTools.TestTypes.Unit.UnitTestAdapter, Microsoft.VisualStudio.QualityTools.Tips.UnitTest.Adapter, Version=10.0.0.0, Culture=neutral, PublicKeyToken=b03f5f7f11d50a3a" className="TestProject2.Z80Test, TestProject2, Version=1.0.0.0, Culture=neutral, PublicKeyToken=null" name="EX_DE_HLTest" />
    </UnitTest>
    <UnitTest name="ADC_A_nTest" storage="c:\users\samcruise\documents\visual studio 2010\projects\zxspectrum\testproject2\bin\debug\testproject2.dll" id="a4ae135f-c523-9f9f-d27b-4db4e5509e94">
      <DeploymentItems>
        <DeploymentItem filename="EmuTest.exe" />
      </DeploymentItems>
      <Execution id="a61d22b3-c2ab-4be3-b77b-747a3389668f" />
      <TestMethod codeBase="C:/Users/samcruise/documents/visual studio 2010/Projects/ZXSpectrum/TestProject2/bin/Debug/TestProject2.DLL" adapterTypeName="Microsoft.VisualStudio.TestTools.TestTypes.Unit.UnitTestAdapter, Microsoft.VisualStudio.QualityTools.Tips.UnitTest.Adapter, Version=10.0.0.0, Culture=neutral, PublicKeyToken=b03f5f7f11d50a3a" className="TestProject2.Z80Test, TestProject2, Version=1.0.0.0, Culture=neutral, PublicKeyToken=null" name="ADC_A_nTest" />
    </UnitTest>
    <UnitTest name="RETITest" storage="c:\users\samcruise\documents\visual studio 2010\projects\zxspectrum\testproject2\bin\debug\testproject2.dll" id="1a78406e-fc9c-f400-96bf-e6409042a51b">
      <DeploymentItems>
        <DeploymentItem filename="EmuTest.exe" />
      </DeploymentItems>
      <Execution id="f7d36d7a-64c7-47fd-ba8f-1dc6c684e9a7" />
      <TestMethod codeBase="C:/Users/samcruise/documents/visual studio 2010/Projects/ZXSpectrum/TestProject2/bin/Debug/TestProject2.DLL" adapterTypeName="Microsoft.VisualStudio.TestTools.TestTypes.Unit.UnitTestAdapter, Microsoft.VisualStudio.QualityTools.Tips.UnitTest.Adapter, Version=10.0.0.0, Culture=neutral, PublicKeyToken=b03f5f7f11d50a3a" className="TestProject2.Z80Test, TestProject2, Version=1.0.0.0, Culture=neutral, PublicKeyToken=null" name="RETITest" />
    </UnitTest>
    <UnitTest name="LDIRTest" storage="c:\users\samcruise\documents\visual studio 2010\projects\zxspectrum\testproject2\bin\debug\testproject2.dll" id="c6014464-c5a6-fa24-8780-9b58004c3f58">
      <DeploymentItems>
        <DeploymentItem filename="EmuTest.exe" />
      </DeploymentItems>
      <Execution id="3f99c73c-702f-4bbc-98e2-b10a21a2f9d1" />
      <TestMethod codeBase="C:/Users/samcruise/documents/visual studio 2010/Projects/ZXSpectrum/TestProject2/bin/Debug/TestProject2.DLL" adapterTypeName="Microsoft.VisualStudio.TestTools.TestTypes.Unit.UnitTestAdapter, Microsoft.VisualStudio.QualityTools.Tips.UnitTest.Adapter, Version=10.0.0.0, Culture=neutral, PublicKeyToken=b03f5f7f11d50a3a" className="TestProject2.Z80Test, TestProject2, Version=1.0.0.0, Culture=neutral, PublicKeyToken=null" name="LDIRTest" />
    </UnitTest>
    <UnitTest name="EITest" storage="c:\users\samcruise\documents\visual studio 2010\projects\zxspectrum\testproject2\bin\debug\testproject2.dll" id="cbf56f62-df39-1b79-4acc-e7326d9dc27c">
      <DeploymentItems>
        <DeploymentItem filename="EmuTest.exe" />
      </DeploymentItems>
      <Execution id="e12fadb6-c45f-493f-a967-8372afcd9ae1" />
      <TestMethod codeBase="C:/Users/samcruise/documents/visual studio 2010/Projects/ZXSpectrum/TestProject2/bin/Debug/TestProject2.DLL" adapterTypeName="Microsoft.VisualStudio.TestTools.TestTypes.Unit.UnitTestAdapter, Microsoft.VisualStudio.QualityTools.Tips.UnitTest.Adapter, Version=10.0.0.0, Culture=neutral, PublicKeyToken=b03f5f7f11d50a3a" className="TestProject2.Z80Test, TestProject2, Version=1.0.0.0, Culture=neutral, PublicKeyToken=null" name="EITest" />
    </UnitTest>
    <UnitTest name="CP_nTest" storage="c:\users\samcruise\documents\visual studio 2010\projects\zxspectrum\testproject2\bin\debug\testproject2.dll" id="f418ccbd-868f-1cb5-4064-c312acb76e89">
      <DeploymentItems>
        <DeploymentItem filename="EmuTest.exe" />
      </DeploymentItems>
      <Execution id="f0e3d039-8c03-426d-a647-7b73a892f822" />
      <TestMethod codeBase="C:/Users/samcruise/documents/visual studio 2010/Projects/ZXSpectrum/TestProject2/bin/Debug/TestProject2.DLL" adapterTypeName="Microsoft.VisualStudio.TestTools.TestTypes.Unit.UnitTestAdapter, Microsoft.VisualStudio.QualityTools.Tips.UnitTest.Adapter, Version=10.0.0.0, Culture=neutral, PublicKeyToken=b03f5f7f11d50a3a" className="TestProject2.Z80Test, TestProject2, Version=1.0.0.0, Culture=neutral, PublicKeyToken=null" name="CP_nTest" />
    </UnitTest>
    <UnitTest name="RRCTest" storage="c:\users\samcruise\documents\visual studio 2010\projects\zxspectrum\testproject2\bin\debug\testproject2.dll" id="4bbbd8b9-6ef7-b020-fb32-ef276dcf5e16">
      <DeploymentItems>
        <DeploymentItem filename="EmuTest.exe" />
      </DeploymentItems>
      <Execution id="da294e19-aea8-41e9-8855-f7f9306b83c9" />
      <TestMethod codeBase="C:/Users/samcruise/documents/visual studio 2010/Projects/ZXSpectrum/TestProject2/bin/Debug/TestProject2.DLL" adapterTypeName="Microsoft.VisualStudio.TestTools.TestTypes.Unit.UnitTestAdapter, Microsoft.VisualStudio.QualityTools.Tips.UnitTest.Adapter, Version=10.0.0.0, Culture=neutral, PublicKeyToken=b03f5f7f11d50a3a" className="TestProject2.Z80Test, TestProject2, Version=1.0.0.0, Culture=neutral, PublicKeyToken=null" name="RRCTest" />
    </UnitTest>
    <UnitTest name="CPDTest" storage="c:\users\samcruise\documents\visual studio 2010\projects\zxspectrum\testproject2\bin\debug\testproject2.dll" id="4618a85c-6917-6864-cac1-68e9f062489d">
      <DeploymentItems>
        <DeploymentItem filename="EmuTest.exe" />
      </DeploymentItems>
      <Execution id="7db4d543-17c0-4f31-914a-37ac4e92bd9f" />
      <TestMethod codeBase="C:/Users/samcruise/documents/visual studio 2010/Projects/ZXSpectrum/TestProject2/bin/Debug/TestProject2.DLL" adapterTypeName="Microsoft.VisualStudio.TestTools.TestTypes.Unit.UnitTestAdapter, Microsoft.VisualStudio.QualityTools.Tips.UnitTest.Adapter, Version=10.0.0.0, Culture=neutral, PublicKeyToken=b03f5f7f11d50a3a" className="TestProject2.Z80Test, TestProject2, Version=1.0.0.0, Culture=neutral, PublicKeyToken=null" name="CPDTest" />
    </UnitTest>
    <UnitTest name="StackTest" storage="c:\users\samcruise\documents\visual studio 2010\projects\zxspectrum\testproject2\bin\debug\testproject2.dll" id="942a0380-d590-7e7a-6851-2cdf34dc5ff1">
      <DeploymentItems>
        <DeploymentItem filename="EmuTest.exe" />
      </DeploymentItems>
      <Execution id="11c4d341-02d8-4018-959a-a290baac0a27" />
      <TestMethod codeBase="C:/Users/samcruise/documents/visual studio 2010/Projects/ZXSpectrum/TestProject2/bin/Debug/TestProject2.DLL" adapterTypeName="Microsoft.VisualStudio.TestTools.TestTypes.Unit.UnitTestAdapter, Microsoft.VisualStudio.QualityTools.Tips.UnitTest.Adapter, Version=10.0.0.0, Culture=neutral, PublicKeyToken=b03f5f7f11d50a3a" className="TestProject2.Z80Test, TestProject2, Version=1.0.0.0, Culture=neutral, PublicKeyToken=null" name="StackTest" />
    </UnitTest>
    <UnitTest name="SLATest" storage="c:\users\samcruise\documents\visual studio 2010\projects\zxspectrum\testproject2\bin\debug\testproject2.dll" id="fd05f8bb-7e5b-6c74-7d40-9b6b3ce48014">
      <DeploymentItems>
        <DeploymentItem filename="EmuTest.exe" />
      </DeploymentItems>
      <Execution id="cdfdddc4-6282-4f96-81c0-42fe602ce801" />
      <TestMethod codeBase="C:/Users/samcruise/documents/visual studio 2010/Projects/ZXSpectrum/TestProject2/bin/Debug/TestProject2.DLL" adapterTypeName="Microsoft.VisualStudio.TestTools.TestTypes.Unit.UnitTestAdapter, Microsoft.VisualStudio.QualityTools.Tips.UnitTest.Adapter, Version=10.0.0.0, Culture=neutral, PublicKeyToken=b03f5f7f11d50a3a" className="TestProject2.Z80Test, TestProject2, Version=1.0.0.0, Culture=neutral, PublicKeyToken=null" name="SLATest" />
    </UnitTest>
    <UnitTest name="SCFTest" storage="c:\users\samcruise\documents\visual studio 2010\projects\zxspectrum\testproject2\bin\debug\testproject2.dll" id="95637e7c-0e69-a183-b60b-a7b697c7d16d">
      <DeploymentItems>
        <DeploymentItem filename="EmuTest.exe" />
      </DeploymentItems>
      <Execution id="417f941f-d01d-41ed-8b77-d5a7fe1a72e1" />
      <TestMethod codeBase="C:/Users/samcruise/documents/visual studio 2010/Projects/ZXSpectrum/TestProject2/bin/Debug/TestProject2.DLL" adapterTypeName="Microsoft.VisualStudio.TestTools.TestTypes.Unit.UnitTestAdapter, Microsoft.VisualStudio.QualityTools.Tips.UnitTest.Adapter, Version=10.0.0.0, Culture=neutral, PublicKeyToken=b03f5f7f11d50a3a" className="TestProject2.Z80Test, TestProject2, Version=1.0.0.0, Culture=neutral, PublicKeyToken=null" name="SCFTest" />
    </UnitTest>
    <UnitTest name="LD_A_BCTest" storage="c:\users\samcruise\documents\visual studio 2010\projects\zxspectrum\testproject2\bin\debug\testproject2.dll" id="1098bc54-92c2-3c91-e91e-8afcd496d21e">
      <DeploymentItems>
        <DeploymentItem filename="EmuTest.exe" />
      </DeploymentItems>
      <Execution id="bd7dac1b-abac-43c0-ac75-d5031a88df80" />
      <TestMethod codeBase="C:/Users/samcruise/documents/visual studio 2010/Projects/ZXSpectrum/TestProject2/bin/Debug/TestProject2.DLL" adapterTypeName="Microsoft.VisualStudio.TestTools.TestTypes.Unit.UnitTestAdapter, Microsoft.VisualStudio.QualityTools.Tips.UnitTest.Adapter, Version=10.0.0.0, Culture=neutral, PublicKeyToken=b03f5f7f11d50a3a" className="TestProject2.Z80Test, TestProject2, Version=1.0.0.0, Culture=neutral, PublicKeyToken=null" name="LD_A_BCTest" />
    </UnitTest>
    <UnitTest name="JP_HLTest" storage="c:\users\samcruise\documents\visual studio 2010\projects\zxspectrum\testproject2\bin\debug\testproject2.dll" id="644506c2-c887-ef59-e127-65e89db16cbc">
      <DeploymentItems>
        <DeploymentItem filename="EmuTest.exe" />
      </DeploymentItems>
      <Execution id="0bfa6ed7-e6d6-42ae-a18d-fcfe90260506" />
      <TestMethod codeBase="C:/Users/samcruise/documents/visual studio 2010/Projects/ZXSpectrum/TestProject2/bin/Debug/TestProject2.DLL" adapterTypeName="Microsoft.VisualStudio.TestTools.TestTypes.Unit.UnitTestAdapter, Microsoft.VisualStudio.QualityTools.Tips.UnitTest.Adapter, Version=10.0.0.0, Culture=neutral, PublicKeyToken=b03f5f7f11d50a3a" className="TestProject2.Z80Test, TestProject2, Version=1.0.0.0, Culture=neutral, PublicKeyToken=null" name="JP_HLTest" />
    </UnitTest>
    <UnitTest name="LD_A_ITest" storage="c:\users\samcruise\documents\visual studio 2010\projects\zxspectrum\testproject2\bin\debug\testproject2.dll" id="77ea9ad2-e5e0-4a61-f03a-bc81b141b08e">
      <DeploymentItems>
        <DeploymentItem filename="EmuTest.exe" />
      </DeploymentItems>
      <Execution id="1a7212f6-002f-41f6-88ed-561629f64434" />
      <TestMethod codeBase="C:/Users/samcruise/documents/visual studio 2010/Projects/ZXSpectrum/TestProject2/bin/Debug/TestProject2.DLL" adapterTypeName="Microsoft.VisualStudio.TestTools.TestTypes.Unit.UnitTestAdapter, Microsoft.VisualStudio.QualityTools.Tips.UnitTest.Adapter, Version=10.0.0.0, Culture=neutral, PublicKeyToken=b03f5f7f11d50a3a" className="TestProject2.Z80Test, TestProject2, Version=1.0.0.0, Culture=neutral, PublicKeyToken=null" name="LD_A_ITest" />
    </UnitTest>
    <UnitTest name="LD_BC_ATest" storage="c:\users\samcruise\documents\visual studio 2010\projects\zxspectrum\testproject2\bin\debug\testproject2.dll" id="82c0cf7c-d6a8-c070-d23c-58c9b55e047a">
      <DeploymentItems>
        <DeploymentItem filename="EmuTest.exe" />
      </DeploymentItems>
      <Execution id="f69e657b-6046-4bd3-9ca4-44e497adaf24" />
      <TestMethod codeBase="C:/Users/samcruise/documents/visual studio 2010/Projects/ZXSpectrum/TestProject2/bin/Debug/TestProject2.DLL" adapterTypeName="Microsoft.VisualStudio.TestTools.TestTypes.Unit.UnitTestAdapter, Microsoft.VisualStudio.QualityTools.Tips.UnitTest.Adapter, Version=10.0.0.0, Culture=neutral, PublicKeyToken=b03f5f7f11d50a3a" className="TestProject2.Z80Test, TestProject2, Version=1.0.0.0, Culture=neutral, PublicKeyToken=null" name="LD_BC_ATest" />
    </UnitTest>
    <UnitTest name="RETTest" storage="c:\users\samcruise\documents\visual studio 2010\projects\zxspectrum\testproject2\bin\debug\testproject2.dll" id="fbc81c52-7315-1e7c-4d04-ddf848c918c9">
      <DeploymentItems>
        <DeploymentItem filename="EmuTest.exe" />
      </DeploymentItems>
      <Execution id="ad93b530-c471-4225-8a1c-4b57be13cd3e" />
      <TestMethod codeBase="C:/Users/samcruise/documents/visual studio 2010/Projects/ZXSpectrum/TestProject2/bin/Debug/TestProject2.DLL" adapterTypeName="Microsoft.VisualStudio.TestTools.TestTypes.Unit.UnitTestAdapter, Microsoft.VisualStudio.QualityTools.Tips.UnitTest.Adapter, Version=10.0.0.0, Culture=neutral, PublicKeyToken=b03f5f7f11d50a3a" className="TestProject2.Z80Test, TestProject2, Version=1.0.0.0, Culture=neutral, PublicKeyToken=null" name="RETTest" />
    </UnitTest>
    <UnitTest name="ADC_A_rTest" storage="c:\users\samcruise\documents\visual studio 2010\projects\zxspectrum\testproject2\bin\debug\testproject2.dll" id="7fa090f1-d9a9-3de8-1087-2d0b0717201b">
      <DeploymentItems>
        <DeploymentItem filename="EmuTest.exe" />
      </DeploymentItems>
      <Execution id="2a3fa7c1-52c1-4771-9733-c416d5d78aab" />
      <TestMethod codeBase="C:/Users/samcruise/documents/visual studio 2010/Projects/ZXSpectrum/TestProject2/bin/Debug/TestProject2.DLL" adapterTypeName="Microsoft.VisualStudio.TestTools.TestTypes.Unit.UnitTestAdapter, Microsoft.VisualStudio.QualityTools.Tips.UnitTest.Adapter, Version=10.0.0.0, Culture=neutral, PublicKeyToken=b03f5f7f11d50a3a" className="TestProject2.Z80Test, TestProject2, Version=1.0.0.0, Culture=neutral, PublicKeyToken=null" name="ADC_A_rTest" />
    </UnitTest>
    <UnitTest name="RLDTest" storage="c:\users\samcruise\documents\visual studio 2010\projects\zxspectrum\testproject2\bin\debug\testproject2.dll" id="0804b260-48c2-c53d-e9c8-4cb6d080560a">
      <DeploymentItems>
        <DeploymentItem filename="EmuTest.exe" />
      </DeploymentItems>
      <Execution id="981ff8ed-972b-4181-8851-ecf56af0f653" />
      <TestMethod codeBase="C:/Users/samcruise/documents/visual studio 2010/Projects/ZXSpectrum/TestProject2/bin/Debug/TestProject2.DLL" adapterTypeName="Microsoft.VisualStudio.TestTools.TestTypes.Unit.UnitTestAdapter, Microsoft.VisualStudio.QualityTools.Tips.UnitTest.Adapter, Version=10.0.0.0, Culture=neutral, PublicKeyToken=b03f5f7f11d50a3a" className="TestProject2.Z80Test, TestProject2, Version=1.0.0.0, Culture=neutral, PublicKeyToken=null" name="RLDTest" />
    </UnitTest>
    <UnitTest name="RRDTest" storage="c:\users\samcruise\documents\visual studio 2010\projects\zxspectrum\testproject2\bin\debug\testproject2.dll" id="90d80866-ad2b-eaca-8eb7-479ef25dc5d4">
      <DeploymentItems>
        <DeploymentItem filename="EmuTest.exe" />
      </DeploymentItems>
      <Execution id="e842f33e-046b-43bf-9d78-3bbbcee1e8de" />
      <TestMethod codeBase="C:/Users/samcruise/documents/visual studio 2010/Projects/ZXSpectrum/TestProject2/bin/Debug/TestProject2.DLL" adapterTypeName="Microsoft.VisualStudio.TestTools.TestTypes.Unit.UnitTestAdapter, Microsoft.VisualStudio.QualityTools.Tips.UnitTest.Adapter, Version=10.0.0.0, Culture=neutral, PublicKeyToken=b03f5f7f11d50a3a" className="TestProject2.Z80Test, TestProject2, Version=1.0.0.0, Culture=neutral, PublicKeyToken=null" name="RRDTest" />
    </UnitTest>
    <UnitTest name="IN_r_CTest" storage="c:\users\samcruise\documents\visual studio 2010\projects\zxspectrum\testproject2\bin\debug\testproject2.dll" id="6af126f8-3922-fbad-35b8-bf549d275e90">
      <DeploymentItems>
        <DeploymentItem filename="EmuTest.exe" />
      </DeploymentItems>
      <Execution id="6571a430-30be-4f2a-8152-3a9585c1932e" />
      <TestMethod codeBase="C:/Users/samcruise/documents/visual studio 2010/Projects/ZXSpectrum/TestProject2/bin/Debug/TestProject2.DLL" adapterTypeName="Microsoft.VisualStudio.TestTools.TestTypes.Unit.UnitTestAdapter, Microsoft.VisualStudio.QualityTools.Tips.UnitTest.Adapter, Version=10.0.0.0, Culture=neutral, PublicKeyToken=b03f5f7f11d50a3a" className="TestProject2.Z80Test, TestProject2, Version=1.0.0.0, Culture=neutral, PublicKeyToken=null" name="IN_r_CTest" />
    </UnitTest>
    <UnitTest name="ADD_HL_ssTest" storage="c:\users\samcruise\documents\visual studio 2010\projects\zxspectrum\testproject2\bin\debug\testproject2.dll" id="77c6ab54-7ca3-396b-513b-a14bf6be574c">
      <DeploymentItems>
        <DeploymentItem filename="EmuTest.exe" />
      </DeploymentItems>
      <Execution id="59d7a65b-cf45-4454-b3ad-14c8689868c5" />
      <TestMethod codeBase="C:/Users/samcruise/documents/visual studio 2010/Projects/ZXSpectrum/TestProject2/bin/Debug/TestProject2.DLL" adapterTypeName="Microsoft.VisualStudio.TestTools.TestTypes.Unit.UnitTestAdapter, Microsoft.VisualStudio.QualityTools.Tips.UnitTest.Adapter, Version=10.0.0.0, Culture=neutral, PublicKeyToken=b03f5f7f11d50a3a" className="TestProject2.Z80Test, TestProject2, Version=1.0.0.0, Culture=neutral, PublicKeyToken=null" name="ADD_HL_ssTest" />
    </UnitTest>
    <UnitTest name="CALL_cc_nnTest" storage="c:\users\samcruise\documents\visual studio 2010\projects\zxspectrum\testproject2\bin\debug\testproject2.dll" id="320aa1ed-8916-5804-9751-99d2b2fcbc6a">
      <DeploymentItems>
        <DeploymentItem filename="EmuTest.exe" />
      </DeploymentItems>
      <Execution id="7172f135-8e66-4bd8-95e9-afdc0c4b996f" />
      <TestMethod codeBase="C:/Users/samcruise/documents/visual studio 2010/Projects/ZXSpectrum/TestProject2/bin/Debug/TestProject2.DLL" adapterTypeName="Microsoft.VisualStudio.TestTools.TestTypes.Unit.UnitTestAdapter, Microsoft.VisualStudio.QualityTools.Tips.UnitTest.Adapter, Version=10.0.0.0, Culture=neutral, PublicKeyToken=b03f5f7f11d50a3a" className="TestProject2.Z80Test, TestProject2, Version=1.0.0.0, Culture=neutral, PublicKeyToken=null" name="CALL_cc_nnTest" />
    </UnitTest>
    <UnitTest name="LD_I_ATest" storage="c:\users\samcruise\documents\visual studio 2010\projects\zxspectrum\testproject2\bin\debug\testproject2.dll" id="8419ae4f-e0d9-7a9f-7f37-e3a84733904b">
      <DeploymentItems>
        <DeploymentItem filename="EmuTest.exe" />
      </DeploymentItems>
      <Execution id="2233b6b6-d4ae-47a7-8565-94623f35775e" />
      <TestMethod codeBase="C:/Users/samcruise/documents/visual studio 2010/Projects/ZXSpectrum/TestProject2/bin/Debug/TestProject2.DLL" adapterTypeName="Microsoft.VisualStudio.TestTools.TestTypes.Unit.UnitTestAdapter, Microsoft.VisualStudio.QualityTools.Tips.UnitTest.Adapter, Version=10.0.0.0, Culture=neutral, PublicKeyToken=b03f5f7f11d50a3a" className="TestProject2.Z80Test, TestProject2, Version=1.0.0.0, Culture=neutral, PublicKeyToken=null" name="LD_I_ATest" />
    </UnitTest>
    <UnitTest name="DITest" storage="c:\users\samcruise\documents\visual studio 2010\projects\zxspectrum\testproject2\bin\debug\testproject2.dll" id="e92b5c19-a5d8-72ee-80c0-df041dccc0be">
      <DeploymentItems>
        <DeploymentItem filename="EmuTest.exe" />
      </DeploymentItems>
      <Execution id="19dcead8-40e8-47c9-8c80-770299e1227a" />
      <TestMethod codeBase="C:/Users/samcruise/documents/visual studio 2010/Projects/ZXSpectrum/TestProject2/bin/Debug/TestProject2.DLL" adapterTypeName="Microsoft.VisualStudio.TestTools.TestTypes.Unit.UnitTestAdapter, Microsoft.VisualStudio.QualityTools.Tips.UnitTest.Adapter, Version=10.0.0.0, Culture=neutral, PublicKeyToken=b03f5f7f11d50a3a" className="TestProject2.Z80Test, TestProject2, Version=1.0.0.0, Culture=neutral, PublicKeyToken=null" name="DITest" />
    </UnitTest>
    <UnitTest name="CPLTest" storage="c:\users\samcruise\documents\visual studio 2010\projects\zxspectrum\testproject2\bin\debug\testproject2.dll" id="f8babc50-25ce-9eb4-fa02-2679067db866">
      <DeploymentItems>
        <DeploymentItem filename="EmuTest.exe" />
      </DeploymentItems>
      <Execution id="f4e84096-3ca0-4dae-bd6e-6e86f5ee3266" />
      <TestMethod codeBase="C:/Users/samcruise/documents/visual studio 2010/Projects/ZXSpectrum/TestProject2/bin/Debug/TestProject2.DLL" adapterTypeName="Microsoft.VisualStudio.TestTools.TestTypes.Unit.UnitTestAdapter, Microsoft.VisualStudio.QualityTools.Tips.UnitTest.Adapter, Version=10.0.0.0, Culture=neutral, PublicKeyToken=b03f5f7f11d50a3a" className="TestProject2.Z80Test, TestProject2, Version=1.0.0.0, Culture=neutral, PublicKeyToken=null" name="CPLTest" />
    </UnitTest>
    <UnitTest name="CPIRTest" storage="c:\users\samcruise\documents\visual studio 2010\projects\zxspectrum\testproject2\bin\debug\testproject2.dll" id="1a60954a-838a-08ce-4a89-0464a13b3a93">
      <DeploymentItems>
        <DeploymentItem filename="EmuTest.exe" />
      </DeploymentItems>
      <Execution id="43fde2c2-ae97-429a-b984-84a863b6c930" />
      <TestMethod codeBase="C:/Users/samcruise/documents/visual studio 2010/Projects/ZXSpectrum/TestProject2/bin/Debug/TestProject2.DLL" adapterTypeName="Microsoft.VisualStudio.TestTools.TestTypes.Unit.UnitTestAdapter, Microsoft.VisualStudio.QualityTools.Tips.UnitTest.Adapter, Version=10.0.0.0, Culture=neutral, PublicKeyToken=b03f5f7f11d50a3a" className="TestProject2.Z80Test, TestProject2, Version=1.0.0.0, Culture=neutral, PublicKeyToken=null" name="CPIRTest" />
    </UnitTest>
    <UnitTest name="RSTTest" storage="c:\users\samcruise\documents\visual studio 2010\projects\zxspectrum\testproject2\bin\debug\testproject2.dll" id="ea7626fe-75bd-bf00-5a86-b04022167316">
      <DeploymentItems>
        <DeploymentItem filename="EmuTest.exe" />
      </DeploymentItems>
      <Execution id="717e5229-29d7-46e0-82b9-1ea96018c855" />
      <TestMethod codeBase="C:/Users/samcruise/documents/visual studio 2010/Projects/ZXSpectrum/TestProject2/bin/Debug/TestProject2.DLL" adapterTypeName="Microsoft.VisualStudio.TestTools.TestTypes.Unit.UnitTestAdapter, Microsoft.VisualStudio.QualityTools.Tips.UnitTest.Adapter, Version=10.0.0.0, Culture=neutral, PublicKeyToken=b03f5f7f11d50a3a" className="TestProject2.Z80Test, TestProject2, Version=1.0.0.0, Culture=neutral, PublicKeyToken=null" name="RSTTest" />
    </UnitTest>
    <UnitTest name="CCFTest" storage="c:\users\samcruise\documents\visual studio 2010\projects\zxspectrum\testproject2\bin\debug\testproject2.dll" id="da8af087-df0c-8562-0b18-6cdda3360a1f">
      <DeploymentItems>
        <DeploymentItem filename="EmuTest.exe" />
      </DeploymentItems>
      <Execution id="21ec5ee2-5688-4fac-8f41-c1cae350fb50" />
      <TestMethod codeBase="C:/Users/samcruise/documents/visual studio 2010/Projects/ZXSpectrum/TestProject2/bin/Debug/TestProject2.DLL" adapterTypeName="Microsoft.VisualStudio.TestTools.TestTypes.Unit.UnitTestAdapter, Microsoft.VisualStudio.QualityTools.Tips.UnitTest.Adapter, Version=10.0.0.0, Culture=neutral, PublicKeyToken=b03f5f7f11d50a3a" className="TestProject2.Z80Test, TestProject2, Version=1.0.0.0, Culture=neutral, PublicKeyToken=null" name="CCFTest" />
    </UnitTest>
    <UnitTest name="LD_r_nTest" storage="c:\users\samcruise\documents\visual studio 2010\projects\zxspectrum\testproject2\bin\debug\testproject2.dll" id="4ca40fc0-23e6-fedb-25b7-f0ba20aa5cc5">
      <DeploymentItems>
        <DeploymentItem filename="EmuTest.exe" />
      </DeploymentItems>
      <Execution id="d6d56e6b-73fe-4562-b90c-5d78fbf56484" />
      <TestMethod codeBase="C:/Users/samcruise/documents/visual studio 2010/Projects/ZXSpectrum/TestProject2/bin/Debug/TestProject2.DLL" adapterTypeName="Microsoft.VisualStudio.TestTools.TestTypes.Unit.UnitTestAdapter, Microsoft.VisualStudio.QualityTools.Tips.UnitTest.Adapter, Version=10.0.0.0, Culture=neutral, PublicKeyToken=b03f5f7f11d50a3a" className="TestProject2.Z80Test, TestProject2, Version=1.0.0.0, Culture=neutral, PublicKeyToken=null" name="LD_r_nTest" />
    </UnitTest>
    <UnitTest name="FUSETests" storage="c:\users\samcruise\documents\visual studio 2010\projects\zxspectrum\testproject2\bin\debug\testproject2.dll" id="06cdd2b0-2e57-8d8b-04bb-80519a9fcc34">
      <DeploymentItems>
        <DeploymentItem filename="EmuTest.exe" />
      </DeploymentItems>
      <Execution id="dfced660-6a7e-48ed-8e5f-9d92cc494b7a" />
      <TestMethod codeBase="C:/Users/samcruise/documents/visual studio 2010/Projects/ZXSpectrum/TestProject2/bin/Debug/TestProject2.DLL" adapterTypeName="Microsoft.VisualStudio.TestTools.TestTypes.Unit.UnitTestAdapter, Microsoft.VisualStudio.QualityTools.Tips.UnitTest.Adapter, Version=10.0.0.0, Culture=neutral, PublicKeyToken=b03f5f7f11d50a3a" className="TestProject2.Z80Test, TestProject2, Version=1.0.0.0, Culture=neutral, PublicKeyToken=null" name="FUSETests" />
    </UnitTest>
    <UnitTest name="HALTTest" storage="c:\users\samcruise\documents\visual studio 2010\projects\zxspectrum\testproject2\bin\debug\testproject2.dll" id="cc8e988e-fc66-7582-921e-6f44ee2d4fb1">
      <DeploymentItems>
        <DeploymentItem filename="EmuTest.exe" />
      </DeploymentItems>
      <Execution id="37c51d2b-f5ca-430b-a667-01da6dbd57c5" />
      <TestMethod codeBase="C:/Users/samcruise/documents/visual studio 2010/Projects/ZXSpectrum/TestProject2/bin/Debug/TestProject2.DLL" adapterTypeName="Microsoft.VisualStudio.TestTools.TestTypes.Unit.UnitTestAdapter, Microsoft.VisualStudio.QualityTools.Tips.UnitTest.Adapter, Version=10.0.0.0, Culture=neutral, PublicKeyToken=b03f5f7f11d50a3a" className="TestProject2.Z80Test, TestProject2, Version=1.0.0.0, Culture=neutral, PublicKeyToken=null" name="HALTTest" />
    </UnitTest>
    <UnitTest name="INITest" storage="c:\users\samcruise\documents\visual studio 2010\projects\zxspectrum\testproject2\bin\debug\testproject2.dll" id="663717dd-e6fb-6ae6-4ed1-26415e1cd665">
      <DeploymentItems>
        <DeploymentItem filename="EmuTest.exe" />
      </DeploymentItems>
      <Execution id="cdf16b1a-663f-4834-9640-f418cc78ee64" />
      <TestMethod codeBase="C:/Users/samcruise/documents/visual studio 2010/Projects/ZXSpectrum/TestProject2/bin/Debug/TestProject2.DLL" adapterTypeName="Microsoft.VisualStudio.TestTools.TestTypes.Unit.UnitTestAdapter, Microsoft.VisualStudio.QualityTools.Tips.UnitTest.Adapter, Version=10.0.0.0, Culture=neutral, PublicKeyToken=b03f5f7f11d50a3a" className="TestProject2.Z80Test, TestProject2, Version=1.0.0.0, Culture=neutral, PublicKeyToken=null" name="INITest" />
    </UnitTest>
    <UnitTest name="JimmyTest" storage="c:\users\samcruise\documents\visual studio 2010\projects\zxspectrum\testproject2\bin\debug\testproject2.dll" id="068cdc8e-c9bd-de02-b833-b329ffaf1fd2">
      <DeploymentItems>
        <DeploymentItem filename="EmuTest.exe" />
      </DeploymentItems>
      <Execution id="50cae755-a7ae-46f0-8488-e72b82be441b" />
      <TestMethod codeBase="C:/Users/samcruise/documents/visual studio 2010/Projects/ZXSpectrum/TestProject2/bin/Debug/TestProject2.DLL" adapterTypeName="Microsoft.VisualStudio.TestTools.TestTypes.Unit.UnitTestAdapter, Microsoft.VisualStudio.QualityTools.Tips.UnitTest.Adapter, Version=10.0.0.0, Culture=neutral, PublicKeyToken=b03f5f7f11d50a3a" className="TestProject2.Z80Test, TestProject2, Version=1.0.0.0, Culture=neutral, PublicKeyToken=null" name="JimmyTest" />
    </UnitTest>
  </TestDefinitions>
  <TestLists>
    <TestList name="Results Not in a List" id="8c84fa94-04c1-424b-9868-57a2d4851a1d" />
    <TestList name="All Loaded Results" id="19431567-8539-422a-85d7-44ee4e166bda" />
  </TestLists>
  <TestEntries>
    <TestEntry testId="fbc81c52-7315-1e7c-4d04-ddf848c918c9" executionId="ad93b530-c471-4225-8a1c-4b57be13cd3e" testListId="8c84fa94-04c1-424b-9868-57a2d4851a1d" />
    <TestEntry testId="1a78406e-fc9c-f400-96bf-e6409042a51b" executionId="f7d36d7a-64c7-47fd-ba8f-1dc6c684e9a7" testListId="8c84fa94-04c1-424b-9868-57a2d4851a1d" />
    <TestEntry testId="7a3748d0-d7ac-0d6f-14be-1f126ae99321" executionId="71f6e994-73ec-4dcc-9cac-c2e115a8f953" testListId="8c84fa94-04c1-424b-9868-57a2d4851a1d" />
    <TestEntry testId="3a2e5b08-4e06-5e86-1556-043e5a55d63f" executionId="bfdc8950-dd76-489a-91d8-392f810af55a" testListId="8c84fa94-04c1-424b-9868-57a2d4851a1d" />
    <TestEntry testId="8d11f4ff-16dc-c6dd-67b2-df83947219f7" executionId="509731a6-f1a8-42e4-a590-e6ebadb7991d" testListId="8c84fa94-04c1-424b-9868-57a2d4851a1d" />
    <TestEntry testId="4a4a0e75-24b0-83d9-8bf1-cffe9a6c30c7" executionId="f30866fb-4931-4494-86d8-8b4db2a184b2" testListId="8c84fa94-04c1-424b-9868-57a2d4851a1d" />
    <TestEntry testId="5b87d4fd-91a2-2ead-ea51-310966889653" executionId="94a4d5dd-2445-4487-846d-ee7ffff5d4af" testListId="8c84fa94-04c1-424b-9868-57a2d4851a1d" />
    <TestEntry testId="eb8ea76d-8f52-861c-adb1-87727b91e8dc" executionId="8376fa6a-86d3-4239-895d-9ce5aa9f3d2f" testListId="8c84fa94-04c1-424b-9868-57a2d4851a1d" />
    <TestEntry testId="0804b260-48c2-c53d-e9c8-4cb6d080560a" executionId="981ff8ed-972b-4181-8851-ecf56af0f653" testListId="8c84fa94-04c1-424b-9868-57a2d4851a1d" />
    <TestEntry testId="c00d5263-9362-91d8-9786-3cf7ff9338c7" executionId="c75c2b5c-be7f-4e65-849a-c15c3627f670" testListId="8c84fa94-04c1-424b-9868-57a2d4851a1d" />
    <TestEntry testId="2fe7eb0b-f938-cdd3-52dd-f930c2ebb2b1" executionId="043b0e43-6d65-4f25-8f7b-68718ce0cf0d" testListId="8c84fa94-04c1-424b-9868-57a2d4851a1d" />
    <TestEntry testId="4bbbd8b9-6ef7-b020-fb32-ef276dcf5e16" executionId="da294e19-aea8-41e9-8855-f7f9306b83c9" testListId="8c84fa94-04c1-424b-9868-57a2d4851a1d" />
    <TestEntry testId="947b96e5-70b2-89ca-d911-83455c83ccaf" executionId="7f4bc955-5c6c-4f7d-8a78-ae5762b00cfd" testListId="8c84fa94-04c1-424b-9868-57a2d4851a1d" />
    <TestEntry testId="90d80866-ad2b-eaca-8eb7-479ef25dc5d4" executionId="e842f33e-046b-43bf-9d78-3bbbcee1e8de" testListId="8c84fa94-04c1-424b-9868-57a2d4851a1d" />
    <TestEntry testId="ea7626fe-75bd-bf00-5a86-b04022167316" executionId="717e5229-29d7-46e0-82b9-1ea96018c855" testListId="8c84fa94-04c1-424b-9868-57a2d4851a1d" />
    <TestEntry testId="f27d20d8-0856-98b6-055e-c7e96212608b" executionId="47e4683c-c419-46d0-bb9b-75dd13a13b30" testListId="8c84fa94-04c1-424b-9868-57a2d4851a1d" />
    <TestEntry testId="3c62e18b-0679-84be-4297-06f24bddccec" executionId="f5029cf9-7115-4e94-b222-c0c618672687" testListId="8c84fa94-04c1-424b-9868-57a2d4851a1d" />
    <TestEntry testId="395f2e6e-8b8a-dab4-6961-5d67ff30ad80" executionId="f5d8fbc6-a7d0-43b6-bbae-a7b957bfa436" testListId="8c84fa94-04c1-424b-9868-57a2d4851a1d" />
    <TestEntry testId="95637e7c-0e69-a183-b60b-a7b697c7d16d" executionId="417f941f-d01d-41ed-8b77-d5a7fe1a72e1" testListId="8c84fa94-04c1-424b-9868-57a2d4851a1d" />
    <TestEntry testId="9577c4f7-7003-b9c5-163a-7c5efd62ae51" executionId="f378ac46-6ac1-44ef-a525-ee092963724e" testListId="8c84fa94-04c1-424b-9868-57a2d4851a1d" />
    <TestEntry testId="fd05f8bb-7e5b-6c74-7d40-9b6b3ce48014" executionId="cdfdddc4-6282-4f96-81c0-42fe602ce801" testListId="8c84fa94-04c1-424b-9868-57a2d4851a1d" />
    <TestEntry testId="3f3d6718-39ff-7fa1-2efb-6ac794445b3b" executionId="68acd751-4b3e-48ce-9262-0c3b4f39eff1" testListId="8c84fa94-04c1-424b-9868-57a2d4851a1d" />
    <TestEntry testId="d576b2e9-18ab-4c39-22d6-660b702088a3" executionId="27341510-b3ee-46c8-a19e-b3cec52b0b82" testListId="8c84fa94-04c1-424b-9868-57a2d4851a1d" />
    <TestEntry testId="a281a993-54ac-242d-6e81-bd7ca5969d50" executionId="82430796-ddbd-4f5c-b8d6-a81b698d7021" testListId="8c84fa94-04c1-424b-9868-57a2d4851a1d" />
    <TestEntry testId="46c0ea6c-7511-1a43-1027-23d83e8af062" executionId="1032cab5-1e5c-47ce-8512-3a8327c554a4" testListId="8c84fa94-04c1-424b-9868-57a2d4851a1d" />
    <TestEntry testId="55171caa-19dd-2ede-1df5-fba7324e3535" executionId="2c5228f4-cfc7-4cb8-8b41-45263163adb4" testListId="8c84fa94-04c1-424b-9868-57a2d4851a1d" />
    <TestEntry testId="2d6e4e36-5fe1-42c4-5c13-c7a8f483806d" executionId="fa16a3e2-b167-4485-b08f-e254f090a32e" testListId="8c84fa94-04c1-424b-9868-57a2d4851a1d" />
    <TestEntry testId="436605de-6d1c-4402-615f-0938ced05851" executionId="48cdfebd-44b4-47e2-9ea6-67c8899ae23f" testListId="8c84fa94-04c1-424b-9868-57a2d4851a1d" />
    <TestEntry testId="06cdd2b0-2e57-8d8b-04bb-80519a9fcc34" executionId="dfced660-6a7e-48ed-8e5f-9d92cc494b7a" testListId="8c84fa94-04c1-424b-9868-57a2d4851a1d" />
    <TestEntry testId="068cdc8e-c9bd-de02-b833-b329ffaf1fd2" executionId="50cae755-a7ae-46f0-8488-e72b82be441b" testListId="8c84fa94-04c1-424b-9868-57a2d4851a1d" />
    <TestEntry testId="942a0380-d590-7e7a-6851-2cdf34dc5ff1" executionId="11c4d341-02d8-4018-959a-a290baac0a27" testListId="8c84fa94-04c1-424b-9868-57a2d4851a1d" />
    <TestEntry testId="6ea371f5-9713-1500-34a7-78647e13da18" executionId="66eb6dd4-402e-44b1-8cc6-76088cd4b682" testListId="8c84fa94-04c1-424b-9868-57a2d4851a1d" />
    <TestEntry testId="fa282fd8-ace3-314b-bdaa-b68c035c8013" executionId="f8438e7f-f920-4432-b983-0091bdcf7638" testListId="8c84fa94-04c1-424b-9868-57a2d4851a1d" />
    <TestEntry testId="d4004087-56d4-1d0e-14c6-9815e660af61" executionId="e7538234-f8c8-4d3a-a5f8-416b7b9e51da" testListId="8c84fa94-04c1-424b-9868-57a2d4851a1d" />
    <TestEntry testId="a4ae135f-c523-9f9f-d27b-4db4e5509e94" executionId="a61d22b3-c2ab-4be3-b77b-747a3389668f" testListId="8c84fa94-04c1-424b-9868-57a2d4851a1d" />
    <TestEntry testId="7fa090f1-d9a9-3de8-1087-2d0b0717201b" executionId="2a3fa7c1-52c1-4771-9733-c416d5d78aab" testListId="8c84fa94-04c1-424b-9868-57a2d4851a1d" />
    <TestEntry testId="0b4144dd-a347-7b17-997b-3df3b8ff73bd" executionId="3aae5277-029f-4653-b41d-48c4b757ef30" testListId="8c84fa94-04c1-424b-9868-57a2d4851a1d" />
    <TestEntry testId="0ebca460-c35e-fb90-0af2-4327104b42ae" executionId="c6836f45-6285-4209-9600-c02dd9eb0e56" testListId="8c84fa94-04c1-424b-9868-57a2d4851a1d" />
    <TestEntry testId="61cf7fd2-4675-4774-43a6-1058ba4d6886" executionId="a49b0c5e-3089-432b-92d8-39038fd7dea6" testListId="8c84fa94-04c1-424b-9868-57a2d4851a1d" />
    <TestEntry testId="77c6ab54-7ca3-396b-513b-a14bf6be574c" executionId="59d7a65b-cf45-4454-b3ad-14c8689868c5" testListId="8c84fa94-04c1-424b-9868-57a2d4851a1d" />
    <TestEntry testId="9f6c528b-5fee-7f40-d59f-122c6aa17338" executionId="a6374414-0811-4849-b2cb-9a1c9bb5ae6f" testListId="8c84fa94-04c1-424b-9868-57a2d4851a1d" />
    <TestEntry testId="7769ab53-4bf0-a65b-8187-75daf24d1434" executionId="7ba1f555-67a2-4c0a-9fe7-f50c7b9bc639" testListId="8c84fa94-04c1-424b-9868-57a2d4851a1d" />
    <TestEntry testId="7976e622-0553-0c71-cbd8-e8577be21b5d" executionId="0bdeff54-100b-4ef6-bdb1-fe257f8de399" testListId="8c84fa94-04c1-424b-9868-57a2d4851a1d" />
    <TestEntry testId="320aa1ed-8916-5804-9751-99d2b2fcbc6a" executionId="7172f135-8e66-4bd8-95e9-afdc0c4b996f" testListId="8c84fa94-04c1-424b-9868-57a2d4851a1d" />
    <TestEntry testId="fa3e44b0-1a68-2b54-c8d6-5cd6535068e5" executionId="89edfa7c-6217-49c7-8458-1b6cc2f9999a" testListId="8c84fa94-04c1-424b-9868-57a2d4851a1d" />
    <TestEntry testId="da8af087-df0c-8562-0b18-6cdda3360a1f" executionId="21ec5ee2-5688-4fac-8f41-c1cae350fb50" testListId="8c84fa94-04c1-424b-9868-57a2d4851a1d" />
    <TestEntry testId="4618a85c-6917-6864-cac1-68e9f062489d" executionId="7db4d543-17c0-4f31-914a-37ac4e92bd9f" testListId="8c84fa94-04c1-424b-9868-57a2d4851a1d" />
    <TestEntry testId="225c05c4-9748-a7c6-e24e-08b5a00f73ff" executionId="9ba25431-bf6f-42cf-b8af-55c0616b9ff4" testListId="8c84fa94-04c1-424b-9868-57a2d4851a1d" />
    <TestEntry testId="e8d906d9-8fb1-1c4e-04ae-14b5b043e77e" executionId="443c23ca-9a9c-4218-a7f3-258e9ae40181" testListId="8c84fa94-04c1-424b-9868-57a2d4851a1d" />
    <TestEntry testId="1a60954a-838a-08ce-4a89-0464a13b3a93" executionId="43fde2c2-ae97-429a-b984-84a863b6c930" testListId="8c84fa94-04c1-424b-9868-57a2d4851a1d" />
    <TestEntry testId="f8babc50-25ce-9eb4-fa02-2679067db866" executionId="f4e84096-3ca0-4dae-bd6e-6e86f5ee3266" testListId="8c84fa94-04c1-424b-9868-57a2d4851a1d" />
    <TestEntry testId="f418ccbd-868f-1cb5-4064-c312acb76e89" executionId="f0e3d039-8c03-426d-a647-7b73a892f822" testListId="8c84fa94-04c1-424b-9868-57a2d4851a1d" />
    <TestEntry testId="6b710965-1677-6f38-b88e-91e3b8a9332f" executionId="f4222e17-945a-4344-b256-dab1df07fbfb" testListId="8c84fa94-04c1-424b-9868-57a2d4851a1d" />
    <TestEntry testId="8e0d0db1-8d33-69b8-381b-66e942894b60" executionId="56180e61-03b2-4fc3-af26-9cefc73f48a7" testListId="8c84fa94-04c1-424b-9868-57a2d4851a1d" />
    <TestEntry testId="64f3a371-75dd-ff36-2172-a082a1bb01a7" executionId="da86030c-2822-4704-b7e1-71dbe0f506f4" testListId="8c84fa94-04c1-424b-9868-57a2d4851a1d" />
    <TestEntry testId="d40644e9-e5a2-7e4e-64e2-b6d9ec18d899" executionId="3644895f-f26f-485f-9f86-f0347321f7d5" testListId="8c84fa94-04c1-424b-9868-57a2d4851a1d" />
    <TestEntry testId="e92b5c19-a5d8-72ee-80c0-df041dccc0be" executionId="19dcead8-40e8-47c9-8c80-770299e1227a" testListId="8c84fa94-04c1-424b-9868-57a2d4851a1d" />
    <TestEntry testId="a5b3e069-d5dc-aae1-dab1-7ba2da7e0884" executionId="af261279-a958-4b14-94cd-cd3c0a19ece3" testListId="8c84fa94-04c1-424b-9868-57a2d4851a1d" />
    <TestEntry testId="cbf56f62-df39-1b79-4acc-e7326d9dc27c" executionId="e12fadb6-c45f-493f-a967-8372afcd9ae1" testListId="8c84fa94-04c1-424b-9868-57a2d4851a1d" />
    <TestEntry testId="4362f3ce-6bef-c806-ed6a-f9a0e3284ef0" executionId="fdd6132a-7312-4c51-ad93-38f9f08deebb" testListId="8c84fa94-04c1-424b-9868-57a2d4851a1d" />
    <TestEntry testId="a99ddd4b-7030-4db6-9934-7cc5773a9396" executionId="0dcfbc53-cb3a-4158-8a96-0f3220381fb5" testListId="8c84fa94-04c1-424b-9868-57a2d4851a1d" />
    <TestEntry testId="c6073ad2-1dfd-1823-7f61-0e4d779c6b0f" executionId="2c5b548b-f7f1-4056-b225-82b9c048e7e7" testListId="8c84fa94-04c1-424b-9868-57a2d4851a1d" />
    <TestEntry testId="5ffd0124-37d8-11bf-fa8d-5062ee6afc91" executionId="6d1454e2-2fcd-4699-befe-96dcf21160dd" testListId="8c84fa94-04c1-424b-9868-57a2d4851a1d" />
    <TestEntry testId="cc8e988e-fc66-7582-921e-6f44ee2d4fb1" executionId="37c51d2b-f5ca-430b-a667-01da6dbd57c5" testListId="8c84fa94-04c1-424b-9868-57a2d4851a1d" />
    <TestEntry testId="6993b04e-0773-c13a-ebf9-79006fbce62b" executionId="ac36e267-0278-4487-938c-ae40f5ae42ef" testListId="8c84fa94-04c1-424b-9868-57a2d4851a1d" />
    <TestEntry testId="d16ad0a6-d821-4cca-9aac-518623adb362" executionId="a0c39c03-87f6-4084-80a5-65e2fc67ec2e" testListId="8c84fa94-04c1-424b-9868-57a2d4851a1d" />
    <TestEntry testId="d80f292a-b4c2-4be9-b82a-b5573e9be6f2" executionId="0485399c-37b7-46f8-8047-8c1a4c9bbe97" testListId="8c84fa94-04c1-424b-9868-57a2d4851a1d" />
    <TestEntry testId="aece9089-8fd9-3739-7b3a-72bcdb4cb138" executionId="46d03a92-aa49-457e-ae88-068415237773" testListId="8c84fa94-04c1-424b-9868-57a2d4851a1d" />
    <TestEntry testId="0eef37c0-80da-2b47-8f3e-2850bbdef705" executionId="0f979686-5a0a-43a3-a581-397ade4a46e4" testListId="8c84fa94-04c1-424b-9868-57a2d4851a1d" />
    <TestEntry testId="663717dd-e6fb-6ae6-4ed1-26415e1cd665" executionId="cdf16b1a-663f-4834-9640-f418cc78ee64" testListId="8c84fa94-04c1-424b-9868-57a2d4851a1d" />
    <TestEntry testId="accb7fb6-557d-89fd-8c02-43ad3120a4e4" executionId="5af59735-c5b4-4beb-87fd-6a8f59463ddb" testListId="8c84fa94-04c1-424b-9868-57a2d4851a1d" />
    <TestEntry testId="cb76c32f-1004-2d6e-4048-b5467b53a179" executionId="991daaf3-6b17-4df0-ad54-9fe265ad4a68" testListId="8c84fa94-04c1-424b-9868-57a2d4851a1d" />
    <TestEntry testId="6af126f8-3922-fbad-35b8-bf549d275e90" executionId="6571a430-30be-4f2a-8152-3a9585c1932e" testListId="8c84fa94-04c1-424b-9868-57a2d4851a1d" />
    <TestEntry testId="644506c2-c887-ef59-e127-65e89db16cbc" executionId="0bfa6ed7-e6d6-42ae-a18d-fcfe90260506" testListId="8c84fa94-04c1-424b-9868-57a2d4851a1d" />
    <TestEntry testId="2a561a82-d650-4928-a63a-372019177aa0" executionId="a9033136-2b48-4c5b-8e10-6d10742f5a9c" testListId="8c84fa94-04c1-424b-9868-57a2d4851a1d" />
    <TestEntry testId="3cdbe969-b2db-38d4-00ab-7c7380efb3ba" executionId="9c6ae672-f22f-4dfd-9a7d-c9725e788ece" testListId="8c84fa94-04c1-424b-9868-57a2d4851a1d" />
    <TestEntry testId="d987caa4-b236-d3ff-cce6-1360da40887d" executionId="0025f933-ab8c-46a7-9d00-fcb11d830085" testListId="8c84fa94-04c1-424b-9868-57a2d4851a1d" />
    <TestEntry testId="2725660c-204c-cdd3-cc38-c8cb0969f291" executionId="e3f9fb41-3176-44b6-9523-791204df22d1" testListId="8c84fa94-04c1-424b-9868-57a2d4851a1d" />
    <TestEntry testId="fbf61387-acd6-ad6e-d454-963c3b13209e" executionId="af0426e4-d952-4116-a578-273ec7351e25" testListId="8c84fa94-04c1-424b-9868-57a2d4851a1d" />
    <TestEntry testId="26cfd68c-0b2b-b154-5fee-9a7274b0546f" executionId="1e055146-1500-4057-953a-1a1439c5908a" testListId="8c84fa94-04c1-424b-9868-57a2d4851a1d" />
    <TestEntry testId="c6014464-c5a6-fa24-8780-9b58004c3f58" executionId="3f99c73c-702f-4bbc-98e2-b10a21a2f9d1" testListId="8c84fa94-04c1-424b-9868-57a2d4851a1d" />
    <TestEntry testId="1098bc54-92c2-3c91-e91e-8afcd496d21e" executionId="bd7dac1b-abac-43c0-ac75-d5031a88df80" testListId="8c84fa94-04c1-424b-9868-57a2d4851a1d" />
    <TestEntry testId="dedf675d-4710-3439-30c1-2b6f394221dd" executionId="1455bfbc-c563-489d-a603-461626594b6e" testListId="8c84fa94-04c1-424b-9868-57a2d4851a1d" />
    <TestEntry testId="77ea9ad2-e5e0-4a61-f03a-bc81b141b08e" executionId="1a7212f6-002f-41f6-88ed-561629f64434" testListId="8c84fa94-04c1-424b-9868-57a2d4851a1d" />
    <TestEntry testId="d6f365f5-4679-7038-6450-481adfa7d5c7" executionId="f2c0e451-5360-4d09-a5ae-d93f436713fc" testListId="8c84fa94-04c1-424b-9868-57a2d4851a1d" />
    <TestEntry testId="3910ea2e-3d0e-baae-5cb5-ee5255a7ee35" executionId="d58fe542-c091-4767-92e6-ac9247110591" testListId="8c84fa94-04c1-424b-9868-57a2d4851a1d" />
    <TestEntry testId="82c0cf7c-d6a8-c070-d23c-58c9b55e047a" executionId="f69e657b-6046-4bd3-9ca4-44e497adaf24" testListId="8c84fa94-04c1-424b-9868-57a2d4851a1d" />
    <TestEntry testId="231bd03e-0d38-6cc5-0783-b65ae0f853d9" executionId="9666c388-5480-413a-842e-7e1b21d38ca6" testListId="8c84fa94-04c1-424b-9868-57a2d4851a1d" />
    <TestEntry testId="7a984ac0-e42a-474e-dd34-f1980e6732d9" executionId="400a6ad8-0bbe-401a-ba6b-d2f07811576d" testListId="8c84fa94-04c1-424b-9868-57a2d4851a1d" />
    <TestEntry testId="8419ae4f-e0d9-7a9f-7f37-e3a84733904b" executionId="2233b6b6-d4ae-47a7-8565-94623f35775e" testListId="8c84fa94-04c1-424b-9868-57a2d4851a1d" />
    <TestEntry testId="02081afb-f4e4-3f4d-8158-5c914990d541" executionId="f2f4708c-cc3d-457e-b0ba-3d32fed616ce" testListId="8c84fa94-04c1-424b-9868-57a2d4851a1d" />
    <TestEntry testId="408ed624-5685-2cc2-3b5f-b6dc3f3441bf" executionId="9cf3d448-78ca-47f6-b1aa-aabbefa2b262" testListId="8c84fa94-04c1-424b-9868-57a2d4851a1d" />
    <TestEntry testId="9693f54a-8e39-e20e-ac44-1452f0049c4d" executionId="152d640b-d262-4cdb-8c1b-592e47ddf2a3" testListId="8c84fa94-04c1-424b-9868-57a2d4851a1d" />
    <TestEntry testId="531135d4-b324-d795-f9f5-d51886e82803" executionId="d753d1bf-677e-4ac9-94ec-6e89292bba34" testListId="8c84fa94-04c1-424b-9868-57a2d4851a1d" />
    <TestEntry testId="9f97dc1f-2483-ec75-3db2-8e92253870cb" executionId="1ae61ec9-cccd-40ab-a15a-1ce7af42874c" testListId="8c84fa94-04c1-424b-9868-57a2d4851a1d" />
    <TestEntry testId="5fd1f04b-dac6-41bb-9db7-15f63c1db9f6" executionId="55b49a94-6139-49e2-92b3-78d373992301" testListId="8c84fa94-04c1-424b-9868-57a2d4851a1d" />
    <TestEntry testId="f9126364-3831-3363-8188-a09b575bcf73" executionId="6b238dd0-0c3f-4ad3-89c0-2eb9c1c961ce" testListId="8c84fa94-04c1-424b-9868-57a2d4851a1d" />
    <TestEntry testId="4ca40fc0-23e6-fedb-25b7-f0ba20aa5cc5" executionId="d6d56e6b-73fe-4562-b90c-5d78fbf56484" testListId="8c84fa94-04c1-424b-9868-57a2d4851a1d" />
    <TestEntry testId="4e29e539-acb7-4fe7-b58a-ad776d59b1bb" executionId="b1205da5-81fe-4c91-851a-a205dd6eb8a0" testListId="8c84fa94-04c1-424b-9868-57a2d4851a1d" />
    <TestEntry testId="efeb0611-e5d6-72cb-f153-edd9546c4863" executionId="f56fc278-2cea-4ad6-8923-376f6535d2a8" testListId="8c84fa94-04c1-424b-9868-57a2d4851a1d" />
    <TestEntry testId="ef38ddd6-7755-2790-0e1b-b39d5b54c463" executionId="79d01de4-3425-4a79-91a6-d261c9956182" testListId="8c84fa94-04c1-424b-9868-57a2d4851a1d" />
    <TestEntry testId="429a8c32-55b7-bbd1-b067-032d95921b55" executionId="840cc7b4-78fd-4315-a8d3-f82a65b7e4c1" testListId="8c84fa94-04c1-424b-9868-57a2d4851a1d" />
    <TestEntry testId="6582c566-3514-80d9-5e8b-746b8c877c02" executionId="910a85ff-44e7-41f7-ac7a-6daf82e8c68f" testListId="8c84fa94-04c1-424b-9868-57a2d4851a1d" />
    <TestEntry testId="613249bd-4594-d153-ca2b-015a8a45b6a0" executionId="e76fcb56-dc8e-4a3b-b15f-53f6b3594bc5" testListId="8c84fa94-04c1-424b-9868-57a2d4851a1d" />
    <TestEntry testId="1e0740c8-2234-8fea-75be-3168c953cfa8" executionId="c101ca71-61a5-4042-8a88-4b34c44b2fb3" testListId="8c84fa94-04c1-424b-9868-57a2d4851a1d" />
    <TestEntry testId="e500e466-400d-7a9d-97dd-2a6998d88e4b" executionId="710d87cf-2285-4191-94c5-d9558fe26e0e" testListId="8c84fa94-04c1-424b-9868-57a2d4851a1d" />
    <TestEntry testId="00f0e72d-0ee9-884c-1553-d761223ad003" executionId="a469b588-3117-4009-b643-c19d5d2be6cc" testListId="8c84fa94-04c1-424b-9868-57a2d4851a1d" />
    <TestEntry testId="ec3dceb2-7476-60e7-45c6-cb4ca611c1fd" executionId="e015d6b1-92a7-4156-b931-fa45fa517fe1" testListId="8c84fa94-04c1-424b-9868-57a2d4851a1d" />
    <TestEntry testId="1fa28479-68b5-6739-9382-2a843d130358" executionId="e5dc8753-4e17-4430-aa7c-a0281cb485f7" testListId="8c84fa94-04c1-424b-9868-57a2d4851a1d" />
    <TestEntry testId="9084bd1d-64fc-c645-d3ae-df82e73934b3" executionId="2c669a17-937b-4cf7-b3d9-f048ca026b75" testListId="8c84fa94-04c1-424b-9868-57a2d4851a1d" />
    <TestEntry testId="ec8889aa-5c28-4621-dc4c-a1bae4f864b3" executionId="37f16199-4a2e-4f90-a648-abbbb833a579" testListId="8c84fa94-04c1-424b-9868-57a2d4851a1d" />
  </TestEntries>
  <Results>
    <UnitTestResult executionId="ad93b530-c471-4225-8a1c-4b57be13cd3e" testId="fbc81c52-7315-1e7c-4d04-ddf848c918c9" testName="RETTest" computerName="SAMCRUISE-PC" duration="00:00:00.0249786" startTime="2012-11-05T18:06:06.2095877+00:00" endTime="2012-11-05T18:06:07.0051891+00:00" testType="13cdc9d9-ddb5-4fa4-a97d-d965ccfc6d4b" outcome="Passed" testListId="8c84fa94-04c1-424b-9868-57a2d4851a1d" relativeResultsDirectory="ad93b530-c471-4225-8a1c-4b57be13cd3e">
    </UnitTestResult>
    <UnitTestResult executionId="f7d36d7a-64c7-47fd-ba8f-1dc6c684e9a7" testId="1a78406e-fc9c-f400-96bf-e6409042a51b" testName="RETITest" computerName="SAMCRUISE-PC" duration="00:00:00.0006140" startTime="2012-11-05T18:06:07.0207891+00:00" endTime="2012-11-05T18:06:07.0207891+00:00" testType="13cdc9d9-ddb5-4fa4-a97d-d965ccfc6d4b" outcome="Passed" testListId="8c84fa94-04c1-424b-9868-57a2d4851a1d" relativeResultsDirectory="f7d36d7a-64c7-47fd-ba8f-1dc6c684e9a7">
    </UnitTestResult>
    <UnitTestResult executionId="71f6e994-73ec-4dcc-9cac-c2e115a8f953" testId="7a3748d0-d7ac-0d6f-14be-1f126ae99321" testName="RETNTest" computerName="SAMCRUISE-PC" duration="00:00:00.0005521" startTime="2012-11-05T18:06:07.0207891+00:00" endTime="2012-11-05T18:06:07.0207891+00:00" testType="13cdc9d9-ddb5-4fa4-a97d-d965ccfc6d4b" outcome="Passed" testListId="8c84fa94-04c1-424b-9868-57a2d4851a1d" relativeResultsDirectory="71f6e994-73ec-4dcc-9cac-c2e115a8f953">
    </UnitTestResult>
    <UnitTestResult executionId="bfdc8950-dd76-489a-91d8-392f810af55a" testId="3a2e5b08-4e06-5e86-1556-043e5a55d63f" testName="RET_ccTest" computerName="SAMCRUISE-PC" duration="00:00:00.0013718" startTime="2012-11-05T18:06:07.0363891+00:00" endTime="2012-11-05T18:06:07.0363891+00:00" testType="13cdc9d9-ddb5-4fa4-a97d-d965ccfc6d4b" outcome="Passed" testListId="8c84fa94-04c1-424b-9868-57a2d4851a1d" relativeResultsDirectory="bfdc8950-dd76-489a-91d8-392f810af55a">
    </UnitTestResult>
    <UnitTestResult executionId="509731a6-f1a8-42e4-a590-e6ebadb7991d" testId="8d11f4ff-16dc-c6dd-67b2-df83947219f7" testName="RLTest" computerName="SAMCRUISE-PC" duration="00:00:00.0024492" startTime="2012-11-05T18:06:07.0363891+00:00" endTime="2012-11-05T18:06:07.0519892+00:00" testType="13cdc9d9-ddb5-4fa4-a97d-d965ccfc6d4b" outcome="Passed" testListId="8c84fa94-04c1-424b-9868-57a2d4851a1d" relativeResultsDirectory="509731a6-f1a8-42e4-a590-e6ebadb7991d">
    </UnitTestResult>
    <UnitTestResult executionId="f30866fb-4931-4494-86d8-8b4db2a184b2" testId="4a4a0e75-24b0-83d9-8bf1-cffe9a6c30c7" testName="RLATest" computerName="SAMCRUISE-PC" duration="00:00:00.0008911" startTime="2012-11-05T18:06:07.0519892+00:00" endTime="2012-11-05T18:06:07.0519892+00:00" testType="13cdc9d9-ddb5-4fa4-a97d-d965ccfc6d4b" outcome="Passed" testListId="8c84fa94-04c1-424b-9868-57a2d4851a1d" relativeResultsDirectory="f30866fb-4931-4494-86d8-8b4db2a184b2">
    </UnitTestResult>
    <UnitTestResult executionId="94a4d5dd-2445-4487-846d-ee7ffff5d4af" testId="5b87d4fd-91a2-2ead-ea51-310966889653" testName="RLCTest" computerName="SAMCRUISE-PC" duration="00:00:00.0014682" startTime="2012-11-05T18:06:07.0519892+00:00" endTime="2012-11-05T18:06:07.0675892+00:00" testType="13cdc9d9-ddb5-4fa4-a97d-d965ccfc6d4b" outcome="Passed" testListId="8c84fa94-04c1-424b-9868-57a2d4851a1d" relativeResultsDirectory="94a4d5dd-2445-4487-846d-ee7ffff5d4af">
    </UnitTestResult>
    <UnitTestResult executionId="8376fa6a-86d3-4239-895d-9ce5aa9f3d2f" testId="eb8ea76d-8f52-861c-adb1-87727b91e8dc" testName="RLCATest" computerName="SAMCRUISE-PC" duration="00:00:00.0006144" startTime="2012-11-05T18:06:07.0675892+00:00" endTime="2012-11-05T18:06:07.0675892+00:00" testType="13cdc9d9-ddb5-4fa4-a97d-d965ccfc6d4b" outcome="Passed" testListId="8c84fa94-04c1-424b-9868-57a2d4851a1d" relativeResultsDirectory="8376fa6a-86d3-4239-895d-9ce5aa9f3d2f">
    </UnitTestResult>
    <UnitTestResult executionId="981ff8ed-972b-4181-8851-ecf56af0f653" testId="0804b260-48c2-c53d-e9c8-4cb6d080560a" testName="RLDTest" computerName="SAMCRUISE-PC" duration="00:00:00.0006736" startTime="2012-11-05T18:06:07.0675892+00:00" endTime="2012-11-05T18:06:07.0831892+00:00" testType="13cdc9d9-ddb5-4fa4-a97d-d965ccfc6d4b" outcome="Passed" testListId="8c84fa94-04c1-424b-9868-57a2d4851a1d" relativeResultsDirectory="981ff8ed-972b-4181-8851-ecf56af0f653">
    </UnitTestResult>
    <UnitTestResult executionId="c75c2b5c-be7f-4e65-849a-c15c3627f670" testId="c00d5263-9362-91d8-9786-3cf7ff9338c7" testName="RRTest" computerName="SAMCRUISE-PC" duration="00:00:00.0007681" startTime="2012-11-05T18:06:07.0831892+00:00" endTime="2012-11-05T18:06:07.0831892+00:00" testType="13cdc9d9-ddb5-4fa4-a97d-d965ccfc6d4b" outcome="Passed" testListId="8c84fa94-04c1-424b-9868-57a2d4851a1d" relativeResultsDirectory="c75c2b5c-be7f-4e65-849a-c15c3627f670">
    </UnitTestResult>
    <UnitTestResult executionId="043b0e43-6d65-4f25-8f7b-68718ce0cf0d" testId="2fe7eb0b-f938-cdd3-52dd-f930c2ebb2b1" testName="RRATest" computerName="SAMCRUISE-PC" duration="00:00:00.0006401" startTime="2012-11-05T18:06:07.0831892+00:00" endTime="2012-11-05T18:06:07.0987892+00:00" testType="13cdc9d9-ddb5-4fa4-a97d-d965ccfc6d4b" outcome="Passed" testListId="8c84fa94-04c1-424b-9868-57a2d4851a1d" relativeResultsDirectory="043b0e43-6d65-4f25-8f7b-68718ce0cf0d">
    </UnitTestResult>
    <UnitTestResult executionId="da294e19-aea8-41e9-8855-f7f9306b83c9" testId="4bbbd8b9-6ef7-b020-fb32-ef276dcf5e16" testName="RRCTest" computerName="SAMCRUISE-PC" duration="00:00:00.0006997" startTime="2012-11-05T18:06:07.0987892+00:00" endTime="2012-11-05T18:06:07.0987892+00:00" testType="13cdc9d9-ddb5-4fa4-a97d-d965ccfc6d4b" outcome="Passed" testListId="8c84fa94-04c1-424b-9868-57a2d4851a1d" relativeResultsDirectory="da294e19-aea8-41e9-8855-f7f9306b83c9">
    </UnitTestResult>
    <UnitTestResult executionId="7f4bc955-5c6c-4f7d-8a78-ae5762b00cfd" testId="947b96e5-70b2-89ca-d911-83455c83ccaf" testName="RRCATest" computerName="SAMCRUISE-PC" duration="00:00:00.0006152" startTime="2012-11-05T18:06:07.0987892+00:00" endTime="2012-11-05T18:06:07.1143893+00:00" testType="13cdc9d9-ddb5-4fa4-a97d-d965ccfc6d4b" outcome="Passed" testListId="8c84fa94-04c1-424b-9868-57a2d4851a1d" relativeResultsDirectory="7f4bc955-5c6c-4f7d-8a78-ae5762b00cfd">
    </UnitTestResult>
    <UnitTestResult executionId="e842f33e-046b-43bf-9d78-3bbbcee1e8de" testId="90d80866-ad2b-eaca-8eb7-479ef25dc5d4" testName="RRDTest" computerName="SAMCRUISE-PC" duration="00:00:00.0006870" startTime="2012-11-05T18:06:07.1455893+00:00" endTime="2012-11-05T18:06:07.1455893+00:00" testType="13cdc9d9-ddb5-4fa4-a97d-d965ccfc6d4b" outcome="Passed" testListId="8c84fa94-04c1-424b-9868-57a2d4851a1d" relativeResultsDirectory="e842f33e-046b-43bf-9d78-3bbbcee1e8de">
    </UnitTestResult>
    <UnitTestResult executionId="717e5229-29d7-46e0-82b9-1ea96018c855" testId="ea7626fe-75bd-bf00-5a86-b04022167316" testName="RSTTest" computerName="SAMCRUISE-PC" duration="00:00:00.0006486" startTime="2012-11-05T18:06:07.1455893+00:00" endTime="2012-11-05T18:06:07.1455893+00:00" testType="13cdc9d9-ddb5-4fa4-a97d-d965ccfc6d4b" outcome="Passed" testListId="8c84fa94-04c1-424b-9868-57a2d4851a1d" relativeResultsDirectory="717e5229-29d7-46e0-82b9-1ea96018c855">
    </UnitTestResult>
    <UnitTestResult executionId="47e4683c-c419-46d0-bb9b-75dd13a13b30" testId="f27d20d8-0856-98b6-055e-c7e96212608b" testName="SBC_A_nTest" computerName="SAMCRUISE-PC" duration="00:00:00.0010271" startTime="2012-11-05T18:06:07.1611894+00:00" endTime="2012-11-05T18:06:07.1611894+00:00" testType="13cdc9d9-ddb5-4fa4-a97d-d965ccfc6d4b" outcome="Passed" testListId="8c84fa94-04c1-424b-9868-57a2d4851a1d" relativeResultsDirectory="47e4683c-c419-46d0-bb9b-75dd13a13b30">
    </UnitTestResult>
    <UnitTestResult executionId="f5029cf9-7115-4e94-b222-c0c618672687" testId="3c62e18b-0679-84be-4297-06f24bddccec" testName="SBC_A_rTest" computerName="SAMCRUISE-PC" duration="00:00:00.0007527" startTime="2012-11-05T18:06:07.1611894+00:00" endTime="2012-11-05T18:06:07.1611894+00:00" testType="13cdc9d9-ddb5-4fa4-a97d-d965ccfc6d4b" outcome="Passed" testListId="8c84fa94-04c1-424b-9868-57a2d4851a1d" relativeResultsDirectory="f5029cf9-7115-4e94-b222-c0c618672687">
    </UnitTestResult>
    <UnitTestResult executionId="f5d8fbc6-a7d0-43b6-bbae-a7b957bfa436" testId="395f2e6e-8b8a-dab4-6961-5d67ff30ad80" testName="SBC_HLTest" computerName="SAMCRUISE-PC" duration="00:00:00.0014352" startTime="2012-11-05T18:06:07.1767894+00:00" endTime="2012-11-05T18:06:07.1767894+00:00" testType="13cdc9d9-ddb5-4fa4-a97d-d965ccfc6d4b" outcome="Passed" testListId="8c84fa94-04c1-424b-9868-57a2d4851a1d" relativeResultsDirectory="f5d8fbc6-a7d0-43b6-bbae-a7b957bfa436">
    </UnitTestResult>
    <UnitTestResult executionId="417f941f-d01d-41ed-8b77-d5a7fe1a72e1" testId="95637e7c-0e69-a183-b60b-a7b697c7d16d" testName="SCFTest" computerName="SAMCRUISE-PC" duration="00:00:00.0005364" startTime="2012-11-05T18:06:07.1767894+00:00" endTime="2012-11-05T18:06:07.1767894+00:00" testType="13cdc9d9-ddb5-4fa4-a97d-d965ccfc6d4b" outcome="Passed" testListId="8c84fa94-04c1-424b-9868-57a2d4851a1d" relativeResultsDirectory="417f941f-d01d-41ed-8b77-d5a7fe1a72e1">
    </UnitTestResult>
    <UnitTestResult executionId="f378ac46-6ac1-44ef-a525-ee092963724e" testId="9577c4f7-7003-b9c5-163a-7c5efd62ae51" testName="SETTest" computerName="SAMCRUISE-PC" duration="00:00:00.0006909" startTime="2012-11-05T18:06:07.1923894+00:00" endTime="2012-11-05T18:06:07.1923894+00:00" testType="13cdc9d9-ddb5-4fa4-a97d-d965ccfc6d4b" outcome="Passed" testListId="8c84fa94-04c1-424b-9868-57a2d4851a1d" relativeResultsDirectory="f378ac46-6ac1-44ef-a525-ee092963724e">
    </UnitTestResult>
    <UnitTestResult executionId="cdfdddc4-6282-4f96-81c0-42fe602ce801" testId="fd05f8bb-7e5b-6c74-7d40-9b6b3ce48014" testName="SLATest" computerName="SAMCRUISE-PC" duration="00:00:00.0009329" startTime="2012-11-05T18:06:07.1923894+00:00" endTime="2012-11-05T18:06:07.1923894+00:00" testType="13cdc9d9-ddb5-4fa4-a97d-d965ccfc6d4b" outcome="Passed" testListId="8c84fa94-04c1-424b-9868-57a2d4851a1d" relativeResultsDirectory="cdfdddc4-6282-4f96-81c0-42fe602ce801">
    </UnitTestResult>
    <UnitTestResult executionId="68acd751-4b3e-48ce-9262-0c3b4f39eff1" testId="3f3d6718-39ff-7fa1-2efb-6ac794445b3b" testName="SLLTest" computerName="SAMCRUISE-PC" duration="00:00:00.0009264" startTime="2012-11-05T18:06:07.2079894+00:00" endTime="2012-11-05T18:06:07.2079894+00:00" testType="13cdc9d9-ddb5-4fa4-a97d-d965ccfc6d4b" outcome="Passed" testListId="8c84fa94-04c1-424b-9868-57a2d4851a1d" relativeResultsDirectory="68acd751-4b3e-48ce-9262-0c3b4f39eff1">
    </UnitTestResult>
    <UnitTestResult executionId="27341510-b3ee-46c8-a19e-b3cec52b0b82" testId="d576b2e9-18ab-4c39-22d6-660b702088a3" testName="SRATest" computerName="SAMCRUISE-PC" duration="00:00:00.0010282" startTime="2012-11-05T18:06:07.2079894+00:00" endTime="2012-11-05T18:06:07.2079894+00:00" testType="13cdc9d9-ddb5-4fa4-a97d-d965ccfc6d4b" outcome="Passed" testListId="8c84fa94-04c1-424b-9868-57a2d4851a1d" relativeResultsDirectory="27341510-b3ee-46c8-a19e-b3cec52b0b82">
    </UnitTestResult>
    <UnitTestResult executionId="82430796-ddbd-4f5c-b8d6-a81b698d7021" testId="a281a993-54ac-242d-6e81-bd7ca5969d50" testName="SRLTest" computerName="SAMCRUISE-PC" duration="00:00:00.0007489" startTime="2012-11-05T18:06:07.2235895+00:00" endTime="2012-11-05T18:06:07.2235895+00:00" testType="13cdc9d9-ddb5-4fa4-a97d-d965ccfc6d4b" outcome="Passed" testListId="8c84fa94-04c1-424b-9868-57a2d4851a1d" relativeResultsDirectory="82430796-ddbd-4f5c-b8d6-a81b698d7021">
    </UnitTestResult>
    <UnitTestResult executionId="1032cab5-1e5c-47ce-8512-3a8327c554a4" testId="46c0ea6c-7511-1a43-1027-23d83e8af062" testName="SUB_nTest" computerName="SAMCRUISE-PC" duration="00:00:00.0006597" startTime="2012-11-05T18:06:07.2235895+00:00" endTime="2012-11-05T18:06:07.2235895+00:00" testType="13cdc9d9-ddb5-4fa4-a97d-d965ccfc6d4b" outcome="Passed" testListId="8c84fa94-04c1-424b-9868-57a2d4851a1d" relativeResultsDirectory="1032cab5-1e5c-47ce-8512-3a8327c554a4">
    </UnitTestResult>
    <UnitTestResult executionId="2c5228f4-cfc7-4cb8-8b41-45263163adb4" testId="55171caa-19dd-2ede-1df5-fba7324e3535" testName="SUB_rTest" computerName="SAMCRUISE-PC" duration="00:00:00.0007531" startTime="2012-11-05T18:06:07.2391895+00:00" endTime="2012-11-05T18:06:07.2547895+00:00" testType="13cdc9d9-ddb5-4fa4-a97d-d965ccfc6d4b" outcome="Passed" testListId="8c84fa94-04c1-424b-9868-57a2d4851a1d" relativeResultsDirectory="2c5228f4-cfc7-4cb8-8b41-45263163adb4">
    </UnitTestResult>
    <UnitTestResult executionId="fa16a3e2-b167-4485-b08f-e254f090a32e" testId="2d6e4e36-5fe1-42c4-5c13-c7a8f483806d" testName="XOR_nTest" computerName="SAMCRUISE-PC" duration="00:00:00.0006059" startTime="2012-11-05T18:06:07.2547895+00:00" endTime="2012-11-05T18:06:07.2547895+00:00" testType="13cdc9d9-ddb5-4fa4-a97d-d965ccfc6d4b" outcome="Passed" testListId="8c84fa94-04c1-424b-9868-57a2d4851a1d" relativeResultsDirectory="fa16a3e2-b167-4485-b08f-e254f090a32e">
    </UnitTestResult>
    <UnitTestResult executionId="48cdfebd-44b4-47e2-9ea6-67c8899ae23f" testId="436605de-6d1c-4402-615f-0938ced05851" testName="XOR_rTest" computerName="SAMCRUISE-PC" duration="00:00:00.0006993" startTime="2012-11-05T18:06:07.2547895+00:00" endTime="2012-11-05T18:06:07.2703896+00:00" testType="13cdc9d9-ddb5-4fa4-a97d-d965ccfc6d4b" outcome="Passed" testListId="8c84fa94-04c1-424b-9868-57a2d4851a1d" relativeResultsDirectory="48cdfebd-44b4-47e2-9ea6-67c8899ae23f">
    </UnitTestResult>
    <UnitTestResult executionId="dfced660-6a7e-48ed-8e5f-9d92cc494b7a" testId="06cdd2b0-2e57-8d8b-04bb-80519a9fcc34" testName="FUSETests" computerName="SAMCRUISE-PC" duration="00:00:17.1912301" startTime="2012-11-05T18:06:07.2703896+00:00" endTime="2012-11-05T18:06:24.4616197+00:00" testType="13cdc9d9-ddb5-4fa4-a97d-d965ccfc6d4b" outcome="Aborted" testListId="8c84fa94-04c1-424b-9868-57a2d4851a1d" relativeResultsDirectory="dfced660-6a7e-48ed-8e5f-9d92cc494b7a">
    </UnitTestResult>
    <UnitTestResult executionId="50cae755-a7ae-46f0-8488-e72b82be441b" testId="068cdc8e-c9bd-de02-b833-b329ffaf1fd2" testName="JimmyTest" computerName="SAMCRUISE-PC" testType="13cdc9d9-ddb5-4fa4-a97d-d965ccfc6d4b" outcome="NotExecuted" testListId="8c84fa94-04c1-424b-9868-57a2d4851a1d" relativeResultsDirectory="50cae755-a7ae-46f0-8488-e72b82be441b">
    </UnitTestResult>
    <UnitTestResult executionId="11c4d341-02d8-4018-959a-a290baac0a27" testId="942a0380-d590-7e7a-6851-2cdf34dc5ff1" testName="StackTest" computerName="SAMCRUISE-PC" testType="13cdc9d9-ddb5-4fa4-a97d-d965ccfc6d4b" outcome="NotExecuted" testListId="8c84fa94-04c1-424b-9868-57a2d4851a1d" relativeResultsDirectory="11c4d341-02d8-4018-959a-a290baac0a27">
    </UnitTestResult>
    <UnitTestResult executionId="66eb6dd4-402e-44b1-8cc6-76088cd4b682" testId="6ea371f5-9713-1500-34a7-78647e13da18" testName="CarryTest" computerName="SAMCRUISE-PC" testType="13cdc9d9-ddb5-4fa4-a97d-d965ccfc6d4b" outcome="NotExecuted" testListId="8c84fa94-04c1-424b-9868-57a2d4851a1d" relativeResultsDirectory="66eb6dd4-402e-44b1-8cc6-76088cd4b682">
    </UnitTestResult>
    <UnitTestResult executionId="f8438e7f-f920-4432-b983-0091bdcf7638" testId="fa282fd8-ace3-314b-bdaa-b68c035c8013" testName="Arithmetic8BitTest" computerName="SAMCRUISE-PC" testType="13cdc9d9-ddb5-4fa4-a97d-d965ccfc6d4b" outcome="NotExecuted" testListId="8c84fa94-04c1-424b-9868-57a2d4851a1d" relativeResultsDirectory="f8438e7f-f920-4432-b983-0091bdcf7638">
    </UnitTestResult>
    <UnitTestResult executionId="e7538234-f8c8-4d3a-a5f8-416b7b9e51da" testId="d4004087-56d4-1d0e-14c6-9815e660af61" testName="ZeroTest" computerName="SAMCRUISE-PC" testType="13cdc9d9-ddb5-4fa4-a97d-d965ccfc6d4b" outcome="NotExecuted" testListId="8c84fa94-04c1-424b-9868-57a2d4851a1d" relativeResultsDirectory="e7538234-f8c8-4d3a-a5f8-416b7b9e51da">
    </UnitTestResult>
    <UnitTestResult executionId="a61d22b3-c2ab-4be3-b77b-747a3389668f" testId="a4ae135f-c523-9f9f-d27b-4db4e5509e94" testName="ADC_A_nTest" computerName="SAMCRUISE-PC" testType="13cdc9d9-ddb5-4fa4-a97d-d965ccfc6d4b" outcome="NotExecuted" testListId="8c84fa94-04c1-424b-9868-57a2d4851a1d" relativeResultsDirectory="a61d22b3-c2ab-4be3-b77b-747a3389668f">
    </UnitTestResult>
    <UnitTestResult executionId="2a3fa7c1-52c1-4771-9733-c416d5d78aab" testId="7fa090f1-d9a9-3de8-1087-2d0b0717201b" testName="ADC_A_rTest" computerName="SAMCRUISE-PC" testType="13cdc9d9-ddb5-4fa4-a97d-d965ccfc6d4b" outcome="NotExecuted" testListId="8c84fa94-04c1-424b-9868-57a2d4851a1d" relativeResultsDirectory="2a3fa7c1-52c1-4771-9733-c416d5d78aab">
    </UnitTestResult>
    <UnitTestResult executionId="3aae5277-029f-4653-b41d-48c4b757ef30" testId="0b4144dd-a347-7b17-997b-3df3b8ff73bd" testName="ADC_HLTest" computerName="SAMCRUISE-PC" testType="13cdc9d9-ddb5-4fa4-a97d-d965ccfc6d4b" outcome="NotExecuted" testListId="8c84fa94-04c1-424b-9868-57a2d4851a1d" relativeResultsDirectory="3aae5277-029f-4653-b41d-48c4b757ef30">
    </UnitTestResult>
    <UnitTestResult executionId="c6836f45-6285-4209-9600-c02dd9eb0e56" testId="0ebca460-c35e-fb90-0af2-4327104b42ae" testName="ADD_A_nTest" computerName="SAMCRUISE-PC" testType="13cdc9d9-ddb5-4fa4-a97d-d965ccfc6d4b" outcome="NotExecuted" testListId="8c84fa94-04c1-424b-9868-57a2d4851a1d" relativeResultsDirectory="c6836f45-6285-4209-9600-c02dd9eb0e56">
    </UnitTestResult>
    <UnitTestResult executionId="a49b0c5e-3089-432b-92d8-39038fd7dea6" testId="61cf7fd2-4675-4774-43a6-1058ba4d6886" testName="ADD_A_rTest" computerName="SAMCRUISE-PC" testType="13cdc9d9-ddb5-4fa4-a97d-d965ccfc6d4b" outcome="NotExecuted" testListId="8c84fa94-04c1-424b-9868-57a2d4851a1d" relativeResultsDirectory="a49b0c5e-3089-432b-92d8-39038fd7dea6">
    </UnitTestResult>
    <UnitTestResult executionId="59d7a65b-cf45-4454-b3ad-14c8689868c5" testId="77c6ab54-7ca3-396b-513b-a14bf6be574c" testName="ADD_HL_ssTest" computerName="SAMCRUISE-PC" testType="13cdc9d9-ddb5-4fa4-a97d-d965ccfc6d4b" outcome="NotExecuted" testListId="8c84fa94-04c1-424b-9868-57a2d4851a1d" relativeResultsDirectory="59d7a65b-cf45-4454-b3ad-14c8689868c5">
    </UnitTestResult>
    <UnitTestResult executionId="a6374414-0811-4849-b2cb-9a1c9bb5ae6f" testId="9f6c528b-5fee-7f40-d59f-122c6aa17338" testName="AND_nTest" computerName="SAMCRUISE-PC" testType="13cdc9d9-ddb5-4fa4-a97d-d965ccfc6d4b" outcome="NotExecuted" testListId="8c84fa94-04c1-424b-9868-57a2d4851a1d" relativeResultsDirectory="a6374414-0811-4849-b2cb-9a1c9bb5ae6f">
    </UnitTestResult>
    <UnitTestResult executionId="7ba1f555-67a2-4c0a-9fe7-f50c7b9bc639" testId="7769ab53-4bf0-a65b-8187-75daf24d1434" testName="AND_rTest" computerName="SAMCRUISE-PC" testType="13cdc9d9-ddb5-4fa4-a97d-d965ccfc6d4b" outcome="NotExecuted" testListId="8c84fa94-04c1-424b-9868-57a2d4851a1d" relativeResultsDirectory="7ba1f555-67a2-4c0a-9fe7-f50c7b9bc639">
    </UnitTestResult>
    <UnitTestResult executionId="0bdeff54-100b-4ef6-bdb1-fe257f8de399" testId="7976e622-0553-0c71-cbd8-e8577be21b5d" testName="BITTest" computerName="SAMCRUISE-PC" testType="13cdc9d9-ddb5-4fa4-a97d-d965ccfc6d4b" outcome="NotExecuted" testListId="8c84fa94-04c1-424b-9868-57a2d4851a1d" relativeResultsDirectory="0bdeff54-100b-4ef6-bdb1-fe257f8de399">
    </UnitTestResult>
    <UnitTestResult executionId="7172f135-8e66-4bd8-95e9-afdc0c4b996f" testId="320aa1ed-8916-5804-9751-99d2b2fcbc6a" testName="CALL_cc_nnTest" computerName="SAMCRUISE-PC" testType="13cdc9d9-ddb5-4fa4-a97d-d965ccfc6d4b" outcome="NotExecuted" testListId="8c84fa94-04c1-424b-9868-57a2d4851a1d" relativeResultsDirectory="7172f135-8e66-4bd8-95e9-afdc0c4b996f">
    </UnitTestResult>
    <UnitTestResult executionId="89edfa7c-6217-49c7-8458-1b6cc2f9999a" testId="fa3e44b0-1a68-2b54-c8d6-5cd6535068e5" testName="CALL_nnTest" computerName="SAMCRUISE-PC" testType="13cdc9d9-ddb5-4fa4-a97d-d965ccfc6d4b" outcome="NotExecuted" testListId="8c84fa94-04c1-424b-9868-57a2d4851a1d" relativeResultsDirectory="89edfa7c-6217-49c7-8458-1b6cc2f9999a">
    </UnitTestResult>
    <UnitTestResult executionId="21ec5ee2-5688-4fac-8f41-c1cae350fb50" testId="da8af087-df0c-8562-0b18-6cdda3360a1f" testName="CCFTest" computerName="SAMCRUISE-PC" testType="13cdc9d9-ddb5-4fa4-a97d-d965ccfc6d4b" outcome="NotExecuted" testListId="8c84fa94-04c1-424b-9868-57a2d4851a1d" relativeResultsDirectory="21ec5ee2-5688-4fac-8f41-c1cae350fb50">
    </UnitTestResult>
    <UnitTestResult executionId="7db4d543-17c0-4f31-914a-37ac4e92bd9f" testId="4618a85c-6917-6864-cac1-68e9f062489d" testName="CPDTest" computerName="SAMCRUISE-PC" testType="13cdc9d9-ddb5-4fa4-a97d-d965ccfc6d4b" outcome="NotExecuted" testListId="8c84fa94-04c1-424b-9868-57a2d4851a1d" relativeResultsDirectory="7db4d543-17c0-4f31-914a-37ac4e92bd9f">
    </UnitTestResult>
    <UnitTestResult executionId="9ba25431-bf6f-42cf-b8af-55c0616b9ff4" testId="225c05c4-9748-a7c6-e24e-08b5a00f73ff" testName="CPDRTest" computerName="SAMCRUISE-PC" testType="13cdc9d9-ddb5-4fa4-a97d-d965ccfc6d4b" outcome="NotExecuted" testListId="8c84fa94-04c1-424b-9868-57a2d4851a1d" relativeResultsDirectory="9ba25431-bf6f-42cf-b8af-55c0616b9ff4">
    </UnitTestResult>
    <UnitTestResult executionId="443c23ca-9a9c-4218-a7f3-258e9ae40181" testId="e8d906d9-8fb1-1c4e-04ae-14b5b043e77e" testName="CPITest" computerName="SAMCRUISE-PC" testType="13cdc9d9-ddb5-4fa4-a97d-d965ccfc6d4b" outcome="NotExecuted" testListId="8c84fa94-04c1-424b-9868-57a2d4851a1d" relativeResultsDirectory="443c23ca-9a9c-4218-a7f3-258e9ae40181">
    </UnitTestResult>
    <UnitTestResult executionId="43fde2c2-ae97-429a-b984-84a863b6c930" testId="1a60954a-838a-08ce-4a89-0464a13b3a93" testName="CPIRTest" computerName="SAMCRUISE-PC" testType="13cdc9d9-ddb5-4fa4-a97d-d965ccfc6d4b" outcome="NotExecuted" testListId="8c84fa94-04c1-424b-9868-57a2d4851a1d" relativeResultsDirectory="43fde2c2-ae97-429a-b984-84a863b6c930">
    </UnitTestResult>
    <UnitTestResult executionId="f4e84096-3ca0-4dae-bd6e-6e86f5ee3266" testId="f8babc50-25ce-9eb4-fa02-2679067db866" testName="CPLTest" computerName="SAMCRUISE-PC" testType="13cdc9d9-ddb5-4fa4-a97d-d965ccfc6d4b" outcome="NotExecuted" testListId="8c84fa94-04c1-424b-9868-57a2d4851a1d" relativeResultsDirectory="f4e84096-3ca0-4dae-bd6e-6e86f5ee3266">
    </UnitTestResult>
    <UnitTestResult executionId="f0e3d039-8c03-426d-a647-7b73a892f822" testId="f418ccbd-868f-1cb5-4064-c312acb76e89" testName="CP_nTest" computerName="SAMCRUISE-PC" testType="13cdc9d9-ddb5-4fa4-a97d-d965ccfc6d4b" outcome="NotExecuted" testListId="8c84fa94-04c1-424b-9868-57a2d4851a1d" relativeResultsDirectory="f0e3d039-8c03-426d-a647-7b73a892f822">
    </UnitTestResult>
    <UnitTestResult executionId="f4222e17-945a-4344-b256-dab1df07fbfb" testId="6b710965-1677-6f38-b88e-91e3b8a9332f" testName="CP_rTest" computerName="SAMCRUISE-PC" testType="13cdc9d9-ddb5-4fa4-a97d-d965ccfc6d4b" outcome="NotExecuted" testListId="8c84fa94-04c1-424b-9868-57a2d4851a1d" relativeResultsDirectory="f4222e17-945a-4344-b256-dab1df07fbfb">
    </UnitTestResult>
    <UnitTestResult executionId="56180e61-03b2-4fc3-af26-9cefc73f48a7" testId="8e0d0db1-8d33-69b8-381b-66e942894b60" testName="DAATest" computerName="SAMCRUISE-PC" testType="13cdc9d9-ddb5-4fa4-a97d-d965ccfc6d4b" outcome="NotExecuted" testListId="8c84fa94-04c1-424b-9868-57a2d4851a1d" relativeResultsDirectory="56180e61-03b2-4fc3-af26-9cefc73f48a7">
    </UnitTestResult>
    <UnitTestResult executionId="da86030c-2822-4704-b7e1-71dbe0f506f4" testId="64f3a371-75dd-ff36-2172-a082a1bb01a7" testName="DEC_rTest" computerName="SAMCRUISE-PC" testType="13cdc9d9-ddb5-4fa4-a97d-d965ccfc6d4b" outcome="NotExecuted" testListId="8c84fa94-04c1-424b-9868-57a2d4851a1d" relativeResultsDirectory="da86030c-2822-4704-b7e1-71dbe0f506f4">
    </UnitTestResult>
    <UnitTestResult executionId="3644895f-f26f-485f-9f86-f0347321f7d5" testId="d40644e9-e5a2-7e4e-64e2-b6d9ec18d899" testName="DEC_ssTest" computerName="SAMCRUISE-PC" testType="13cdc9d9-ddb5-4fa4-a97d-d965ccfc6d4b" outcome="NotExecuted" testListId="8c84fa94-04c1-424b-9868-57a2d4851a1d" relativeResultsDirectory="3644895f-f26f-485f-9f86-f0347321f7d5">
    </UnitTestResult>
    <UnitTestResult executionId="19dcead8-40e8-47c9-8c80-770299e1227a" testId="e92b5c19-a5d8-72ee-80c0-df041dccc0be" testName="DITest" computerName="SAMCRUISE-PC" testType="13cdc9d9-ddb5-4fa4-a97d-d965ccfc6d4b" outcome="NotExecuted" testListId="8c84fa94-04c1-424b-9868-57a2d4851a1d" relativeResultsDirectory="19dcead8-40e8-47c9-8c80-770299e1227a">
    </UnitTestResult>
    <UnitTestResult executionId="af261279-a958-4b14-94cd-cd3c0a19ece3" testId="a5b3e069-d5dc-aae1-dab1-7ba2da7e0884" testName="DNJZTest" computerName="SAMCRUISE-PC" testType="13cdc9d9-ddb5-4fa4-a97d-d965ccfc6d4b" outcome="NotExecuted" testListId="8c84fa94-04c1-424b-9868-57a2d4851a1d" relativeResultsDirectory="af261279-a958-4b14-94cd-cd3c0a19ece3">
    </UnitTestResult>
    <UnitTestResult executionId="e12fadb6-c45f-493f-a967-8372afcd9ae1" testId="cbf56f62-df39-1b79-4acc-e7326d9dc27c" testName="EITest" computerName="SAMCRUISE-PC" testType="13cdc9d9-ddb5-4fa4-a97d-d965ccfc6d4b" outcome="NotExecuted" testListId="8c84fa94-04c1-424b-9868-57a2d4851a1d" relativeResultsDirectory="e12fadb6-c45f-493f-a967-8372afcd9ae1">
    </UnitTestResult>
    <UnitTestResult executionId="fdd6132a-7312-4c51-ad93-38f9f08deebb" testId="4362f3ce-6bef-c806-ed6a-f9a0e3284ef0" testName="EXXTest" computerName="SAMCRUISE-PC" testType="13cdc9d9-ddb5-4fa4-a97d-d965ccfc6d4b" outcome="NotExecuted" testListId="8c84fa94-04c1-424b-9868-57a2d4851a1d" relativeResultsDirectory="fdd6132a-7312-4c51-ad93-38f9f08deebb">
    </UnitTestResult>
    <UnitTestResult executionId="0dcfbc53-cb3a-4158-8a96-0f3220381fb5" testId="a99ddd4b-7030-4db6-9934-7cc5773a9396" testName="EX_AF_AF2Test" computerName="SAMCRUISE-PC" testType="13cdc9d9-ddb5-4fa4-a97d-d965ccfc6d4b" outcome="NotExecuted" testListId="8c84fa94-04c1-424b-9868-57a2d4851a1d" relativeResultsDirectory="0dcfbc53-cb3a-4158-8a96-0f3220381fb5">
    </UnitTestResult>
    <UnitTestResult executionId="2c5b548b-f7f1-4056-b225-82b9c048e7e7" testId="c6073ad2-1dfd-1823-7f61-0e4d779c6b0f" testName="EX_DE_HLTest" computerName="SAMCRUISE-PC" testType="13cdc9d9-ddb5-4fa4-a97d-d965ccfc6d4b" outcome="NotExecuted" testListId="8c84fa94-04c1-424b-9868-57a2d4851a1d" relativeResultsDirectory="2c5b548b-f7f1-4056-b225-82b9c048e7e7">
    </UnitTestResult>
    <UnitTestResult executionId="6d1454e2-2fcd-4699-befe-96dcf21160dd" testId="5ffd0124-37d8-11bf-fa8d-5062ee6afc91" testName="EX_SP_HLTest" computerName="SAMCRUISE-PC" testType="13cdc9d9-ddb5-4fa4-a97d-d965ccfc6d4b" outcome="NotExecuted" testListId="8c84fa94-04c1-424b-9868-57a2d4851a1d" relativeResultsDirectory="6d1454e2-2fcd-4699-befe-96dcf21160dd">
    </UnitTestResult>
    <UnitTestResult executionId="37c51d2b-f5ca-430b-a667-01da6dbd57c5" testId="cc8e988e-fc66-7582-921e-6f44ee2d4fb1" testName="HALTTest" computerName="SAMCRUISE-PC" testType="13cdc9d9-ddb5-4fa4-a97d-d965ccfc6d4b" outcome="NotExecuted" testListId="8c84fa94-04c1-424b-9868-57a2d4851a1d" relativeResultsDirectory="37c51d2b-f5ca-430b-a667-01da6dbd57c5">
    </UnitTestResult>
    <UnitTestResult executionId="ac36e267-0278-4487-938c-ae40f5ae42ef" testId="6993b04e-0773-c13a-ebf9-79006fbce62b" testName="IMTest" computerName="SAMCRUISE-PC" testType="13cdc9d9-ddb5-4fa4-a97d-d965ccfc6d4b" outcome="NotExecuted" testListId="8c84fa94-04c1-424b-9868-57a2d4851a1d" relativeResultsDirectory="ac36e267-0278-4487-938c-ae40f5ae42ef">
    </UnitTestResult>
    <UnitTestResult executionId="a0c39c03-87f6-4084-80a5-65e2fc67ec2e" testId="d16ad0a6-d821-4cca-9aac-518623adb362" testName="INC_rTest" computerName="SAMCRUISE-PC" testType="13cdc9d9-ddb5-4fa4-a97d-d965ccfc6d4b" outcome="NotExecuted" testListId="8c84fa94-04c1-424b-9868-57a2d4851a1d" relativeResultsDirectory="a0c39c03-87f6-4084-80a5-65e2fc67ec2e">
    </UnitTestResult>
    <UnitTestResult executionId="0485399c-37b7-46f8-8047-8c1a4c9bbe97" testId="d80f292a-b4c2-4be9-b82a-b5573e9be6f2" testName="INC_ssTest" computerName="SAMCRUISE-PC" testType="13cdc9d9-ddb5-4fa4-a97d-d965ccfc6d4b" outcome="NotExecuted" testListId="8c84fa94-04c1-424b-9868-57a2d4851a1d" relativeResultsDirectory="0485399c-37b7-46f8-8047-8c1a4c9bbe97">
    </UnitTestResult>
    <UnitTestResult executionId="46d03a92-aa49-457e-ae88-068415237773" testId="aece9089-8fd9-3739-7b3a-72bcdb4cb138" testName="INDTest" computerName="SAMCRUISE-PC" testType="13cdc9d9-ddb5-4fa4-a97d-d965ccfc6d4b" outcome="NotExecuted" testListId="8c84fa94-04c1-424b-9868-57a2d4851a1d" relativeResultsDirectory="46d03a92-aa49-457e-ae88-068415237773">
    </UnitTestResult>
    <UnitTestResult executionId="0f979686-5a0a-43a3-a581-397ade4a46e4" testId="0eef37c0-80da-2b47-8f3e-2850bbdef705" testName="INDRTest" computerName="SAMCRUISE-PC" testType="13cdc9d9-ddb5-4fa4-a97d-d965ccfc6d4b" outcome="NotExecuted" testListId="8c84fa94-04c1-424b-9868-57a2d4851a1d" relativeResultsDirectory="0f979686-5a0a-43a3-a581-397ade4a46e4">
    </UnitTestResult>
    <UnitTestResult executionId="cdf16b1a-663f-4834-9640-f418cc78ee64" testId="663717dd-e6fb-6ae6-4ed1-26415e1cd665" testName="INITest" computerName="SAMCRUISE-PC" testType="13cdc9d9-ddb5-4fa4-a97d-d965ccfc6d4b" outcome="NotExecuted" testListId="8c84fa94-04c1-424b-9868-57a2d4851a1d" relativeResultsDirectory="cdf16b1a-663f-4834-9640-f418cc78ee64">
    </UnitTestResult>
    <UnitTestResult executionId="5af59735-c5b4-4beb-87fd-6a8f59463ddb" testId="accb7fb6-557d-89fd-8c02-43ad3120a4e4" testName="INIRTest" computerName="SAMCRUISE-PC" testType="13cdc9d9-ddb5-4fa4-a97d-d965ccfc6d4b" outcome="NotExecuted" testListId="8c84fa94-04c1-424b-9868-57a2d4851a1d" relativeResultsDirectory="5af59735-c5b4-4beb-87fd-6a8f59463ddb">
    </UnitTestResult>
    <UnitTestResult executionId="991daaf3-6b17-4df0-ad54-9fe265ad4a68" testId="cb76c32f-1004-2d6e-4048-b5467b53a179" testName="IN_A_nTest" computerName="SAMCRUISE-PC" testType="13cdc9d9-ddb5-4fa4-a97d-d965ccfc6d4b" outcome="NotExecuted" testListId="8c84fa94-04c1-424b-9868-57a2d4851a1d" relativeResultsDirectory="991daaf3-6b17-4df0-ad54-9fe265ad4a68">
    </UnitTestResult>
    <UnitTestResult executionId="6571a430-30be-4f2a-8152-3a9585c1932e" testId="6af126f8-3922-fbad-35b8-bf549d275e90" testName="IN_r_CTest" computerName="SAMCRUISE-PC" testType="13cdc9d9-ddb5-4fa4-a97d-d965ccfc6d4b" outcome="NotExecuted" testListId="8c84fa94-04c1-424b-9868-57a2d4851a1d" relativeResultsDirectory="6571a430-30be-4f2a-8152-3a9585c1932e">
    </UnitTestResult>
    <UnitTestResult executionId="0bfa6ed7-e6d6-42ae-a18d-fcfe90260506" testId="644506c2-c887-ef59-e127-65e89db16cbc" testName="JP_HLTest" computerName="SAMCRUISE-PC" testType="13cdc9d9-ddb5-4fa4-a97d-d965ccfc6d4b" outcome="NotExecuted" testListId="8c84fa94-04c1-424b-9868-57a2d4851a1d" relativeResultsDirectory="0bfa6ed7-e6d6-42ae-a18d-fcfe90260506">
    </UnitTestResult>
    <UnitTestResult executionId="a9033136-2b48-4c5b-8e10-6d10742f5a9c" testId="2a561a82-d650-4928-a63a-372019177aa0" testName="JP_cc_nnTest" computerName="SAMCRUISE-PC" testType="13cdc9d9-ddb5-4fa4-a97d-d965ccfc6d4b" outcome="NotExecuted" testListId="8c84fa94-04c1-424b-9868-57a2d4851a1d" relativeResultsDirectory="a9033136-2b48-4c5b-8e10-6d10742f5a9c">
    </UnitTestResult>
    <UnitTestResult executionId="9c6ae672-f22f-4dfd-9a7d-c9725e788ece" testId="3cdbe969-b2db-38d4-00ab-7c7380efb3ba" testName="JP_nnTest" computerName="SAMCRUISE-PC" testType="13cdc9d9-ddb5-4fa4-a97d-d965ccfc6d4b" outcome="NotExecuted" testListId="8c84fa94-04c1-424b-9868-57a2d4851a1d" relativeResultsDirectory="9c6ae672-f22f-4dfd-9a7d-c9725e788ece">
    </UnitTestResult>
    <UnitTestResult executionId="0025f933-ab8c-46a7-9d00-fcb11d830085" testId="d987caa4-b236-d3ff-cce6-1360da40887d" testName="JRTest" computerName="SAMCRUISE-PC" testType="13cdc9d9-ddb5-4fa4-a97d-d965ccfc6d4b" outcome="NotExecuted" testListId="8c84fa94-04c1-424b-9868-57a2d4851a1d" relativeResultsDirectory="0025f933-ab8c-46a7-9d00-fcb11d830085">
    </UnitTestResult>
    <UnitTestResult executionId="e3f9fb41-3176-44b6-9523-791204df22d1" testId="2725660c-204c-cdd3-cc38-c8cb0969f291" testName="LDDTest" computerName="SAMCRUISE-PC" testType="13cdc9d9-ddb5-4fa4-a97d-d965ccfc6d4b" outcome="NotExecuted" testListId="8c84fa94-04c1-424b-9868-57a2d4851a1d" relativeResultsDirectory="e3f9fb41-3176-44b6-9523-791204df22d1">
    </UnitTestResult>
    <UnitTestResult executionId="af0426e4-d952-4116-a578-273ec7351e25" testId="fbf61387-acd6-ad6e-d454-963c3b13209e" testName="LDDRTest" computerName="SAMCRUISE-PC" testType="13cdc9d9-ddb5-4fa4-a97d-d965ccfc6d4b" outcome="NotExecuted" testListId="8c84fa94-04c1-424b-9868-57a2d4851a1d" relativeResultsDirectory="af0426e4-d952-4116-a578-273ec7351e25">
    </UnitTestResult>
    <UnitTestResult executionId="1e055146-1500-4057-953a-1a1439c5908a" testId="26cfd68c-0b2b-b154-5fee-9a7274b0546f" testName="LDITest" computerName="SAMCRUISE-PC" testType="13cdc9d9-ddb5-4fa4-a97d-d965ccfc6d4b" outcome="NotExecuted" testListId="8c84fa94-04c1-424b-9868-57a2d4851a1d" relativeResultsDirectory="1e055146-1500-4057-953a-1a1439c5908a">
    </UnitTestResult>
    <UnitTestResult executionId="3f99c73c-702f-4bbc-98e2-b10a21a2f9d1" testId="c6014464-c5a6-fa24-8780-9b58004c3f58" testName="LDIRTest" computerName="SAMCRUISE-PC" testType="13cdc9d9-ddb5-4fa4-a97d-d965ccfc6d4b" outcome="NotExecuted" testListId="8c84fa94-04c1-424b-9868-57a2d4851a1d" relativeResultsDirectory="3f99c73c-702f-4bbc-98e2-b10a21a2f9d1">
    </UnitTestResult>
    <UnitTestResult executionId="bd7dac1b-abac-43c0-ac75-d5031a88df80" testId="1098bc54-92c2-3c91-e91e-8afcd496d21e" testName="LD_A_BCTest" computerName="SAMCRUISE-PC" testType="13cdc9d9-ddb5-4fa4-a97d-d965ccfc6d4b" outcome="NotExecuted" testListId="8c84fa94-04c1-424b-9868-57a2d4851a1d" relativeResultsDirectory="bd7dac1b-abac-43c0-ac75-d5031a88df80">
    </UnitTestResult>
    <UnitTestResult executionId="1455bfbc-c563-489d-a603-461626594b6e" testId="dedf675d-4710-3439-30c1-2b6f394221dd" testName="LD_A_DETest" computerName="SAMCRUISE-PC" testType="13cdc9d9-ddb5-4fa4-a97d-d965ccfc6d4b" outcome="NotExecuted" testListId="8c84fa94-04c1-424b-9868-57a2d4851a1d" relativeResultsDirectory="1455bfbc-c563-489d-a603-461626594b6e">
    </UnitTestResult>
    <UnitTestResult executionId="1a7212f6-002f-41f6-88ed-561629f64434" testId="77ea9ad2-e5e0-4a61-f03a-bc81b141b08e" testName="LD_A_ITest" computerName="SAMCRUISE-PC" testType="13cdc9d9-ddb5-4fa4-a97d-d965ccfc6d4b" outcome="NotExecuted" testListId="8c84fa94-04c1-424b-9868-57a2d4851a1d" relativeResultsDirectory="1a7212f6-002f-41f6-88ed-561629f64434">
    </UnitTestResult>
    <UnitTestResult executionId="f2c0e451-5360-4d09-a5ae-d93f436713fc" testId="d6f365f5-4679-7038-6450-481adfa7d5c7" testName="LD_A_RTest" computerName="SAMCRUISE-PC" testType="13cdc9d9-ddb5-4fa4-a97d-d965ccfc6d4b" outcome="NotExecuted" testListId="8c84fa94-04c1-424b-9868-57a2d4851a1d" relativeResultsDirectory="f2c0e451-5360-4d09-a5ae-d93f436713fc">
    </UnitTestResult>
    <UnitTestResult executionId="d58fe542-c091-4767-92e6-ac9247110591" testId="3910ea2e-3d0e-baae-5cb5-ee5255a7ee35" testName="LD_A_nnTest" computerName="SAMCRUISE-PC" testType="13cdc9d9-ddb5-4fa4-a97d-d965ccfc6d4b" outcome="NotExecuted" testListId="8c84fa94-04c1-424b-9868-57a2d4851a1d" relativeResultsDirectory="d58fe542-c091-4767-92e6-ac9247110591">
    </UnitTestResult>
    <UnitTestResult executionId="f69e657b-6046-4bd3-9ca4-44e497adaf24" testId="82c0cf7c-d6a8-c070-d23c-58c9b55e047a" testName="LD_BC_ATest" computerName="SAMCRUISE-PC" testType="13cdc9d9-ddb5-4fa4-a97d-d965ccfc6d4b" outcome="NotExecuted" testListId="8c84fa94-04c1-424b-9868-57a2d4851a1d" relativeResultsDirectory="f69e657b-6046-4bd3-9ca4-44e497adaf24">
    </UnitTestResult>
    <UnitTestResult executionId="9666c388-5480-413a-842e-7e1b21d38ca6" testId="231bd03e-0d38-6cc5-0783-b65ae0f853d9" testName="LD_DE_ATest" computerName="SAMCRUISE-PC" testType="13cdc9d9-ddb5-4fa4-a97d-d965ccfc6d4b" outcome="NotExecuted" testListId="8c84fa94-04c1-424b-9868-57a2d4851a1d" relativeResultsDirectory="9666c388-5480-413a-842e-7e1b21d38ca6">
    </UnitTestResult>
    <UnitTestResult executionId="400a6ad8-0bbe-401a-ba6b-d2f07811576d" testId="7a984ac0-e42a-474e-dd34-f1980e6732d9" testName="LD_HL_nnTest" computerName="SAMCRUISE-PC" testType="13cdc9d9-ddb5-4fa4-a97d-d965ccfc6d4b" outcome="NotExecuted" testListId="8c84fa94-04c1-424b-9868-57a2d4851a1d" relativeResultsDirectory="400a6ad8-0bbe-401a-ba6b-d2f07811576d">
    </UnitTestResult>
    <UnitTestResult executionId="2233b6b6-d4ae-47a7-8565-94623f35775e" testId="8419ae4f-e0d9-7a9f-7f37-e3a84733904b" testName="LD_I_ATest" computerName="SAMCRUISE-PC" testType="13cdc9d9-ddb5-4fa4-a97d-d965ccfc6d4b" outcome="NotExecuted" testListId="8c84fa94-04c1-424b-9868-57a2d4851a1d" relativeResultsDirectory="2233b6b6-d4ae-47a7-8565-94623f35775e">
    </UnitTestResult>
    <UnitTestResult executionId="f2f4708c-cc3d-457e-b0ba-3d32fed616ce" testId="02081afb-f4e4-3f4d-8158-5c914990d541" testName="LD_R_ATest" computerName="SAMCRUISE-PC" testType="13cdc9d9-ddb5-4fa4-a97d-d965ccfc6d4b" outcome="NotExecuted" testListId="8c84fa94-04c1-424b-9868-57a2d4851a1d" relativeResultsDirectory="f2f4708c-cc3d-457e-b0ba-3d32fed616ce">
    </UnitTestResult>
    <UnitTestResult executionId="9cf3d448-78ca-47f6-b1aa-aabbefa2b262" testId="408ed624-5685-2cc2-3b5f-b6dc3f3441bf" testName="LD_SP_HLTest" computerName="SAMCRUISE-PC" testType="13cdc9d9-ddb5-4fa4-a97d-d965ccfc6d4b" outcome="NotExecuted" testListId="8c84fa94-04c1-424b-9868-57a2d4851a1d" relativeResultsDirectory="9cf3d448-78ca-47f6-b1aa-aabbefa2b262">
    </UnitTestResult>
    <UnitTestResult executionId="152d640b-d262-4cdb-8c1b-592e47ddf2a3" testId="9693f54a-8e39-e20e-ac44-1452f0049c4d" testName="LD_dd_nnTest" computerName="SAMCRUISE-PC" testType="13cdc9d9-ddb5-4fa4-a97d-d965ccfc6d4b" outcome="NotExecuted" testListId="8c84fa94-04c1-424b-9868-57a2d4851a1d" relativeResultsDirectory="152d640b-d262-4cdb-8c1b-592e47ddf2a3">
    </UnitTestResult>
    <UnitTestResult executionId="d753d1bf-677e-4ac9-94ec-6e89292bba34" testId="531135d4-b324-d795-f9f5-d51886e82803" testName="LD_dd_nn2Test" computerName="SAMCRUISE-PC" testType="13cdc9d9-ddb5-4fa4-a97d-d965ccfc6d4b" outcome="NotExecuted" testListId="8c84fa94-04c1-424b-9868-57a2d4851a1d" relativeResultsDirectory="d753d1bf-677e-4ac9-94ec-6e89292bba34">
    </UnitTestResult>
    <UnitTestResult executionId="1ae61ec9-cccd-40ab-a15a-1ce7af42874c" testId="9f97dc1f-2483-ec75-3db2-8e92253870cb" testName="LD_nn_ATest" computerName="SAMCRUISE-PC" testType="13cdc9d9-ddb5-4fa4-a97d-d965ccfc6d4b" outcome="NotExecuted" testListId="8c84fa94-04c1-424b-9868-57a2d4851a1d" relativeResultsDirectory="1ae61ec9-cccd-40ab-a15a-1ce7af42874c">
    </UnitTestResult>
    <UnitTestResult executionId="55b49a94-6139-49e2-92b3-78d373992301" testId="5fd1f04b-dac6-41bb-9db7-15f63c1db9f6" testName="LD_nn_HLTest" computerName="SAMCRUISE-PC" testType="13cdc9d9-ddb5-4fa4-a97d-d965ccfc6d4b" outcome="NotExecuted" testListId="8c84fa94-04c1-424b-9868-57a2d4851a1d" relativeResultsDirectory="55b49a94-6139-49e2-92b3-78d373992301">
    </UnitTestResult>
    <UnitTestResult executionId="6b238dd0-0c3f-4ad3-89c0-2eb9c1c961ce" testId="f9126364-3831-3363-8188-a09b575bcf73" testName="LD_nn_ddTest" computerName="SAMCRUISE-PC" testType="13cdc9d9-ddb5-4fa4-a97d-d965ccfc6d4b" outcome="NotExecuted" testListId="8c84fa94-04c1-424b-9868-57a2d4851a1d" relativeResultsDirectory="6b238dd0-0c3f-4ad3-89c0-2eb9c1c961ce">
    </UnitTestResult>
    <UnitTestResult executionId="d6d56e6b-73fe-4562-b90c-5d78fbf56484" testId="4ca40fc0-23e6-fedb-25b7-f0ba20aa5cc5" testName="LD_r_nTest" computerName="SAMCRUISE-PC" testType="13cdc9d9-ddb5-4fa4-a97d-d965ccfc6d4b" outcome="NotExecuted" testListId="8c84fa94-04c1-424b-9868-57a2d4851a1d" relativeResultsDirectory="d6d56e6b-73fe-4562-b90c-5d78fbf56484">
    </UnitTestResult>
    <UnitTestResult executionId="b1205da5-81fe-4c91-851a-a205dd6eb8a0" testId="4e29e539-acb7-4fe7-b58a-ad776d59b1bb" testName="LD_r_rTest" computerName="SAMCRUISE-PC" testType="13cdc9d9-ddb5-4fa4-a97d-d965ccfc6d4b" outcome="NotExecuted" testListId="8c84fa94-04c1-424b-9868-57a2d4851a1d" relativeResultsDirectory="b1205da5-81fe-4c91-851a-a205dd6eb8a0">
    </UnitTestResult>
    <UnitTestResult executionId="f56fc278-2cea-4ad6-8923-376f6535d2a8" testId="efeb0611-e5d6-72cb-f153-edd9546c4863" testName="NEGTest" computerName="SAMCRUISE-PC" testType="13cdc9d9-ddb5-4fa4-a97d-d965ccfc6d4b" outcome="NotExecuted" testListId="8c84fa94-04c1-424b-9868-57a2d4851a1d" relativeResultsDirectory="f56fc278-2cea-4ad6-8923-376f6535d2a8">
    </UnitTestResult>
    <UnitTestResult executionId="79d01de4-3425-4a79-91a6-d261c9956182" testId="ef38ddd6-7755-2790-0e1b-b39d5b54c463" testName="OR_nTest" computerName="SAMCRUISE-PC" testType="13cdc9d9-ddb5-4fa4-a97d-d965ccfc6d4b" outcome="NotExecuted" testListId="8c84fa94-04c1-424b-9868-57a2d4851a1d" relativeResultsDirectory="79d01de4-3425-4a79-91a6-d261c9956182">
    </UnitTestResult>
    <UnitTestResult executionId="840cc7b4-78fd-4315-a8d3-f82a65b7e4c1" testId="429a8c32-55b7-bbd1-b067-032d95921b55" testName="OR_rTest" computerName="SAMCRUISE-PC" testType="13cdc9d9-ddb5-4fa4-a97d-d965ccfc6d4b" outcome="NotExecuted" testListId="8c84fa94-04c1-424b-9868-57a2d4851a1d" relativeResultsDirectory="840cc7b4-78fd-4315-a8d3-f82a65b7e4c1">
    </UnitTestResult>
    <UnitTestResult executionId="910a85ff-44e7-41f7-ac7a-6daf82e8c68f" testId="6582c566-3514-80d9-5e8b-746b8c877c02" testName="OTDRTest" computerName="SAMCRUISE-PC" testType="13cdc9d9-ddb5-4fa4-a97d-d965ccfc6d4b" outcome="NotExecuted" testListId="8c84fa94-04c1-424b-9868-57a2d4851a1d" relativeResultsDirectory="910a85ff-44e7-41f7-ac7a-6daf82e8c68f">
    </UnitTestResult>
    <UnitTestResult executionId="e76fcb56-dc8e-4a3b-b15f-53f6b3594bc5" testId="613249bd-4594-d153-ca2b-015a8a45b6a0" testName="OTIRTest" computerName="SAMCRUISE-PC" testType="13cdc9d9-ddb5-4fa4-a97d-d965ccfc6d4b" outcome="NotExecuted" testListId="8c84fa94-04c1-424b-9868-57a2d4851a1d" relativeResultsDirectory="e76fcb56-dc8e-4a3b-b15f-53f6b3594bc5">
    </UnitTestResult>
    <UnitTestResult executionId="c101ca71-61a5-4042-8a88-4b34c44b2fb3" testId="1e0740c8-2234-8fea-75be-3168c953cfa8" testName="OUTDTest" computerName="SAMCRUISE-PC" testType="13cdc9d9-ddb5-4fa4-a97d-d965ccfc6d4b" outcome="NotExecuted" testListId="8c84fa94-04c1-424b-9868-57a2d4851a1d" relativeResultsDirectory="c101ca71-61a5-4042-8a88-4b34c44b2fb3">
    </UnitTestResult>
    <UnitTestResult executionId="710d87cf-2285-4191-94c5-d9558fe26e0e" testId="e500e466-400d-7a9d-97dd-2a6998d88e4b" testName="OUTITest" computerName="SAMCRUISE-PC" testType="13cdc9d9-ddb5-4fa4-a97d-d965ccfc6d4b" outcome="NotExecuted" testListId="8c84fa94-04c1-424b-9868-57a2d4851a1d" relativeResultsDirectory="710d87cf-2285-4191-94c5-d9558fe26e0e">
    </UnitTestResult>
    <UnitTestResult executionId="a469b588-3117-4009-b643-c19d5d2be6cc" testId="00f0e72d-0ee9-884c-1553-d761223ad003" testName="OUT_C_rTest" computerName="SAMCRUISE-PC" testType="13cdc9d9-ddb5-4fa4-a97d-d965ccfc6d4b" outcome="NotExecuted" testListId="8c84fa94-04c1-424b-9868-57a2d4851a1d" relativeResultsDirectory="a469b588-3117-4009-b643-c19d5d2be6cc">
    </UnitTestResult>
    <UnitTestResult executionId="e015d6b1-92a7-4156-b931-fa45fa517fe1" testId="ec3dceb2-7476-60e7-45c6-cb4ca611c1fd" testName="OUT_n_ATest" computerName="SAMCRUISE-PC" testType="13cdc9d9-ddb5-4fa4-a97d-d965ccfc6d4b" outcome="NotExecuted" testListId="8c84fa94-04c1-424b-9868-57a2d4851a1d" relativeResultsDirectory="e015d6b1-92a7-4156-b931-fa45fa517fe1">
    </UnitTestResult>
    <UnitTestResult executionId="e5dc8753-4e17-4430-aa7c-a0281cb485f7" testId="1fa28479-68b5-6739-9382-2a843d130358" testName="POP_qqTest" computerName="SAMCRUISE-PC" testType="13cdc9d9-ddb5-4fa4-a97d-d965ccfc6d4b" outcome="NotExecuted" testListId="8c84fa94-04c1-424b-9868-57a2d4851a1d" relativeResultsDirectory="e5dc8753-4e17-4430-aa7c-a0281cb485f7">
    </UnitTestResult>
    <UnitTestResult executionId="2c669a17-937b-4cf7-b3d9-f048ca026b75" testId="9084bd1d-64fc-c645-d3ae-df82e73934b3" testName="PUSH_qqTest" computerName="SAMCRUISE-PC" testType="13cdc9d9-ddb5-4fa4-a97d-d965ccfc6d4b" outcome="NotExecuted" testListId="8c84fa94-04c1-424b-9868-57a2d4851a1d" relativeResultsDirectory="2c669a17-937b-4cf7-b3d9-f048ca026b75">
    </UnitTestResult>
    <UnitTestResult executionId="37f16199-4a2e-4f90-a648-abbbb833a579" testId="ec8889aa-5c28-4621-dc4c-a1bae4f864b3" testName="RESTest" computerName="SAMCRUISE-PC" testType="13cdc9d9-ddb5-4fa4-a97d-d965ccfc6d4b" outcome="NotExecuted" testListId="8c84fa94-04c1-424b-9868-57a2d4851a1d" relativeResultsDirectory="37f16199-4a2e-4f90-a648-abbbb833a579">
    </UnitTestResult>
  </Results>
</TestRun>