<?xml version="1.0" encoding="UTF-8"?>
<TestRun id="c347e79e-b6ac-4a9e-905f-a618b050f4f3" name="samcruise@SAMCRUISE-PC 2012-11-02 17:30:44" runUser="samcruise-PC\samcruise" xmlns="http://microsoft.com/schemas/VisualStudio/TeamTest/2010">
  <TestSettings name="Local" id="65a1706e-8b80-420d-8876-f80050a1a2ce">
    <Description>These are default test settings for a local test run.</Description>
    <Deployment enabled="false" runDeploymentRoot="samcruise_SAMCRUISE-PC 2012-11-02 17_30_44">
      <DeploymentItem filename="c:\users\samcruise\documents\visual studio 2010\Projects\ZXSpectrum\ZXSpectrum\ZXSpectrum\bin\x86\Debug\ZXSpectrum.exe" />
    </Deployment>
    <Execution>
      <TestTypeSpecific />
      <AgentRule name="Execution Agents">
      </AgentRule>
    </Execution>
  </TestSettings>
  <Times creation="2012-11-02T17:30:44.0574779+00:00" queuing="2012-11-02T17:30:45.2430799+00:00" start="2012-11-02T17:30:45.3210801+00:00" finish="2012-11-02T17:30:47.5050839+00:00" />
  <ResultSummary outcome="Warning">
    <Counters total="111" executed="111" passed="111" error="0" failed="0" timeout="0" aborted="0" inconclusive="0" passedButRunAborted="0" notRunnable="0" notExecuted="0" disconnected="0" warning="0" completed="0" inProgress="0" pending="0" />
    <RunInfos>
      <RunInfo computerName="SAMCRUISE-PC" outcome="Warning" timestamp="2012-11-02T17:30:44.4474785+00:00">
        <Text>Deployment is currently disabled. The deployment item 'EmuTest.exe' on test 'TestProject2.Z80Test.SETTest' was not deployed.</Text>
      </RunInfo>
    </RunInfos>
  </ResultSummary>
  <TestDefinitions>
    <UnitTest name="SETTest" storage="c:\users\samcruise\documents\visual studio 2010\projects\zxspectrum\testproject2\bin\debug\testproject2.dll" id="9577c4f7-7003-b9c5-163a-7c5efd62ae51">
      <DeploymentItems>
        <DeploymentItem filename="EmuTest.exe" />
      </DeploymentItems>
      <Execution id="63207611-57ac-4485-8adf-f1b47bbe4a6a" />
      <TestMethod codeBase="C:/Users/samcruise/documents/visual studio 2010/Projects/ZXSpectrum/TestProject2/bin/Debug/TestProject2.DLL" adapterTypeName="Microsoft.VisualStudio.TestTools.TestTypes.Unit.UnitTestAdapter, Microsoft.VisualStudio.QualityTools.Tips.UnitTest.Adapter, Version=10.0.0.0, Culture=neutral, PublicKeyToken=b03f5f7f11d50a3a" className="TestProject2.Z80Test, TestProject2, Version=1.0.0.0, Culture=neutral, PublicKeyToken=null" name="SETTest" />
    </UnitTest>
    <UnitTest name="LD_nn_HLTest" storage="c:\users\samcruise\documents\visual studio 2010\projects\zxspectrum\testproject2\bin\debug\testproject2.dll" id="5fd1f04b-dac6-41bb-9db7-15f63c1db9f6">
      <DeploymentItems>
        <DeploymentItem filename="EmuTest.exe" />
      </DeploymentItems>
      <Execution id="9a6ba6c8-244c-4537-8cdd-90be5e93b88b" />
      <TestMethod codeBase="C:/Users/samcruise/documents/visual studio 2010/Projects/ZXSpectrum/TestProject2/bin/Debug/TestProject2.DLL" adapterTypeName="Microsoft.VisualStudio.TestTools.TestTypes.Unit.UnitTestAdapter, Microsoft.VisualStudio.QualityTools.Tips.UnitTest.Adapter, Version=10.0.0.0, Culture=neutral, PublicKeyToken=b03f5f7f11d50a3a" className="TestProject2.Z80Test, TestProject2, Version=1.0.0.0, Culture=neutral, PublicKeyToken=null" name="LD_nn_HLTest" />
    </UnitTest>
    <UnitTest name="RETNTest" storage="c:\users\samcruise\documents\visual studio 2010\projects\zxspectrum\testproject2\bin\debug\testproject2.dll" id="7a3748d0-d7ac-0d6f-14be-1f126ae99321">
      <DeploymentItems>
        <DeploymentItem filename="EmuTest.exe" />
      </DeploymentItems>
      <Execution id="7c53f18f-dbf4-4d7d-997e-36b22acbbcc1" />
      <TestMethod codeBase="C:/Users/samcruise/documents/visual studio 2010/Projects/ZXSpectrum/TestProject2/bin/Debug/TestProject2.DLL" adapterTypeName="Microsoft.VisualStudio.TestTools.TestTypes.Unit.UnitTestAdapter, Microsoft.VisualStudio.QualityTools.Tips.UnitTest.Adapter, Version=10.0.0.0, Culture=neutral, PublicKeyToken=b03f5f7f11d50a3a" className="TestProject2.Z80Test, TestProject2, Version=1.0.0.0, Culture=neutral, PublicKeyToken=null" name="RETNTest" />
    </UnitTest>
    <UnitTest name="SUB_rTest" storage="c:\users\samcruise\documents\visual studio 2010\projects\zxspectrum\testproject2\bin\debug\testproject2.dll" id="55171caa-19dd-2ede-1df5-fba7324e3535">
      <DeploymentItems>
        <DeploymentItem filename="EmuTest.exe" />
      </DeploymentItems>
      <Execution id="ea2b7cdb-2fc0-4235-84e3-909bb8344490" />
      <TestMethod codeBase="C:/Users/samcruise/documents/visual studio 2010/Projects/ZXSpectrum/TestProject2/bin/Debug/TestProject2.DLL" adapterTypeName="Microsoft.VisualStudio.TestTools.TestTypes.Unit.UnitTestAdapter, Microsoft.VisualStudio.QualityTools.Tips.UnitTest.Adapter, Version=10.0.0.0, Culture=neutral, PublicKeyToken=b03f5f7f11d50a3a" className="TestProject2.Z80Test, TestProject2, Version=1.0.0.0, Culture=neutral, PublicKeyToken=null" name="SUB_rTest" />
    </UnitTest>
    <UnitTest name="CPITest" storage="c:\users\samcruise\documents\visual studio 2010\projects\zxspectrum\testproject2\bin\debug\testproject2.dll" id="e8d906d9-8fb1-1c4e-04ae-14b5b043e77e">
      <DeploymentItems>
        <DeploymentItem filename="EmuTest.exe" />
      </DeploymentItems>
      <Execution id="2bcb259d-47a3-4308-8e83-6682820041ba" />
      <TestMethod codeBase="C:/Users/samcruise/documents/visual studio 2010/Projects/ZXSpectrum/TestProject2/bin/Debug/TestProject2.DLL" adapterTypeName="Microsoft.VisualStudio.TestTools.TestTypes.Unit.UnitTestAdapter, Microsoft.VisualStudio.QualityTools.Tips.UnitTest.Adapter, Version=10.0.0.0, Culture=neutral, PublicKeyToken=b03f5f7f11d50a3a" className="TestProject2.Z80Test, TestProject2, Version=1.0.0.0, Culture=neutral, PublicKeyToken=null" name="CPITest" />
    </UnitTest>
    <UnitTest name="RLCATest" storage="c:\users\samcruise\documents\visual studio 2010\projects\zxspectrum\testproject2\bin\debug\testproject2.dll" id="eb8ea76d-8f52-861c-adb1-87727b91e8dc">
      <DeploymentItems>
        <DeploymentItem filename="EmuTest.exe" />
      </DeploymentItems>
      <Execution id="531157e8-52bf-46ab-8583-2cbaebcc6712" />
      <TestMethod codeBase="C:/Users/samcruise/documents/visual studio 2010/Projects/ZXSpectrum/TestProject2/bin/Debug/TestProject2.DLL" adapterTypeName="Microsoft.VisualStudio.TestTools.TestTypes.Unit.UnitTestAdapter, Microsoft.VisualStudio.QualityTools.Tips.UnitTest.Adapter, Version=10.0.0.0, Culture=neutral, PublicKeyToken=b03f5f7f11d50a3a" className="TestProject2.Z80Test, TestProject2, Version=1.0.0.0, Culture=neutral, PublicKeyToken=null" name="RLCATest" />
    </UnitTest>
    <UnitTest name="OUT_C_rTest" storage="c:\users\samcruise\documents\visual studio 2010\projects\zxspectrum\testproject2\bin\debug\testproject2.dll" id="00f0e72d-0ee9-884c-1553-d761223ad003">
      <DeploymentItems>
        <DeploymentItem filename="EmuTest.exe" />
      </DeploymentItems>
      <Execution id="601d9003-ebbb-4cc8-b191-0d5591d95068" />
      <TestMethod codeBase="C:/Users/samcruise/documents/visual studio 2010/Projects/ZXSpectrum/TestProject2/bin/Debug/TestProject2.DLL" adapterTypeName="Microsoft.VisualStudio.TestTools.TestTypes.Unit.UnitTestAdapter, Microsoft.VisualStudio.QualityTools.Tips.UnitTest.Adapter, Version=10.0.0.0, Culture=neutral, PublicKeyToken=b03f5f7f11d50a3a" className="TestProject2.Z80Test, TestProject2, Version=1.0.0.0, Culture=neutral, PublicKeyToken=null" name="OUT_C_rTest" />
    </UnitTest>
    <UnitTest name="OUTITest" storage="c:\users\samcruise\documents\visual studio 2010\projects\zxspectrum\testproject2\bin\debug\testproject2.dll" id="e500e466-400d-7a9d-97dd-2a6998d88e4b">
      <DeploymentItems>
        <DeploymentItem filename="EmuTest.exe" />
      </DeploymentItems>
      <Execution id="c2445597-0f04-44ef-bb52-3b4e54dba27a" />
      <TestMethod codeBase="C:/Users/samcruise/documents/visual studio 2010/Projects/ZXSpectrum/TestProject2/bin/Debug/TestProject2.DLL" adapterTypeName="Microsoft.VisualStudio.TestTools.TestTypes.Unit.UnitTestAdapter, Microsoft.VisualStudio.QualityTools.Tips.UnitTest.Adapter, Version=10.0.0.0, Culture=neutral, PublicKeyToken=b03f5f7f11d50a3a" className="TestProject2.Z80Test, TestProject2, Version=1.0.0.0, Culture=neutral, PublicKeyToken=null" name="OUTITest" />
    </UnitTest>
    <UnitTest name="JP_cc_nnTest" storage="c:\users\samcruise\documents\visual studio 2010\projects\zxspectrum\testproject2\bin\debug\testproject2.dll" id="2a561a82-d650-4928-a63a-372019177aa0">
      <DeploymentItems>
        <DeploymentItem filename="EmuTest.exe" />
      </DeploymentItems>
      <Execution id="bea18ac1-61eb-4fdf-b221-dfbf9e0f1ae3" />
      <TestMethod codeBase="C:/Users/samcruise/documents/visual studio 2010/Projects/ZXSpectrum/TestProject2/bin/Debug/TestProject2.DLL" adapterTypeName="Microsoft.VisualStudio.TestTools.TestTypes.Unit.UnitTestAdapter, Microsoft.VisualStudio.QualityTools.Tips.UnitTest.Adapter, Version=10.0.0.0, Culture=neutral, PublicKeyToken=b03f5f7f11d50a3a" className="TestProject2.Z80Test, TestProject2, Version=1.0.0.0, Culture=neutral, PublicKeyToken=null" name="JP_cc_nnTest" />
    </UnitTest>
    <UnitTest name="RET_ccTest" storage="c:\users\samcruise\documents\visual studio 2010\projects\zxspectrum\testproject2\bin\debug\testproject2.dll" id="3a2e5b08-4e06-5e86-1556-043e5a55d63f">
      <DeploymentItems>
        <DeploymentItem filename="EmuTest.exe" />
      </DeploymentItems>
      <Execution id="d7bbe42e-daa2-4b68-bc88-e9e627afdb4f" />
      <TestMethod codeBase="C:/Users/samcruise/documents/visual studio 2010/Projects/ZXSpectrum/TestProject2/bin/Debug/TestProject2.DLL" adapterTypeName="Microsoft.VisualStudio.TestTools.TestTypes.Unit.UnitTestAdapter, Microsoft.VisualStudio.QualityTools.Tips.UnitTest.Adapter, Version=10.0.0.0, Culture=neutral, PublicKeyToken=b03f5f7f11d50a3a" className="TestProject2.Z80Test, TestProject2, Version=1.0.0.0, Culture=neutral, PublicKeyToken=null" name="RET_ccTest" />
    </UnitTest>
    <UnitTest name="ADD_A_rTest" storage="c:\users\samcruise\documents\visual studio 2010\projects\zxspectrum\testproject2\bin\debug\testproject2.dll" id="61cf7fd2-4675-4774-43a6-1058ba4d6886">
      <DeploymentItems>
        <DeploymentItem filename="EmuTest.exe" />
      </DeploymentItems>
      <Execution id="282ffc77-0455-49f6-b7ff-7b2e81a2d7f7" />
      <TestMethod codeBase="C:/Users/samcruise/documents/visual studio 2010/Projects/ZXSpectrum/TestProject2/bin/Debug/TestProject2.DLL" adapterTypeName="Microsoft.VisualStudio.TestTools.TestTypes.Unit.UnitTestAdapter, Microsoft.VisualStudio.QualityTools.Tips.UnitTest.Adapter, Version=10.0.0.0, Culture=neutral, PublicKeyToken=b03f5f7f11d50a3a" className="TestProject2.Z80Test, TestProject2, Version=1.0.0.0, Culture=neutral, PublicKeyToken=null" name="ADD_A_rTest" />
    </UnitTest>
    <UnitTest name="RLATest" storage="c:\users\samcruise\documents\visual studio 2010\projects\zxspectrum\testproject2\bin\debug\testproject2.dll" id="4a4a0e75-24b0-83d9-8bf1-cffe9a6c30c7">
      <DeploymentItems>
        <DeploymentItem filename="EmuTest.exe" />
      </DeploymentItems>
      <Execution id="2e50f223-84c7-4212-a87d-a64224681615" />
      <TestMethod codeBase="C:/Users/samcruise/documents/visual studio 2010/Projects/ZXSpectrum/TestProject2/bin/Debug/TestProject2.DLL" adapterTypeName="Microsoft.VisualStudio.TestTools.TestTypes.Unit.UnitTestAdapter, Microsoft.VisualStudio.QualityTools.Tips.UnitTest.Adapter, Version=10.0.0.0, Culture=neutral, PublicKeyToken=b03f5f7f11d50a3a" className="TestProject2.Z80Test, TestProject2, Version=1.0.0.0, Culture=neutral, PublicKeyToken=null" name="RLATest" />
    </UnitTest>
    <UnitTest name="OTIRTest" storage="c:\users\samcruise\documents\visual studio 2010\projects\zxspectrum\testproject2\bin\debug\testproject2.dll" id="613249bd-4594-d153-ca2b-015a8a45b6a0">
      <DeploymentItems>
        <DeploymentItem filename="EmuTest.exe" />
      </DeploymentItems>
      <Execution id="36cbdc7d-0cc8-4461-85a9-a1901bc99a2a" />
      <TestMethod codeBase="C:/Users/samcruise/documents/visual studio 2010/Projects/ZXSpectrum/TestProject2/bin/Debug/TestProject2.DLL" adapterTypeName="Microsoft.VisualStudio.TestTools.TestTypes.Unit.UnitTestAdapter, Microsoft.VisualStudio.QualityTools.Tips.UnitTest.Adapter, Version=10.0.0.0, Culture=neutral, PublicKeyToken=b03f5f7f11d50a3a" className="TestProject2.Z80Test, TestProject2, Version=1.0.0.0, Culture=neutral, PublicKeyToken=null" name="OTIRTest" />
    </UnitTest>
    <UnitTest name="LDITest" storage="c:\users\samcruise\documents\visual studio 2010\projects\zxspectrum\testproject2\bin\debug\testproject2.dll" id="26cfd68c-0b2b-b154-5fee-9a7274b0546f">
      <DeploymentItems>
        <DeploymentItem filename="EmuTest.exe" />
      </DeploymentItems>
      <Execution id="ac41e78f-c0b0-4ced-81d1-4ff99881b694" />
      <TestMethod codeBase="C:/Users/samcruise/documents/visual studio 2010/Projects/ZXSpectrum/TestProject2/bin/Debug/TestProject2.DLL" adapterTypeName="Microsoft.VisualStudio.TestTools.TestTypes.Unit.UnitTestAdapter, Microsoft.VisualStudio.QualityTools.Tips.UnitTest.Adapter, Version=10.0.0.0, Culture=neutral, PublicKeyToken=b03f5f7f11d50a3a" className="TestProject2.Z80Test, TestProject2, Version=1.0.0.0, Culture=neutral, PublicKeyToken=null" name="LDITest" />
    </UnitTest>
    <UnitTest name="DAATest" storage="c:\users\samcruise\documents\visual studio 2010\projects\zxspectrum\testproject2\bin\debug\testproject2.dll" id="8e0d0db1-8d33-69b8-381b-66e942894b60">
      <DeploymentItems>
        <DeploymentItem filename="EmuTest.exe" />
      </DeploymentItems>
      <Execution id="f400a643-4a59-49fa-adda-d07ce766b6af" />
      <TestMethod codeBase="C:/Users/samcruise/documents/visual studio 2010/Projects/ZXSpectrum/TestProject2/bin/Debug/TestProject2.DLL" adapterTypeName="Microsoft.VisualStudio.TestTools.TestTypes.Unit.UnitTestAdapter, Microsoft.VisualStudio.QualityTools.Tips.UnitTest.Adapter, Version=10.0.0.0, Culture=neutral, PublicKeyToken=b03f5f7f11d50a3a" className="TestProject2.Z80Test, TestProject2, Version=1.0.0.0, Culture=neutral, PublicKeyToken=null" name="DAATest" />
    </UnitTest>
    <UnitTest name="CALL_nnTest" storage="c:\users\samcruise\documents\visual studio 2010\projects\zxspectrum\testproject2\bin\debug\testproject2.dll" id="fa3e44b0-1a68-2b54-c8d6-5cd6535068e5">
      <DeploymentItems>
        <DeploymentItem filename="EmuTest.exe" />
      </DeploymentItems>
      <Execution id="ac833ca1-9e4e-42a8-b04e-b958f553465b" />
      <TestMethod codeBase="C:/Users/samcruise/documents/visual studio 2010/Projects/ZXSpectrum/TestProject2/bin/Debug/TestProject2.DLL" adapterTypeName="Microsoft.VisualStudio.TestTools.TestTypes.Unit.UnitTestAdapter, Microsoft.VisualStudio.QualityTools.Tips.UnitTest.Adapter, Version=10.0.0.0, Culture=neutral, PublicKeyToken=b03f5f7f11d50a3a" className="TestProject2.Z80Test, TestProject2, Version=1.0.0.0, Culture=neutral, PublicKeyToken=null" name="CALL_nnTest" />
    </UnitTest>
    <UnitTest name="LD_nn_ATest" storage="c:\users\samcruise\documents\visual studio 2010\projects\zxspectrum\testproject2\bin\debug\testproject2.dll" id="9f97dc1f-2483-ec75-3db2-8e92253870cb">
      <DeploymentItems>
        <DeploymentItem filename="EmuTest.exe" />
      </DeploymentItems>
      <Execution id="b8f14a85-cc2b-4ab7-b781-7073170086bc" />
      <TestMethod codeBase="C:/Users/samcruise/documents/visual studio 2010/Projects/ZXSpectrum/TestProject2/bin/Debug/TestProject2.DLL" adapterTypeName="Microsoft.VisualStudio.TestTools.TestTypes.Unit.UnitTestAdapter, Microsoft.VisualStudio.QualityTools.Tips.UnitTest.Adapter, Version=10.0.0.0, Culture=neutral, PublicKeyToken=b03f5f7f11d50a3a" className="TestProject2.Z80Test, TestProject2, Version=1.0.0.0, Culture=neutral, PublicKeyToken=null" name="LD_nn_ATest" />
    </UnitTest>
    <UnitTest name="SUB_nTest" storage="c:\users\samcruise\documents\visual studio 2010\projects\zxspectrum\testproject2\bin\debug\testproject2.dll" id="46c0ea6c-7511-1a43-1027-23d83e8af062">
      <DeploymentItems>
        <DeploymentItem filename="EmuTest.exe" />
      </DeploymentItems>
      <Execution id="36870c91-ded9-4fdb-9b66-730a5be73163" />
      <TestMethod codeBase="C:/Users/samcruise/documents/visual studio 2010/Projects/ZXSpectrum/TestProject2/bin/Debug/TestProject2.DLL" adapterTypeName="Microsoft.VisualStudio.TestTools.TestTypes.Unit.UnitTestAdapter, Microsoft.VisualStudio.QualityTools.Tips.UnitTest.Adapter, Version=10.0.0.0, Culture=neutral, PublicKeyToken=b03f5f7f11d50a3a" className="TestProject2.Z80Test, TestProject2, Version=1.0.0.0, Culture=neutral, PublicKeyToken=null" name="SUB_nTest" />
    </UnitTest>
    <UnitTest name="ADD_A_nTest" storage="c:\users\samcruise\documents\visual studio 2010\projects\zxspectrum\testproject2\bin\debug\testproject2.dll" id="0ebca460-c35e-fb90-0af2-4327104b42ae">
      <DeploymentItems>
        <DeploymentItem filename="EmuTest.exe" />
      </DeploymentItems>
      <Execution id="75f7f7da-baa4-4eb1-b16e-698af3d39481" />
      <TestMethod codeBase="C:/Users/samcruise/documents/visual studio 2010/Projects/ZXSpectrum/TestProject2/bin/Debug/TestProject2.DLL" adapterTypeName="Microsoft.VisualStudio.TestTools.TestTypes.Unit.UnitTestAdapter, Microsoft.VisualStudio.QualityTools.Tips.UnitTest.Adapter, Version=10.0.0.0, Culture=neutral, PublicKeyToken=b03f5f7f11d50a3a" className="TestProject2.Z80Test, TestProject2, Version=1.0.0.0, Culture=neutral, PublicKeyToken=null" name="ADD_A_nTest" />
    </UnitTest>
    <UnitTest name="INDRTest" storage="c:\users\samcruise\documents\visual studio 2010\projects\zxspectrum\testproject2\bin\debug\testproject2.dll" id="0eef37c0-80da-2b47-8f3e-2850bbdef705">
      <DeploymentItems>
        <DeploymentItem filename="EmuTest.exe" />
      </DeploymentItems>
      <Execution id="a5ebb1c8-e4f6-4dc8-a5b0-45589826a674" />
      <TestMethod codeBase="C:/Users/samcruise/documents/visual studio 2010/Projects/ZXSpectrum/TestProject2/bin/Debug/TestProject2.DLL" adapterTypeName="Microsoft.VisualStudio.TestTools.TestTypes.Unit.UnitTestAdapter, Microsoft.VisualStudio.QualityTools.Tips.UnitTest.Adapter, Version=10.0.0.0, Culture=neutral, PublicKeyToken=b03f5f7f11d50a3a" className="TestProject2.Z80Test, TestProject2, Version=1.0.0.0, Culture=neutral, PublicKeyToken=null" name="INDRTest" />
    </UnitTest>
    <UnitTest name="ZeroTest" storage="c:\users\samcruise\documents\visual studio 2010\projects\zxspectrum\testproject2\bin\debug\testproject2.dll" id="d4004087-56d4-1d0e-14c6-9815e660af61">
      <DeploymentItems>
        <DeploymentItem filename="EmuTest.exe" />
      </DeploymentItems>
      <Execution id="debaef63-67f7-43e1-8ed1-91079c0897b7" />
      <TestMethod codeBase="C:/Users/samcruise/documents/visual studio 2010/Projects/ZXSpectrum/TestProject2/bin/Debug/TestProject2.DLL" adapterTypeName="Microsoft.VisualStudio.TestTools.TestTypes.Unit.UnitTestAdapter, Microsoft.VisualStudio.QualityTools.Tips.UnitTest.Adapter, Version=10.0.0.0, Culture=neutral, PublicKeyToken=b03f5f7f11d50a3a" className="TestProject2.Z80Test, TestProject2, Version=1.0.0.0, Culture=neutral, PublicKeyToken=null" name="ZeroTest" />
    </UnitTest>
    <UnitTest name="OUTDTest" storage="c:\users\samcruise\documents\visual studio 2010\projects\zxspectrum\testproject2\bin\debug\testproject2.dll" id="1e0740c8-2234-8fea-75be-3168c953cfa8">
      <DeploymentItems>
        <DeploymentItem filename="EmuTest.exe" />
      </DeploymentItems>
      <Execution id="83d64dd7-6864-4d01-8f17-ec827e3c109a" />
      <TestMethod codeBase="C:/Users/samcruise/documents/visual studio 2010/Projects/ZXSpectrum/TestProject2/bin/Debug/TestProject2.DLL" adapterTypeName="Microsoft.VisualStudio.TestTools.TestTypes.Unit.UnitTestAdapter, Microsoft.VisualStudio.QualityTools.Tips.UnitTest.Adapter, Version=10.0.0.0, Culture=neutral, PublicKeyToken=b03f5f7f11d50a3a" className="TestProject2.Z80Test, TestProject2, Version=1.0.0.0, Culture=neutral, PublicKeyToken=null" name="OUTDTest" />
    </UnitTest>
    <UnitTest name="LD_R_ATest" storage="c:\users\samcruise\documents\visual studio 2010\projects\zxspectrum\testproject2\bin\debug\testproject2.dll" id="02081afb-f4e4-3f4d-8158-5c914990d541">
      <DeploymentItems>
        <DeploymentItem filename="EmuTest.exe" />
      </DeploymentItems>
      <Execution id="f7356379-1042-432b-ad01-0de608ac1ba0" />
      <TestMethod codeBase="C:/Users/samcruise/documents/visual studio 2010/Projects/ZXSpectrum/TestProject2/bin/Debug/TestProject2.DLL" adapterTypeName="Microsoft.VisualStudio.TestTools.TestTypes.Unit.UnitTestAdapter, Microsoft.VisualStudio.QualityTools.Tips.UnitTest.Adapter, Version=10.0.0.0, Culture=neutral, PublicKeyToken=b03f5f7f11d50a3a" className="TestProject2.Z80Test, TestProject2, Version=1.0.0.0, Culture=neutral, PublicKeyToken=null" name="LD_R_ATest" />
    </UnitTest>
    <UnitTest name="LD_dd_nn2Test" storage="c:\users\samcruise\documents\visual studio 2010\projects\zxspectrum\testproject2\bin\debug\testproject2.dll" id="531135d4-b324-d795-f9f5-d51886e82803">
      <DeploymentItems>
        <DeploymentItem filename="EmuTest.exe" />
      </DeploymentItems>
      <Execution id="9a7d2955-ad32-472f-b6a3-ff378b5f781c" />
      <TestMethod codeBase="C:/Users/samcruise/documents/visual studio 2010/Projects/ZXSpectrum/TestProject2/bin/Debug/TestProject2.DLL" adapterTypeName="Microsoft.VisualStudio.TestTools.TestTypes.Unit.UnitTestAdapter, Microsoft.VisualStudio.QualityTools.Tips.UnitTest.Adapter, Version=10.0.0.0, Culture=neutral, PublicKeyToken=b03f5f7f11d50a3a" className="TestProject2.Z80Test, TestProject2, Version=1.0.0.0, Culture=neutral, PublicKeyToken=null" name="LD_dd_nn2Test" />
    </UnitTest>
    <UnitTest name="LD_dd_nnTest" storage="c:\users\samcruise\documents\visual studio 2010\projects\zxspectrum\testproject2\bin\debug\testproject2.dll" id="9693f54a-8e39-e20e-ac44-1452f0049c4d">
      <DeploymentItems>
        <DeploymentItem filename="EmuTest.exe" />
      </DeploymentItems>
      <Execution id="36dde657-2e0d-4464-9498-ac1812b5d497" />
      <TestMethod codeBase="C:/Users/samcruise/documents/visual studio 2010/Projects/ZXSpectrum/TestProject2/bin/Debug/TestProject2.DLL" adapterTypeName="Microsoft.VisualStudio.TestTools.TestTypes.Unit.UnitTestAdapter, Microsoft.VisualStudio.QualityTools.Tips.UnitTest.Adapter, Version=10.0.0.0, Culture=neutral, PublicKeyToken=b03f5f7f11d50a3a" className="TestProject2.Z80Test, TestProject2, Version=1.0.0.0, Culture=neutral, PublicKeyToken=null" name="LD_dd_nnTest" />
    </UnitTest>
    <UnitTest name="LD_HL_nnTest" storage="c:\users\samcruise\documents\visual studio 2010\projects\zxspectrum\testproject2\bin\debug\testproject2.dll" id="7a984ac0-e42a-474e-dd34-f1980e6732d9">
      <DeploymentItems>
        <DeploymentItem filename="EmuTest.exe" />
      </DeploymentItems>
      <Execution id="42db68e5-1a7f-44f2-a627-d8a2d21300e4" />
      <TestMethod codeBase="C:/Users/samcruise/documents/visual studio 2010/Projects/ZXSpectrum/TestProject2/bin/Debug/TestProject2.DLL" adapterTypeName="Microsoft.VisualStudio.TestTools.TestTypes.Unit.UnitTestAdapter, Microsoft.VisualStudio.QualityTools.Tips.UnitTest.Adapter, Version=10.0.0.0, Culture=neutral, PublicKeyToken=b03f5f7f11d50a3a" className="TestProject2.Z80Test, TestProject2, Version=1.0.0.0, Culture=neutral, PublicKeyToken=null" name="LD_HL_nnTest" />
    </UnitTest>
    <UnitTest name="LDDRTest" storage="c:\users\samcruise\documents\visual studio 2010\projects\zxspectrum\testproject2\bin\debug\testproject2.dll" id="fbf61387-acd6-ad6e-d454-963c3b13209e">
      <DeploymentItems>
        <DeploymentItem filename="EmuTest.exe" />
      </DeploymentItems>
      <Execution id="d09f926c-0cc7-44fb-9ae6-1ae2471b844b" />
      <TestMethod codeBase="C:/Users/samcruise/documents/visual studio 2010/Projects/ZXSpectrum/TestProject2/bin/Debug/TestProject2.DLL" adapterTypeName="Microsoft.VisualStudio.TestTools.TestTypes.Unit.UnitTestAdapter, Microsoft.VisualStudio.QualityTools.Tips.UnitTest.Adapter, Version=10.0.0.0, Culture=neutral, PublicKeyToken=b03f5f7f11d50a3a" className="TestProject2.Z80Test, TestProject2, Version=1.0.0.0, Culture=neutral, PublicKeyToken=null" name="LDDRTest" />
    </UnitTest>
    <UnitTest name="LD_SP_HLTest" storage="c:\users\samcruise\documents\visual studio 2010\projects\zxspectrum\testproject2\bin\debug\testproject2.dll" id="408ed624-5685-2cc2-3b5f-b6dc3f3441bf">
      <DeploymentItems>
        <DeploymentItem filename="EmuTest.exe" />
      </DeploymentItems>
      <Execution id="3a22a3e6-fe85-4403-8e70-6d853330b059" />
      <TestMethod codeBase="C:/Users/samcruise/documents/visual studio 2010/Projects/ZXSpectrum/TestProject2/bin/Debug/TestProject2.DLL" adapterTypeName="Microsoft.VisualStudio.TestTools.TestTypes.Unit.UnitTestAdapter, Microsoft.VisualStudio.QualityTools.Tips.UnitTest.Adapter, Version=10.0.0.0, Culture=neutral, PublicKeyToken=b03f5f7f11d50a3a" className="TestProject2.Z80Test, TestProject2, Version=1.0.0.0, Culture=neutral, PublicKeyToken=null" name="LD_SP_HLTest" />
    </UnitTest>
    <UnitTest name="OR_rTest" storage="c:\users\samcruise\documents\visual studio 2010\projects\zxspectrum\testproject2\bin\debug\testproject2.dll" id="429a8c32-55b7-bbd1-b067-032d95921b55">
      <DeploymentItems>
        <DeploymentItem filename="EmuTest.exe" />
      </DeploymentItems>
      <Execution id="cbec2643-be25-4781-a20c-5f653955a240" />
      <TestMethod codeBase="C:/Users/samcruise/documents/visual studio 2010/Projects/ZXSpectrum/TestProject2/bin/Debug/TestProject2.DLL" adapterTypeName="Microsoft.VisualStudio.TestTools.TestTypes.Unit.UnitTestAdapter, Microsoft.VisualStudio.QualityTools.Tips.UnitTest.Adapter, Version=10.0.0.0, Culture=neutral, PublicKeyToken=b03f5f7f11d50a3a" className="TestProject2.Z80Test, TestProject2, Version=1.0.0.0, Culture=neutral, PublicKeyToken=null" name="OR_rTest" />
    </UnitTest>
    <UnitTest name="LD_DE_ATest" storage="c:\users\samcruise\documents\visual studio 2010\projects\zxspectrum\testproject2\bin\debug\testproject2.dll" id="231bd03e-0d38-6cc5-0783-b65ae0f853d9">
      <DeploymentItems>
        <DeploymentItem filename="EmuTest.exe" />
      </DeploymentItems>
      <Execution id="191ff5df-5cbb-4941-be7c-b98cedd3f3db" />
      <TestMethod codeBase="C:/Users/samcruise/documents/visual studio 2010/Projects/ZXSpectrum/TestProject2/bin/Debug/TestProject2.DLL" adapterTypeName="Microsoft.VisualStudio.TestTools.TestTypes.Unit.UnitTestAdapter, Microsoft.VisualStudio.QualityTools.Tips.UnitTest.Adapter, Version=10.0.0.0, Culture=neutral, PublicKeyToken=b03f5f7f11d50a3a" className="TestProject2.Z80Test, TestProject2, Version=1.0.0.0, Culture=neutral, PublicKeyToken=null" name="LD_DE_ATest" />
    </UnitTest>
    <UnitTest name="XOR_rTest" storage="c:\users\samcruise\documents\visual studio 2010\projects\zxspectrum\testproject2\bin\debug\testproject2.dll" id="436605de-6d1c-4402-615f-0938ced05851">
      <DeploymentItems>
        <DeploymentItem filename="EmuTest.exe" />
      </DeploymentItems>
      <Execution id="f72bdbfa-93cc-46ca-80b1-c0ec7f522e29" />
      <TestMethod codeBase="C:/Users/samcruise/documents/visual studio 2010/Projects/ZXSpectrum/TestProject2/bin/Debug/TestProject2.DLL" adapterTypeName="Microsoft.VisualStudio.TestTools.TestTypes.Unit.UnitTestAdapter, Microsoft.VisualStudio.QualityTools.Tips.UnitTest.Adapter, Version=10.0.0.0, Culture=neutral, PublicKeyToken=b03f5f7f11d50a3a" className="TestProject2.Z80Test, TestProject2, Version=1.0.0.0, Culture=neutral, PublicKeyToken=null" name="XOR_rTest" />
    </UnitTest>
    <UnitTest name="CP_rTest" storage="c:\users\samcruise\documents\visual studio 2010\projects\zxspectrum\testproject2\bin\debug\testproject2.dll" id="6b710965-1677-6f38-b88e-91e3b8a9332f">
      <DeploymentItems>
        <DeploymentItem filename="EmuTest.exe" />
      </DeploymentItems>
      <Execution id="2203c722-3468-4ac1-b9f7-48e91ce09a3e" />
      <TestMethod codeBase="C:/Users/samcruise/documents/visual studio 2010/Projects/ZXSpectrum/TestProject2/bin/Debug/TestProject2.DLL" adapterTypeName="Microsoft.VisualStudio.TestTools.TestTypes.Unit.UnitTestAdapter, Microsoft.VisualStudio.QualityTools.Tips.UnitTest.Adapter, Version=10.0.0.0, Culture=neutral, PublicKeyToken=b03f5f7f11d50a3a" className="TestProject2.Z80Test, TestProject2, Version=1.0.0.0, Culture=neutral, PublicKeyToken=null" name="CP_rTest" />
    </UnitTest>
    <UnitTest name="LD_nn_ddTest" storage="c:\users\samcruise\documents\visual studio 2010\projects\zxspectrum\testproject2\bin\debug\testproject2.dll" id="f9126364-3831-3363-8188-a09b575bcf73">
      <DeploymentItems>
        <DeploymentItem filename="EmuTest.exe" />
      </DeploymentItems>
      <Execution id="d3ff240e-5b95-4830-94c6-f92338249046" />
      <TestMethod codeBase="C:/Users/samcruise/documents/visual studio 2010/Projects/ZXSpectrum/TestProject2/bin/Debug/TestProject2.DLL" adapterTypeName="Microsoft.VisualStudio.TestTools.TestTypes.Unit.UnitTestAdapter, Microsoft.VisualStudio.QualityTools.Tips.UnitTest.Adapter, Version=10.0.0.0, Culture=neutral, PublicKeyToken=b03f5f7f11d50a3a" className="TestProject2.Z80Test, TestProject2, Version=1.0.0.0, Culture=neutral, PublicKeyToken=null" name="LD_nn_ddTest" />
    </UnitTest>
    <UnitTest name="ADC_HLTest" storage="c:\users\samcruise\documents\visual studio 2010\projects\zxspectrum\testproject2\bin\debug\testproject2.dll" id="0b4144dd-a347-7b17-997b-3df3b8ff73bd">
      <DeploymentItems>
        <DeploymentItem filename="EmuTest.exe" />
      </DeploymentItems>
      <Execution id="ac3b497c-a9b1-4bb5-83bf-715ad355febe" />
      <TestMethod codeBase="C:/Users/samcruise/documents/visual studio 2010/Projects/ZXSpectrum/TestProject2/bin/Debug/TestProject2.DLL" adapterTypeName="Microsoft.VisualStudio.TestTools.TestTypes.Unit.UnitTestAdapter, Microsoft.VisualStudio.QualityTools.Tips.UnitTest.Adapter, Version=10.0.0.0, Culture=neutral, PublicKeyToken=b03f5f7f11d50a3a" className="TestProject2.Z80Test, TestProject2, Version=1.0.0.0, Culture=neutral, PublicKeyToken=null" name="ADC_HLTest" />
    </UnitTest>
    <UnitTest name="IMTest" storage="c:\users\samcruise\documents\visual studio 2010\projects\zxspectrum\testproject2\bin\debug\testproject2.dll" id="6993b04e-0773-c13a-ebf9-79006fbce62b">
      <DeploymentItems>
        <DeploymentItem filename="EmuTest.exe" />
      </DeploymentItems>
      <Execution id="981beebb-15b5-4b87-b289-56e7df44386b" />
      <TestMethod codeBase="C:/Users/samcruise/documents/visual studio 2010/Projects/ZXSpectrum/TestProject2/bin/Debug/TestProject2.DLL" adapterTypeName="Microsoft.VisualStudio.TestTools.TestTypes.Unit.UnitTestAdapter, Microsoft.VisualStudio.QualityTools.Tips.UnitTest.Adapter, Version=10.0.0.0, Culture=neutral, PublicKeyToken=b03f5f7f11d50a3a" className="TestProject2.Z80Test, TestProject2, Version=1.0.0.0, Culture=neutral, PublicKeyToken=null" name="IMTest" />
    </UnitTest>
    <UnitTest name="PUSH_qqTest" storage="c:\users\samcruise\documents\visual studio 2010\projects\zxspectrum\testproject2\bin\debug\testproject2.dll" id="9084bd1d-64fc-c645-d3ae-df82e73934b3">
      <DeploymentItems>
        <DeploymentItem filename="EmuTest.exe" />
      </DeploymentItems>
      <Execution id="275d9160-cec2-4b05-980b-62590485627e" />
      <TestMethod codeBase="C:/Users/samcruise/documents/visual studio 2010/Projects/ZXSpectrum/TestProject2/bin/Debug/TestProject2.DLL" adapterTypeName="Microsoft.VisualStudio.TestTools.TestTypes.Unit.UnitTestAdapter, Microsoft.VisualStudio.QualityTools.Tips.UnitTest.Adapter, Version=10.0.0.0, Culture=neutral, PublicKeyToken=b03f5f7f11d50a3a" className="TestProject2.Z80Test, TestProject2, Version=1.0.0.0, Culture=neutral, PublicKeyToken=null" name="PUSH_qqTest" />
    </UnitTest>
    <UnitTest name="RLTest" storage="c:\users\samcruise\documents\visual studio 2010\projects\zxspectrum\testproject2\bin\debug\testproject2.dll" id="8d11f4ff-16dc-c6dd-67b2-df83947219f7">
      <DeploymentItems>
        <DeploymentItem filename="EmuTest.exe" />
      </DeploymentItems>
      <Execution id="fb7ca5c0-17b7-469e-919b-e14b3895f3e9" />
      <TestMethod codeBase="C:/Users/samcruise/documents/visual studio 2010/Projects/ZXSpectrum/TestProject2/bin/Debug/TestProject2.DLL" adapterTypeName="Microsoft.VisualStudio.TestTools.TestTypes.Unit.UnitTestAdapter, Microsoft.VisualStudio.QualityTools.Tips.UnitTest.Adapter, Version=10.0.0.0, Culture=neutral, PublicKeyToken=b03f5f7f11d50a3a" className="TestProject2.Z80Test, TestProject2, Version=1.0.0.0, Culture=neutral, PublicKeyToken=null" name="RLTest" />
    </UnitTest>
    <UnitTest name="SRATest" storage="c:\users\samcruise\documents\visual studio 2010\projects\zxspectrum\testproject2\bin\debug\testproject2.dll" id="d576b2e9-18ab-4c39-22d6-660b702088a3">
      <DeploymentItems>
        <DeploymentItem filename="EmuTest.exe" />
      </DeploymentItems>
      <Execution id="9e405798-3c4a-4966-ad51-0bffefccab33" />
      <TestMethod codeBase="C:/Users/samcruise/documents/visual studio 2010/Projects/ZXSpectrum/TestProject2/bin/Debug/TestProject2.DLL" adapterTypeName="Microsoft.VisualStudio.TestTools.TestTypes.Unit.UnitTestAdapter, Microsoft.VisualStudio.QualityTools.Tips.UnitTest.Adapter, Version=10.0.0.0, Culture=neutral, PublicKeyToken=b03f5f7f11d50a3a" className="TestProject2.Z80Test, TestProject2, Version=1.0.0.0, Culture=neutral, PublicKeyToken=null" name="SRATest" />
    </UnitTest>
    <UnitTest name="DEC_rTest" storage="c:\users\samcruise\documents\visual studio 2010\projects\zxspectrum\testproject2\bin\debug\testproject2.dll" id="64f3a371-75dd-ff36-2172-a082a1bb01a7">
      <DeploymentItems>
        <DeploymentItem filename="EmuTest.exe" />
      </DeploymentItems>
      <Execution id="0439c18a-de24-4db5-92aa-4a2b98c5d171" />
      <TestMethod codeBase="C:/Users/samcruise/documents/visual studio 2010/Projects/ZXSpectrum/TestProject2/bin/Debug/TestProject2.DLL" adapterTypeName="Microsoft.VisualStudio.TestTools.TestTypes.Unit.UnitTestAdapter, Microsoft.VisualStudio.QualityTools.Tips.UnitTest.Adapter, Version=10.0.0.0, Culture=neutral, PublicKeyToken=b03f5f7f11d50a3a" className="TestProject2.Z80Test, TestProject2, Version=1.0.0.0, Culture=neutral, PublicKeyToken=null" name="DEC_rTest" />
    </UnitTest>
    <UnitTest name="AND_rTest" storage="c:\users\samcruise\documents\visual studio 2010\projects\zxspectrum\testproject2\bin\debug\testproject2.dll" id="7769ab53-4bf0-a65b-8187-75daf24d1434">
      <DeploymentItems>
        <DeploymentItem filename="EmuTest.exe" />
      </DeploymentItems>
      <Execution id="86db1c05-4921-415b-9172-9750bac8df0c" />
      <TestMethod codeBase="C:/Users/samcruise/documents/visual studio 2010/Projects/ZXSpectrum/TestProject2/bin/Debug/TestProject2.DLL" adapterTypeName="Microsoft.VisualStudio.TestTools.TestTypes.Unit.UnitTestAdapter, Microsoft.VisualStudio.QualityTools.Tips.UnitTest.Adapter, Version=10.0.0.0, Culture=neutral, PublicKeyToken=b03f5f7f11d50a3a" className="TestProject2.Z80Test, TestProject2, Version=1.0.0.0, Culture=neutral, PublicKeyToken=null" name="AND_rTest" />
    </UnitTest>
    <UnitTest name="CarryTest" storage="c:\users\samcruise\documents\visual studio 2010\projects\zxspectrum\testproject2\bin\debug\testproject2.dll" id="6ea371f5-9713-1500-34a7-78647e13da18">
      <DeploymentItems>
        <DeploymentItem filename="EmuTest.exe" />
      </DeploymentItems>
      <Execution id="32686ce4-2c6f-4023-afb6-f2f6ea1bd0ba" />
      <TestMethod codeBase="C:/Users/samcruise/documents/visual studio 2010/Projects/ZXSpectrum/TestProject2/bin/Debug/TestProject2.DLL" adapterTypeName="Microsoft.VisualStudio.TestTools.TestTypes.Unit.UnitTestAdapter, Microsoft.VisualStudio.QualityTools.Tips.UnitTest.Adapter, Version=10.0.0.0, Culture=neutral, PublicKeyToken=b03f5f7f11d50a3a" className="TestProject2.Z80Test, TestProject2, Version=1.0.0.0, Culture=neutral, PublicKeyToken=null" name="CarryTest" />
    </UnitTest>
    <UnitTest name="INC_rTest" storage="c:\users\samcruise\documents\visual studio 2010\projects\zxspectrum\testproject2\bin\debug\testproject2.dll" id="d16ad0a6-d821-4cca-9aac-518623adb362">
      <DeploymentItems>
        <DeploymentItem filename="EmuTest.exe" />
      </DeploymentItems>
      <Execution id="3186cfcc-75c6-48ca-8582-79b824eddf1e" />
      <TestMethod codeBase="C:/Users/samcruise/documents/visual studio 2010/Projects/ZXSpectrum/TestProject2/bin/Debug/TestProject2.DLL" adapterTypeName="Microsoft.VisualStudio.TestTools.TestTypes.Unit.UnitTestAdapter, Microsoft.VisualStudio.QualityTools.Tips.UnitTest.Adapter, Version=10.0.0.0, Culture=neutral, PublicKeyToken=b03f5f7f11d50a3a" className="TestProject2.Z80Test, TestProject2, Version=1.0.0.0, Culture=neutral, PublicKeyToken=null" name="INC_rTest" />
    </UnitTest>
    <UnitTest name="BITTest" storage="c:\users\samcruise\documents\visual studio 2010\projects\zxspectrum\testproject2\bin\debug\testproject2.dll" id="7976e622-0553-0c71-cbd8-e8577be21b5d">
      <DeploymentItems>
        <DeploymentItem filename="EmuTest.exe" />
      </DeploymentItems>
      <Execution id="86aa1104-9c5b-40d4-9562-e88fbb404e8a" />
      <TestMethod codeBase="C:/Users/samcruise/documents/visual studio 2010/Projects/ZXSpectrum/TestProject2/bin/Debug/TestProject2.DLL" adapterTypeName="Microsoft.VisualStudio.TestTools.TestTypes.Unit.UnitTestAdapter, Microsoft.VisualStudio.QualityTools.Tips.UnitTest.Adapter, Version=10.0.0.0, Culture=neutral, PublicKeyToken=b03f5f7f11d50a3a" className="TestProject2.Z80Test, TestProject2, Version=1.0.0.0, Culture=neutral, PublicKeyToken=null" name="BITTest" />
    </UnitTest>
    <UnitTest name="LD_r_rTest" storage="c:\users\samcruise\documents\visual studio 2010\projects\zxspectrum\testproject2\bin\debug\testproject2.dll" id="4e29e539-acb7-4fe7-b58a-ad776d59b1bb">
      <DeploymentItems>
        <DeploymentItem filename="EmuTest.exe" />
      </DeploymentItems>
      <Execution id="c4e9c875-de35-42e3-948f-0ba5822e9aaf" />
      <TestMethod codeBase="C:/Users/samcruise/documents/visual studio 2010/Projects/ZXSpectrum/TestProject2/bin/Debug/TestProject2.DLL" adapterTypeName="Microsoft.VisualStudio.TestTools.TestTypes.Unit.UnitTestAdapter, Microsoft.VisualStudio.QualityTools.Tips.UnitTest.Adapter, Version=10.0.0.0, Culture=neutral, PublicKeyToken=b03f5f7f11d50a3a" className="TestProject2.Z80Test, TestProject2, Version=1.0.0.0, Culture=neutral, PublicKeyToken=null" name="LD_r_rTest" />
    </UnitTest>
    <UnitTest name="SBC_A_nTest" storage="c:\users\samcruise\documents\visual studio 2010\projects\zxspectrum\testproject2\bin\debug\testproject2.dll" id="f27d20d8-0856-98b6-055e-c7e96212608b">
      <DeploymentItems>
        <DeploymentItem filename="EmuTest.exe" />
      </DeploymentItems>
      <Execution id="2944fa5f-148a-41c8-b43d-353c5adde573" />
      <TestMethod codeBase="C:/Users/samcruise/documents/visual studio 2010/Projects/ZXSpectrum/TestProject2/bin/Debug/TestProject2.DLL" adapterTypeName="Microsoft.VisualStudio.TestTools.TestTypes.Unit.UnitTestAdapter, Microsoft.VisualStudio.QualityTools.Tips.UnitTest.Adapter, Version=10.0.0.0, Culture=neutral, PublicKeyToken=b03f5f7f11d50a3a" className="TestProject2.Z80Test, TestProject2, Version=1.0.0.0, Culture=neutral, PublicKeyToken=null" name="SBC_A_nTest" />
    </UnitTest>
    <UnitTest name="LD_A_RTest" storage="c:\users\samcruise\documents\visual studio 2010\projects\zxspectrum\testproject2\bin\debug\testproject2.dll" id="d6f365f5-4679-7038-6450-481adfa7d5c7">
      <DeploymentItems>
        <DeploymentItem filename="EmuTest.exe" />
      </DeploymentItems>
      <Execution id="96c3c174-34ba-4eb0-929a-ac29e5f3c3b4" />
      <TestMethod codeBase="C:/Users/samcruise/documents/visual studio 2010/Projects/ZXSpectrum/TestProject2/bin/Debug/TestProject2.DLL" adapterTypeName="Microsoft.VisualStudio.TestTools.TestTypes.Unit.UnitTestAdapter, Microsoft.VisualStudio.QualityTools.Tips.UnitTest.Adapter, Version=10.0.0.0, Culture=neutral, PublicKeyToken=b03f5f7f11d50a3a" className="TestProject2.Z80Test, TestProject2, Version=1.0.0.0, Culture=neutral, PublicKeyToken=null" name="LD_A_RTest" />
    </UnitTest>
    <UnitTest name="IN_A_nTest" storage="c:\users\samcruise\documents\visual studio 2010\projects\zxspectrum\testproject2\bin\debug\testproject2.dll" id="cb76c32f-1004-2d6e-4048-b5467b53a179">
      <DeploymentItems>
        <DeploymentItem filename="EmuTest.exe" />
      </DeploymentItems>
      <Execution id="102dc34c-949e-457e-a063-d08da624e753" />
      <TestMethod codeBase="C:/Users/samcruise/documents/visual studio 2010/Projects/ZXSpectrum/TestProject2/bin/Debug/TestProject2.DLL" adapterTypeName="Microsoft.VisualStudio.TestTools.TestTypes.Unit.UnitTestAdapter, Microsoft.VisualStudio.QualityTools.Tips.UnitTest.Adapter, Version=10.0.0.0, Culture=neutral, PublicKeyToken=b03f5f7f11d50a3a" className="TestProject2.Z80Test, TestProject2, Version=1.0.0.0, Culture=neutral, PublicKeyToken=null" name="IN_A_nTest" />
    </UnitTest>
    <UnitTest name="RRTest" storage="c:\users\samcruise\documents\visual studio 2010\projects\zxspectrum\testproject2\bin\debug\testproject2.dll" id="c00d5263-9362-91d8-9786-3cf7ff9338c7">
      <DeploymentItems>
        <DeploymentItem filename="EmuTest.exe" />
      </DeploymentItems>
      <Execution id="f0ffaa02-ee4b-4c8a-b76d-d724e80fc481" />
      <TestMethod codeBase="C:/Users/samcruise/documents/visual studio 2010/Projects/ZXSpectrum/TestProject2/bin/Debug/TestProject2.DLL" adapterTypeName="Microsoft.VisualStudio.TestTools.TestTypes.Unit.UnitTestAdapter, Microsoft.VisualStudio.QualityTools.Tips.UnitTest.Adapter, Version=10.0.0.0, Culture=neutral, PublicKeyToken=b03f5f7f11d50a3a" className="TestProject2.Z80Test, TestProject2, Version=1.0.0.0, Culture=neutral, PublicKeyToken=null" name="RRTest" />
    </UnitTest>
    <UnitTest name="SRLTest" storage="c:\users\samcruise\documents\visual studio 2010\projects\zxspectrum\testproject2\bin\debug\testproject2.dll" id="a281a993-54ac-242d-6e81-bd7ca5969d50">
      <DeploymentItems>
        <DeploymentItem filename="EmuTest.exe" />
      </DeploymentItems>
      <Execution id="1cfe86cd-ac7f-4296-a138-293a2926dce2" />
      <TestMethod codeBase="C:/Users/samcruise/documents/visual studio 2010/Projects/ZXSpectrum/TestProject2/bin/Debug/TestProject2.DLL" adapterTypeName="Microsoft.VisualStudio.TestTools.TestTypes.Unit.UnitTestAdapter, Microsoft.VisualStudio.QualityTools.Tips.UnitTest.Adapter, Version=10.0.0.0, Culture=neutral, PublicKeyToken=b03f5f7f11d50a3a" className="TestProject2.Z80Test, TestProject2, Version=1.0.0.0, Culture=neutral, PublicKeyToken=null" name="SRLTest" />
    </UnitTest>
    <UnitTest name="JRTest" storage="c:\users\samcruise\documents\visual studio 2010\projects\zxspectrum\testproject2\bin\debug\testproject2.dll" id="d987caa4-b236-d3ff-cce6-1360da40887d">
      <DeploymentItems>
        <DeploymentItem filename="EmuTest.exe" />
      </DeploymentItems>
      <Execution id="d30e2261-7718-46cb-b08f-f997281840c6" />
      <TestMethod codeBase="C:/Users/samcruise/documents/visual studio 2010/Projects/ZXSpectrum/TestProject2/bin/Debug/TestProject2.DLL" adapterTypeName="Microsoft.VisualStudio.TestTools.TestTypes.Unit.UnitTestAdapter, Microsoft.VisualStudio.QualityTools.Tips.UnitTest.Adapter, Version=10.0.0.0, Culture=neutral, PublicKeyToken=b03f5f7f11d50a3a" className="TestProject2.Z80Test, TestProject2, Version=1.0.0.0, Culture=neutral, PublicKeyToken=null" name="JRTest" />
    </UnitTest>
    <UnitTest name="RESTest" storage="c:\users\samcruise\documents\visual studio 2010\projects\zxspectrum\testproject2\bin\debug\testproject2.dll" id="ec8889aa-5c28-4621-dc4c-a1bae4f864b3">
      <DeploymentItems>
        <DeploymentItem filename="EmuTest.exe" />
      </DeploymentItems>
      <Execution id="535ea712-5002-4c83-8787-a35a6a242e32" />
      <TestMethod codeBase="C:/Users/samcruise/documents/visual studio 2010/Projects/ZXSpectrum/TestProject2/bin/Debug/TestProject2.DLL" adapterTypeName="Microsoft.VisualStudio.TestTools.TestTypes.Unit.UnitTestAdapter, Microsoft.VisualStudio.QualityTools.Tips.UnitTest.Adapter, Version=10.0.0.0, Culture=neutral, PublicKeyToken=b03f5f7f11d50a3a" className="TestProject2.Z80Test, TestProject2, Version=1.0.0.0, Culture=neutral, PublicKeyToken=null" name="RESTest" />
    </UnitTest>
    <UnitTest name="OR_nTest" storage="c:\users\samcruise\documents\visual studio 2010\projects\zxspectrum\testproject2\bin\debug\testproject2.dll" id="ef38ddd6-7755-2790-0e1b-b39d5b54c463">
      <DeploymentItems>
        <DeploymentItem filename="EmuTest.exe" />
      </DeploymentItems>
      <Execution id="e4f11eb7-5505-4539-822c-1bac25dcc522" />
      <TestMethod codeBase="C:/Users/samcruise/documents/visual studio 2010/Projects/ZXSpectrum/TestProject2/bin/Debug/TestProject2.DLL" adapterTypeName="Microsoft.VisualStudio.TestTools.TestTypes.Unit.UnitTestAdapter, Microsoft.VisualStudio.QualityTools.Tips.UnitTest.Adapter, Version=10.0.0.0, Culture=neutral, PublicKeyToken=b03f5f7f11d50a3a" className="TestProject2.Z80Test, TestProject2, Version=1.0.0.0, Culture=neutral, PublicKeyToken=null" name="OR_nTest" />
    </UnitTest>
    <UnitTest name="RLCTest" storage="c:\users\samcruise\documents\visual studio 2010\projects\zxspectrum\testproject2\bin\debug\testproject2.dll" id="5b87d4fd-91a2-2ead-ea51-310966889653">
      <DeploymentItems>
        <DeploymentItem filename="EmuTest.exe" />
      </DeploymentItems>
      <Execution id="943c1300-6787-483b-be08-e587df4be904" />
      <TestMethod codeBase="C:/Users/samcruise/documents/visual studio 2010/Projects/ZXSpectrum/TestProject2/bin/Debug/TestProject2.DLL" adapterTypeName="Microsoft.VisualStudio.TestTools.TestTypes.Unit.UnitTestAdapter, Microsoft.VisualStudio.QualityTools.Tips.UnitTest.Adapter, Version=10.0.0.0, Culture=neutral, PublicKeyToken=b03f5f7f11d50a3a" className="TestProject2.Z80Test, TestProject2, Version=1.0.0.0, Culture=neutral, PublicKeyToken=null" name="RLCTest" />
    </UnitTest>
    <UnitTest name="AND_nTest" storage="c:\users\samcruise\documents\visual studio 2010\projects\zxspectrum\testproject2\bin\debug\testproject2.dll" id="9f6c528b-5fee-7f40-d59f-122c6aa17338">
      <DeploymentItems>
        <DeploymentItem filename="EmuTest.exe" />
      </DeploymentItems>
      <Execution id="a86c8751-2a32-464b-b8a7-34edb02b9c8f" />
      <TestMethod codeBase="C:/Users/samcruise/documents/visual studio 2010/Projects/ZXSpectrum/TestProject2/bin/Debug/TestProject2.DLL" adapterTypeName="Microsoft.VisualStudio.TestTools.TestTypes.Unit.UnitTestAdapter, Microsoft.VisualStudio.QualityTools.Tips.UnitTest.Adapter, Version=10.0.0.0, Culture=neutral, PublicKeyToken=b03f5f7f11d50a3a" className="TestProject2.Z80Test, TestProject2, Version=1.0.0.0, Culture=neutral, PublicKeyToken=null" name="AND_nTest" />
    </UnitTest>
    <UnitTest name="RRCATest" storage="c:\users\samcruise\documents\visual studio 2010\projects\zxspectrum\testproject2\bin\debug\testproject2.dll" id="947b96e5-70b2-89ca-d911-83455c83ccaf">
      <DeploymentItems>
        <DeploymentItem filename="EmuTest.exe" />
      </DeploymentItems>
      <Execution id="a74f5ff6-fc2e-4aa0-829b-b309a346b360" />
      <TestMethod codeBase="C:/Users/samcruise/documents/visual studio 2010/Projects/ZXSpectrum/TestProject2/bin/Debug/TestProject2.DLL" adapterTypeName="Microsoft.VisualStudio.TestTools.TestTypes.Unit.UnitTestAdapter, Microsoft.VisualStudio.QualityTools.Tips.UnitTest.Adapter, Version=10.0.0.0, Culture=neutral, PublicKeyToken=b03f5f7f11d50a3a" className="TestProject2.Z80Test, TestProject2, Version=1.0.0.0, Culture=neutral, PublicKeyToken=null" name="RRCATest" />
    </UnitTest>
    <UnitTest name="POP_qqTest" storage="c:\users\samcruise\documents\visual studio 2010\projects\zxspectrum\testproject2\bin\debug\testproject2.dll" id="1fa28479-68b5-6739-9382-2a843d130358">
      <DeploymentItems>
        <DeploymentItem filename="EmuTest.exe" />
      </DeploymentItems>
      <Execution id="252af3e0-07b4-43c0-ab71-a8405292a0fb" />
      <TestMethod codeBase="C:/Users/samcruise/documents/visual studio 2010/Projects/ZXSpectrum/TestProject2/bin/Debug/TestProject2.DLL" adapterTypeName="Microsoft.VisualStudio.TestTools.TestTypes.Unit.UnitTestAdapter, Microsoft.VisualStudio.QualityTools.Tips.UnitTest.Adapter, Version=10.0.0.0, Culture=neutral, PublicKeyToken=b03f5f7f11d50a3a" className="TestProject2.Z80Test, TestProject2, Version=1.0.0.0, Culture=neutral, PublicKeyToken=null" name="POP_qqTest" />
    </UnitTest>
    <UnitTest name="EX_SP_HLTest" storage="c:\users\samcruise\documents\visual studio 2010\projects\zxspectrum\testproject2\bin\debug\testproject2.dll" id="5ffd0124-37d8-11bf-fa8d-5062ee6afc91">
      <DeploymentItems>
        <DeploymentItem filename="EmuTest.exe" />
      </DeploymentItems>
      <Execution id="f8406791-f1c9-4756-a541-a10c57ef7291" />
      <TestMethod codeBase="C:/Users/samcruise/documents/visual studio 2010/Projects/ZXSpectrum/TestProject2/bin/Debug/TestProject2.DLL" adapterTypeName="Microsoft.VisualStudio.TestTools.TestTypes.Unit.UnitTestAdapter, Microsoft.VisualStudio.QualityTools.Tips.UnitTest.Adapter, Version=10.0.0.0, Culture=neutral, PublicKeyToken=b03f5f7f11d50a3a" className="TestProject2.Z80Test, TestProject2, Version=1.0.0.0, Culture=neutral, PublicKeyToken=null" name="EX_SP_HLTest" />
    </UnitTest>
    <UnitTest name="LD_A_nnTest" storage="c:\users\samcruise\documents\visual studio 2010\projects\zxspectrum\testproject2\bin\debug\testproject2.dll" id="3910ea2e-3d0e-baae-5cb5-ee5255a7ee35">
      <DeploymentItems>
        <DeploymentItem filename="EmuTest.exe" />
      </DeploymentItems>
      <Execution id="5e5f72b0-c78f-49e1-a147-5e7eaaa5ac4c" />
      <TestMethod codeBase="C:/Users/samcruise/documents/visual studio 2010/Projects/ZXSpectrum/TestProject2/bin/Debug/TestProject2.DLL" adapterTypeName="Microsoft.VisualStudio.TestTools.TestTypes.Unit.UnitTestAdapter, Microsoft.VisualStudio.QualityTools.Tips.UnitTest.Adapter, Version=10.0.0.0, Culture=neutral, PublicKeyToken=b03f5f7f11d50a3a" className="TestProject2.Z80Test, TestProject2, Version=1.0.0.0, Culture=neutral, PublicKeyToken=null" name="LD_A_nnTest" />
    </UnitTest>
    <UnitTest name="XOR_nTest" storage="c:\users\samcruise\documents\visual studio 2010\projects\zxspectrum\testproject2\bin\debug\testproject2.dll" id="2d6e4e36-5fe1-42c4-5c13-c7a8f483806d">
      <DeploymentItems>
        <DeploymentItem filename="EmuTest.exe" />
      </DeploymentItems>
      <Execution id="58d84dbc-9895-47b7-8cba-a8d336a9deed" />
      <TestMethod codeBase="C:/Users/samcruise/documents/visual studio 2010/Projects/ZXSpectrum/TestProject2/bin/Debug/TestProject2.DLL" adapterTypeName="Microsoft.VisualStudio.TestTools.TestTypes.Unit.UnitTestAdapter, Microsoft.VisualStudio.QualityTools.Tips.UnitTest.Adapter, Version=10.0.0.0, Culture=neutral, PublicKeyToken=b03f5f7f11d50a3a" className="TestProject2.Z80Test, TestProject2, Version=1.0.0.0, Culture=neutral, PublicKeyToken=null" name="XOR_nTest" />
    </UnitTest>
    <UnitTest name="DNJZTest" storage="c:\users\samcruise\documents\visual studio 2010\projects\zxspectrum\testproject2\bin\debug\testproject2.dll" id="a5b3e069-d5dc-aae1-dab1-7ba2da7e0884">
      <DeploymentItems>
        <DeploymentItem filename="EmuTest.exe" />
      </DeploymentItems>
      <Execution id="4db62c22-a75c-467d-b768-b8df53194b5f" />
      <TestMethod codeBase="C:/Users/samcruise/documents/visual studio 2010/Projects/ZXSpectrum/TestProject2/bin/Debug/TestProject2.DLL" adapterTypeName="Microsoft.VisualStudio.TestTools.TestTypes.Unit.UnitTestAdapter, Microsoft.VisualStudio.QualityTools.Tips.UnitTest.Adapter, Version=10.0.0.0, Culture=neutral, PublicKeyToken=b03f5f7f11d50a3a" className="TestProject2.Z80Test, TestProject2, Version=1.0.0.0, Culture=neutral, PublicKeyToken=null" name="DNJZTest" />
    </UnitTest>
    <UnitTest name="OUT_n_ATest" storage="c:\users\samcruise\documents\visual studio 2010\projects\zxspectrum\testproject2\bin\debug\testproject2.dll" id="ec3dceb2-7476-60e7-45c6-cb4ca611c1fd">
      <DeploymentItems>
        <DeploymentItem filename="EmuTest.exe" />
      </DeploymentItems>
      <Execution id="97264522-5027-421d-9821-bf7cd28d795e" />
      <TestMethod codeBase="C:/Users/samcruise/documents/visual studio 2010/Projects/ZXSpectrum/TestProject2/bin/Debug/TestProject2.DLL" adapterTypeName="Microsoft.VisualStudio.TestTools.TestTypes.Unit.UnitTestAdapter, Microsoft.VisualStudio.QualityTools.Tips.UnitTest.Adapter, Version=10.0.0.0, Culture=neutral, PublicKeyToken=b03f5f7f11d50a3a" className="TestProject2.Z80Test, TestProject2, Version=1.0.0.0, Culture=neutral, PublicKeyToken=null" name="OUT_n_ATest" />
    </UnitTest>
    <UnitTest name="NEGTest" storage="c:\users\samcruise\documents\visual studio 2010\projects\zxspectrum\testproject2\bin\debug\testproject2.dll" id="efeb0611-e5d6-72cb-f153-edd9546c4863">
      <DeploymentItems>
        <DeploymentItem filename="EmuTest.exe" />
      </DeploymentItems>
      <Execution id="a922986f-0f2e-4646-aac9-7dde1331d98d" />
      <TestMethod codeBase="C:/Users/samcruise/documents/visual studio 2010/Projects/ZXSpectrum/TestProject2/bin/Debug/TestProject2.DLL" adapterTypeName="Microsoft.VisualStudio.TestTools.TestTypes.Unit.UnitTestAdapter, Microsoft.VisualStudio.QualityTools.Tips.UnitTest.Adapter, Version=10.0.0.0, Culture=neutral, PublicKeyToken=b03f5f7f11d50a3a" className="TestProject2.Z80Test, TestProject2, Version=1.0.0.0, Culture=neutral, PublicKeyToken=null" name="NEGTest" />
    </UnitTest>
    <UnitTest name="LD_A_DETest" storage="c:\users\samcruise\documents\visual studio 2010\projects\zxspectrum\testproject2\bin\debug\testproject2.dll" id="dedf675d-4710-3439-30c1-2b6f394221dd">
      <DeploymentItems>
        <DeploymentItem filename="EmuTest.exe" />
      </DeploymentItems>
      <Execution id="11cd1fab-7c87-42c7-961d-3f6439d5373b" />
      <TestMethod codeBase="C:/Users/samcruise/documents/visual studio 2010/Projects/ZXSpectrum/TestProject2/bin/Debug/TestProject2.DLL" adapterTypeName="Microsoft.VisualStudio.TestTools.TestTypes.Unit.UnitTestAdapter, Microsoft.VisualStudio.QualityTools.Tips.UnitTest.Adapter, Version=10.0.0.0, Culture=neutral, PublicKeyToken=b03f5f7f11d50a3a" className="TestProject2.Z80Test, TestProject2, Version=1.0.0.0, Culture=neutral, PublicKeyToken=null" name="LD_A_DETest" />
    </UnitTest>
    <UnitTest name="INIRTest" storage="c:\users\samcruise\documents\visual studio 2010\projects\zxspectrum\testproject2\bin\debug\testproject2.dll" id="accb7fb6-557d-89fd-8c02-43ad3120a4e4">
      <DeploymentItems>
        <DeploymentItem filename="EmuTest.exe" />
      </DeploymentItems>
      <Execution id="f832ae4c-56e3-49d0-8580-2d8c5caf4033" />
      <TestMethod codeBase="C:/Users/samcruise/documents/visual studio 2010/Projects/ZXSpectrum/TestProject2/bin/Debug/TestProject2.DLL" adapterTypeName="Microsoft.VisualStudio.TestTools.TestTypes.Unit.UnitTestAdapter, Microsoft.VisualStudio.QualityTools.Tips.UnitTest.Adapter, Version=10.0.0.0, Culture=neutral, PublicKeyToken=b03f5f7f11d50a3a" className="TestProject2.Z80Test, TestProject2, Version=1.0.0.0, Culture=neutral, PublicKeyToken=null" name="INIRTest" />
    </UnitTest>
    <UnitTest name="SBC_A_rTest" storage="c:\users\samcruise\documents\visual studio 2010\projects\zxspectrum\testproject2\bin\debug\testproject2.dll" id="3c62e18b-0679-84be-4297-06f24bddccec">
      <DeploymentItems>
        <DeploymentItem filename="EmuTest.exe" />
      </DeploymentItems>
      <Execution id="7ac56754-fa6d-46aa-a8e2-6ea7aac8fe6b" />
      <TestMethod codeBase="C:/Users/samcruise/documents/visual studio 2010/Projects/ZXSpectrum/TestProject2/bin/Debug/TestProject2.DLL" adapterTypeName="Microsoft.VisualStudio.TestTools.TestTypes.Unit.UnitTestAdapter, Microsoft.VisualStudio.QualityTools.Tips.UnitTest.Adapter, Version=10.0.0.0, Culture=neutral, PublicKeyToken=b03f5f7f11d50a3a" className="TestProject2.Z80Test, TestProject2, Version=1.0.0.0, Culture=neutral, PublicKeyToken=null" name="SBC_A_rTest" />
    </UnitTest>
    <UnitTest name="SBC_HLTest" storage="c:\users\samcruise\documents\visual studio 2010\projects\zxspectrum\testproject2\bin\debug\testproject2.dll" id="395f2e6e-8b8a-dab4-6961-5d67ff30ad80">
      <DeploymentItems>
        <DeploymentItem filename="EmuTest.exe" />
      </DeploymentItems>
      <Execution id="5595be47-3812-4a3f-bca9-fa1eb3845e10" />
      <TestMethod codeBase="C:/Users/samcruise/documents/visual studio 2010/Projects/ZXSpectrum/TestProject2/bin/Debug/TestProject2.DLL" adapterTypeName="Microsoft.VisualStudio.TestTools.TestTypes.Unit.UnitTestAdapter, Microsoft.VisualStudio.QualityTools.Tips.UnitTest.Adapter, Version=10.0.0.0, Culture=neutral, PublicKeyToken=b03f5f7f11d50a3a" className="TestProject2.Z80Test, TestProject2, Version=1.0.0.0, Culture=neutral, PublicKeyToken=null" name="SBC_HLTest" />
    </UnitTest>
    <UnitTest name="CPDRTest" storage="c:\users\samcruise\documents\visual studio 2010\projects\zxspectrum\testproject2\bin\debug\testproject2.dll" id="225c05c4-9748-a7c6-e24e-08b5a00f73ff">
      <DeploymentItems>
        <DeploymentItem filename="EmuTest.exe" />
      </DeploymentItems>
      <Execution id="29ddcbcd-f819-43c5-901a-c6383669d9c5" />
      <TestMethod codeBase="C:/Users/samcruise/documents/visual studio 2010/Projects/ZXSpectrum/TestProject2/bin/Debug/TestProject2.DLL" adapterTypeName="Microsoft.VisualStudio.TestTools.TestTypes.Unit.UnitTestAdapter, Microsoft.VisualStudio.QualityTools.Tips.UnitTest.Adapter, Version=10.0.0.0, Culture=neutral, PublicKeyToken=b03f5f7f11d50a3a" className="TestProject2.Z80Test, TestProject2, Version=1.0.0.0, Culture=neutral, PublicKeyToken=null" name="CPDRTest" />
    </UnitTest>
    <UnitTest name="SLLTest" storage="c:\users\samcruise\documents\visual studio 2010\projects\zxspectrum\testproject2\bin\debug\testproject2.dll" id="3f3d6718-39ff-7fa1-2efb-6ac794445b3b">
      <DeploymentItems>
        <DeploymentItem filename="EmuTest.exe" />
      </DeploymentItems>
      <Execution id="9be1c5fe-7d08-4865-9559-8480e9cd6027" />
      <TestMethod codeBase="C:/Users/samcruise/documents/visual studio 2010/Projects/ZXSpectrum/TestProject2/bin/Debug/TestProject2.DLL" adapterTypeName="Microsoft.VisualStudio.TestTools.TestTypes.Unit.UnitTestAdapter, Microsoft.VisualStudio.QualityTools.Tips.UnitTest.Adapter, Version=10.0.0.0, Culture=neutral, PublicKeyToken=b03f5f7f11d50a3a" className="TestProject2.Z80Test, TestProject2, Version=1.0.0.0, Culture=neutral, PublicKeyToken=null" name="SLLTest" />
    </UnitTest>
    <UnitTest name="INC_ssTest" storage="c:\users\samcruise\documents\visual studio 2010\projects\zxspectrum\testproject2\bin\debug\testproject2.dll" id="d80f292a-b4c2-4be9-b82a-b5573e9be6f2">
      <DeploymentItems>
        <DeploymentItem filename="EmuTest.exe" />
      </DeploymentItems>
      <Execution id="3ae83230-ebb8-4962-bcf1-1490d7b5b400" />
      <TestMethod codeBase="C:/Users/samcruise/documents/visual studio 2010/Projects/ZXSpectrum/TestProject2/bin/Debug/TestProject2.DLL" adapterTypeName="Microsoft.VisualStudio.TestTools.TestTypes.Unit.UnitTestAdapter, Microsoft.VisualStudio.QualityTools.Tips.UnitTest.Adapter, Version=10.0.0.0, Culture=neutral, PublicKeyToken=b03f5f7f11d50a3a" className="TestProject2.Z80Test, TestProject2, Version=1.0.0.0, Culture=neutral, PublicKeyToken=null" name="INC_ssTest" />
    </UnitTest>
    <UnitTest name="JP_nnTest" storage="c:\users\samcruise\documents\visual studio 2010\projects\zxspectrum\testproject2\bin\debug\testproject2.dll" id="3cdbe969-b2db-38d4-00ab-7c7380efb3ba">
      <DeploymentItems>
        <DeploymentItem filename="EmuTest.exe" />
      </DeploymentItems>
      <Execution id="221ddf05-598d-4564-8d18-8ea4032d6cea" />
      <TestMethod codeBase="C:/Users/samcruise/documents/visual studio 2010/Projects/ZXSpectrum/TestProject2/bin/Debug/TestProject2.DLL" adapterTypeName="Microsoft.VisualStudio.TestTools.TestTypes.Unit.UnitTestAdapter, Microsoft.VisualStudio.QualityTools.Tips.UnitTest.Adapter, Version=10.0.0.0, Culture=neutral, PublicKeyToken=b03f5f7f11d50a3a" className="TestProject2.Z80Test, TestProject2, Version=1.0.0.0, Culture=neutral, PublicKeyToken=null" name="JP_nnTest" />
    </UnitTest>
    <UnitTest name="RRATest" storage="c:\users\samcruise\documents\visual studio 2010\projects\zxspectrum\testproject2\bin\debug\testproject2.dll" id="2fe7eb0b-f938-cdd3-52dd-f930c2ebb2b1">
      <DeploymentItems>
        <DeploymentItem filename="EmuTest.exe" />
      </DeploymentItems>
      <Execution id="6f5f6699-6c28-4435-9600-d892b21438d1" />
      <TestMethod codeBase="C:/Users/samcruise/documents/visual studio 2010/Projects/ZXSpectrum/TestProject2/bin/Debug/TestProject2.DLL" adapterTypeName="Microsoft.VisualStudio.TestTools.TestTypes.Unit.UnitTestAdapter, Microsoft.VisualStudio.QualityTools.Tips.UnitTest.Adapter, Version=10.0.0.0, Culture=neutral, PublicKeyToken=b03f5f7f11d50a3a" className="TestProject2.Z80Test, TestProject2, Version=1.0.0.0, Culture=neutral, PublicKeyToken=null" name="RRATest" />
    </UnitTest>
    <UnitTest name="LDDTest" storage="c:\users\samcruise\documents\visual studio 2010\projects\zxspectrum\testproject2\bin\debug\testproject2.dll" id="2725660c-204c-cdd3-cc38-c8cb0969f291">
      <DeploymentItems>
        <DeploymentItem filename="EmuTest.exe" />
      </DeploymentItems>
      <Execution id="f8324df8-b91c-4d50-bb0a-44cf2b6bc17d" />
      <TestMethod codeBase="C:/Users/samcruise/documents/visual studio 2010/Projects/ZXSpectrum/TestProject2/bin/Debug/TestProject2.DLL" adapterTypeName="Microsoft.VisualStudio.TestTools.TestTypes.Unit.UnitTestAdapter, Microsoft.VisualStudio.QualityTools.Tips.UnitTest.Adapter, Version=10.0.0.0, Culture=neutral, PublicKeyToken=b03f5f7f11d50a3a" className="TestProject2.Z80Test, TestProject2, Version=1.0.0.0, Culture=neutral, PublicKeyToken=null" name="LDDTest" />
    </UnitTest>
    <UnitTest name="EXXTest" storage="c:\users\samcruise\documents\visual studio 2010\projects\zxspectrum\testproject2\bin\debug\testproject2.dll" id="4362f3ce-6bef-c806-ed6a-f9a0e3284ef0">
      <DeploymentItems>
        <DeploymentItem filename="EmuTest.exe" />
      </DeploymentItems>
      <Execution id="6ab28a49-a15f-4591-926c-d48c73530889" />
      <TestMethod codeBase="C:/Users/samcruise/documents/visual studio 2010/Projects/ZXSpectrum/TestProject2/bin/Debug/TestProject2.DLL" adapterTypeName="Microsoft.VisualStudio.TestTools.TestTypes.Unit.UnitTestAdapter, Microsoft.VisualStudio.QualityTools.Tips.UnitTest.Adapter, Version=10.0.0.0, Culture=neutral, PublicKeyToken=b03f5f7f11d50a3a" className="TestProject2.Z80Test, TestProject2, Version=1.0.0.0, Culture=neutral, PublicKeyToken=null" name="EXXTest" />
    </UnitTest>
    <UnitTest name="INDTest" storage="c:\users\samcruise\documents\visual studio 2010\projects\zxspectrum\testproject2\bin\debug\testproject2.dll" id="aece9089-8fd9-3739-7b3a-72bcdb4cb138">
      <DeploymentItems>
        <DeploymentItem filename="EmuTest.exe" />
      </DeploymentItems>
      <Execution id="66efc8f8-2670-4cb2-b5c7-5ab863596d4d" />
      <TestMethod codeBase="C:/Users/samcruise/documents/visual studio 2010/Projects/ZXSpectrum/TestProject2/bin/Debug/TestProject2.DLL" adapterTypeName="Microsoft.VisualStudio.TestTools.TestTypes.Unit.UnitTestAdapter, Microsoft.VisualStudio.QualityTools.Tips.UnitTest.Adapter, Version=10.0.0.0, Culture=neutral, PublicKeyToken=b03f5f7f11d50a3a" className="TestProject2.Z80Test, TestProject2, Version=1.0.0.0, Culture=neutral, PublicKeyToken=null" name="INDTest" />
    </UnitTest>
    <UnitTest name="Arithmetic8BitTest" storage="c:\users\samcruise\documents\visual studio 2010\projects\zxspectrum\testproject2\bin\debug\testproject2.dll" id="fa282fd8-ace3-314b-bdaa-b68c035c8013">
      <DeploymentItems>
        <DeploymentItem filename="EmuTest.exe" />
      </DeploymentItems>
      <Execution id="1220e3b9-1885-4d88-a237-f97df5ef9fc7" />
      <TestMethod codeBase="C:/Users/samcruise/documents/visual studio 2010/Projects/ZXSpectrum/TestProject2/bin/Debug/TestProject2.DLL" adapterTypeName="Microsoft.VisualStudio.TestTools.TestTypes.Unit.UnitTestAdapter, Microsoft.VisualStudio.QualityTools.Tips.UnitTest.Adapter, Version=10.0.0.0, Culture=neutral, PublicKeyToken=b03f5f7f11d50a3a" className="TestProject2.Z80Test, TestProject2, Version=1.0.0.0, Culture=neutral, PublicKeyToken=null" name="Arithmetic8BitTest" />
    </UnitTest>
    <UnitTest name="OTDRTest" storage="c:\users\samcruise\documents\visual studio 2010\projects\zxspectrum\testproject2\bin\debug\testproject2.dll" id="6582c566-3514-80d9-5e8b-746b8c877c02">
      <DeploymentItems>
        <DeploymentItem filename="EmuTest.exe" />
      </DeploymentItems>
      <Execution id="8842a1fe-0dfa-445c-b0a5-4186591c109d" />
      <TestMethod codeBase="C:/Users/samcruise/documents/visual studio 2010/Projects/ZXSpectrum/TestProject2/bin/Debug/TestProject2.DLL" adapterTypeName="Microsoft.VisualStudio.TestTools.TestTypes.Unit.UnitTestAdapter, Microsoft.VisualStudio.QualityTools.Tips.UnitTest.Adapter, Version=10.0.0.0, Culture=neutral, PublicKeyToken=b03f5f7f11d50a3a" className="TestProject2.Z80Test, TestProject2, Version=1.0.0.0, Culture=neutral, PublicKeyToken=null" name="OTDRTest" />
    </UnitTest>
    <UnitTest name="EX_AF_AF2Test" storage="c:\users\samcruise\documents\visual studio 2010\projects\zxspectrum\testproject2\bin\debug\testproject2.dll" id="a99ddd4b-7030-4db6-9934-7cc5773a9396">
      <DeploymentItems>
        <DeploymentItem filename="EmuTest.exe" />
      </DeploymentItems>
      <Execution id="3cd9f5d1-4e6f-4fdd-9059-ec793d70dace" />
      <TestMethod codeBase="C:/Users/samcruise/documents/visual studio 2010/Projects/ZXSpectrum/TestProject2/bin/Debug/TestProject2.DLL" adapterTypeName="Microsoft.VisualStudio.TestTools.TestTypes.Unit.UnitTestAdapter, Microsoft.VisualStudio.QualityTools.Tips.UnitTest.Adapter, Version=10.0.0.0, Culture=neutral, PublicKeyToken=b03f5f7f11d50a3a" className="TestProject2.Z80Test, TestProject2, Version=1.0.0.0, Culture=neutral, PublicKeyToken=null" name="EX_AF_AF2Test" />
    </UnitTest>
    <UnitTest name="DEC_ssTest" storage="c:\users\samcruise\documents\visual studio 2010\projects\zxspectrum\testproject2\bin\debug\testproject2.dll" id="d40644e9-e5a2-7e4e-64e2-b6d9ec18d899">
      <DeploymentItems>
        <DeploymentItem filename="EmuTest.exe" />
      </DeploymentItems>
      <Execution id="05d8bc2d-4572-4d65-ba7e-ab2083d1e731" />
      <TestMethod codeBase="C:/Users/samcruise/documents/visual studio 2010/Projects/ZXSpectrum/TestProject2/bin/Debug/TestProject2.DLL" adapterTypeName="Microsoft.VisualStudio.TestTools.TestTypes.Unit.UnitTestAdapter, Microsoft.VisualStudio.QualityTools.Tips.UnitTest.Adapter, Version=10.0.0.0, Culture=neutral, PublicKeyToken=b03f5f7f11d50a3a" className="TestProject2.Z80Test, TestProject2, Version=1.0.0.0, Culture=neutral, PublicKeyToken=null" name="DEC_ssTest" />
    </UnitTest>
    <UnitTest name="EX_DE_HLTest" storage="c:\users\samcruise\documents\visual studio 2010\projects\zxspectrum\testproject2\bin\debug\testproject2.dll" id="c6073ad2-1dfd-1823-7f61-0e4d779c6b0f">
      <DeploymentItems>
        <DeploymentItem filename="EmuTest.exe" />
      </DeploymentItems>
      <Execution id="7e635929-c8a6-400c-8fc7-74d562c5eb83" />
      <TestMethod codeBase="C:/Users/samcruise/documents/visual studio 2010/Projects/ZXSpectrum/TestProject2/bin/Debug/TestProject2.DLL" adapterTypeName="Microsoft.VisualStudio.TestTools.TestTypes.Unit.UnitTestAdapter, Microsoft.VisualStudio.QualityTools.Tips.UnitTest.Adapter, Version=10.0.0.0, Culture=neutral, PublicKeyToken=b03f5f7f11d50a3a" className="TestProject2.Z80Test, TestProject2, Version=1.0.0.0, Culture=neutral, PublicKeyToken=null" name="EX_DE_HLTest" />
    </UnitTest>
    <UnitTest name="ADC_A_nTest" storage="c:\users\samcruise\documents\visual studio 2010\projects\zxspectrum\testproject2\bin\debug\testproject2.dll" id="a4ae135f-c523-9f9f-d27b-4db4e5509e94">
      <DeploymentItems>
        <DeploymentItem filename="EmuTest.exe" />
      </DeploymentItems>
      <Execution id="b66620b1-8d0e-427f-90cf-39a4bf9c1afa" />
      <TestMethod codeBase="C:/Users/samcruise/documents/visual studio 2010/Projects/ZXSpectrum/TestProject2/bin/Debug/TestProject2.DLL" adapterTypeName="Microsoft.VisualStudio.TestTools.TestTypes.Unit.UnitTestAdapter, Microsoft.VisualStudio.QualityTools.Tips.UnitTest.Adapter, Version=10.0.0.0, Culture=neutral, PublicKeyToken=b03f5f7f11d50a3a" className="TestProject2.Z80Test, TestProject2, Version=1.0.0.0, Culture=neutral, PublicKeyToken=null" name="ADC_A_nTest" />
    </UnitTest>
    <UnitTest name="RETITest" storage="c:\users\samcruise\documents\visual studio 2010\projects\zxspectrum\testproject2\bin\debug\testproject2.dll" id="1a78406e-fc9c-f400-96bf-e6409042a51b">
      <DeploymentItems>
        <DeploymentItem filename="EmuTest.exe" />
      </DeploymentItems>
      <Execution id="8cee17a9-ae86-4232-9132-af6fb46a9f32" />
      <TestMethod codeBase="C:/Users/samcruise/documents/visual studio 2010/Projects/ZXSpectrum/TestProject2/bin/Debug/TestProject2.DLL" adapterTypeName="Microsoft.VisualStudio.TestTools.TestTypes.Unit.UnitTestAdapter, Microsoft.VisualStudio.QualityTools.Tips.UnitTest.Adapter, Version=10.0.0.0, Culture=neutral, PublicKeyToken=b03f5f7f11d50a3a" className="TestProject2.Z80Test, TestProject2, Version=1.0.0.0, Culture=neutral, PublicKeyToken=null" name="RETITest" />
    </UnitTest>
    <UnitTest name="LDIRTest" storage="c:\users\samcruise\documents\visual studio 2010\projects\zxspectrum\testproject2\bin\debug\testproject2.dll" id="c6014464-c5a6-fa24-8780-9b58004c3f58">
      <DeploymentItems>
        <DeploymentItem filename="EmuTest.exe" />
      </DeploymentItems>
      <Execution id="ef88278a-d856-49d4-ad26-c479c0486157" />
      <TestMethod codeBase="C:/Users/samcruise/documents/visual studio 2010/Projects/ZXSpectrum/TestProject2/bin/Debug/TestProject2.DLL" adapterTypeName="Microsoft.VisualStudio.TestTools.TestTypes.Unit.UnitTestAdapter, Microsoft.VisualStudio.QualityTools.Tips.UnitTest.Adapter, Version=10.0.0.0, Culture=neutral, PublicKeyToken=b03f5f7f11d50a3a" className="TestProject2.Z80Test, TestProject2, Version=1.0.0.0, Culture=neutral, PublicKeyToken=null" name="LDIRTest" />
    </UnitTest>
    <UnitTest name="EITest" storage="c:\users\samcruise\documents\visual studio 2010\projects\zxspectrum\testproject2\bin\debug\testproject2.dll" id="cbf56f62-df39-1b79-4acc-e7326d9dc27c">
      <DeploymentItems>
        <DeploymentItem filename="EmuTest.exe" />
      </DeploymentItems>
      <Execution id="811ace7e-0b88-41a3-aaa4-19202d50baa2" />
      <TestMethod codeBase="C:/Users/samcruise/documents/visual studio 2010/Projects/ZXSpectrum/TestProject2/bin/Debug/TestProject2.DLL" adapterTypeName="Microsoft.VisualStudio.TestTools.TestTypes.Unit.UnitTestAdapter, Microsoft.VisualStudio.QualityTools.Tips.UnitTest.Adapter, Version=10.0.0.0, Culture=neutral, PublicKeyToken=b03f5f7f11d50a3a" className="TestProject2.Z80Test, TestProject2, Version=1.0.0.0, Culture=neutral, PublicKeyToken=null" name="EITest" />
    </UnitTest>
    <UnitTest name="CP_nTest" storage="c:\users\samcruise\documents\visual studio 2010\projects\zxspectrum\testproject2\bin\debug\testproject2.dll" id="f418ccbd-868f-1cb5-4064-c312acb76e89">
      <DeploymentItems>
        <DeploymentItem filename="EmuTest.exe" />
      </DeploymentItems>
      <Execution id="169c6fae-5313-44c1-9697-7ef0aed331b1" />
      <TestMethod codeBase="C:/Users/samcruise/documents/visual studio 2010/Projects/ZXSpectrum/TestProject2/bin/Debug/TestProject2.DLL" adapterTypeName="Microsoft.VisualStudio.TestTools.TestTypes.Unit.UnitTestAdapter, Microsoft.VisualStudio.QualityTools.Tips.UnitTest.Adapter, Version=10.0.0.0, Culture=neutral, PublicKeyToken=b03f5f7f11d50a3a" className="TestProject2.Z80Test, TestProject2, Version=1.0.0.0, Culture=neutral, PublicKeyToken=null" name="CP_nTest" />
    </UnitTest>
    <UnitTest name="RRCTest" storage="c:\users\samcruise\documents\visual studio 2010\projects\zxspectrum\testproject2\bin\debug\testproject2.dll" id="4bbbd8b9-6ef7-b020-fb32-ef276dcf5e16">
      <DeploymentItems>
        <DeploymentItem filename="EmuTest.exe" />
      </DeploymentItems>
      <Execution id="06d52ea3-cec8-4f47-b4f0-8799156ace3b" />
      <TestMethod codeBase="C:/Users/samcruise/documents/visual studio 2010/Projects/ZXSpectrum/TestProject2/bin/Debug/TestProject2.DLL" adapterTypeName="Microsoft.VisualStudio.TestTools.TestTypes.Unit.UnitTestAdapter, Microsoft.VisualStudio.QualityTools.Tips.UnitTest.Adapter, Version=10.0.0.0, Culture=neutral, PublicKeyToken=b03f5f7f11d50a3a" className="TestProject2.Z80Test, TestProject2, Version=1.0.0.0, Culture=neutral, PublicKeyToken=null" name="RRCTest" />
    </UnitTest>
    <UnitTest name="CPDTest" storage="c:\users\samcruise\documents\visual studio 2010\projects\zxspectrum\testproject2\bin\debug\testproject2.dll" id="4618a85c-6917-6864-cac1-68e9f062489d">
      <DeploymentItems>
        <DeploymentItem filename="EmuTest.exe" />
      </DeploymentItems>
      <Execution id="7490fca1-e095-48d6-9610-86264f095cea" />
      <TestMethod codeBase="C:/Users/samcruise/documents/visual studio 2010/Projects/ZXSpectrum/TestProject2/bin/Debug/TestProject2.DLL" adapterTypeName="Microsoft.VisualStudio.TestTools.TestTypes.Unit.UnitTestAdapter, Microsoft.VisualStudio.QualityTools.Tips.UnitTest.Adapter, Version=10.0.0.0, Culture=neutral, PublicKeyToken=b03f5f7f11d50a3a" className="TestProject2.Z80Test, TestProject2, Version=1.0.0.0, Culture=neutral, PublicKeyToken=null" name="CPDTest" />
    </UnitTest>
    <UnitTest name="StackTest" storage="c:\users\samcruise\documents\visual studio 2010\projects\zxspectrum\testproject2\bin\debug\testproject2.dll" id="942a0380-d590-7e7a-6851-2cdf34dc5ff1">
      <DeploymentItems>
        <DeploymentItem filename="EmuTest.exe" />
      </DeploymentItems>
      <Execution id="8e2bb847-2ee0-4b59-a4c7-431e71bcc54a" />
      <TestMethod codeBase="C:/Users/samcruise/documents/visual studio 2010/Projects/ZXSpectrum/TestProject2/bin/Debug/TestProject2.DLL" adapterTypeName="Microsoft.VisualStudio.TestTools.TestTypes.Unit.UnitTestAdapter, Microsoft.VisualStudio.QualityTools.Tips.UnitTest.Adapter, Version=10.0.0.0, Culture=neutral, PublicKeyToken=b03f5f7f11d50a3a" className="TestProject2.Z80Test, TestProject2, Version=1.0.0.0, Culture=neutral, PublicKeyToken=null" name="StackTest" />
    </UnitTest>
    <UnitTest name="SLATest" storage="c:\users\samcruise\documents\visual studio 2010\projects\zxspectrum\testproject2\bin\debug\testproject2.dll" id="fd05f8bb-7e5b-6c74-7d40-9b6b3ce48014">
      <DeploymentItems>
        <DeploymentItem filename="EmuTest.exe" />
      </DeploymentItems>
      <Execution id="ea8e5821-a77b-466c-b2f7-e0788cddd609" />
      <TestMethod codeBase="C:/Users/samcruise/documents/visual studio 2010/Projects/ZXSpectrum/TestProject2/bin/Debug/TestProject2.DLL" adapterTypeName="Microsoft.VisualStudio.TestTools.TestTypes.Unit.UnitTestAdapter, Microsoft.VisualStudio.QualityTools.Tips.UnitTest.Adapter, Version=10.0.0.0, Culture=neutral, PublicKeyToken=b03f5f7f11d50a3a" className="TestProject2.Z80Test, TestProject2, Version=1.0.0.0, Culture=neutral, PublicKeyToken=null" name="SLATest" />
    </UnitTest>
    <UnitTest name="SCFTest" storage="c:\users\samcruise\documents\visual studio 2010\projects\zxspectrum\testproject2\bin\debug\testproject2.dll" id="95637e7c-0e69-a183-b60b-a7b697c7d16d">
      <DeploymentItems>
        <DeploymentItem filename="EmuTest.exe" />
      </DeploymentItems>
      <Execution id="0003f236-ef05-45e7-bbf6-bdf9eadd4b1e" />
      <TestMethod codeBase="C:/Users/samcruise/documents/visual studio 2010/Projects/ZXSpectrum/TestProject2/bin/Debug/TestProject2.DLL" adapterTypeName="Microsoft.VisualStudio.TestTools.TestTypes.Unit.UnitTestAdapter, Microsoft.VisualStudio.QualityTools.Tips.UnitTest.Adapter, Version=10.0.0.0, Culture=neutral, PublicKeyToken=b03f5f7f11d50a3a" className="TestProject2.Z80Test, TestProject2, Version=1.0.0.0, Culture=neutral, PublicKeyToken=null" name="SCFTest" />
    </UnitTest>
    <UnitTest name="LD_A_BCTest" storage="c:\users\samcruise\documents\visual studio 2010\projects\zxspectrum\testproject2\bin\debug\testproject2.dll" id="1098bc54-92c2-3c91-e91e-8afcd496d21e">
      <DeploymentItems>
        <DeploymentItem filename="EmuTest.exe" />
      </DeploymentItems>
      <Execution id="bafaab81-ccbd-4d8c-b220-3cf5a5f7dfb4" />
      <TestMethod codeBase="C:/Users/samcruise/documents/visual studio 2010/Projects/ZXSpectrum/TestProject2/bin/Debug/TestProject2.DLL" adapterTypeName="Microsoft.VisualStudio.TestTools.TestTypes.Unit.UnitTestAdapter, Microsoft.VisualStudio.QualityTools.Tips.UnitTest.Adapter, Version=10.0.0.0, Culture=neutral, PublicKeyToken=b03f5f7f11d50a3a" className="TestProject2.Z80Test, TestProject2, Version=1.0.0.0, Culture=neutral, PublicKeyToken=null" name="LD_A_BCTest" />
    </UnitTest>
    <UnitTest name="JP_HLTest" storage="c:\users\samcruise\documents\visual studio 2010\projects\zxspectrum\testproject2\bin\debug\testproject2.dll" id="644506c2-c887-ef59-e127-65e89db16cbc">
      <DeploymentItems>
        <DeploymentItem filename="EmuTest.exe" />
      </DeploymentItems>
      <Execution id="665e34c1-5a43-4435-8043-23240ba411e7" />
      <TestMethod codeBase="C:/Users/samcruise/documents/visual studio 2010/Projects/ZXSpectrum/TestProject2/bin/Debug/TestProject2.DLL" adapterTypeName="Microsoft.VisualStudio.TestTools.TestTypes.Unit.UnitTestAdapter, Microsoft.VisualStudio.QualityTools.Tips.UnitTest.Adapter, Version=10.0.0.0, Culture=neutral, PublicKeyToken=b03f5f7f11d50a3a" className="TestProject2.Z80Test, TestProject2, Version=1.0.0.0, Culture=neutral, PublicKeyToken=null" name="JP_HLTest" />
    </UnitTest>
    <UnitTest name="LD_A_ITest" storage="c:\users\samcruise\documents\visual studio 2010\projects\zxspectrum\testproject2\bin\debug\testproject2.dll" id="77ea9ad2-e5e0-4a61-f03a-bc81b141b08e">
      <DeploymentItems>
        <DeploymentItem filename="EmuTest.exe" />
      </DeploymentItems>
      <Execution id="68ee9f73-4010-459f-b5d0-699e88f96f88" />
      <TestMethod codeBase="C:/Users/samcruise/documents/visual studio 2010/Projects/ZXSpectrum/TestProject2/bin/Debug/TestProject2.DLL" adapterTypeName="Microsoft.VisualStudio.TestTools.TestTypes.Unit.UnitTestAdapter, Microsoft.VisualStudio.QualityTools.Tips.UnitTest.Adapter, Version=10.0.0.0, Culture=neutral, PublicKeyToken=b03f5f7f11d50a3a" className="TestProject2.Z80Test, TestProject2, Version=1.0.0.0, Culture=neutral, PublicKeyToken=null" name="LD_A_ITest" />
    </UnitTest>
    <UnitTest name="LD_BC_ATest" storage="c:\users\samcruise\documents\visual studio 2010\projects\zxspectrum\testproject2\bin\debug\testproject2.dll" id="82c0cf7c-d6a8-c070-d23c-58c9b55e047a">
      <DeploymentItems>
        <DeploymentItem filename="EmuTest.exe" />
      </DeploymentItems>
      <Execution id="605c922f-3495-43ee-9297-8580a83b3a1f" />
      <TestMethod codeBase="C:/Users/samcruise/documents/visual studio 2010/Projects/ZXSpectrum/TestProject2/bin/Debug/TestProject2.DLL" adapterTypeName="Microsoft.VisualStudio.TestTools.TestTypes.Unit.UnitTestAdapter, Microsoft.VisualStudio.QualityTools.Tips.UnitTest.Adapter, Version=10.0.0.0, Culture=neutral, PublicKeyToken=b03f5f7f11d50a3a" className="TestProject2.Z80Test, TestProject2, Version=1.0.0.0, Culture=neutral, PublicKeyToken=null" name="LD_BC_ATest" />
    </UnitTest>
    <UnitTest name="RETTest" storage="c:\users\samcruise\documents\visual studio 2010\projects\zxspectrum\testproject2\bin\debug\testproject2.dll" id="fbc81c52-7315-1e7c-4d04-ddf848c918c9">
      <DeploymentItems>
        <DeploymentItem filename="EmuTest.exe" />
      </DeploymentItems>
      <Execution id="408064a5-b487-4fba-b0b4-d27c5fcdc55b" />
      <TestMethod codeBase="C:/Users/samcruise/documents/visual studio 2010/Projects/ZXSpectrum/TestProject2/bin/Debug/TestProject2.DLL" adapterTypeName="Microsoft.VisualStudio.TestTools.TestTypes.Unit.UnitTestAdapter, Microsoft.VisualStudio.QualityTools.Tips.UnitTest.Adapter, Version=10.0.0.0, Culture=neutral, PublicKeyToken=b03f5f7f11d50a3a" className="TestProject2.Z80Test, TestProject2, Version=1.0.0.0, Culture=neutral, PublicKeyToken=null" name="RETTest" />
    </UnitTest>
    <UnitTest name="ADC_A_rTest" storage="c:\users\samcruise\documents\visual studio 2010\projects\zxspectrum\testproject2\bin\debug\testproject2.dll" id="7fa090f1-d9a9-3de8-1087-2d0b0717201b">
      <DeploymentItems>
        <DeploymentItem filename="EmuTest.exe" />
      </DeploymentItems>
      <Execution id="9fbba866-3e65-4b57-bd73-080abc2858e3" />
      <TestMethod codeBase="C:/Users/samcruise/documents/visual studio 2010/Projects/ZXSpectrum/TestProject2/bin/Debug/TestProject2.DLL" adapterTypeName="Microsoft.VisualStudio.TestTools.TestTypes.Unit.UnitTestAdapter, Microsoft.VisualStudio.QualityTools.Tips.UnitTest.Adapter, Version=10.0.0.0, Culture=neutral, PublicKeyToken=b03f5f7f11d50a3a" className="TestProject2.Z80Test, TestProject2, Version=1.0.0.0, Culture=neutral, PublicKeyToken=null" name="ADC_A_rTest" />
    </UnitTest>
    <UnitTest name="RLDTest" storage="c:\users\samcruise\documents\visual studio 2010\projects\zxspectrum\testproject2\bin\debug\testproject2.dll" id="0804b260-48c2-c53d-e9c8-4cb6d080560a">
      <DeploymentItems>
        <DeploymentItem filename="EmuTest.exe" />
      </DeploymentItems>
      <Execution id="01c08756-fb7d-4e09-85c9-a9f5aa267f45" />
      <TestMethod codeBase="C:/Users/samcruise/documents/visual studio 2010/Projects/ZXSpectrum/TestProject2/bin/Debug/TestProject2.DLL" adapterTypeName="Microsoft.VisualStudio.TestTools.TestTypes.Unit.UnitTestAdapter, Microsoft.VisualStudio.QualityTools.Tips.UnitTest.Adapter, Version=10.0.0.0, Culture=neutral, PublicKeyToken=b03f5f7f11d50a3a" className="TestProject2.Z80Test, TestProject2, Version=1.0.0.0, Culture=neutral, PublicKeyToken=null" name="RLDTest" />
    </UnitTest>
    <UnitTest name="RRDTest" storage="c:\users\samcruise\documents\visual studio 2010\projects\zxspectrum\testproject2\bin\debug\testproject2.dll" id="90d80866-ad2b-eaca-8eb7-479ef25dc5d4">
      <DeploymentItems>
        <DeploymentItem filename="EmuTest.exe" />
      </DeploymentItems>
      <Execution id="43505fd9-29dd-45d7-bec9-a08e866c794d" />
      <TestMethod codeBase="C:/Users/samcruise/documents/visual studio 2010/Projects/ZXSpectrum/TestProject2/bin/Debug/TestProject2.DLL" adapterTypeName="Microsoft.VisualStudio.TestTools.TestTypes.Unit.UnitTestAdapter, Microsoft.VisualStudio.QualityTools.Tips.UnitTest.Adapter, Version=10.0.0.0, Culture=neutral, PublicKeyToken=b03f5f7f11d50a3a" className="TestProject2.Z80Test, TestProject2, Version=1.0.0.0, Culture=neutral, PublicKeyToken=null" name="RRDTest" />
    </UnitTest>
    <UnitTest name="IN_r_CTest" storage="c:\users\samcruise\documents\visual studio 2010\projects\zxspectrum\testproject2\bin\debug\testproject2.dll" id="6af126f8-3922-fbad-35b8-bf549d275e90">
      <DeploymentItems>
        <DeploymentItem filename="EmuTest.exe" />
      </DeploymentItems>
      <Execution id="d09f06fd-0705-4978-b661-456f12244a19" />
      <TestMethod codeBase="C:/Users/samcruise/documents/visual studio 2010/Projects/ZXSpectrum/TestProject2/bin/Debug/TestProject2.DLL" adapterTypeName="Microsoft.VisualStudio.TestTools.TestTypes.Unit.UnitTestAdapter, Microsoft.VisualStudio.QualityTools.Tips.UnitTest.Adapter, Version=10.0.0.0, Culture=neutral, PublicKeyToken=b03f5f7f11d50a3a" className="TestProject2.Z80Test, TestProject2, Version=1.0.0.0, Culture=neutral, PublicKeyToken=null" name="IN_r_CTest" />
    </UnitTest>
    <UnitTest name="ADD_HL_ssTest" storage="c:\users\samcruise\documents\visual studio 2010\projects\zxspectrum\testproject2\bin\debug\testproject2.dll" id="77c6ab54-7ca3-396b-513b-a14bf6be574c">
      <DeploymentItems>
        <DeploymentItem filename="EmuTest.exe" />
      </DeploymentItems>
      <Execution id="a6841565-d585-467a-a34b-a667ff0ce8f1" />
      <TestMethod codeBase="C:/Users/samcruise/documents/visual studio 2010/Projects/ZXSpectrum/TestProject2/bin/Debug/TestProject2.DLL" adapterTypeName="Microsoft.VisualStudio.TestTools.TestTypes.Unit.UnitTestAdapter, Microsoft.VisualStudio.QualityTools.Tips.UnitTest.Adapter, Version=10.0.0.0, Culture=neutral, PublicKeyToken=b03f5f7f11d50a3a" className="TestProject2.Z80Test, TestProject2, Version=1.0.0.0, Culture=neutral, PublicKeyToken=null" name="ADD_HL_ssTest" />
    </UnitTest>
    <UnitTest name="CALL_cc_nnTest" storage="c:\users\samcruise\documents\visual studio 2010\projects\zxspectrum\testproject2\bin\debug\testproject2.dll" id="320aa1ed-8916-5804-9751-99d2b2fcbc6a">
      <DeploymentItems>
        <DeploymentItem filename="EmuTest.exe" />
      </DeploymentItems>
      <Execution id="ffbab9a6-9688-4728-8afc-eefcfce9c676" />
      <TestMethod codeBase="C:/Users/samcruise/documents/visual studio 2010/Projects/ZXSpectrum/TestProject2/bin/Debug/TestProject2.DLL" adapterTypeName="Microsoft.VisualStudio.TestTools.TestTypes.Unit.UnitTestAdapter, Microsoft.VisualStudio.QualityTools.Tips.UnitTest.Adapter, Version=10.0.0.0, Culture=neutral, PublicKeyToken=b03f5f7f11d50a3a" className="TestProject2.Z80Test, TestProject2, Version=1.0.0.0, Culture=neutral, PublicKeyToken=null" name="CALL_cc_nnTest" />
    </UnitTest>
    <UnitTest name="LD_I_ATest" storage="c:\users\samcruise\documents\visual studio 2010\projects\zxspectrum\testproject2\bin\debug\testproject2.dll" id="8419ae4f-e0d9-7a9f-7f37-e3a84733904b">
      <DeploymentItems>
        <DeploymentItem filename="EmuTest.exe" />
      </DeploymentItems>
      <Execution id="91e3e5b9-07fb-43c6-a22e-c8453df2e930" />
      <TestMethod codeBase="C:/Users/samcruise/documents/visual studio 2010/Projects/ZXSpectrum/TestProject2/bin/Debug/TestProject2.DLL" adapterTypeName="Microsoft.VisualStudio.TestTools.TestTypes.Unit.UnitTestAdapter, Microsoft.VisualStudio.QualityTools.Tips.UnitTest.Adapter, Version=10.0.0.0, Culture=neutral, PublicKeyToken=b03f5f7f11d50a3a" className="TestProject2.Z80Test, TestProject2, Version=1.0.0.0, Culture=neutral, PublicKeyToken=null" name="LD_I_ATest" />
    </UnitTest>
    <UnitTest name="DITest" storage="c:\users\samcruise\documents\visual studio 2010\projects\zxspectrum\testproject2\bin\debug\testproject2.dll" id="e92b5c19-a5d8-72ee-80c0-df041dccc0be">
      <DeploymentItems>
        <DeploymentItem filename="EmuTest.exe" />
      </DeploymentItems>
      <Execution id="eabef6a9-deed-4766-a1fd-7e8dccf59f52" />
      <TestMethod codeBase="C:/Users/samcruise/documents/visual studio 2010/Projects/ZXSpectrum/TestProject2/bin/Debug/TestProject2.DLL" adapterTypeName="Microsoft.VisualStudio.TestTools.TestTypes.Unit.UnitTestAdapter, Microsoft.VisualStudio.QualityTools.Tips.UnitTest.Adapter, Version=10.0.0.0, Culture=neutral, PublicKeyToken=b03f5f7f11d50a3a" className="TestProject2.Z80Test, TestProject2, Version=1.0.0.0, Culture=neutral, PublicKeyToken=null" name="DITest" />
    </UnitTest>
    <UnitTest name="CPLTest" storage="c:\users\samcruise\documents\visual studio 2010\projects\zxspectrum\testproject2\bin\debug\testproject2.dll" id="f8babc50-25ce-9eb4-fa02-2679067db866">
      <DeploymentItems>
        <DeploymentItem filename="EmuTest.exe" />
      </DeploymentItems>
      <Execution id="5b920cce-1fc8-4392-b750-e4f70e039017" />
      <TestMethod codeBase="C:/Users/samcruise/documents/visual studio 2010/Projects/ZXSpectrum/TestProject2/bin/Debug/TestProject2.DLL" adapterTypeName="Microsoft.VisualStudio.TestTools.TestTypes.Unit.UnitTestAdapter, Microsoft.VisualStudio.QualityTools.Tips.UnitTest.Adapter, Version=10.0.0.0, Culture=neutral, PublicKeyToken=b03f5f7f11d50a3a" className="TestProject2.Z80Test, TestProject2, Version=1.0.0.0, Culture=neutral, PublicKeyToken=null" name="CPLTest" />
    </UnitTest>
    <UnitTest name="CPIRTest" storage="c:\users\samcruise\documents\visual studio 2010\projects\zxspectrum\testproject2\bin\debug\testproject2.dll" id="1a60954a-838a-08ce-4a89-0464a13b3a93">
      <DeploymentItems>
        <DeploymentItem filename="EmuTest.exe" />
      </DeploymentItems>
      <Execution id="984e684e-f0d7-4c0d-b948-92f1504f3b7f" />
      <TestMethod codeBase="C:/Users/samcruise/documents/visual studio 2010/Projects/ZXSpectrum/TestProject2/bin/Debug/TestProject2.DLL" adapterTypeName="Microsoft.VisualStudio.TestTools.TestTypes.Unit.UnitTestAdapter, Microsoft.VisualStudio.QualityTools.Tips.UnitTest.Adapter, Version=10.0.0.0, Culture=neutral, PublicKeyToken=b03f5f7f11d50a3a" className="TestProject2.Z80Test, TestProject2, Version=1.0.0.0, Culture=neutral, PublicKeyToken=null" name="CPIRTest" />
    </UnitTest>
    <UnitTest name="RSTTest" storage="c:\users\samcruise\documents\visual studio 2010\projects\zxspectrum\testproject2\bin\debug\testproject2.dll" id="ea7626fe-75bd-bf00-5a86-b04022167316">
      <DeploymentItems>
        <DeploymentItem filename="EmuTest.exe" />
      </DeploymentItems>
      <Execution id="84b9d59c-d8cf-4071-a0aa-793983eac20a" />
      <TestMethod codeBase="C:/Users/samcruise/documents/visual studio 2010/Projects/ZXSpectrum/TestProject2/bin/Debug/TestProject2.DLL" adapterTypeName="Microsoft.VisualStudio.TestTools.TestTypes.Unit.UnitTestAdapter, Microsoft.VisualStudio.QualityTools.Tips.UnitTest.Adapter, Version=10.0.0.0, Culture=neutral, PublicKeyToken=b03f5f7f11d50a3a" className="TestProject2.Z80Test, TestProject2, Version=1.0.0.0, Culture=neutral, PublicKeyToken=null" name="RSTTest" />
    </UnitTest>
    <UnitTest name="CCFTest" storage="c:\users\samcruise\documents\visual studio 2010\projects\zxspectrum\testproject2\bin\debug\testproject2.dll" id="da8af087-df0c-8562-0b18-6cdda3360a1f">
      <DeploymentItems>
        <DeploymentItem filename="EmuTest.exe" />
      </DeploymentItems>
      <Execution id="34eecafc-aaa4-4708-84a9-f8225f9e24ae" />
      <TestMethod codeBase="C:/Users/samcruise/documents/visual studio 2010/Projects/ZXSpectrum/TestProject2/bin/Debug/TestProject2.DLL" adapterTypeName="Microsoft.VisualStudio.TestTools.TestTypes.Unit.UnitTestAdapter, Microsoft.VisualStudio.QualityTools.Tips.UnitTest.Adapter, Version=10.0.0.0, Culture=neutral, PublicKeyToken=b03f5f7f11d50a3a" className="TestProject2.Z80Test, TestProject2, Version=1.0.0.0, Culture=neutral, PublicKeyToken=null" name="CCFTest" />
    </UnitTest>
    <UnitTest name="LD_r_nTest" storage="c:\users\samcruise\documents\visual studio 2010\projects\zxspectrum\testproject2\bin\debug\testproject2.dll" id="4ca40fc0-23e6-fedb-25b7-f0ba20aa5cc5">
      <DeploymentItems>
        <DeploymentItem filename="EmuTest.exe" />
      </DeploymentItems>
      <Execution id="547e51b9-9e2d-4a80-a4e8-8777ff41fdfa" />
      <TestMethod codeBase="C:/Users/samcruise/documents/visual studio 2010/Projects/ZXSpectrum/TestProject2/bin/Debug/TestProject2.DLL" adapterTypeName="Microsoft.VisualStudio.TestTools.TestTypes.Unit.UnitTestAdapter, Microsoft.VisualStudio.QualityTools.Tips.UnitTest.Adapter, Version=10.0.0.0, Culture=neutral, PublicKeyToken=b03f5f7f11d50a3a" className="TestProject2.Z80Test, TestProject2, Version=1.0.0.0, Culture=neutral, PublicKeyToken=null" name="LD_r_nTest" />
    </UnitTest>
    <UnitTest name="FUSETests" storage="c:\users\samcruise\documents\visual studio 2010\projects\zxspectrum\testproject2\bin\debug\testproject2.dll" id="06cdd2b0-2e57-8d8b-04bb-80519a9fcc34">
      <DeploymentItems>
        <DeploymentItem filename="EmuTest.exe" />
      </DeploymentItems>
      <Execution id="94dac52d-0446-4e5d-8b5c-d8b1baefda01" />
      <TestMethod codeBase="C:/Users/samcruise/documents/visual studio 2010/Projects/ZXSpectrum/TestProject2/bin/Debug/TestProject2.DLL" adapterTypeName="Microsoft.VisualStudio.TestTools.TestTypes.Unit.UnitTestAdapter, Microsoft.VisualStudio.QualityTools.Tips.UnitTest.Adapter, Version=10.0.0.0, Culture=neutral, PublicKeyToken=b03f5f7f11d50a3a" className="TestProject2.Z80Test, TestProject2, Version=1.0.0.0, Culture=neutral, PublicKeyToken=null" name="FUSETests" />
    </UnitTest>
    <UnitTest name="HALTTest" storage="c:\users\samcruise\documents\visual studio 2010\projects\zxspectrum\testproject2\bin\debug\testproject2.dll" id="cc8e988e-fc66-7582-921e-6f44ee2d4fb1">
      <DeploymentItems>
        <DeploymentItem filename="EmuTest.exe" />
      </DeploymentItems>
      <Execution id="40511317-eb8d-4c85-8f01-dad38757cfac" />
      <TestMethod codeBase="C:/Users/samcruise/documents/visual studio 2010/Projects/ZXSpectrum/TestProject2/bin/Debug/TestProject2.DLL" adapterTypeName="Microsoft.VisualStudio.TestTools.TestTypes.Unit.UnitTestAdapter, Microsoft.VisualStudio.QualityTools.Tips.UnitTest.Adapter, Version=10.0.0.0, Culture=neutral, PublicKeyToken=b03f5f7f11d50a3a" className="TestProject2.Z80Test, TestProject2, Version=1.0.0.0, Culture=neutral, PublicKeyToken=null" name="HALTTest" />
    </UnitTest>
    <UnitTest name="INITest" storage="c:\users\samcruise\documents\visual studio 2010\projects\zxspectrum\testproject2\bin\debug\testproject2.dll" id="663717dd-e6fb-6ae6-4ed1-26415e1cd665">
      <DeploymentItems>
        <DeploymentItem filename="EmuTest.exe" />
      </DeploymentItems>
      <Execution id="a5dd5670-e996-4caf-85da-7c9555b6785d" />
      <TestMethod codeBase="C:/Users/samcruise/documents/visual studio 2010/Projects/ZXSpectrum/TestProject2/bin/Debug/TestProject2.DLL" adapterTypeName="Microsoft.VisualStudio.TestTools.TestTypes.Unit.UnitTestAdapter, Microsoft.VisualStudio.QualityTools.Tips.UnitTest.Adapter, Version=10.0.0.0, Culture=neutral, PublicKeyToken=b03f5f7f11d50a3a" className="TestProject2.Z80Test, TestProject2, Version=1.0.0.0, Culture=neutral, PublicKeyToken=null" name="INITest" />
    </UnitTest>
    <UnitTest name="JimmyTest" storage="c:\users\samcruise\documents\visual studio 2010\projects\zxspectrum\testproject2\bin\debug\testproject2.dll" id="068cdc8e-c9bd-de02-b833-b329ffaf1fd2">
      <DeploymentItems>
        <DeploymentItem filename="EmuTest.exe" />
      </DeploymentItems>
      <Execution id="e96bac8b-8fb1-4bde-9c01-87f3936af227" />
      <TestMethod codeBase="C:/Users/samcruise/documents/visual studio 2010/Projects/ZXSpectrum/TestProject2/bin/Debug/TestProject2.DLL" adapterTypeName="Microsoft.VisualStudio.TestTools.TestTypes.Unit.UnitTestAdapter, Microsoft.VisualStudio.QualityTools.Tips.UnitTest.Adapter, Version=10.0.0.0, Culture=neutral, PublicKeyToken=b03f5f7f11d50a3a" className="TestProject2.Z80Test, TestProject2, Version=1.0.0.0, Culture=neutral, PublicKeyToken=null" name="JimmyTest" />
    </UnitTest>
  </TestDefinitions>
  <TestLists>
    <TestList name="Results Not in a List" id="8c84fa94-04c1-424b-9868-57a2d4851a1d" />
    <TestList name="All Loaded Results" id="19431567-8539-422a-85d7-44ee4e166bda" />
  </TestLists>
  <TestEntries>
    <TestEntry testId="fbc81c52-7315-1e7c-4d04-ddf848c918c9" executionId="408064a5-b487-4fba-b0b4-d27c5fcdc55b" testListId="8c84fa94-04c1-424b-9868-57a2d4851a1d" />
    <TestEntry testId="1a78406e-fc9c-f400-96bf-e6409042a51b" executionId="8cee17a9-ae86-4232-9132-af6fb46a9f32" testListId="8c84fa94-04c1-424b-9868-57a2d4851a1d" />
    <TestEntry testId="7a3748d0-d7ac-0d6f-14be-1f126ae99321" executionId="7c53f18f-dbf4-4d7d-997e-36b22acbbcc1" testListId="8c84fa94-04c1-424b-9868-57a2d4851a1d" />
    <TestEntry testId="3a2e5b08-4e06-5e86-1556-043e5a55d63f" executionId="d7bbe42e-daa2-4b68-bc88-e9e627afdb4f" testListId="8c84fa94-04c1-424b-9868-57a2d4851a1d" />
    <TestEntry testId="8d11f4ff-16dc-c6dd-67b2-df83947219f7" executionId="fb7ca5c0-17b7-469e-919b-e14b3895f3e9" testListId="8c84fa94-04c1-424b-9868-57a2d4851a1d" />
    <TestEntry testId="4a4a0e75-24b0-83d9-8bf1-cffe9a6c30c7" executionId="2e50f223-84c7-4212-a87d-a64224681615" testListId="8c84fa94-04c1-424b-9868-57a2d4851a1d" />
    <TestEntry testId="5b87d4fd-91a2-2ead-ea51-310966889653" executionId="943c1300-6787-483b-be08-e587df4be904" testListId="8c84fa94-04c1-424b-9868-57a2d4851a1d" />
    <TestEntry testId="eb8ea76d-8f52-861c-adb1-87727b91e8dc" executionId="531157e8-52bf-46ab-8583-2cbaebcc6712" testListId="8c84fa94-04c1-424b-9868-57a2d4851a1d" />
    <TestEntry testId="0804b260-48c2-c53d-e9c8-4cb6d080560a" executionId="01c08756-fb7d-4e09-85c9-a9f5aa267f45" testListId="8c84fa94-04c1-424b-9868-57a2d4851a1d" />
    <TestEntry testId="c00d5263-9362-91d8-9786-3cf7ff9338c7" executionId="f0ffaa02-ee4b-4c8a-b76d-d724e80fc481" testListId="8c84fa94-04c1-424b-9868-57a2d4851a1d" />
    <TestEntry testId="2fe7eb0b-f938-cdd3-52dd-f930c2ebb2b1" executionId="6f5f6699-6c28-4435-9600-d892b21438d1" testListId="8c84fa94-04c1-424b-9868-57a2d4851a1d" />
    <TestEntry testId="4bbbd8b9-6ef7-b020-fb32-ef276dcf5e16" executionId="06d52ea3-cec8-4f47-b4f0-8799156ace3b" testListId="8c84fa94-04c1-424b-9868-57a2d4851a1d" />
    <TestEntry testId="947b96e5-70b2-89ca-d911-83455c83ccaf" executionId="a74f5ff6-fc2e-4aa0-829b-b309a346b360" testListId="8c84fa94-04c1-424b-9868-57a2d4851a1d" />
    <TestEntry testId="90d80866-ad2b-eaca-8eb7-479ef25dc5d4" executionId="43505fd9-29dd-45d7-bec9-a08e866c794d" testListId="8c84fa94-04c1-424b-9868-57a2d4851a1d" />
    <TestEntry testId="ea7626fe-75bd-bf00-5a86-b04022167316" executionId="84b9d59c-d8cf-4071-a0aa-793983eac20a" testListId="8c84fa94-04c1-424b-9868-57a2d4851a1d" />
    <TestEntry testId="f27d20d8-0856-98b6-055e-c7e96212608b" executionId="2944fa5f-148a-41c8-b43d-353c5adde573" testListId="8c84fa94-04c1-424b-9868-57a2d4851a1d" />
    <TestEntry testId="3c62e18b-0679-84be-4297-06f24bddccec" executionId="7ac56754-fa6d-46aa-a8e2-6ea7aac8fe6b" testListId="8c84fa94-04c1-424b-9868-57a2d4851a1d" />
    <TestEntry testId="395f2e6e-8b8a-dab4-6961-5d67ff30ad80" executionId="5595be47-3812-4a3f-bca9-fa1eb3845e10" testListId="8c84fa94-04c1-424b-9868-57a2d4851a1d" />
    <TestEntry testId="95637e7c-0e69-a183-b60b-a7b697c7d16d" executionId="0003f236-ef05-45e7-bbf6-bdf9eadd4b1e" testListId="8c84fa94-04c1-424b-9868-57a2d4851a1d" />
    <TestEntry testId="9577c4f7-7003-b9c5-163a-7c5efd62ae51" executionId="63207611-57ac-4485-8adf-f1b47bbe4a6a" testListId="8c84fa94-04c1-424b-9868-57a2d4851a1d" />
    <TestEntry testId="fd05f8bb-7e5b-6c74-7d40-9b6b3ce48014" executionId="ea8e5821-a77b-466c-b2f7-e0788cddd609" testListId="8c84fa94-04c1-424b-9868-57a2d4851a1d" />
    <TestEntry testId="3f3d6718-39ff-7fa1-2efb-6ac794445b3b" executionId="9be1c5fe-7d08-4865-9559-8480e9cd6027" testListId="8c84fa94-04c1-424b-9868-57a2d4851a1d" />
    <TestEntry testId="d576b2e9-18ab-4c39-22d6-660b702088a3" executionId="9e405798-3c4a-4966-ad51-0bffefccab33" testListId="8c84fa94-04c1-424b-9868-57a2d4851a1d" />
    <TestEntry testId="a281a993-54ac-242d-6e81-bd7ca5969d50" executionId="1cfe86cd-ac7f-4296-a138-293a2926dce2" testListId="8c84fa94-04c1-424b-9868-57a2d4851a1d" />
    <TestEntry testId="46c0ea6c-7511-1a43-1027-23d83e8af062" executionId="36870c91-ded9-4fdb-9b66-730a5be73163" testListId="8c84fa94-04c1-424b-9868-57a2d4851a1d" />
    <TestEntry testId="55171caa-19dd-2ede-1df5-fba7324e3535" executionId="ea2b7cdb-2fc0-4235-84e3-909bb8344490" testListId="8c84fa94-04c1-424b-9868-57a2d4851a1d" />
    <TestEntry testId="2d6e4e36-5fe1-42c4-5c13-c7a8f483806d" executionId="58d84dbc-9895-47b7-8cba-a8d336a9deed" testListId="8c84fa94-04c1-424b-9868-57a2d4851a1d" />
    <TestEntry testId="436605de-6d1c-4402-615f-0938ced05851" executionId="f72bdbfa-93cc-46ca-80b1-c0ec7f522e29" testListId="8c84fa94-04c1-424b-9868-57a2d4851a1d" />
    <TestEntry testId="06cdd2b0-2e57-8d8b-04bb-80519a9fcc34" executionId="94dac52d-0446-4e5d-8b5c-d8b1baefda01" testListId="8c84fa94-04c1-424b-9868-57a2d4851a1d" />
    <TestEntry testId="068cdc8e-c9bd-de02-b833-b329ffaf1fd2" executionId="e96bac8b-8fb1-4bde-9c01-87f3936af227" testListId="8c84fa94-04c1-424b-9868-57a2d4851a1d" />
    <TestEntry testId="942a0380-d590-7e7a-6851-2cdf34dc5ff1" executionId="8e2bb847-2ee0-4b59-a4c7-431e71bcc54a" testListId="8c84fa94-04c1-424b-9868-57a2d4851a1d" />
    <TestEntry testId="6ea371f5-9713-1500-34a7-78647e13da18" executionId="32686ce4-2c6f-4023-afb6-f2f6ea1bd0ba" testListId="8c84fa94-04c1-424b-9868-57a2d4851a1d" />
    <TestEntry testId="fa282fd8-ace3-314b-bdaa-b68c035c8013" executionId="1220e3b9-1885-4d88-a237-f97df5ef9fc7" testListId="8c84fa94-04c1-424b-9868-57a2d4851a1d" />
    <TestEntry testId="d4004087-56d4-1d0e-14c6-9815e660af61" executionId="debaef63-67f7-43e1-8ed1-91079c0897b7" testListId="8c84fa94-04c1-424b-9868-57a2d4851a1d" />
    <TestEntry testId="a4ae135f-c523-9f9f-d27b-4db4e5509e94" executionId="b66620b1-8d0e-427f-90cf-39a4bf9c1afa" testListId="8c84fa94-04c1-424b-9868-57a2d4851a1d" />
    <TestEntry testId="7fa090f1-d9a9-3de8-1087-2d0b0717201b" executionId="9fbba866-3e65-4b57-bd73-080abc2858e3" testListId="8c84fa94-04c1-424b-9868-57a2d4851a1d" />
    <TestEntry testId="0b4144dd-a347-7b17-997b-3df3b8ff73bd" executionId="ac3b497c-a9b1-4bb5-83bf-715ad355febe" testListId="8c84fa94-04c1-424b-9868-57a2d4851a1d" />
    <TestEntry testId="0ebca460-c35e-fb90-0af2-4327104b42ae" executionId="75f7f7da-baa4-4eb1-b16e-698af3d39481" testListId="8c84fa94-04c1-424b-9868-57a2d4851a1d" />
    <TestEntry testId="61cf7fd2-4675-4774-43a6-1058ba4d6886" executionId="282ffc77-0455-49f6-b7ff-7b2e81a2d7f7" testListId="8c84fa94-04c1-424b-9868-57a2d4851a1d" />
    <TestEntry testId="77c6ab54-7ca3-396b-513b-a14bf6be574c" executionId="a6841565-d585-467a-a34b-a667ff0ce8f1" testListId="8c84fa94-04c1-424b-9868-57a2d4851a1d" />
    <TestEntry testId="9f6c528b-5fee-7f40-d59f-122c6aa17338" executionId="a86c8751-2a32-464b-b8a7-34edb02b9c8f" testListId="8c84fa94-04c1-424b-9868-57a2d4851a1d" />
    <TestEntry testId="7769ab53-4bf0-a65b-8187-75daf24d1434" executionId="86db1c05-4921-415b-9172-9750bac8df0c" testListId="8c84fa94-04c1-424b-9868-57a2d4851a1d" />
    <TestEntry testId="7976e622-0553-0c71-cbd8-e8577be21b5d" executionId="86aa1104-9c5b-40d4-9562-e88fbb404e8a" testListId="8c84fa94-04c1-424b-9868-57a2d4851a1d" />
    <TestEntry testId="320aa1ed-8916-5804-9751-99d2b2fcbc6a" executionId="ffbab9a6-9688-4728-8afc-eefcfce9c676" testListId="8c84fa94-04c1-424b-9868-57a2d4851a1d" />
    <TestEntry testId="fa3e44b0-1a68-2b54-c8d6-5cd6535068e5" executionId="ac833ca1-9e4e-42a8-b04e-b958f553465b" testListId="8c84fa94-04c1-424b-9868-57a2d4851a1d" />
    <TestEntry testId="da8af087-df0c-8562-0b18-6cdda3360a1f" executionId="34eecafc-aaa4-4708-84a9-f8225f9e24ae" testListId="8c84fa94-04c1-424b-9868-57a2d4851a1d" />
    <TestEntry testId="4618a85c-6917-6864-cac1-68e9f062489d" executionId="7490fca1-e095-48d6-9610-86264f095cea" testListId="8c84fa94-04c1-424b-9868-57a2d4851a1d" />
    <TestEntry testId="225c05c4-9748-a7c6-e24e-08b5a00f73ff" executionId="29ddcbcd-f819-43c5-901a-c6383669d9c5" testListId="8c84fa94-04c1-424b-9868-57a2d4851a1d" />
    <TestEntry testId="e8d906d9-8fb1-1c4e-04ae-14b5b043e77e" executionId="2bcb259d-47a3-4308-8e83-6682820041ba" testListId="8c84fa94-04c1-424b-9868-57a2d4851a1d" />
    <TestEntry testId="1a60954a-838a-08ce-4a89-0464a13b3a93" executionId="984e684e-f0d7-4c0d-b948-92f1504f3b7f" testListId="8c84fa94-04c1-424b-9868-57a2d4851a1d" />
    <TestEntry testId="f8babc50-25ce-9eb4-fa02-2679067db866" executionId="5b920cce-1fc8-4392-b750-e4f70e039017" testListId="8c84fa94-04c1-424b-9868-57a2d4851a1d" />
    <TestEntry testId="f418ccbd-868f-1cb5-4064-c312acb76e89" executionId="169c6fae-5313-44c1-9697-7ef0aed331b1" testListId="8c84fa94-04c1-424b-9868-57a2d4851a1d" />
    <TestEntry testId="6b710965-1677-6f38-b88e-91e3b8a9332f" executionId="2203c722-3468-4ac1-b9f7-48e91ce09a3e" testListId="8c84fa94-04c1-424b-9868-57a2d4851a1d" />
    <TestEntry testId="8e0d0db1-8d33-69b8-381b-66e942894b60" executionId="f400a643-4a59-49fa-adda-d07ce766b6af" testListId="8c84fa94-04c1-424b-9868-57a2d4851a1d" />
    <TestEntry testId="64f3a371-75dd-ff36-2172-a082a1bb01a7" executionId="0439c18a-de24-4db5-92aa-4a2b98c5d171" testListId="8c84fa94-04c1-424b-9868-57a2d4851a1d" />
    <TestEntry testId="d40644e9-e5a2-7e4e-64e2-b6d9ec18d899" executionId="05d8bc2d-4572-4d65-ba7e-ab2083d1e731" testListId="8c84fa94-04c1-424b-9868-57a2d4851a1d" />
    <TestEntry testId="e92b5c19-a5d8-72ee-80c0-df041dccc0be" executionId="eabef6a9-deed-4766-a1fd-7e8dccf59f52" testListId="8c84fa94-04c1-424b-9868-57a2d4851a1d" />
    <TestEntry testId="a5b3e069-d5dc-aae1-dab1-7ba2da7e0884" executionId="4db62c22-a75c-467d-b768-b8df53194b5f" testListId="8c84fa94-04c1-424b-9868-57a2d4851a1d" />
    <TestEntry testId="cbf56f62-df39-1b79-4acc-e7326d9dc27c" executionId="811ace7e-0b88-41a3-aaa4-19202d50baa2" testListId="8c84fa94-04c1-424b-9868-57a2d4851a1d" />
    <TestEntry testId="4362f3ce-6bef-c806-ed6a-f9a0e3284ef0" executionId="6ab28a49-a15f-4591-926c-d48c73530889" testListId="8c84fa94-04c1-424b-9868-57a2d4851a1d" />
    <TestEntry testId="a99ddd4b-7030-4db6-9934-7cc5773a9396" executionId="3cd9f5d1-4e6f-4fdd-9059-ec793d70dace" testListId="8c84fa94-04c1-424b-9868-57a2d4851a1d" />
    <TestEntry testId="c6073ad2-1dfd-1823-7f61-0e4d779c6b0f" executionId="7e635929-c8a6-400c-8fc7-74d562c5eb83" testListId="8c84fa94-04c1-424b-9868-57a2d4851a1d" />
    <TestEntry testId="5ffd0124-37d8-11bf-fa8d-5062ee6afc91" executionId="f8406791-f1c9-4756-a541-a10c57ef7291" testListId="8c84fa94-04c1-424b-9868-57a2d4851a1d" />
    <TestEntry testId="cc8e988e-fc66-7582-921e-6f44ee2d4fb1" executionId="40511317-eb8d-4c85-8f01-dad38757cfac" testListId="8c84fa94-04c1-424b-9868-57a2d4851a1d" />
    <TestEntry testId="6993b04e-0773-c13a-ebf9-79006fbce62b" executionId="981beebb-15b5-4b87-b289-56e7df44386b" testListId="8c84fa94-04c1-424b-9868-57a2d4851a1d" />
    <TestEntry testId="d16ad0a6-d821-4cca-9aac-518623adb362" executionId="3186cfcc-75c6-48ca-8582-79b824eddf1e" testListId="8c84fa94-04c1-424b-9868-57a2d4851a1d" />
    <TestEntry testId="d80f292a-b4c2-4be9-b82a-b5573e9be6f2" executionId="3ae83230-ebb8-4962-bcf1-1490d7b5b400" testListId="8c84fa94-04c1-424b-9868-57a2d4851a1d" />
    <TestEntry testId="aece9089-8fd9-3739-7b3a-72bcdb4cb138" executionId="66efc8f8-2670-4cb2-b5c7-5ab863596d4d" testListId="8c84fa94-04c1-424b-9868-57a2d4851a1d" />
    <TestEntry testId="0eef37c0-80da-2b47-8f3e-2850bbdef705" executionId="a5ebb1c8-e4f6-4dc8-a5b0-45589826a674" testListId="8c84fa94-04c1-424b-9868-57a2d4851a1d" />
    <TestEntry testId="663717dd-e6fb-6ae6-4ed1-26415e1cd665" executionId="a5dd5670-e996-4caf-85da-7c9555b6785d" testListId="8c84fa94-04c1-424b-9868-57a2d4851a1d" />
    <TestEntry testId="accb7fb6-557d-89fd-8c02-43ad3120a4e4" executionId="f832ae4c-56e3-49d0-8580-2d8c5caf4033" testListId="8c84fa94-04c1-424b-9868-57a2d4851a1d" />
    <TestEntry testId="cb76c32f-1004-2d6e-4048-b5467b53a179" executionId="102dc34c-949e-457e-a063-d08da624e753" testListId="8c84fa94-04c1-424b-9868-57a2d4851a1d" />
    <TestEntry testId="6af126f8-3922-fbad-35b8-bf549d275e90" executionId="d09f06fd-0705-4978-b661-456f12244a19" testListId="8c84fa94-04c1-424b-9868-57a2d4851a1d" />
    <TestEntry testId="644506c2-c887-ef59-e127-65e89db16cbc" executionId="665e34c1-5a43-4435-8043-23240ba411e7" testListId="8c84fa94-04c1-424b-9868-57a2d4851a1d" />
    <TestEntry testId="2a561a82-d650-4928-a63a-372019177aa0" executionId="bea18ac1-61eb-4fdf-b221-dfbf9e0f1ae3" testListId="8c84fa94-04c1-424b-9868-57a2d4851a1d" />
    <TestEntry testId="3cdbe969-b2db-38d4-00ab-7c7380efb3ba" executionId="221ddf05-598d-4564-8d18-8ea4032d6cea" testListId="8c84fa94-04c1-424b-9868-57a2d4851a1d" />
    <TestEntry testId="d987caa4-b236-d3ff-cce6-1360da40887d" executionId="d30e2261-7718-46cb-b08f-f997281840c6" testListId="8c84fa94-04c1-424b-9868-57a2d4851a1d" />
    <TestEntry testId="2725660c-204c-cdd3-cc38-c8cb0969f291" executionId="f8324df8-b91c-4d50-bb0a-44cf2b6bc17d" testListId="8c84fa94-04c1-424b-9868-57a2d4851a1d" />
    <TestEntry testId="fbf61387-acd6-ad6e-d454-963c3b13209e" executionId="d09f926c-0cc7-44fb-9ae6-1ae2471b844b" testListId="8c84fa94-04c1-424b-9868-57a2d4851a1d" />
    <TestEntry testId="26cfd68c-0b2b-b154-5fee-9a7274b0546f" executionId="ac41e78f-c0b0-4ced-81d1-4ff99881b694" testListId="8c84fa94-04c1-424b-9868-57a2d4851a1d" />
    <TestEntry testId="c6014464-c5a6-fa24-8780-9b58004c3f58" executionId="ef88278a-d856-49d4-ad26-c479c0486157" testListId="8c84fa94-04c1-424b-9868-57a2d4851a1d" />
    <TestEntry testId="1098bc54-92c2-3c91-e91e-8afcd496d21e" executionId="bafaab81-ccbd-4d8c-b220-3cf5a5f7dfb4" testListId="8c84fa94-04c1-424b-9868-57a2d4851a1d" />
    <TestEntry testId="dedf675d-4710-3439-30c1-2b6f394221dd" executionId="11cd1fab-7c87-42c7-961d-3f6439d5373b" testListId="8c84fa94-04c1-424b-9868-57a2d4851a1d" />
    <TestEntry testId="77ea9ad2-e5e0-4a61-f03a-bc81b141b08e" executionId="68ee9f73-4010-459f-b5d0-699e88f96f88" testListId="8c84fa94-04c1-424b-9868-57a2d4851a1d" />
    <TestEntry testId="d6f365f5-4679-7038-6450-481adfa7d5c7" executionId="96c3c174-34ba-4eb0-929a-ac29e5f3c3b4" testListId="8c84fa94-04c1-424b-9868-57a2d4851a1d" />
    <TestEntry testId="3910ea2e-3d0e-baae-5cb5-ee5255a7ee35" executionId="5e5f72b0-c78f-49e1-a147-5e7eaaa5ac4c" testListId="8c84fa94-04c1-424b-9868-57a2d4851a1d" />
    <TestEntry testId="82c0cf7c-d6a8-c070-d23c-58c9b55e047a" executionId="605c922f-3495-43ee-9297-8580a83b3a1f" testListId="8c84fa94-04c1-424b-9868-57a2d4851a1d" />
    <TestEntry testId="231bd03e-0d38-6cc5-0783-b65ae0f853d9" executionId="191ff5df-5cbb-4941-be7c-b98cedd3f3db" testListId="8c84fa94-04c1-424b-9868-57a2d4851a1d" />
    <TestEntry testId="7a984ac0-e42a-474e-dd34-f1980e6732d9" executionId="42db68e5-1a7f-44f2-a627-d8a2d21300e4" testListId="8c84fa94-04c1-424b-9868-57a2d4851a1d" />
    <TestEntry testId="8419ae4f-e0d9-7a9f-7f37-e3a84733904b" executionId="91e3e5b9-07fb-43c6-a22e-c8453df2e930" testListId="8c84fa94-04c1-424b-9868-57a2d4851a1d" />
    <TestEntry testId="02081afb-f4e4-3f4d-8158-5c914990d541" executionId="f7356379-1042-432b-ad01-0de608ac1ba0" testListId="8c84fa94-04c1-424b-9868-57a2d4851a1d" />
    <TestEntry testId="408ed624-5685-2cc2-3b5f-b6dc3f3441bf" executionId="3a22a3e6-fe85-4403-8e70-6d853330b059" testListId="8c84fa94-04c1-424b-9868-57a2d4851a1d" />
    <TestEntry testId="9693f54a-8e39-e20e-ac44-1452f0049c4d" executionId="36dde657-2e0d-4464-9498-ac1812b5d497" testListId="8c84fa94-04c1-424b-9868-57a2d4851a1d" />
    <TestEntry testId="531135d4-b324-d795-f9f5-d51886e82803" executionId="9a7d2955-ad32-472f-b6a3-ff378b5f781c" testListId="8c84fa94-04c1-424b-9868-57a2d4851a1d" />
    <TestEntry testId="9f97dc1f-2483-ec75-3db2-8e92253870cb" executionId="b8f14a85-cc2b-4ab7-b781-7073170086bc" testListId="8c84fa94-04c1-424b-9868-57a2d4851a1d" />
    <TestEntry testId="5fd1f04b-dac6-41bb-9db7-15f63c1db9f6" executionId="9a6ba6c8-244c-4537-8cdd-90be5e93b88b" testListId="8c84fa94-04c1-424b-9868-57a2d4851a1d" />
    <TestEntry testId="f9126364-3831-3363-8188-a09b575bcf73" executionId="d3ff240e-5b95-4830-94c6-f92338249046" testListId="8c84fa94-04c1-424b-9868-57a2d4851a1d" />
    <TestEntry testId="4ca40fc0-23e6-fedb-25b7-f0ba20aa5cc5" executionId="547e51b9-9e2d-4a80-a4e8-8777ff41fdfa" testListId="8c84fa94-04c1-424b-9868-57a2d4851a1d" />
    <TestEntry testId="4e29e539-acb7-4fe7-b58a-ad776d59b1bb" executionId="c4e9c875-de35-42e3-948f-0ba5822e9aaf" testListId="8c84fa94-04c1-424b-9868-57a2d4851a1d" />
    <TestEntry testId="efeb0611-e5d6-72cb-f153-edd9546c4863" executionId="a922986f-0f2e-4646-aac9-7dde1331d98d" testListId="8c84fa94-04c1-424b-9868-57a2d4851a1d" />
    <TestEntry testId="ef38ddd6-7755-2790-0e1b-b39d5b54c463" executionId="e4f11eb7-5505-4539-822c-1bac25dcc522" testListId="8c84fa94-04c1-424b-9868-57a2d4851a1d" />
    <TestEntry testId="429a8c32-55b7-bbd1-b067-032d95921b55" executionId="cbec2643-be25-4781-a20c-5f653955a240" testListId="8c84fa94-04c1-424b-9868-57a2d4851a1d" />
    <TestEntry testId="6582c566-3514-80d9-5e8b-746b8c877c02" executionId="8842a1fe-0dfa-445c-b0a5-4186591c109d" testListId="8c84fa94-04c1-424b-9868-57a2d4851a1d" />
    <TestEntry testId="613249bd-4594-d153-ca2b-015a8a45b6a0" executionId="36cbdc7d-0cc8-4461-85a9-a1901bc99a2a" testListId="8c84fa94-04c1-424b-9868-57a2d4851a1d" />
    <TestEntry testId="1e0740c8-2234-8fea-75be-3168c953cfa8" executionId="83d64dd7-6864-4d01-8f17-ec827e3c109a" testListId="8c84fa94-04c1-424b-9868-57a2d4851a1d" />
    <TestEntry testId="e500e466-400d-7a9d-97dd-2a6998d88e4b" executionId="c2445597-0f04-44ef-bb52-3b4e54dba27a" testListId="8c84fa94-04c1-424b-9868-57a2d4851a1d" />
    <TestEntry testId="00f0e72d-0ee9-884c-1553-d761223ad003" executionId="601d9003-ebbb-4cc8-b191-0d5591d95068" testListId="8c84fa94-04c1-424b-9868-57a2d4851a1d" />
    <TestEntry testId="ec3dceb2-7476-60e7-45c6-cb4ca611c1fd" executionId="97264522-5027-421d-9821-bf7cd28d795e" testListId="8c84fa94-04c1-424b-9868-57a2d4851a1d" />
    <TestEntry testId="1fa28479-68b5-6739-9382-2a843d130358" executionId="252af3e0-07b4-43c0-ab71-a8405292a0fb" testListId="8c84fa94-04c1-424b-9868-57a2d4851a1d" />
    <TestEntry testId="9084bd1d-64fc-c645-d3ae-df82e73934b3" executionId="275d9160-cec2-4b05-980b-62590485627e" testListId="8c84fa94-04c1-424b-9868-57a2d4851a1d" />
    <TestEntry testId="ec8889aa-5c28-4621-dc4c-a1bae4f864b3" executionId="535ea712-5002-4c83-8787-a35a6a242e32" testListId="8c84fa94-04c1-424b-9868-57a2d4851a1d" />
  </TestEntries>
  <Results>
    <UnitTestResult executionId="408064a5-b487-4fba-b0b4-d27c5fcdc55b" testId="fbc81c52-7315-1e7c-4d04-ddf848c918c9" testName="RETTest" computerName="SAMCRUISE-PC" duration="00:00:00.0263079" startTime="2012-11-02T17:30:45.3522801+00:00" endTime="2012-11-02T17:30:46.1790816+00:00" testType="13cdc9d9-ddb5-4fa4-a97d-d965ccfc6d4b" outcome="Passed" testListId="8c84fa94-04c1-424b-9868-57a2d4851a1d" relativeResultsDirectory="408064a5-b487-4fba-b0b4-d27c5fcdc55b">
    </UnitTestResult>
    <UnitTestResult executionId="8cee17a9-ae86-4232-9132-af6fb46a9f32" testId="1a78406e-fc9c-f400-96bf-e6409042a51b" testName="RETITest" computerName="SAMCRUISE-PC" duration="00:00:00.0005925" startTime="2012-11-02T17:30:46.1790816+00:00" endTime="2012-11-02T17:30:46.1790816+00:00" testType="13cdc9d9-ddb5-4fa4-a97d-d965ccfc6d4b" outcome="Passed" testListId="8c84fa94-04c1-424b-9868-57a2d4851a1d" relativeResultsDirectory="8cee17a9-ae86-4232-9132-af6fb46a9f32">
    </UnitTestResult>
    <UnitTestResult executionId="7c53f18f-dbf4-4d7d-997e-36b22acbbcc1" testId="7a3748d0-d7ac-0d6f-14be-1f126ae99321" testName="RETNTest" computerName="SAMCRUISE-PC" duration="00:00:00.0005425" startTime="2012-11-02T17:30:46.1790816+00:00" endTime="2012-11-02T17:30:46.1946816+00:00" testType="13cdc9d9-ddb5-4fa4-a97d-d965ccfc6d4b" outcome="Passed" testListId="8c84fa94-04c1-424b-9868-57a2d4851a1d" relativeResultsDirectory="7c53f18f-dbf4-4d7d-997e-36b22acbbcc1">
    </UnitTestResult>
    <UnitTestResult executionId="d7bbe42e-daa2-4b68-bc88-e9e627afdb4f" testId="3a2e5b08-4e06-5e86-1556-043e5a55d63f" testName="RET_ccTest" computerName="SAMCRUISE-PC" duration="00:00:00.0013587" startTime="2012-11-02T17:30:46.1946816+00:00" endTime="2012-11-02T17:30:46.1946816+00:00" testType="13cdc9d9-ddb5-4fa4-a97d-d965ccfc6d4b" outcome="Passed" testListId="8c84fa94-04c1-424b-9868-57a2d4851a1d" relativeResultsDirectory="d7bbe42e-daa2-4b68-bc88-e9e627afdb4f">
    </UnitTestResult>
    <UnitTestResult executionId="fb7ca5c0-17b7-469e-919b-e14b3895f3e9" testId="8d11f4ff-16dc-c6dd-67b2-df83947219f7" testName="RLTest" computerName="SAMCRUISE-PC" duration="00:00:00.0024712" startTime="2012-11-02T17:30:46.1946816+00:00" endTime="2012-11-02T17:30:46.2102816+00:00" testType="13cdc9d9-ddb5-4fa4-a97d-d965ccfc6d4b" outcome="Passed" testListId="8c84fa94-04c1-424b-9868-57a2d4851a1d" relativeResultsDirectory="fb7ca5c0-17b7-469e-919b-e14b3895f3e9">
    </UnitTestResult>
    <UnitTestResult executionId="2e50f223-84c7-4212-a87d-a64224681615" testId="4a4a0e75-24b0-83d9-8bf1-cffe9a6c30c7" testName="RLATest" computerName="SAMCRUISE-PC" duration="00:00:00.0008799" startTime="2012-11-02T17:30:46.2102816+00:00" endTime="2012-11-02T17:30:46.2102816+00:00" testType="13cdc9d9-ddb5-4fa4-a97d-d965ccfc6d4b" outcome="Passed" testListId="8c84fa94-04c1-424b-9868-57a2d4851a1d" relativeResultsDirectory="2e50f223-84c7-4212-a87d-a64224681615">
    </UnitTestResult>
    <UnitTestResult executionId="943c1300-6787-483b-be08-e587df4be904" testId="5b87d4fd-91a2-2ead-ea51-310966889653" testName="RLCTest" computerName="SAMCRUISE-PC" duration="00:00:00.0014567" startTime="2012-11-02T17:30:46.2258817+00:00" endTime="2012-11-02T17:30:46.2258817+00:00" testType="13cdc9d9-ddb5-4fa4-a97d-d965ccfc6d4b" outcome="Passed" testListId="8c84fa94-04c1-424b-9868-57a2d4851a1d" relativeResultsDirectory="943c1300-6787-483b-be08-e587df4be904">
    </UnitTestResult>
    <UnitTestResult executionId="531157e8-52bf-46ab-8583-2cbaebcc6712" testId="eb8ea76d-8f52-861c-adb1-87727b91e8dc" testName="RLCATest" computerName="SAMCRUISE-PC" duration="00:00:00.0006052" startTime="2012-11-02T17:30:46.2258817+00:00" endTime="2012-11-02T17:30:46.2258817+00:00" testType="13cdc9d9-ddb5-4fa4-a97d-d965ccfc6d4b" outcome="Passed" testListId="8c84fa94-04c1-424b-9868-57a2d4851a1d" relativeResultsDirectory="531157e8-52bf-46ab-8583-2cbaebcc6712">
    </UnitTestResult>
    <UnitTestResult executionId="01c08756-fb7d-4e09-85c9-a9f5aa267f45" testId="0804b260-48c2-c53d-e9c8-4cb6d080560a" testName="RLDTest" computerName="SAMCRUISE-PC" duration="00:00:00.0006628" startTime="2012-11-02T17:30:46.2414817+00:00" endTime="2012-11-02T17:30:46.2414817+00:00" testType="13cdc9d9-ddb5-4fa4-a97d-d965ccfc6d4b" outcome="Passed" testListId="8c84fa94-04c1-424b-9868-57a2d4851a1d" relativeResultsDirectory="01c08756-fb7d-4e09-85c9-a9f5aa267f45">
    </UnitTestResult>
    <UnitTestResult executionId="f0ffaa02-ee4b-4c8a-b76d-d724e80fc481" testId="c00d5263-9362-91d8-9786-3cf7ff9338c7" testName="RRTest" computerName="SAMCRUISE-PC" duration="00:00:00.0007566" startTime="2012-11-02T17:30:46.2414817+00:00" endTime="2012-11-02T17:30:46.2414817+00:00" testType="13cdc9d9-ddb5-4fa4-a97d-d965ccfc6d4b" outcome="Passed" testListId="8c84fa94-04c1-424b-9868-57a2d4851a1d" relativeResultsDirectory="f0ffaa02-ee4b-4c8a-b76d-d724e80fc481">
    </UnitTestResult>
    <UnitTestResult executionId="6f5f6699-6c28-4435-9600-d892b21438d1" testId="2fe7eb0b-f938-cdd3-52dd-f930c2ebb2b1" testName="RRATest" computerName="SAMCRUISE-PC" duration="00:00:00.0006905" startTime="2012-11-02T17:30:46.2570817+00:00" endTime="2012-11-02T17:30:46.2570817+00:00" testType="13cdc9d9-ddb5-4fa4-a97d-d965ccfc6d4b" outcome="Passed" testListId="8c84fa94-04c1-424b-9868-57a2d4851a1d" relativeResultsDirectory="6f5f6699-6c28-4435-9600-d892b21438d1">
    </UnitTestResult>
    <UnitTestResult executionId="06d52ea3-cec8-4f47-b4f0-8799156ace3b" testId="4bbbd8b9-6ef7-b020-fb32-ef276dcf5e16" testName="RRCTest" computerName="SAMCRUISE-PC" duration="00:00:00.0007566" startTime="2012-11-02T17:30:46.2570817+00:00" endTime="2012-11-02T17:30:46.2570817+00:00" testType="13cdc9d9-ddb5-4fa4-a97d-d965ccfc6d4b" outcome="Passed" testListId="8c84fa94-04c1-424b-9868-57a2d4851a1d" relativeResultsDirectory="06d52ea3-cec8-4f47-b4f0-8799156ace3b">
    </UnitTestResult>
    <UnitTestResult executionId="a74f5ff6-fc2e-4aa0-829b-b309a346b360" testId="947b96e5-70b2-89ca-d911-83455c83ccaf" testName="RRCATest" computerName="SAMCRUISE-PC" duration="00:00:00.0006582" startTime="2012-11-02T17:30:46.2882818+00:00" endTime="2012-11-02T17:30:46.2882818+00:00" testType="13cdc9d9-ddb5-4fa4-a97d-d965ccfc6d4b" outcome="Passed" testListId="8c84fa94-04c1-424b-9868-57a2d4851a1d" relativeResultsDirectory="a74f5ff6-fc2e-4aa0-829b-b309a346b360">
    </UnitTestResult>
    <UnitTestResult executionId="43505fd9-29dd-45d7-bec9-a08e866c794d" testId="90d80866-ad2b-eaca-8eb7-479ef25dc5d4" testName="RRDTest" computerName="SAMCRUISE-PC" duration="00:00:00.0006578" startTime="2012-11-02T17:30:46.2882818+00:00" endTime="2012-11-02T17:30:46.2882818+00:00" testType="13cdc9d9-ddb5-4fa4-a97d-d965ccfc6d4b" outcome="Passed" testListId="8c84fa94-04c1-424b-9868-57a2d4851a1d" relativeResultsDirectory="43505fd9-29dd-45d7-bec9-a08e866c794d">
    </UnitTestResult>
    <UnitTestResult executionId="84b9d59c-d8cf-4071-a0aa-793983eac20a" testId="ea7626fe-75bd-bf00-5a86-b04022167316" testName="RSTTest" computerName="SAMCRUISE-PC" duration="00:00:00.0006232" startTime="2012-11-02T17:30:46.3038818+00:00" endTime="2012-11-02T17:30:46.3038818+00:00" testType="13cdc9d9-ddb5-4fa4-a97d-d965ccfc6d4b" outcome="Passed" testListId="8c84fa94-04c1-424b-9868-57a2d4851a1d" relativeResultsDirectory="84b9d59c-d8cf-4071-a0aa-793983eac20a">
    </UnitTestResult>
    <UnitTestResult executionId="2944fa5f-148a-41c8-b43d-353c5adde573" testId="f27d20d8-0856-98b6-055e-c7e96212608b" testName="SBC_A_nTest" computerName="SAMCRUISE-PC" duration="00:00:00.0010144" startTime="2012-11-02T17:30:46.3038818+00:00" endTime="2012-11-02T17:30:46.3038818+00:00" testType="13cdc9d9-ddb5-4fa4-a97d-d965ccfc6d4b" outcome="Passed" testListId="8c84fa94-04c1-424b-9868-57a2d4851a1d" relativeResultsDirectory="2944fa5f-148a-41c8-b43d-353c5adde573">
    </UnitTestResult>
    <UnitTestResult executionId="7ac56754-fa6d-46aa-a8e2-6ea7aac8fe6b" testId="3c62e18b-0679-84be-4297-06f24bddccec" testName="SBC_A_rTest" computerName="SAMCRUISE-PC" duration="00:00:00.0007973" startTime="2012-11-02T17:30:46.3194818+00:00" endTime="2012-11-02T17:30:46.3194818+00:00" testType="13cdc9d9-ddb5-4fa4-a97d-d965ccfc6d4b" outcome="Passed" testListId="8c84fa94-04c1-424b-9868-57a2d4851a1d" relativeResultsDirectory="7ac56754-fa6d-46aa-a8e2-6ea7aac8fe6b">
    </UnitTestResult>
    <UnitTestResult executionId="5595be47-3812-4a3f-bca9-fa1eb3845e10" testId="395f2e6e-8b8a-dab4-6961-5d67ff30ad80" testName="SBC_HLTest" computerName="SAMCRUISE-PC" duration="00:00:00.0009472" startTime="2012-11-02T17:30:46.3194818+00:00" endTime="2012-11-02T17:30:46.3194818+00:00" testType="13cdc9d9-ddb5-4fa4-a97d-d965ccfc6d4b" outcome="Passed" testListId="8c84fa94-04c1-424b-9868-57a2d4851a1d" relativeResultsDirectory="5595be47-3812-4a3f-bca9-fa1eb3845e10">
    </UnitTestResult>
    <UnitTestResult executionId="0003f236-ef05-45e7-bbf6-bdf9eadd4b1e" testId="95637e7c-0e69-a183-b60b-a7b697c7d16d" testName="SCFTest" computerName="SAMCRUISE-PC" duration="00:00:00.0005441" startTime="2012-11-02T17:30:46.3350819+00:00" endTime="2012-11-02T17:30:46.3350819+00:00" testType="13cdc9d9-ddb5-4fa4-a97d-d965ccfc6d4b" outcome="Passed" testListId="8c84fa94-04c1-424b-9868-57a2d4851a1d" relativeResultsDirectory="0003f236-ef05-45e7-bbf6-bdf9eadd4b1e">
    </UnitTestResult>
    <UnitTestResult executionId="63207611-57ac-4485-8adf-f1b47bbe4a6a" testId="9577c4f7-7003-b9c5-163a-7c5efd62ae51" testName="SETTest" computerName="SAMCRUISE-PC" duration="00:00:00.0006686" startTime="2012-11-02T17:30:46.3350819+00:00" endTime="2012-11-02T17:30:46.3350819+00:00" testType="13cdc9d9-ddb5-4fa4-a97d-d965ccfc6d4b" outcome="Passed" testListId="8c84fa94-04c1-424b-9868-57a2d4851a1d" relativeResultsDirectory="63207611-57ac-4485-8adf-f1b47bbe4a6a">
    </UnitTestResult>
    <UnitTestResult executionId="ea8e5821-a77b-466c-b2f7-e0788cddd609" testId="fd05f8bb-7e5b-6c74-7d40-9b6b3ce48014" testName="SLATest" computerName="SAMCRUISE-PC" duration="00:00:00.0009210" startTime="2012-11-02T17:30:46.3506819+00:00" endTime="2012-11-02T17:30:46.3506819+00:00" testType="13cdc9d9-ddb5-4fa4-a97d-d965ccfc6d4b" outcome="Passed" testListId="8c84fa94-04c1-424b-9868-57a2d4851a1d" relativeResultsDirectory="ea8e5821-a77b-466c-b2f7-e0788cddd609">
    </UnitTestResult>
    <UnitTestResult executionId="9be1c5fe-7d08-4865-9559-8480e9cd6027" testId="3f3d6718-39ff-7fa1-2efb-6ac794445b3b" testName="SLLTest" computerName="SAMCRUISE-PC" duration="00:00:00.0009034" startTime="2012-11-02T17:30:46.3506819+00:00" endTime="2012-11-02T17:30:46.3506819+00:00" testType="13cdc9d9-ddb5-4fa4-a97d-d965ccfc6d4b" outcome="Passed" testListId="8c84fa94-04c1-424b-9868-57a2d4851a1d" relativeResultsDirectory="9be1c5fe-7d08-4865-9559-8480e9cd6027">
    </UnitTestResult>
    <UnitTestResult executionId="9e405798-3c4a-4966-ad51-0bffefccab33" testId="d576b2e9-18ab-4c39-22d6-660b702088a3" testName="SRATest" computerName="SAMCRUISE-PC" duration="00:00:00.0010152" startTime="2012-11-02T17:30:46.3662819+00:00" endTime="2012-11-02T17:30:46.3662819+00:00" testType="13cdc9d9-ddb5-4fa4-a97d-d965ccfc6d4b" outcome="Passed" testListId="8c84fa94-04c1-424b-9868-57a2d4851a1d" relativeResultsDirectory="9e405798-3c4a-4966-ad51-0bffefccab33">
    </UnitTestResult>
    <UnitTestResult executionId="1cfe86cd-ac7f-4296-a138-293a2926dce2" testId="a281a993-54ac-242d-6e81-bd7ca5969d50" testName="SRLTest" computerName="SAMCRUISE-PC" duration="00:00:00.0006832" startTime="2012-11-02T17:30:46.3662819+00:00" endTime="2012-11-02T17:30:46.3662819+00:00" testType="13cdc9d9-ddb5-4fa4-a97d-d965ccfc6d4b" outcome="Passed" testListId="8c84fa94-04c1-424b-9868-57a2d4851a1d" relativeResultsDirectory="1cfe86cd-ac7f-4296-a138-293a2926dce2">
    </UnitTestResult>
    <UnitTestResult executionId="36870c91-ded9-4fdb-9b66-730a5be73163" testId="46c0ea6c-7511-1a43-1027-23d83e8af062" testName="SUB_nTest" computerName="SAMCRUISE-PC" duration="00:00:00.0006109" startTime="2012-11-02T17:30:46.3818819+00:00" endTime="2012-11-02T17:30:46.3818819+00:00" testType="13cdc9d9-ddb5-4fa4-a97d-d965ccfc6d4b" outcome="Passed" testListId="8c84fa94-04c1-424b-9868-57a2d4851a1d" relativeResultsDirectory="36870c91-ded9-4fdb-9b66-730a5be73163">
    </UnitTestResult>
    <UnitTestResult executionId="ea2b7cdb-2fc0-4235-84e3-909bb8344490" testId="55171caa-19dd-2ede-1df5-fba7324e3535" testName="SUB_rTest" computerName="SAMCRUISE-PC" duration="00:00:00.0007343" startTime="2012-11-02T17:30:46.3818819+00:00" endTime="2012-11-02T17:30:46.3974820+00:00" testType="13cdc9d9-ddb5-4fa4-a97d-d965ccfc6d4b" outcome="Passed" testListId="8c84fa94-04c1-424b-9868-57a2d4851a1d" relativeResultsDirectory="ea2b7cdb-2fc0-4235-84e3-909bb8344490">
    </UnitTestResult>
    <UnitTestResult executionId="58d84dbc-9895-47b7-8cba-a8d336a9deed" testId="2d6e4e36-5fe1-42c4-5c13-c7a8f483806d" testName="XOR_nTest" computerName="SAMCRUISE-PC" duration="00:00:00.0006040" startTime="2012-11-02T17:30:46.3974820+00:00" endTime="2012-11-02T17:30:46.3974820+00:00" testType="13cdc9d9-ddb5-4fa4-a97d-d965ccfc6d4b" outcome="Passed" testListId="8c84fa94-04c1-424b-9868-57a2d4851a1d" relativeResultsDirectory="58d84dbc-9895-47b7-8cba-a8d336a9deed">
    </UnitTestResult>
    <UnitTestResult executionId="f72bdbfa-93cc-46ca-80b1-c0ec7f522e29" testId="436605de-6d1c-4402-615f-0938ced05851" testName="XOR_rTest" computerName="SAMCRUISE-PC" duration="00:00:00.0007550" startTime="2012-11-02T17:30:46.4130820+00:00" endTime="2012-11-02T17:30:46.4286820+00:00" testType="13cdc9d9-ddb5-4fa4-a97d-d965ccfc6d4b" outcome="Passed" testListId="8c84fa94-04c1-424b-9868-57a2d4851a1d" relativeResultsDirectory="f72bdbfa-93cc-46ca-80b1-c0ec7f522e29">
    </UnitTestResult>
    <UnitTestResult executionId="94dac52d-0446-4e5d-8b5c-d8b1baefda01" testId="06cdd2b0-2e57-8d8b-04bb-80519a9fcc34" testName="FUSETests" computerName="SAMCRUISE-PC" duration="00:00:00.3975990" startTime="2012-11-02T17:30:46.4286820+00:00" endTime="2012-11-02T17:30:46.8342827+00:00" testType="13cdc9d9-ddb5-4fa4-a97d-d965ccfc6d4b" outcome="Passed" testListId="8c84fa94-04c1-424b-9868-57a2d4851a1d" relativeResultsDirectory="94dac52d-0446-4e5d-8b5c-d8b1baefda01">
      <Output>
        <StdOut>KHLBKHLBKHLBKHLBKHLBKHLBKHLBKHLBKHLBKHLBKHLBKHLBKHLBKHLBKHLBKHLBKHLBKHLBKHLBKHLBKHLBKHLBKHLBKHLBKHLBKHLBKHLBKHLBKHLBKHLBKHLBKHLBKHLBKHLBKHLBKHLBKHLBKHLBKHLBKHLBKHLBKHLBKHLBKHLBKHLBKHLBKHLBKHLBKHLBKHLBKHLBKHLBKHLBKHLBKHLBKHLBKHLBKHLBKHLBKHLBKHLBKHLBKHLBKHLBKHLBKHLBKHLBKHLBKHLBKHLBKHLBKHLBKHLBKHLBKHLBKHLBKHLBKHLBKHLBKHLBKHLBKHLBKHLBKHLBKHLBKHLBKHLBKHLBKHLBKHLBKHLBKHLBKHLBKHLBKHLBKHLBKHLBKHLBKHLBKHLBKHLBKHLBKHLBKHLBKHLBKHLBKHLBKHLBKHLBKHLBKHLBKHLBKHLBKHLBKHLBKHLBKHLBKHLBKHLBKHLBKHLBKHLBKHLBKHLBKHLBKHLBKHLBKHLBKHLBKHLBKHLBKHLBKHLBKHLBKHLBKHLBKHLBKHLBKHLBKHLBKHLBKHLBKHLBKHLBKHLBKHLBKHLBKHLBKHLBKHLBKHLBKHLBKHLBKHLBKHLBKHLBKHLBKHLBKHLBKHLBKHLBKHLBKHLBKHLBKHLBKHLBKHLBKHLBKHLBKHLBKHLBKHLBKHLBKHLBKHLBKHLBKHLBKHLBKHLBKHLBKHLBKHLBKHLBKHLBKHLBKHLBKHLBKHLBKHLBKHLBKHLBKHLBKHLBKHLBKHLBKHLBKHLBKHLBKHLBKHLBKHLBKHLBKHLBKHLBKHLBKHLBKHLBKHLBKHLBKHLBKHLBKHLBKHLBKHLBKHLBKHLBKHLBKHLBKHLBKHLBKHLBKHLBKHLBKHLBKHLBKHLBKHLBKHLBKHLBKHLBKHLBKHLBKHLBKHLBKHLBKHLBKHLBKHLBKHLBKHLBKHLBKHLBKHLBKHLBKHLBKHLBKHLBKHLBKHLBKHLBKHLBKHLBKHLBKHLBKHLBKHLBKHLBKHLBKHLBKHLBKHLBKHLBKHLBKHLBKHLBKHLBKHLBKHLBKHLBKHLBKHLBKHLBKHLBKHLBKHLBKHLBKHLBKHLBKHLBKHLBKHLBKHLBKHLBKHLBKHLBKHLBKHLBKHLBKHLBKHLBKHLBKHLBKHLBKHLBKHLBKHLBKHLBKHLBKHLBKHLBKHLBKHLBKHLBKHLBKHLBKHLBKHLBKHLBKHLBKHLBKHLBKHLBKHLBKHLBKHLBKHLBKHLBKHLBKHLBKHLBKHLBKHLBKHLBKHLBKHLBKHLBKHLBKHLBKHLBKHLBKHLBKHLBKHLBKHLBKHLBKHLBKHLBKHLBKHLBKHLBKHLBKHLBKHLBKHLBKHLBKHLBKHLBKHLBKHLBKHLBKHLBKHLBKHLBKHLBKHLBKHLBKHLBKHLBKHLBKHLBKHLBKHLBKHLBKHLBKHLBKHLBKHLBKHLBKHLBKHLBKHLBKHLBKHLBKHLBKHLBKHLBKHLBKHLBKHLBKHLBKHLBKHLBKHLBKHLBKHLBKHLBKHLBKHLBKHLBKHLBKHLBKHLBKHLBKHLBKHLBKHLBKHLBKHLBKHLBKHLBKHLBKHLBKHLBKHLBKHLBKHLBKHLBKHLBKHLBKHLBKHLBKHLBKHLBKHLBKHLBKHLBKHLBKHLBKHLBKHLBKHLBKHLBKHLBKHLBKHLBKHLBKHLBKHLBKHLBKHLBKHLBKHLBKHLBKHLBKHLBKHLBKHLBKHLBKHLBKHLBKHLBKHLBKHLBKHLBKHLBKHLBKHLBKHLBKHLBKHLBKHLBKHLBKHLBKHLBKHLBKHLBKHLBKHLBKHLBKHLBKHLBKHLBKHLBKHLBKHLBKHLBKHLBKHLBKHLBKHLBKHLBKHLBKHLBKHLBKHLBKHLBKHLBKHLBKHLBKHLBKHLBKHLBKHLBKHLBKHLBKHLBKHLBKHLBKHLBKHLBKHLBKHLBKHLBKHLBKHLBKHLBKHLBKHLBKHLBKHLBKHLBKHLBKHLBKHLBKHLBKHLBKHLB162 was written to port 41709
KHLB66 was written to port 17132
KHLB66 was written to port 17133
KHLB162 was written to port 41708
KHLBKHLBKHLBKHLBKHLBKHLBKHLBKHLBKHLBKHLBKHLB193 was read from port 49635
KHLB193 was read from port 29154
KHLB193 was read from port 29155
KHLB193 was read from port 49634
KHLBKHLBKHLBKHLBKHLBKHLBKHLBKHLBKHLBKHLBKHLBKHLBKHLBKHLBKHLBKHLBKHLBKHLBKHLBKHLBKHLBKHLBKHLBKHLBKHLBKHLBKHLBKHLBKHLBKHLBKHLBKHLBKHLBKHLBKHLBKHLBKHLBKHLBKHLBKHLBKHLBKHLBKHLBKHLBKHLBKHLBKHLBKHLBKHLBKHLBKHLBKHLBKHLBKHLBKHLBKHLBKHLBKHLBKHLBKHLBKHLBKHLBKHLBKHLBKHLBKHLBKHLBKHLBKHLBKHLBKHLBKHLBKHLBKHLBKHLBKHLBKHLBKHLBKHLBKHLBKHLBKHLBKHLBKHLBKHLBKHLBKHLBKHLBKHLBKHLBKHLBKHLBKHLBKHLBKHLBKHLBKHLBKHLBKHLBKHLBKHLBKHLBKHLBKHLBKHLBKHLBKHLBKHLBKHLBKHLBKHLBKHLBKHLBKHLBKHLBKHLBKHLBKHLBKHLBKHLBKHLBKHLBKHLBKHLBKHLBKHLBKHLBKHLBKHLBKHLBKHLBKHLBKHLBKHLBKHLBKHLBKHLBKHLBKHLBKHLBKHLBKHLBKHLBKHLBKHLBKHLBKHLBKHLBKHLBKHLBKHLBKHLBKHLBKHLBKHLBKHLBKHLBKHLBKHLBKHLBKHLBKHLBKHLBKHLBKHLBKHLBKHLBKHLBKHLBKHLBKHLBKHLBKHLBKHLBKHLBKHLBKHLBKHLBKHLBKHLBKHLBKHLBKHLBKHLBKHLBKHLBKHLBKHLBKHLBKHLBKHLBKHLBKHLBKHLBKHLBKHLBKHLBKHLBKHLBKHLBKHLBKHLBKHLBKHLBKHLBKHLBKHLBKHLBKHLBKHLBKHLBKHLBKHLBKHLBKHLBKHLBKHLBKHLBKHLBKHLBKHLBKHLBKHLBKHLBKHLBKHLBKHLBKHLBKHLBKHLBKHLBKHLBKHLBKHLBKHLBKHLBKHLBKHLBKHLBKHLBKHLBKHLBKHLBKHLBKHLBKHLBKHLBKHLBKHLBKHLBKHLBKHLBKHLBKHLBKHLBKHLBKHLBKHLBKHLBKHLBKHLBKHLBKHLBKHLBKHLBKHLBKHLBKHLBKHLBKHLBKHLBKHLBKHLBKHLBKHLBKHLBKHLBKHLBKHLBKHLBKHLBKHLBKHLBKHLBKHLBKHLBKHLBKHLBKHLBKHLBKHLBKHLBKHLBKHLBKHLBKHLBKHLBKHLBKHLBKHLBKHLBKHLBKHLBKHLBKHLBKHLBKHLBKHLBKHLBKHLBKHLBKHLBKHLBKHLBKHLBKHLBKHLBKHLBKHLBKHLBKHLBKHLBKHLBKHLBKHLBKHLBKHLBKHLBKHLBKHLBKHLBKHLBKHLBKHLBKHLBKHLBKHLBKHLBKHLBKHLBKHLBKHLBKHLBKHLBKHLBKHLBKHLBKHLBKHLBKHLBKHLBKHLBKHLBKHLBKHLBKHLBKHLBKHLBKHLBKHLBKHLBKHLBKHLBKHLBKHLBKHLBKHLBKHLBKHLBKHLB41 was read from port 10603
KHLB8 was written to port 2177
KHLBKHLBKHLBKHLBKHLBKHLBKHLB125 was read from port 32027
KHLB236 was written to port 23020
KHLBKHLBKHLBKHLBKHLBKHLBKHLB187 was read from port 48076
KHLB83 was written to port 49316
KHLBKHLBKHLBKHLBKHLBKHLBKHLB64 was read from port 16529
KHLB197 was written to port 54546
KHLBKHLBKHLBKHLBKHLBKHLBKHLB13 was read from port 3502
KHLB216 was written to port 37066
KHLBKHLBKHLBKHLBKHLBKHLBKHLB98 was read from port 25163
KHLB214 was written to port 36143
KHLBKHLBKHLBKHLBKHLBKHLBKHLB247 was read from port 63446
KHLB0 was written to port 8371
KHLBKHLBKHLBKHLBKHLBKHLB242 was read from port 61958
KHLB224 was written to port 16963
KHLBKHLBKHLBKHLBKHLBKHLBKHLBKHLB154 was read from port 39554
KHLB2 was read from port 512
KHLB86 was read from port 22170
KHLB171 was read from port 43980
KHLB179 was written to port 25396
KHLB0 was written to port 256
KHLB0 was written to port 256
KHLB0 was written to port 256
KHLB128 was written to port 256
KHLB18 was written to port 256
KHLB18 was written to port 256
KHLB0 was written to port 512
KHLB0 was written to port 2048
KHLB0 was written to port 33024
KHLB0 was written to port 33280
KHLB0 was written to port 43264
KHLBKHLBKHLB215 was read from port 54929
KHLB1 was read from port 1
KHLB86 was read from port 21930
KHLB171 was read from port 43724
KHLB73 was written to port 62260
KHLB127 was written to port 22528
KHLB205 was written to port 43776
KHLBKHLBKHLBKHLBKHLBKHLBKHLBKHLBKHLBKHLBKHLBKHLBKHLBKHLBKHLBKHLBKHLBKHLBKHLBKHLBKHLB10 was read from port 2624
KHLB9 was read from port 2368
KHLB8 was read from port 2112
KHLB7 was read from port 1856
KHLB6 was read from port 1600
KHLB5 was read from port 1344
KHLB4 was read from port 1088
KHLB3 was read from port 832
KHLB2 was read from port 576
KHLB1 was read from port 320
KHLB157 was written to port 992
KHLB36 was written to port 736
KHLB170 was written to port 480
KHLBKHLBKHLBKHLBKHLBKHLBKHLBKHLBKHLBKHLBKHLBKHLBKHLBKHLBKHLBKHLBKHLB6 was read from port 1695
KHLB5 was read from port 1439
KHLB4 was read from port 1183
KHLB3 was read from port 927
KHLB2 was read from port 671
KHLB1 was read from port 415
KHLB182 was written to port 1083
KHLB197 was written to port 827
KHLB113 was written to port 571
KHLB249 was written to port 315
KHLBKHLBKHLBKHLBKHLBKHLBKHLBKHLBKHLBKHLBKHLBKHLBKHLBKHLBKHLBKHLBKHLBKHLBKHLBKHLBKHLBKHLBKHLBKHLBKHLBKHLBKHLBKHLBKHLBKHLBKHLBKHLBKHLBKHLBKHLBKHLBKHLBKHLBKHLBKHLBKHLBKHLBKHLBKHLBKHLBKHLBKHLBKHLBKHLBKHLBKHLBKHLBKHLBKHLBKHLBKHLBKHLBKHLBKHLBKHLBKHLBKHLBKHLBKHLBKHLBKHLBKHLBKHLBKHLBKHLBKHLBKHLBKHLBKHLBKHLBKHLBKHLBKHLBKHLBKHLBKHLBKHLBKHLBKHLBKHLBKHLBKHLBKHLBKHLBKHLBKHLBKHLBKHLBKHLBKHLBKHLBKHLBKHLBKHLBKHLBKHLBKHLBKHLBKHLBKHLBKHLBKHLBKHLBKHLBKHLBKHLBKHLBKHLBKHLBKHLBKHLBKHLBKHLBKHLBKHLBKHLBKHLBKHLBKHLBKHLBKHLBKHLBKHLBKHLBKHLBKHLBKHLBKHLBKHLBKHLBKHLBKHLBKHLBKHLBKHLBKHLBKHLBKHLBKHLBKHLBKHLBKHLBKHLBKHLBKHLBKHLBKHLBKHLBKHLBKHLBKHLBKHLBKHLBKHLBKHLBKHLBKHLBKHLBKHLBKHLBKHLBKHLBKHLBKHLBKHLBKHLBKHLBKHLBKHLBKHLBKHLBKHLBKHLBKHLBKHLBKHLBKHLBKHLBKHLBKHLBKHLBKHLBKHLBKHLBKHLBKHLBKHLBKHLBKHLBKHLBKHLBKHLBKHLBKHLBKHLBKHLBKHLBKHLBKHLBKHLBKHLBKHLBKHLBKHLBKHLBKHLBKHLBKHLBKHLBKHLBKHLBKHLBKHLBKHLBKHLBKHLBKHLBKHLBKHLBKHLBKHLBKHLBKHLBKHLBKHLBKHLBKHLBKHLBKHLBKHLBKHLBKHLBKHLBKHLBKHLBKHLBKHLBKHLBKHLBKHLBKHLBKHLBKHLBKHLBKHLBKHLBKHLBKHLBKHLBKHLBKHLBKHLBKHLBKHLBKHLBKHLBKHLBKHLBKHLBKHLBKHLBKHLBKHLBKHLBKHLBKHLBKHLBKHLBKHLBKHLBKHLBKHLBKHLBKHLBKHLBKHLBKHLBKHLBKHLBKHLBKHLBKHLBKHLBKHLBKHLBKHLBKHLBKHLBKHLBKHLBKHLBKHLBKHLBKHLBKHLBKHLBKHLBKHLBKHLBKHLBKHLBKHLBKHLBKHLBKHLBKHLBKHLBKHLBKHLBKHLBKHLBKHLBKHLBKHLBKHLBKHLBKHLBKHLBKHLBKHLBKHLBKHLBKHLBKHLBKHLBKHLBKHLBKHLBKHLBKHLBKHLBKHLBKHLBKHLBKHLBKHLBKHLBKHLBKHLBKHLBKHLBKHLBKHLBKHLBKHLBKHLBKHLBKHLBKHLBKHLBKHLBKHLBKHLBKHLBKHLBKHLBKHLBKHLBKHLB</StdOut>
      </Output>
    </UnitTestResult>
    <UnitTestResult executionId="e96bac8b-8fb1-4bde-9c01-87f3936af227" testId="068cdc8e-c9bd-de02-b833-b329ffaf1fd2" testName="JimmyTest" computerName="SAMCRUISE-PC" duration="00:00:00.0006643" startTime="2012-11-02T17:30:46.8342827+00:00" endTime="2012-11-02T17:30:46.8342827+00:00" testType="13cdc9d9-ddb5-4fa4-a97d-d965ccfc6d4b" outcome="Passed" testListId="8c84fa94-04c1-424b-9868-57a2d4851a1d" relativeResultsDirectory="e96bac8b-8fb1-4bde-9c01-87f3936af227">
    </UnitTestResult>
    <UnitTestResult executionId="8e2bb847-2ee0-4b59-a4c7-431e71bcc54a" testId="942a0380-d590-7e7a-6851-2cdf34dc5ff1" testName="StackTest" computerName="SAMCRUISE-PC" duration="00:00:00.0011720" startTime="2012-11-02T17:30:46.8498828+00:00" endTime="2012-11-02T17:30:46.8498828+00:00" testType="13cdc9d9-ddb5-4fa4-a97d-d965ccfc6d4b" outcome="Passed" testListId="8c84fa94-04c1-424b-9868-57a2d4851a1d" relativeResultsDirectory="8e2bb847-2ee0-4b59-a4c7-431e71bcc54a">
    </UnitTestResult>
    <UnitTestResult executionId="32686ce4-2c6f-4023-afb6-f2f6ea1bd0ba" testId="6ea371f5-9713-1500-34a7-78647e13da18" testName="CarryTest" computerName="SAMCRUISE-PC" duration="00:00:00.0008250" startTime="2012-11-02T17:30:46.8498828+00:00" endTime="2012-11-02T17:30:46.8498828+00:00" testType="13cdc9d9-ddb5-4fa4-a97d-d965ccfc6d4b" outcome="Passed" testListId="8c84fa94-04c1-424b-9868-57a2d4851a1d" relativeResultsDirectory="32686ce4-2c6f-4023-afb6-f2f6ea1bd0ba">
    </UnitTestResult>
    <UnitTestResult executionId="1220e3b9-1885-4d88-a237-f97df5ef9fc7" testId="fa282fd8-ace3-314b-bdaa-b68c035c8013" testName="Arithmetic8BitTest" computerName="SAMCRUISE-PC" duration="00:00:00.0015201" startTime="2012-11-02T17:30:46.8654828+00:00" endTime="2012-11-02T17:30:46.8654828+00:00" testType="13cdc9d9-ddb5-4fa4-a97d-d965ccfc6d4b" outcome="Passed" testListId="8c84fa94-04c1-424b-9868-57a2d4851a1d" relativeResultsDirectory="1220e3b9-1885-4d88-a237-f97df5ef9fc7">
    </UnitTestResult>
    <UnitTestResult executionId="debaef63-67f7-43e1-8ed1-91079c0897b7" testId="d4004087-56d4-1d0e-14c6-9815e660af61" testName="ZeroTest" computerName="SAMCRUISE-PC" duration="00:00:00.0009864" startTime="2012-11-02T17:30:46.8654828+00:00" endTime="2012-11-02T17:30:46.8810828+00:00" testType="13cdc9d9-ddb5-4fa4-a97d-d965ccfc6d4b" outcome="Passed" testListId="8c84fa94-04c1-424b-9868-57a2d4851a1d" relativeResultsDirectory="debaef63-67f7-43e1-8ed1-91079c0897b7">
    </UnitTestResult>
    <UnitTestResult executionId="b66620b1-8d0e-427f-90cf-39a4bf9c1afa" testId="a4ae135f-c523-9f9f-d27b-4db4e5509e94" testName="ADC_A_nTest" computerName="SAMCRUISE-PC" duration="00:00:00.0003727" startTime="2012-11-02T17:30:46.8966828+00:00" endTime="2012-11-02T17:30:46.8966828+00:00" testType="13cdc9d9-ddb5-4fa4-a97d-d965ccfc6d4b" outcome="Passed" testListId="8c84fa94-04c1-424b-9868-57a2d4851a1d" relativeResultsDirectory="b66620b1-8d0e-427f-90cf-39a4bf9c1afa">
    </UnitTestResult>
    <UnitTestResult executionId="9fbba866-3e65-4b57-bd73-080abc2858e3" testId="7fa090f1-d9a9-3de8-1087-2d0b0717201b" testName="ADC_A_rTest" computerName="SAMCRUISE-PC" duration="00:00:00.0005667" startTime="2012-11-02T17:30:46.8966828+00:00" endTime="2012-11-02T17:30:46.8966828+00:00" testType="13cdc9d9-ddb5-4fa4-a97d-d965ccfc6d4b" outcome="Passed" testListId="8c84fa94-04c1-424b-9868-57a2d4851a1d" relativeResultsDirectory="9fbba866-3e65-4b57-bd73-080abc2858e3">
    </UnitTestResult>
    <UnitTestResult executionId="ac3b497c-a9b1-4bb5-83bf-715ad355febe" testId="0b4144dd-a347-7b17-997b-3df3b8ff73bd" testName="ADC_HLTest" computerName="SAMCRUISE-PC" duration="00:00:00.0005867" startTime="2012-11-02T17:30:46.9122829+00:00" endTime="2012-11-02T17:30:46.9122829+00:00" testType="13cdc9d9-ddb5-4fa4-a97d-d965ccfc6d4b" outcome="Passed" testListId="8c84fa94-04c1-424b-9868-57a2d4851a1d" relativeResultsDirectory="ac3b497c-a9b1-4bb5-83bf-715ad355febe">
    </UnitTestResult>
    <UnitTestResult executionId="75f7f7da-baa4-4eb1-b16e-698af3d39481" testId="0ebca460-c35e-fb90-0af2-4327104b42ae" testName="ADD_A_nTest" computerName="SAMCRUISE-PC" duration="00:00:00.0002832" startTime="2012-11-02T17:30:46.9122829+00:00" endTime="2012-11-02T17:30:46.9122829+00:00" testType="13cdc9d9-ddb5-4fa4-a97d-d965ccfc6d4b" outcome="Passed" testListId="8c84fa94-04c1-424b-9868-57a2d4851a1d" relativeResultsDirectory="75f7f7da-baa4-4eb1-b16e-698af3d39481">
    </UnitTestResult>
    <UnitTestResult executionId="282ffc77-0455-49f6-b7ff-7b2e81a2d7f7" testId="61cf7fd2-4675-4774-43a6-1058ba4d6886" testName="ADD_A_rTest" computerName="SAMCRUISE-PC" duration="00:00:00.0002712" startTime="2012-11-02T17:30:46.9278829+00:00" endTime="2012-11-02T17:30:46.9278829+00:00" testType="13cdc9d9-ddb5-4fa4-a97d-d965ccfc6d4b" outcome="Passed" testListId="8c84fa94-04c1-424b-9868-57a2d4851a1d" relativeResultsDirectory="282ffc77-0455-49f6-b7ff-7b2e81a2d7f7">
    </UnitTestResult>
    <UnitTestResult executionId="a6841565-d585-467a-a34b-a667ff0ce8f1" testId="77c6ab54-7ca3-396b-513b-a14bf6be574c" testName="ADD_HL_ssTest" computerName="SAMCRUISE-PC" duration="00:00:00.0005152" startTime="2012-11-02T17:30:46.9278829+00:00" endTime="2012-11-02T17:30:46.9278829+00:00" testType="13cdc9d9-ddb5-4fa4-a97d-d965ccfc6d4b" outcome="Passed" testListId="8c84fa94-04c1-424b-9868-57a2d4851a1d" relativeResultsDirectory="a6841565-d585-467a-a34b-a667ff0ce8f1">
    </UnitTestResult>
    <UnitTestResult executionId="a86c8751-2a32-464b-b8a7-34edb02b9c8f" testId="9f6c528b-5fee-7f40-d59f-122c6aa17338" testName="AND_nTest" computerName="SAMCRUISE-PC" duration="00:00:00.0004392" startTime="2012-11-02T17:30:46.9434829+00:00" endTime="2012-11-02T17:30:46.9434829+00:00" testType="13cdc9d9-ddb5-4fa4-a97d-d965ccfc6d4b" outcome="Passed" testListId="8c84fa94-04c1-424b-9868-57a2d4851a1d" relativeResultsDirectory="a86c8751-2a32-464b-b8a7-34edb02b9c8f">
    </UnitTestResult>
    <UnitTestResult executionId="86db1c05-4921-415b-9172-9750bac8df0c" testId="7769ab53-4bf0-a65b-8187-75daf24d1434" testName="AND_rTest" computerName="SAMCRUISE-PC" duration="00:00:00.0005041" startTime="2012-11-02T17:30:46.9434829+00:00" endTime="2012-11-02T17:30:46.9434829+00:00" testType="13cdc9d9-ddb5-4fa4-a97d-d965ccfc6d4b" outcome="Passed" testListId="8c84fa94-04c1-424b-9868-57a2d4851a1d" relativeResultsDirectory="86db1c05-4921-415b-9172-9750bac8df0c">
    </UnitTestResult>
    <UnitTestResult executionId="86aa1104-9c5b-40d4-9562-e88fbb404e8a" testId="7976e622-0553-0c71-cbd8-e8577be21b5d" testName="BITTest" computerName="SAMCRUISE-PC" duration="00:00:00.0006636" startTime="2012-11-02T17:30:46.9434829+00:00" endTime="2012-11-02T17:30:46.9590830+00:00" testType="13cdc9d9-ddb5-4fa4-a97d-d965ccfc6d4b" outcome="Passed" testListId="8c84fa94-04c1-424b-9868-57a2d4851a1d" relativeResultsDirectory="86aa1104-9c5b-40d4-9562-e88fbb404e8a">
    </UnitTestResult>
    <UnitTestResult executionId="ffbab9a6-9688-4728-8afc-eefcfce9c676" testId="320aa1ed-8916-5804-9751-99d2b2fcbc6a" testName="CALL_cc_nnTest" computerName="SAMCRUISE-PC" duration="00:00:00.0006432" startTime="2012-11-02T17:30:46.9590830+00:00" endTime="2012-11-02T17:30:46.9590830+00:00" testType="13cdc9d9-ddb5-4fa4-a97d-d965ccfc6d4b" outcome="Passed" testListId="8c84fa94-04c1-424b-9868-57a2d4851a1d" relativeResultsDirectory="ffbab9a6-9688-4728-8afc-eefcfce9c676">
    </UnitTestResult>
    <UnitTestResult executionId="ac833ca1-9e4e-42a8-b04e-b958f553465b" testId="fa3e44b0-1a68-2b54-c8d6-5cd6535068e5" testName="CALL_nnTest" computerName="SAMCRUISE-PC" duration="00:00:00.0005026" startTime="2012-11-02T17:30:46.9590830+00:00" endTime="2012-11-02T17:30:46.9746830+00:00" testType="13cdc9d9-ddb5-4fa4-a97d-d965ccfc6d4b" outcome="Passed" testListId="8c84fa94-04c1-424b-9868-57a2d4851a1d" relativeResultsDirectory="ac833ca1-9e4e-42a8-b04e-b958f553465b">
    </UnitTestResult>
    <UnitTestResult executionId="34eecafc-aaa4-4708-84a9-f8225f9e24ae" testId="da8af087-df0c-8562-0b18-6cdda3360a1f" testName="CCFTest" computerName="SAMCRUISE-PC" duration="00:00:00.0004445" startTime="2012-11-02T17:30:46.9746830+00:00" endTime="2012-11-02T17:30:46.9746830+00:00" testType="13cdc9d9-ddb5-4fa4-a97d-d965ccfc6d4b" outcome="Passed" testListId="8c84fa94-04c1-424b-9868-57a2d4851a1d" relativeResultsDirectory="34eecafc-aaa4-4708-84a9-f8225f9e24ae">
    </UnitTestResult>
    <UnitTestResult executionId="7490fca1-e095-48d6-9610-86264f095cea" testId="4618a85c-6917-6864-cac1-68e9f062489d" testName="CPDTest" computerName="SAMCRUISE-PC" duration="00:00:00.0005529" startTime="2012-11-02T17:30:46.9746830+00:00" endTime="2012-11-02T17:30:46.9902830+00:00" testType="13cdc9d9-ddb5-4fa4-a97d-d965ccfc6d4b" outcome="Passed" testListId="8c84fa94-04c1-424b-9868-57a2d4851a1d" relativeResultsDirectory="7490fca1-e095-48d6-9610-86264f095cea">
    </UnitTestResult>
    <UnitTestResult executionId="29ddcbcd-f819-43c5-901a-c6383669d9c5" testId="225c05c4-9748-a7c6-e24e-08b5a00f73ff" testName="CPDRTest" computerName="SAMCRUISE-PC" duration="00:00:00.0005614" startTime="2012-11-02T17:30:46.9902830+00:00" endTime="2012-11-02T17:30:46.9902830+00:00" testType="13cdc9d9-ddb5-4fa4-a97d-d965ccfc6d4b" outcome="Passed" testListId="8c84fa94-04c1-424b-9868-57a2d4851a1d" relativeResultsDirectory="29ddcbcd-f819-43c5-901a-c6383669d9c5">
    </UnitTestResult>
    <UnitTestResult executionId="2bcb259d-47a3-4308-8e83-6682820041ba" testId="e8d906d9-8fb1-1c4e-04ae-14b5b043e77e" testName="CPITest" computerName="SAMCRUISE-PC" duration="00:00:00.0004103" startTime="2012-11-02T17:30:46.9902830+00:00" endTime="2012-11-02T17:30:47.0058830+00:00" testType="13cdc9d9-ddb5-4fa4-a97d-d965ccfc6d4b" outcome="Passed" testListId="8c84fa94-04c1-424b-9868-57a2d4851a1d" relativeResultsDirectory="2bcb259d-47a3-4308-8e83-6682820041ba">
    </UnitTestResult>
    <UnitTestResult executionId="984e684e-f0d7-4c0d-b948-92f1504f3b7f" testId="1a60954a-838a-08ce-4a89-0464a13b3a93" testName="CPIRTest" computerName="SAMCRUISE-PC" duration="00:00:00.0006175" startTime="2012-11-02T17:30:47.0058830+00:00" endTime="2012-11-02T17:30:47.0058830+00:00" testType="13cdc9d9-ddb5-4fa4-a97d-d965ccfc6d4b" outcome="Passed" testListId="8c84fa94-04c1-424b-9868-57a2d4851a1d" relativeResultsDirectory="984e684e-f0d7-4c0d-b948-92f1504f3b7f">
    </UnitTestResult>
    <UnitTestResult executionId="5b920cce-1fc8-4392-b750-e4f70e039017" testId="f8babc50-25ce-9eb4-fa02-2679067db866" testName="CPLTest" computerName="SAMCRUISE-PC" duration="00:00:00.0004357" startTime="2012-11-02T17:30:47.0058830+00:00" endTime="2012-11-02T17:30:47.0214831+00:00" testType="13cdc9d9-ddb5-4fa4-a97d-d965ccfc6d4b" outcome="Passed" testListId="8c84fa94-04c1-424b-9868-57a2d4851a1d" relativeResultsDirectory="5b920cce-1fc8-4392-b750-e4f70e039017">
    </UnitTestResult>
    <UnitTestResult executionId="169c6fae-5313-44c1-9697-7ef0aed331b1" testId="f418ccbd-868f-1cb5-4064-c312acb76e89" testName="CP_nTest" computerName="SAMCRUISE-PC" duration="00:00:00.0004876" startTime="2012-11-02T17:30:47.0214831+00:00" endTime="2012-11-02T17:30:47.0214831+00:00" testType="13cdc9d9-ddb5-4fa4-a97d-d965ccfc6d4b" outcome="Passed" testListId="8c84fa94-04c1-424b-9868-57a2d4851a1d" relativeResultsDirectory="169c6fae-5313-44c1-9697-7ef0aed331b1">
    </UnitTestResult>
    <UnitTestResult executionId="2203c722-3468-4ac1-b9f7-48e91ce09a3e" testId="6b710965-1677-6f38-b88e-91e3b8a9332f" testName="CP_rTest" computerName="SAMCRUISE-PC" duration="00:00:00.0005310" startTime="2012-11-02T17:30:47.0214831+00:00" endTime="2012-11-02T17:30:47.0214831+00:00" testType="13cdc9d9-ddb5-4fa4-a97d-d965ccfc6d4b" outcome="Passed" testListId="8c84fa94-04c1-424b-9868-57a2d4851a1d" relativeResultsDirectory="2203c722-3468-4ac1-b9f7-48e91ce09a3e">
    </UnitTestResult>
    <UnitTestResult executionId="f400a643-4a59-49fa-adda-d07ce766b6af" testId="8e0d0db1-8d33-69b8-381b-66e942894b60" testName="DAATest" computerName="SAMCRUISE-PC" duration="00:00:00.0004711" startTime="2012-11-02T17:30:47.0370831+00:00" endTime="2012-11-02T17:30:47.0370831+00:00" testType="13cdc9d9-ddb5-4fa4-a97d-d965ccfc6d4b" outcome="Passed" testListId="8c84fa94-04c1-424b-9868-57a2d4851a1d" relativeResultsDirectory="f400a643-4a59-49fa-adda-d07ce766b6af">
    </UnitTestResult>
    <UnitTestResult executionId="0439c18a-de24-4db5-92aa-4a2b98c5d171" testId="64f3a371-75dd-ff36-2172-a082a1bb01a7" testName="DEC_rTest" computerName="SAMCRUISE-PC" duration="00:00:00.0005030" startTime="2012-11-02T17:30:47.0370831+00:00" endTime="2012-11-02T17:30:47.0370831+00:00" testType="13cdc9d9-ddb5-4fa4-a97d-d965ccfc6d4b" outcome="Passed" testListId="8c84fa94-04c1-424b-9868-57a2d4851a1d" relativeResultsDirectory="0439c18a-de24-4db5-92aa-4a2b98c5d171">
    </UnitTestResult>
    <UnitTestResult executionId="05d8bc2d-4572-4d65-ba7e-ab2083d1e731" testId="d40644e9-e5a2-7e4e-64e2-b6d9ec18d899" testName="DEC_ssTest" computerName="SAMCRUISE-PC" duration="00:00:00.0002417" startTime="2012-11-02T17:30:47.0526831+00:00" endTime="2012-11-02T17:30:47.0526831+00:00" testType="13cdc9d9-ddb5-4fa4-a97d-d965ccfc6d4b" outcome="Passed" testListId="8c84fa94-04c1-424b-9868-57a2d4851a1d" relativeResultsDirectory="05d8bc2d-4572-4d65-ba7e-ab2083d1e731">
    </UnitTestResult>
    <UnitTestResult executionId="eabef6a9-deed-4766-a1fd-7e8dccf59f52" testId="e92b5c19-a5d8-72ee-80c0-df041dccc0be" testName="DITest" computerName="SAMCRUISE-PC" duration="00:00:00.0004603" startTime="2012-11-02T17:30:47.0526831+00:00" endTime="2012-11-02T17:30:47.0526831+00:00" testType="13cdc9d9-ddb5-4fa4-a97d-d965ccfc6d4b" outcome="Passed" testListId="8c84fa94-04c1-424b-9868-57a2d4851a1d" relativeResultsDirectory="eabef6a9-deed-4766-a1fd-7e8dccf59f52">
    </UnitTestResult>
    <UnitTestResult executionId="4db62c22-a75c-467d-b768-b8df53194b5f" testId="a5b3e069-d5dc-aae1-dab1-7ba2da7e0884" testName="DNJZTest" computerName="SAMCRUISE-PC" duration="00:00:00.0003854" startTime="2012-11-02T17:30:47.0682831+00:00" endTime="2012-11-02T17:30:47.0682831+00:00" testType="13cdc9d9-ddb5-4fa4-a97d-d965ccfc6d4b" outcome="Passed" testListId="8c84fa94-04c1-424b-9868-57a2d4851a1d" relativeResultsDirectory="4db62c22-a75c-467d-b768-b8df53194b5f">
    </UnitTestResult>
    <UnitTestResult executionId="811ace7e-0b88-41a3-aaa4-19202d50baa2" testId="cbf56f62-df39-1b79-4acc-e7326d9dc27c" testName="EITest" computerName="SAMCRUISE-PC" duration="00:00:00.0005521" startTime="2012-11-02T17:30:47.0682831+00:00" endTime="2012-11-02T17:30:47.0682831+00:00" testType="13cdc9d9-ddb5-4fa4-a97d-d965ccfc6d4b" outcome="Passed" testListId="8c84fa94-04c1-424b-9868-57a2d4851a1d" relativeResultsDirectory="811ace7e-0b88-41a3-aaa4-19202d50baa2">
    </UnitTestResult>
    <UnitTestResult executionId="6ab28a49-a15f-4591-926c-d48c73530889" testId="4362f3ce-6bef-c806-ed6a-f9a0e3284ef0" testName="EXXTest" computerName="SAMCRUISE-PC" duration="00:00:00.0005306" startTime="2012-11-02T17:30:47.0838832+00:00" endTime="2012-11-02T17:30:47.0838832+00:00" testType="13cdc9d9-ddb5-4fa4-a97d-d965ccfc6d4b" outcome="Passed" testListId="8c84fa94-04c1-424b-9868-57a2d4851a1d" relativeResultsDirectory="6ab28a49-a15f-4591-926c-d48c73530889">
    </UnitTestResult>
    <UnitTestResult executionId="3cd9f5d1-4e6f-4fdd-9059-ec793d70dace" testId="a99ddd4b-7030-4db6-9934-7cc5773a9396" testName="EX_AF_AF2Test" computerName="SAMCRUISE-PC" duration="00:00:00.0009487" startTime="2012-11-02T17:30:47.0838832+00:00" endTime="2012-11-02T17:30:47.0838832+00:00" testType="13cdc9d9-ddb5-4fa4-a97d-d965ccfc6d4b" outcome="Passed" testListId="8c84fa94-04c1-424b-9868-57a2d4851a1d" relativeResultsDirectory="3cd9f5d1-4e6f-4fdd-9059-ec793d70dace">
    </UnitTestResult>
    <UnitTestResult executionId="7e635929-c8a6-400c-8fc7-74d562c5eb83" testId="c6073ad2-1dfd-1823-7f61-0e4d779c6b0f" testName="EX_DE_HLTest" computerName="SAMCRUISE-PC" duration="00:00:00.0004841" startTime="2012-11-02T17:30:47.0994832+00:00" endTime="2012-11-02T17:30:47.0994832+00:00" testType="13cdc9d9-ddb5-4fa4-a97d-d965ccfc6d4b" outcome="Passed" testListId="8c84fa94-04c1-424b-9868-57a2d4851a1d" relativeResultsDirectory="7e635929-c8a6-400c-8fc7-74d562c5eb83">
    </UnitTestResult>
    <UnitTestResult executionId="f8406791-f1c9-4756-a541-a10c57ef7291" testId="5ffd0124-37d8-11bf-fa8d-5062ee6afc91" testName="EX_SP_HLTest" computerName="SAMCRUISE-PC" duration="00:00:00.0005464" startTime="2012-11-02T17:30:47.0994832+00:00" endTime="2012-11-02T17:30:47.0994832+00:00" testType="13cdc9d9-ddb5-4fa4-a97d-d965ccfc6d4b" outcome="Passed" testListId="8c84fa94-04c1-424b-9868-57a2d4851a1d" relativeResultsDirectory="f8406791-f1c9-4756-a541-a10c57ef7291">
    </UnitTestResult>
    <UnitTestResult executionId="40511317-eb8d-4c85-8f01-dad38757cfac" testId="cc8e988e-fc66-7582-921e-6f44ee2d4fb1" testName="HALTTest" computerName="SAMCRUISE-PC" duration="00:00:00.0004392" startTime="2012-11-02T17:30:47.1150832+00:00" endTime="2012-11-02T17:30:47.1150832+00:00" testType="13cdc9d9-ddb5-4fa4-a97d-d965ccfc6d4b" outcome="Passed" testListId="8c84fa94-04c1-424b-9868-57a2d4851a1d" relativeResultsDirectory="40511317-eb8d-4c85-8f01-dad38757cfac">
    </UnitTestResult>
    <UnitTestResult executionId="981beebb-15b5-4b87-b289-56e7df44386b" testId="6993b04e-0773-c13a-ebf9-79006fbce62b" testName="IMTest" computerName="SAMCRUISE-PC" duration="00:00:00.0006724" startTime="2012-11-02T17:30:47.1150832+00:00" endTime="2012-11-02T17:30:47.1150832+00:00" testType="13cdc9d9-ddb5-4fa4-a97d-d965ccfc6d4b" outcome="Passed" testListId="8c84fa94-04c1-424b-9868-57a2d4851a1d" relativeResultsDirectory="981beebb-15b5-4b87-b289-56e7df44386b">
    </UnitTestResult>
    <UnitTestResult executionId="3186cfcc-75c6-48ca-8582-79b824eddf1e" testId="d16ad0a6-d821-4cca-9aac-518623adb362" testName="INC_rTest" computerName="SAMCRUISE-PC" duration="00:00:00.0005053" startTime="2012-11-02T17:30:47.1306833+00:00" endTime="2012-11-02T17:30:47.1306833+00:00" testType="13cdc9d9-ddb5-4fa4-a97d-d965ccfc6d4b" outcome="Passed" testListId="8c84fa94-04c1-424b-9868-57a2d4851a1d" relativeResultsDirectory="3186cfcc-75c6-48ca-8582-79b824eddf1e">
    </UnitTestResult>
    <UnitTestResult executionId="3ae83230-ebb8-4962-bcf1-1490d7b5b400" testId="d80f292a-b4c2-4be9-b82a-b5573e9be6f2" testName="INC_ssTest" computerName="SAMCRUISE-PC" duration="00:00:00.0005141" startTime="2012-11-02T17:30:47.1306833+00:00" endTime="2012-11-02T17:30:47.1306833+00:00" testType="13cdc9d9-ddb5-4fa4-a97d-d965ccfc6d4b" outcome="Passed" testListId="8c84fa94-04c1-424b-9868-57a2d4851a1d" relativeResultsDirectory="3ae83230-ebb8-4962-bcf1-1490d7b5b400">
    </UnitTestResult>
    <UnitTestResult executionId="66efc8f8-2670-4cb2-b5c7-5ab863596d4d" testId="aece9089-8fd9-3739-7b3a-72bcdb4cb138" testName="INDTest" computerName="SAMCRUISE-PC" duration="00:00:00.0005183" startTime="2012-11-02T17:30:47.1306833+00:00" endTime="2012-11-02T17:30:47.1462833+00:00" testType="13cdc9d9-ddb5-4fa4-a97d-d965ccfc6d4b" outcome="Passed" testListId="8c84fa94-04c1-424b-9868-57a2d4851a1d" relativeResultsDirectory="66efc8f8-2670-4cb2-b5c7-5ab863596d4d">
      <Output>
        <StdOut>193 was read from port 3847</StdOut>
      </Output>
    </UnitTestResult>
    <UnitTestResult executionId="a5ebb1c8-e4f6-4dc8-a5b0-45589826a674" testId="0eef37c0-80da-2b47-8f3e-2850bbdef705" testName="INDRTest" computerName="SAMCRUISE-PC" duration="00:00:00.0005494" startTime="2012-11-02T17:30:47.1462833+00:00" endTime="2012-11-02T17:30:47.1462833+00:00" testType="13cdc9d9-ddb5-4fa4-a97d-d965ccfc6d4b" outcome="Passed" testListId="8c84fa94-04c1-424b-9868-57a2d4851a1d" relativeResultsDirectory="a5ebb1c8-e4f6-4dc8-a5b0-45589826a674">
      <Output>
        <StdOut>193 was read from port 775
193 was read from port 519
193 was read from port 263</StdOut>
      </Output>
    </UnitTestResult>
    <UnitTestResult executionId="a5dd5670-e996-4caf-85da-7c9555b6785d" testId="663717dd-e6fb-6ae6-4ed1-26415e1cd665" testName="INITest" computerName="SAMCRUISE-PC" duration="00:00:00.0005079" startTime="2012-11-02T17:30:47.1462833+00:00" endTime="2012-11-02T17:30:47.1618833+00:00" testType="13cdc9d9-ddb5-4fa4-a97d-d965ccfc6d4b" outcome="Passed" testListId="8c84fa94-04c1-424b-9868-57a2d4851a1d" relativeResultsDirectory="a5dd5670-e996-4caf-85da-7c9555b6785d">
      <Output>
        <StdOut>193 was read from port 4103</StdOut>
      </Output>
    </UnitTestResult>
    <UnitTestResult executionId="f832ae4c-56e3-49d0-8580-2d8c5caf4033" testId="accb7fb6-557d-89fd-8c02-43ad3120a4e4" testName="INIRTest" computerName="SAMCRUISE-PC" duration="00:00:00.0005421" startTime="2012-11-02T17:30:47.1618833+00:00" endTime="2012-11-02T17:30:47.1618833+00:00" testType="13cdc9d9-ddb5-4fa4-a97d-d965ccfc6d4b" outcome="Passed" testListId="8c84fa94-04c1-424b-9868-57a2d4851a1d" relativeResultsDirectory="f832ae4c-56e3-49d0-8580-2d8c5caf4033">
      <Output>
        <StdOut>193 was read from port 775
193 was read from port 519
193 was read from port 263</StdOut>
      </Output>
    </UnitTestResult>
    <UnitTestResult executionId="102dc34c-949e-457e-a063-d08da624e753" testId="cb76c32f-1004-2d6e-4048-b5467b53a179" testName="IN_A_nTest" computerName="SAMCRUISE-PC" duration="00:00:00.0004611" startTime="2012-11-02T17:30:47.1618833+00:00" endTime="2012-11-02T17:30:47.1774833+00:00" testType="13cdc9d9-ddb5-4fa4-a97d-d965ccfc6d4b" outcome="Passed" testListId="8c84fa94-04c1-424b-9868-57a2d4851a1d" relativeResultsDirectory="102dc34c-949e-457e-a063-d08da624e753">
      <Output>
        <StdOut>193 was read from port 8961</StdOut>
      </Output>
    </UnitTestResult>
    <UnitTestResult executionId="d09f06fd-0705-4978-b661-456f12244a19" testId="6af126f8-3922-fbad-35b8-bf549d275e90" testName="IN_r_CTest" computerName="SAMCRUISE-PC" duration="00:00:00.0005172" startTime="2012-11-02T17:30:47.1774833+00:00" endTime="2012-11-02T17:30:47.1774833+00:00" testType="13cdc9d9-ddb5-4fa4-a97d-d965ccfc6d4b" outcome="Passed" testListId="8c84fa94-04c1-424b-9868-57a2d4851a1d" relativeResultsDirectory="d09f06fd-0705-4978-b661-456f12244a19">
      <Output>
        <StdOut>193 was read from port 4103</StdOut>
      </Output>
    </UnitTestResult>
    <UnitTestResult executionId="665e34c1-5a43-4435-8043-23240ba411e7" testId="644506c2-c887-ef59-e127-65e89db16cbc" testName="JP_HLTest" computerName="SAMCRUISE-PC" duration="00:00:00.0004561" startTime="2012-11-02T17:30:47.1774833+00:00" endTime="2012-11-02T17:30:47.1930834+00:00" testType="13cdc9d9-ddb5-4fa4-a97d-d965ccfc6d4b" outcome="Passed" testListId="8c84fa94-04c1-424b-9868-57a2d4851a1d" relativeResultsDirectory="665e34c1-5a43-4435-8043-23240ba411e7">
    </UnitTestResult>
    <UnitTestResult executionId="bea18ac1-61eb-4fdf-b221-dfbf9e0f1ae3" testId="2a561a82-d650-4928-a63a-372019177aa0" testName="JP_cc_nnTest" computerName="SAMCRUISE-PC" duration="00:00:00.0005560" startTime="2012-11-02T17:30:47.1930834+00:00" endTime="2012-11-02T17:30:47.1930834+00:00" testType="13cdc9d9-ddb5-4fa4-a97d-d965ccfc6d4b" outcome="Passed" testListId="8c84fa94-04c1-424b-9868-57a2d4851a1d" relativeResultsDirectory="bea18ac1-61eb-4fdf-b221-dfbf9e0f1ae3">
    </UnitTestResult>
    <UnitTestResult executionId="221ddf05-598d-4564-8d18-8ea4032d6cea" testId="3cdbe969-b2db-38d4-00ab-7c7380efb3ba" testName="JP_nnTest" computerName="SAMCRUISE-PC" duration="00:00:00.0004695" startTime="2012-11-02T17:30:47.1930834+00:00" endTime="2012-11-02T17:30:47.2086834+00:00" testType="13cdc9d9-ddb5-4fa4-a97d-d965ccfc6d4b" outcome="Passed" testListId="8c84fa94-04c1-424b-9868-57a2d4851a1d" relativeResultsDirectory="221ddf05-598d-4564-8d18-8ea4032d6cea">
    </UnitTestResult>
    <UnitTestResult executionId="d30e2261-7718-46cb-b08f-f997281840c6" testId="d987caa4-b236-d3ff-cce6-1360da40887d" testName="JRTest" computerName="SAMCRUISE-PC" duration="00:00:00.0005287" startTime="2012-11-02T17:30:47.2086834+00:00" endTime="2012-11-02T17:30:47.2086834+00:00" testType="13cdc9d9-ddb5-4fa4-a97d-d965ccfc6d4b" outcome="Passed" testListId="8c84fa94-04c1-424b-9868-57a2d4851a1d" relativeResultsDirectory="d30e2261-7718-46cb-b08f-f997281840c6">
    </UnitTestResult>
    <UnitTestResult executionId="f8324df8-b91c-4d50-bb0a-44cf2b6bc17d" testId="2725660c-204c-cdd3-cc38-c8cb0969f291" testName="LDDTest" computerName="SAMCRUISE-PC" duration="00:00:00.0005671" startTime="2012-11-02T17:30:47.2086834+00:00" endTime="2012-11-02T17:30:47.2086834+00:00" testType="13cdc9d9-ddb5-4fa4-a97d-d965ccfc6d4b" outcome="Passed" testListId="8c84fa94-04c1-424b-9868-57a2d4851a1d" relativeResultsDirectory="f8324df8-b91c-4d50-bb0a-44cf2b6bc17d">
    </UnitTestResult>
    <UnitTestResult executionId="d09f926c-0cc7-44fb-9ae6-1ae2471b844b" testId="fbf61387-acd6-ad6e-d454-963c3b13209e" testName="LDDRTest" computerName="SAMCRUISE-PC" duration="00:00:00.0006736" startTime="2012-11-02T17:30:47.2242834+00:00" endTime="2012-11-02T17:30:47.2242834+00:00" testType="13cdc9d9-ddb5-4fa4-a97d-d965ccfc6d4b" outcome="Passed" testListId="8c84fa94-04c1-424b-9868-57a2d4851a1d" relativeResultsDirectory="d09f926c-0cc7-44fb-9ae6-1ae2471b844b">
    </UnitTestResult>
    <UnitTestResult executionId="ac41e78f-c0b0-4ced-81d1-4ff99881b694" testId="26cfd68c-0b2b-b154-5fee-9a7274b0546f" testName="LDITest" computerName="SAMCRUISE-PC" duration="00:00:00.0005679" startTime="2012-11-02T17:30:47.2242834+00:00" endTime="2012-11-02T17:30:47.2242834+00:00" testType="13cdc9d9-ddb5-4fa4-a97d-d965ccfc6d4b" outcome="Passed" testListId="8c84fa94-04c1-424b-9868-57a2d4851a1d" relativeResultsDirectory="ac41e78f-c0b0-4ced-81d1-4ff99881b694">
    </UnitTestResult>
    <UnitTestResult executionId="ef88278a-d856-49d4-ad26-c479c0486157" testId="c6014464-c5a6-fa24-8780-9b58004c3f58" testName="LDIRTest" computerName="SAMCRUISE-PC" duration="00:00:00.0034314" startTime="2012-11-02T17:30:47.2398834+00:00" endTime="2012-11-02T17:30:47.2398834+00:00" testType="13cdc9d9-ddb5-4fa4-a97d-d965ccfc6d4b" outcome="Passed" testListId="8c84fa94-04c1-424b-9868-57a2d4851a1d" relativeResultsDirectory="ef88278a-d856-49d4-ad26-c479c0486157">
    </UnitTestResult>
    <UnitTestResult executionId="bafaab81-ccbd-4d8c-b220-3cf5a5f7dfb4" testId="1098bc54-92c2-3c91-e91e-8afcd496d21e" testName="LD_A_BCTest" computerName="SAMCRUISE-PC" duration="00:00:00.0006951" startTime="2012-11-02T17:30:47.2398834+00:00" endTime="2012-11-02T17:30:47.2554835+00:00" testType="13cdc9d9-ddb5-4fa4-a97d-d965ccfc6d4b" outcome="Passed" testListId="8c84fa94-04c1-424b-9868-57a2d4851a1d" relativeResultsDirectory="bafaab81-ccbd-4d8c-b220-3cf5a5f7dfb4">
    </UnitTestResult>
    <UnitTestResult executionId="11cd1fab-7c87-42c7-961d-3f6439d5373b" testId="dedf675d-4710-3439-30c1-2b6f394221dd" testName="LD_A_DETest" computerName="SAMCRUISE-PC" duration="00:00:00.0004776" startTime="2012-11-02T17:30:47.2554835+00:00" endTime="2012-11-02T17:30:47.2554835+00:00" testType="13cdc9d9-ddb5-4fa4-a97d-d965ccfc6d4b" outcome="Passed" testListId="8c84fa94-04c1-424b-9868-57a2d4851a1d" relativeResultsDirectory="11cd1fab-7c87-42c7-961d-3f6439d5373b">
    </UnitTestResult>
    <UnitTestResult executionId="68ee9f73-4010-459f-b5d0-699e88f96f88" testId="77ea9ad2-e5e0-4a61-f03a-bc81b141b08e" testName="LD_A_ITest" computerName="SAMCRUISE-PC" duration="00:00:00.0003147" startTime="2012-11-02T17:30:47.2554835+00:00" endTime="2012-11-02T17:30:47.2710835+00:00" testType="13cdc9d9-ddb5-4fa4-a97d-d965ccfc6d4b" outcome="Passed" testListId="8c84fa94-04c1-424b-9868-57a2d4851a1d" relativeResultsDirectory="68ee9f73-4010-459f-b5d0-699e88f96f88">
    </UnitTestResult>
    <UnitTestResult executionId="96c3c174-34ba-4eb0-929a-ac29e5f3c3b4" testId="d6f365f5-4679-7038-6450-481adfa7d5c7" testName="LD_A_RTest" computerName="SAMCRUISE-PC" duration="00:00:00.0003077" startTime="2012-11-02T17:30:47.2710835+00:00" endTime="2012-11-02T17:30:47.2710835+00:00" testType="13cdc9d9-ddb5-4fa4-a97d-d965ccfc6d4b" outcome="Passed" testListId="8c84fa94-04c1-424b-9868-57a2d4851a1d" relativeResultsDirectory="96c3c174-34ba-4eb0-929a-ac29e5f3c3b4">
    </UnitTestResult>
    <UnitTestResult executionId="5e5f72b0-c78f-49e1-a147-5e7eaaa5ac4c" testId="3910ea2e-3d0e-baae-5cb5-ee5255a7ee35" testName="LD_A_nnTest" computerName="SAMCRUISE-PC" duration="00:00:00.0004826" startTime="2012-11-02T17:30:47.2710835+00:00" endTime="2012-11-02T17:30:47.2866835+00:00" testType="13cdc9d9-ddb5-4fa4-a97d-d965ccfc6d4b" outcome="Passed" testListId="8c84fa94-04c1-424b-9868-57a2d4851a1d" relativeResultsDirectory="5e5f72b0-c78f-49e1-a147-5e7eaaa5ac4c">
    </UnitTestResult>
    <UnitTestResult executionId="605c922f-3495-43ee-9297-8580a83b3a1f" testId="82c0cf7c-d6a8-c070-d23c-58c9b55e047a" testName="LD_BC_ATest" computerName="SAMCRUISE-PC" duration="00:00:00.0004626" startTime="2012-11-02T17:30:47.2866835+00:00" endTime="2012-11-02T17:30:47.2866835+00:00" testType="13cdc9d9-ddb5-4fa4-a97d-d965ccfc6d4b" outcome="Passed" testListId="8c84fa94-04c1-424b-9868-57a2d4851a1d" relativeResultsDirectory="605c922f-3495-43ee-9297-8580a83b3a1f">
    </UnitTestResult>
    <UnitTestResult executionId="191ff5df-5cbb-4941-be7c-b98cedd3f3db" testId="231bd03e-0d38-6cc5-0783-b65ae0f853d9" testName="LD_DE_ATest" computerName="SAMCRUISE-PC" duration="00:00:00.0004884" startTime="2012-11-02T17:30:47.2866835+00:00" endTime="2012-11-02T17:30:47.3022836+00:00" testType="13cdc9d9-ddb5-4fa4-a97d-d965ccfc6d4b" outcome="Passed" testListId="8c84fa94-04c1-424b-9868-57a2d4851a1d" relativeResultsDirectory="191ff5df-5cbb-4941-be7c-b98cedd3f3db">
    </UnitTestResult>
    <UnitTestResult executionId="42db68e5-1a7f-44f2-a627-d8a2d21300e4" testId="7a984ac0-e42a-474e-dd34-f1980e6732d9" testName="LD_HL_nnTest" computerName="SAMCRUISE-PC" duration="00:00:00.0005652" startTime="2012-11-02T17:30:47.3022836+00:00" endTime="2012-11-02T17:30:47.3022836+00:00" testType="13cdc9d9-ddb5-4fa4-a97d-d965ccfc6d4b" outcome="Passed" testListId="8c84fa94-04c1-424b-9868-57a2d4851a1d" relativeResultsDirectory="42db68e5-1a7f-44f2-a627-d8a2d21300e4">
    </UnitTestResult>
    <UnitTestResult executionId="91e3e5b9-07fb-43c6-a22e-c8453df2e930" testId="8419ae4f-e0d9-7a9f-7f37-e3a84733904b" testName="LD_I_ATest" computerName="SAMCRUISE-PC" duration="00:00:00.0004292" startTime="2012-11-02T17:30:47.3022836+00:00" endTime="2012-11-02T17:30:47.3178836+00:00" testType="13cdc9d9-ddb5-4fa4-a97d-d965ccfc6d4b" outcome="Passed" testListId="8c84fa94-04c1-424b-9868-57a2d4851a1d" relativeResultsDirectory="91e3e5b9-07fb-43c6-a22e-c8453df2e930">
    </UnitTestResult>
    <UnitTestResult executionId="f7356379-1042-432b-ad01-0de608ac1ba0" testId="02081afb-f4e4-3f4d-8158-5c914990d541" testName="LD_R_ATest" computerName="SAMCRUISE-PC" duration="00:00:00.0004361" startTime="2012-11-02T17:30:47.3178836+00:00" endTime="2012-11-02T17:30:47.3178836+00:00" testType="13cdc9d9-ddb5-4fa4-a97d-d965ccfc6d4b" outcome="Passed" testListId="8c84fa94-04c1-424b-9868-57a2d4851a1d" relativeResultsDirectory="f7356379-1042-432b-ad01-0de608ac1ba0">
    </UnitTestResult>
    <UnitTestResult executionId="3a22a3e6-fe85-4403-8e70-6d853330b059" testId="408ed624-5685-2cc2-3b5f-b6dc3f3441bf" testName="LD_SP_HLTest" computerName="SAMCRUISE-PC" duration="00:00:00.0004568" startTime="2012-11-02T17:30:47.3178836+00:00" endTime="2012-11-02T17:30:47.3178836+00:00" testType="13cdc9d9-ddb5-4fa4-a97d-d965ccfc6d4b" outcome="Passed" testListId="8c84fa94-04c1-424b-9868-57a2d4851a1d" relativeResultsDirectory="3a22a3e6-fe85-4403-8e70-6d853330b059">
    </UnitTestResult>
    <UnitTestResult executionId="36dde657-2e0d-4464-9498-ac1812b5d497" testId="9693f54a-8e39-e20e-ac44-1452f0049c4d" testName="LD_dd_nnTest" computerName="SAMCRUISE-PC" duration="00:00:00.0003331" startTime="2012-11-02T17:30:47.3334836+00:00" endTime="2012-11-02T17:30:47.3334836+00:00" testType="13cdc9d9-ddb5-4fa4-a97d-d965ccfc6d4b" outcome="Passed" testListId="8c84fa94-04c1-424b-9868-57a2d4851a1d" relativeResultsDirectory="36dde657-2e0d-4464-9498-ac1812b5d497">
    </UnitTestResult>
    <UnitTestResult executionId="9a7d2955-ad32-472f-b6a3-ff378b5f781c" testId="531135d4-b324-d795-f9f5-d51886e82803" testName="LD_dd_nn2Test" computerName="SAMCRUISE-PC" duration="00:00:00.0005483" startTime="2012-11-02T17:30:47.3334836+00:00" endTime="2012-11-02T17:30:47.3334836+00:00" testType="13cdc9d9-ddb5-4fa4-a97d-d965ccfc6d4b" outcome="Passed" testListId="8c84fa94-04c1-424b-9868-57a2d4851a1d" relativeResultsDirectory="9a7d2955-ad32-472f-b6a3-ff378b5f781c">
    </UnitTestResult>
    <UnitTestResult executionId="b8f14a85-cc2b-4ab7-b781-7073170086bc" testId="9f97dc1f-2483-ec75-3db2-8e92253870cb" testName="LD_nn_ATest" computerName="SAMCRUISE-PC" duration="00:00:00.0004803" startTime="2012-11-02T17:30:47.3490836+00:00" endTime="2012-11-02T17:30:47.3490836+00:00" testType="13cdc9d9-ddb5-4fa4-a97d-d965ccfc6d4b" outcome="Passed" testListId="8c84fa94-04c1-424b-9868-57a2d4851a1d" relativeResultsDirectory="b8f14a85-cc2b-4ab7-b781-7073170086bc">
    </UnitTestResult>
    <UnitTestResult executionId="9a6ba6c8-244c-4537-8cdd-90be5e93b88b" testId="5fd1f04b-dac6-41bb-9db7-15f63c1db9f6" testName="LD_nn_HLTest" computerName="SAMCRUISE-PC" duration="00:00:00.0005114" startTime="2012-11-02T17:30:47.3490836+00:00" endTime="2012-11-02T17:30:47.3490836+00:00" testType="13cdc9d9-ddb5-4fa4-a97d-d965ccfc6d4b" outcome="Passed" testListId="8c84fa94-04c1-424b-9868-57a2d4851a1d" relativeResultsDirectory="9a6ba6c8-244c-4537-8cdd-90be5e93b88b">
    </UnitTestResult>
    <UnitTestResult executionId="d3ff240e-5b95-4830-94c6-f92338249046" testId="f9126364-3831-3363-8188-a09b575bcf73" testName="LD_nn_ddTest" computerName="SAMCRUISE-PC" duration="00:00:00.0005794" startTime="2012-11-02T17:30:47.3646837+00:00" endTime="2012-11-02T17:30:47.3646837+00:00" testType="13cdc9d9-ddb5-4fa4-a97d-d965ccfc6d4b" outcome="Passed" testListId="8c84fa94-04c1-424b-9868-57a2d4851a1d" relativeResultsDirectory="d3ff240e-5b95-4830-94c6-f92338249046">
    </UnitTestResult>
    <UnitTestResult executionId="547e51b9-9e2d-4a80-a4e8-8777ff41fdfa" testId="4ca40fc0-23e6-fedb-25b7-f0ba20aa5cc5" testName="LD_r_nTest" computerName="SAMCRUISE-PC" duration="00:00:00.0010040" startTime="2012-11-02T17:30:47.3646837+00:00" endTime="2012-11-02T17:30:47.3646837+00:00" testType="13cdc9d9-ddb5-4fa4-a97d-d965ccfc6d4b" outcome="Passed" testListId="8c84fa94-04c1-424b-9868-57a2d4851a1d" relativeResultsDirectory="547e51b9-9e2d-4a80-a4e8-8777ff41fdfa">
    </UnitTestResult>
    <UnitTestResult executionId="c4e9c875-de35-42e3-948f-0ba5822e9aaf" testId="4e29e539-acb7-4fe7-b58a-ad776d59b1bb" testName="LD_r_rTest" computerName="SAMCRUISE-PC" duration="00:00:00.0010870" startTime="2012-11-02T17:30:47.3802837+00:00" endTime="2012-11-02T17:30:47.3802837+00:00" testType="13cdc9d9-ddb5-4fa4-a97d-d965ccfc6d4b" outcome="Passed" testListId="8c84fa94-04c1-424b-9868-57a2d4851a1d" relativeResultsDirectory="c4e9c875-de35-42e3-948f-0ba5822e9aaf">
    </UnitTestResult>
    <UnitTestResult executionId="a922986f-0f2e-4646-aac9-7dde1331d98d" testId="efeb0611-e5d6-72cb-f153-edd9546c4863" testName="NEGTest" computerName="SAMCRUISE-PC" duration="00:00:00.0004249" startTime="2012-11-02T17:30:47.3802837+00:00" endTime="2012-11-02T17:30:47.3802837+00:00" testType="13cdc9d9-ddb5-4fa4-a97d-d965ccfc6d4b" outcome="Passed" testListId="8c84fa94-04c1-424b-9868-57a2d4851a1d" relativeResultsDirectory="a922986f-0f2e-4646-aac9-7dde1331d98d">
    </UnitTestResult>
    <UnitTestResult executionId="e4f11eb7-5505-4539-822c-1bac25dcc522" testId="ef38ddd6-7755-2790-0e1b-b39d5b54c463" testName="OR_nTest" computerName="SAMCRUISE-PC" duration="00:00:00.0004503" startTime="2012-11-02T17:30:47.3958837+00:00" endTime="2012-11-02T17:30:47.3958837+00:00" testType="13cdc9d9-ddb5-4fa4-a97d-d965ccfc6d4b" outcome="Passed" testListId="8c84fa94-04c1-424b-9868-57a2d4851a1d" relativeResultsDirectory="e4f11eb7-5505-4539-822c-1bac25dcc522">
    </UnitTestResult>
    <UnitTestResult executionId="cbec2643-be25-4781-a20c-5f653955a240" testId="429a8c32-55b7-bbd1-b067-032d95921b55" testName="OR_rTest" computerName="SAMCRUISE-PC" duration="00:00:00.0004995" startTime="2012-11-02T17:30:47.3958837+00:00" endTime="2012-11-02T17:30:47.3958837+00:00" testType="13cdc9d9-ddb5-4fa4-a97d-d965ccfc6d4b" outcome="Passed" testListId="8c84fa94-04c1-424b-9868-57a2d4851a1d" relativeResultsDirectory="cbec2643-be25-4781-a20c-5f653955a240">
    </UnitTestResult>
    <UnitTestResult executionId="8842a1fe-0dfa-445c-b0a5-4186591c109d" testId="6582c566-3514-80d9-5e8b-746b8c877c02" testName="OTDRTest" computerName="SAMCRUISE-PC" duration="00:00:00.0005621" startTime="2012-11-02T17:30:47.4114837+00:00" endTime="2012-11-02T17:30:47.4114837+00:00" testType="13cdc9d9-ddb5-4fa4-a97d-d965ccfc6d4b" outcome="Passed" testListId="8c84fa94-04c1-424b-9868-57a2d4851a1d" relativeResultsDirectory="8842a1fe-0dfa-445c-b0a5-4186591c109d">
      <Output>
        <StdOut>3 was written to port 775
169 was written to port 519
81 was written to port 263</StdOut>
      </Output>
    </UnitTestResult>
    <UnitTestResult executionId="36cbdc7d-0cc8-4461-85a9-a1901bc99a2a" testId="613249bd-4594-d153-ca2b-015a8a45b6a0" testName="OTIRTest" computerName="SAMCRUISE-PC" duration="00:00:00.0005441" startTime="2012-11-02T17:30:47.4114837+00:00" endTime="2012-11-02T17:30:47.4114837+00:00" testType="13cdc9d9-ddb5-4fa4-a97d-d965ccfc6d4b" outcome="Passed" testListId="8c84fa94-04c1-424b-9868-57a2d4851a1d" relativeResultsDirectory="36cbdc7d-0cc8-4461-85a9-a1901bc99a2a">
      <Output>
        <StdOut>81 was written to port 775
169 was written to port 519
3 was written to port 263</StdOut>
      </Output>
    </UnitTestResult>
    <UnitTestResult executionId="83d64dd7-6864-4d01-8f17-ec827e3c109a" testId="1e0740c8-2234-8fea-75be-3168c953cfa8" testName="OUTDTest" computerName="SAMCRUISE-PC" duration="00:00:00.0005006" startTime="2012-11-02T17:30:47.4270838+00:00" endTime="2012-11-02T17:30:47.4270838+00:00" testType="13cdc9d9-ddb5-4fa4-a97d-d965ccfc6d4b" outcome="Passed" testListId="8c84fa94-04c1-424b-9868-57a2d4851a1d" relativeResultsDirectory="83d64dd7-6864-4d01-8f17-ec827e3c109a">
      <Output>
        <StdOut>89 was written to port 4103</StdOut>
      </Output>
    </UnitTestResult>
    <UnitTestResult executionId="c2445597-0f04-44ef-bb52-3b4e54dba27a" testId="e500e466-400d-7a9d-97dd-2a6998d88e4b" testName="OUTITest" computerName="SAMCRUISE-PC" duration="00:00:00.0005083" startTime="2012-11-02T17:30:47.4270838+00:00" endTime="2012-11-02T17:30:47.4270838+00:00" testType="13cdc9d9-ddb5-4fa4-a97d-d965ccfc6d4b" outcome="Passed" testListId="8c84fa94-04c1-424b-9868-57a2d4851a1d" relativeResultsDirectory="c2445597-0f04-44ef-bb52-3b4e54dba27a">
      <Output>
        <StdOut>89 was written to port 4103</StdOut>
      </Output>
    </UnitTestResult>
    <UnitTestResult executionId="601d9003-ebbb-4cc8-b191-0d5591d95068" testId="00f0e72d-0ee9-884c-1553-d761223ad003" testName="OUT_C_rTest" computerName="SAMCRUISE-PC" duration="00:00:00.0005003" startTime="2012-11-02T17:30:47.4270838+00:00" endTime="2012-11-02T17:30:47.4426838+00:00" testType="13cdc9d9-ddb5-4fa4-a97d-d965ccfc6d4b" outcome="Passed" testListId="8c84fa94-04c1-424b-9868-57a2d4851a1d" relativeResultsDirectory="601d9003-ebbb-4cc8-b191-0d5591d95068">
      <Output>
        <StdOut>0 was written to port 1</StdOut>
      </Output>
    </UnitTestResult>
    <UnitTestResult executionId="97264522-5027-421d-9821-bf7cd28d795e" testId="ec3dceb2-7476-60e7-45c6-cb4ca611c1fd" testName="OUT_n_ATest" computerName="SAMCRUISE-PC" duration="00:00:00.0004361" startTime="2012-11-02T17:30:47.4426838+00:00" endTime="2012-11-02T17:30:47.4426838+00:00" testType="13cdc9d9-ddb5-4fa4-a97d-d965ccfc6d4b" outcome="Passed" testListId="8c84fa94-04c1-424b-9868-57a2d4851a1d" relativeResultsDirectory="97264522-5027-421d-9821-bf7cd28d795e">
      <Output>
        <StdOut>35 was written to port 8961</StdOut>
      </Output>
    </UnitTestResult>
    <UnitTestResult executionId="252af3e0-07b4-43c0-ab71-a8405292a0fb" testId="1fa28479-68b5-6739-9382-2a843d130358" testName="POP_qqTest" computerName="SAMCRUISE-PC" duration="00:00:00.0003466" startTime="2012-11-02T17:30:47.4426838+00:00" endTime="2012-11-02T17:30:47.4582838+00:00" testType="13cdc9d9-ddb5-4fa4-a97d-d965ccfc6d4b" outcome="Passed" testListId="8c84fa94-04c1-424b-9868-57a2d4851a1d" relativeResultsDirectory="252af3e0-07b4-43c0-ab71-a8405292a0fb">
    </UnitTestResult>
    <UnitTestResult executionId="275d9160-cec2-4b05-980b-62590485627e" testId="9084bd1d-64fc-c645-d3ae-df82e73934b3" testName="PUSH_qqTest" computerName="SAMCRUISE-PC" duration="00:00:00.0003858" startTime="2012-11-02T17:30:47.4582838+00:00" endTime="2012-11-02T17:30:47.4582838+00:00" testType="13cdc9d9-ddb5-4fa4-a97d-d965ccfc6d4b" outcome="Passed" testListId="8c84fa94-04c1-424b-9868-57a2d4851a1d" relativeResultsDirectory="275d9160-cec2-4b05-980b-62590485627e">
    </UnitTestResult>
    <UnitTestResult executionId="535ea712-5002-4c83-8787-a35a6a242e32" testId="ec8889aa-5c28-4621-dc4c-a1bae4f864b3" testName="RESTest" computerName="SAMCRUISE-PC" duration="00:00:00.0005706" startTime="2012-11-02T17:30:47.4582838+00:00" endTime="2012-11-02T17:30:47.4738839+00:00" testType="13cdc9d9-ddb5-4fa4-a97d-d965ccfc6d4b" outcome="Passed" testListId="8c84fa94-04c1-424b-9868-57a2d4851a1d" relativeResultsDirectory="535ea712-5002-4c83-8787-a35a6a242e32">
    </UnitTestResult>
  </Results>
</TestRun>