<?xml version="1.0" encoding="UTF-8"?>
<TestRun id="767b401d-30e8-43c3-8821-d66ff1357428" name="samcruise@SAMCRUISE-PC 2013-03-14 19:10:18" runUser="samcruise-PC\samcruise" xmlns="http://microsoft.com/schemas/VisualStudio/TeamTest/2010">
  <TestSettings name="Local" id="65a1706e-8b80-420d-8876-f80050a1a2ce">
    <Description>These are default test settings for a local test run.</Description>
    <Deployment enabled="false" runDeploymentRoot="samcruise_SAMCRUISE-PC 2013-03-14 19_10_18">
      <DeploymentItem filename="C:\Users\samcruise\Documents\Visual Studio 2010\Projects\ZXSpectrum\ZXSpectrum\ZXSpectrum\bin\x86\Release\ZXSpectrum.exe" />
    </Deployment>
    <Execution>
      <TestTypeSpecific />
      <AgentRule name="Execution Agents">
      </AgentRule>
    </Execution>
  </TestSettings>
  <Times creation="2013-03-14T19:10:18.8013637+00:00" queuing="2013-03-14T19:10:19.5194048+00:00" start="2013-03-14T19:10:19.6014095+00:00" finish="2013-03-14T19:22:21.1926821+00:00" />
  <ResultSummary outcome="Error">
    <Counters total="111" executed="29" passed="28" error="0" failed="0" timeout="0" aborted="1" inconclusive="0" passedButRunAborted="0" notRunnable="0" notExecuted="82" disconnected="0" warning="0" completed="0" inProgress="0" pending="0" />
    <RunInfos>
      <RunInfo computerName="SAMCRUISE-PC" outcome="Warning" timestamp="2013-03-14T19:10:18.8613671+00:00">
        <Text>Deployment is currently disabled. The deployment item 'EmuTest.exe' on test 'TestProject2.Z80Test.SETTest' was not deployed.</Text>
      </RunInfo>
      <RunInfo computerName="SAMCRUISE-PC" outcome="Error" timestamp="2013-03-14T19:22:21.1866818+00:00">
        <Text>Test host process exited unexpectedly.</Text>
      </RunInfo>
    </RunInfos>
  </ResultSummary>
  <TestDefinitions>
    <UnitTest name="SETTest" storage="c:\users\samcruise\documents\visual studio 2010\projects\zxspectrum\testproject2\bin\release\testproject2.dll" id="9577c4f7-7003-b9c5-163a-7c5efd62ae51">
      <DeploymentItems>
        <DeploymentItem filename="EmuTest.exe" />
      </DeploymentItems>
      <Execution id="37cb5772-2c94-44f7-8bb3-d3545c37120e" />
      <TestMethod codeBase="C:/Users/samcruise/Documents/Visual Studio 2010/Projects/ZXSpectrum/TestProject2/bin/Release/TestProject2.DLL" adapterTypeName="Microsoft.VisualStudio.TestTools.TestTypes.Unit.UnitTestAdapter, Microsoft.VisualStudio.QualityTools.Tips.UnitTest.Adapter, Version=10.0.0.0, Culture=neutral, PublicKeyToken=b03f5f7f11d50a3a" className="TestProject2.Z80Test, TestProject2, Version=1.0.0.0, Culture=neutral, PublicKeyToken=null" name="SETTest" />
    </UnitTest>
    <UnitTest name="LD_nn_HLTest" storage="c:\users\samcruise\documents\visual studio 2010\projects\zxspectrum\testproject2\bin\release\testproject2.dll" id="5fd1f04b-dac6-41bb-9db7-15f63c1db9f6">
      <DeploymentItems>
        <DeploymentItem filename="EmuTest.exe" />
      </DeploymentItems>
      <Execution id="8f19ad43-006b-4732-9894-d7c651cfa754" />
      <TestMethod codeBase="C:/Users/samcruise/Documents/Visual Studio 2010/Projects/ZXSpectrum/TestProject2/bin/Release/TestProject2.DLL" adapterTypeName="Microsoft.VisualStudio.TestTools.TestTypes.Unit.UnitTestAdapter, Microsoft.VisualStudio.QualityTools.Tips.UnitTest.Adapter, Version=10.0.0.0, Culture=neutral, PublicKeyToken=b03f5f7f11d50a3a" className="TestProject2.Z80Test, TestProject2, Version=1.0.0.0, Culture=neutral, PublicKeyToken=null" name="LD_nn_HLTest" />
    </UnitTest>
    <UnitTest name="RETNTest" storage="c:\users\samcruise\documents\visual studio 2010\projects\zxspectrum\testproject2\bin\release\testproject2.dll" id="7a3748d0-d7ac-0d6f-14be-1f126ae99321">
      <DeploymentItems>
        <DeploymentItem filename="EmuTest.exe" />
      </DeploymentItems>
      <Execution id="c501a732-013e-4fdd-9951-d0e21b67ccf9" />
      <TestMethod codeBase="C:/Users/samcruise/Documents/Visual Studio 2010/Projects/ZXSpectrum/TestProject2/bin/Release/TestProject2.DLL" adapterTypeName="Microsoft.VisualStudio.TestTools.TestTypes.Unit.UnitTestAdapter, Microsoft.VisualStudio.QualityTools.Tips.UnitTest.Adapter, Version=10.0.0.0, Culture=neutral, PublicKeyToken=b03f5f7f11d50a3a" className="TestProject2.Z80Test, TestProject2, Version=1.0.0.0, Culture=neutral, PublicKeyToken=null" name="RETNTest" />
    </UnitTest>
    <UnitTest name="SUB_rTest" storage="c:\users\samcruise\documents\visual studio 2010\projects\zxspectrum\testproject2\bin\release\testproject2.dll" id="55171caa-19dd-2ede-1df5-fba7324e3535">
      <DeploymentItems>
        <DeploymentItem filename="EmuTest.exe" />
      </DeploymentItems>
      <Execution id="06847f44-0542-4d29-a79e-b9a32b894115" />
      <TestMethod codeBase="C:/Users/samcruise/Documents/Visual Studio 2010/Projects/ZXSpectrum/TestProject2/bin/Release/TestProject2.DLL" adapterTypeName="Microsoft.VisualStudio.TestTools.TestTypes.Unit.UnitTestAdapter, Microsoft.VisualStudio.QualityTools.Tips.UnitTest.Adapter, Version=10.0.0.0, Culture=neutral, PublicKeyToken=b03f5f7f11d50a3a" className="TestProject2.Z80Test, TestProject2, Version=1.0.0.0, Culture=neutral, PublicKeyToken=null" name="SUB_rTest" />
    </UnitTest>
    <UnitTest name="CPITest" storage="c:\users\samcruise\documents\visual studio 2010\projects\zxspectrum\testproject2\bin\release\testproject2.dll" id="e8d906d9-8fb1-1c4e-04ae-14b5b043e77e">
      <DeploymentItems>
        <DeploymentItem filename="EmuTest.exe" />
      </DeploymentItems>
      <Execution id="ce745c76-62b6-4672-894e-8ea434e9f5cf" />
      <TestMethod codeBase="C:/Users/samcruise/Documents/Visual Studio 2010/Projects/ZXSpectrum/TestProject2/bin/Release/TestProject2.DLL" adapterTypeName="Microsoft.VisualStudio.TestTools.TestTypes.Unit.UnitTestAdapter, Microsoft.VisualStudio.QualityTools.Tips.UnitTest.Adapter, Version=10.0.0.0, Culture=neutral, PublicKeyToken=b03f5f7f11d50a3a" className="TestProject2.Z80Test, TestProject2, Version=1.0.0.0, Culture=neutral, PublicKeyToken=null" name="CPITest" />
    </UnitTest>
    <UnitTest name="RLCATest" storage="c:\users\samcruise\documents\visual studio 2010\projects\zxspectrum\testproject2\bin\release\testproject2.dll" id="eb8ea76d-8f52-861c-adb1-87727b91e8dc">
      <DeploymentItems>
        <DeploymentItem filename="EmuTest.exe" />
      </DeploymentItems>
      <Execution id="a0091c10-d16a-4755-b4ae-66c71f334cd2" />
      <TestMethod codeBase="C:/Users/samcruise/Documents/Visual Studio 2010/Projects/ZXSpectrum/TestProject2/bin/Release/TestProject2.DLL" adapterTypeName="Microsoft.VisualStudio.TestTools.TestTypes.Unit.UnitTestAdapter, Microsoft.VisualStudio.QualityTools.Tips.UnitTest.Adapter, Version=10.0.0.0, Culture=neutral, PublicKeyToken=b03f5f7f11d50a3a" className="TestProject2.Z80Test, TestProject2, Version=1.0.0.0, Culture=neutral, PublicKeyToken=null" name="RLCATest" />
    </UnitTest>
    <UnitTest name="OUT_C_rTest" storage="c:\users\samcruise\documents\visual studio 2010\projects\zxspectrum\testproject2\bin\release\testproject2.dll" id="00f0e72d-0ee9-884c-1553-d761223ad003">
      <DeploymentItems>
        <DeploymentItem filename="EmuTest.exe" />
      </DeploymentItems>
      <Execution id="6b4bc9b6-a4c0-4320-99cf-23ccc961ab1c" />
      <TestMethod codeBase="C:/Users/samcruise/Documents/Visual Studio 2010/Projects/ZXSpectrum/TestProject2/bin/Release/TestProject2.DLL" adapterTypeName="Microsoft.VisualStudio.TestTools.TestTypes.Unit.UnitTestAdapter, Microsoft.VisualStudio.QualityTools.Tips.UnitTest.Adapter, Version=10.0.0.0, Culture=neutral, PublicKeyToken=b03f5f7f11d50a3a" className="TestProject2.Z80Test, TestProject2, Version=1.0.0.0, Culture=neutral, PublicKeyToken=null" name="OUT_C_rTest" />
    </UnitTest>
    <UnitTest name="OUTITest" storage="c:\users\samcruise\documents\visual studio 2010\projects\zxspectrum\testproject2\bin\release\testproject2.dll" id="e500e466-400d-7a9d-97dd-2a6998d88e4b">
      <DeploymentItems>
        <DeploymentItem filename="EmuTest.exe" />
      </DeploymentItems>
      <Execution id="35fe1467-e9b9-44b9-91ec-32c744865a03" />
      <TestMethod codeBase="C:/Users/samcruise/Documents/Visual Studio 2010/Projects/ZXSpectrum/TestProject2/bin/Release/TestProject2.DLL" adapterTypeName="Microsoft.VisualStudio.TestTools.TestTypes.Unit.UnitTestAdapter, Microsoft.VisualStudio.QualityTools.Tips.UnitTest.Adapter, Version=10.0.0.0, Culture=neutral, PublicKeyToken=b03f5f7f11d50a3a" className="TestProject2.Z80Test, TestProject2, Version=1.0.0.0, Culture=neutral, PublicKeyToken=null" name="OUTITest" />
    </UnitTest>
    <UnitTest name="LD_A_ITest" storage="c:\users\samcruise\documents\visual studio 2010\projects\zxspectrum\testproject2\bin\release\testproject2.dll" id="77ea9ad2-e5e0-4a61-f03a-bc81b141b08e">
      <DeploymentItems>
        <DeploymentItem filename="EmuTest.exe" />
      </DeploymentItems>
      <Execution id="d790be89-9671-4f9f-a696-695dbd751321" />
      <TestMethod codeBase="C:/Users/samcruise/Documents/Visual Studio 2010/Projects/ZXSpectrum/TestProject2/bin/Release/TestProject2.DLL" adapterTypeName="Microsoft.VisualStudio.TestTools.TestTypes.Unit.UnitTestAdapter, Microsoft.VisualStudio.QualityTools.Tips.UnitTest.Adapter, Version=10.0.0.0, Culture=neutral, PublicKeyToken=b03f5f7f11d50a3a" className="TestProject2.Z80Test, TestProject2, Version=1.0.0.0, Culture=neutral, PublicKeyToken=null" name="LD_A_ITest" />
    </UnitTest>
    <UnitTest name="JP_cc_nnTest" storage="c:\users\samcruise\documents\visual studio 2010\projects\zxspectrum\testproject2\bin\release\testproject2.dll" id="2a561a82-d650-4928-a63a-372019177aa0">
      <DeploymentItems>
        <DeploymentItem filename="EmuTest.exe" />
      </DeploymentItems>
      <Execution id="07497adf-13bd-4edd-a1a9-f432554a305f" />
      <TestMethod codeBase="C:/Users/samcruise/Documents/Visual Studio 2010/Projects/ZXSpectrum/TestProject2/bin/Release/TestProject2.DLL" adapterTypeName="Microsoft.VisualStudio.TestTools.TestTypes.Unit.UnitTestAdapter, Microsoft.VisualStudio.QualityTools.Tips.UnitTest.Adapter, Version=10.0.0.0, Culture=neutral, PublicKeyToken=b03f5f7f11d50a3a" className="TestProject2.Z80Test, TestProject2, Version=1.0.0.0, Culture=neutral, PublicKeyToken=null" name="JP_cc_nnTest" />
    </UnitTest>
    <UnitTest name="RET_ccTest" storage="c:\users\samcruise\documents\visual studio 2010\projects\zxspectrum\testproject2\bin\release\testproject2.dll" id="3a2e5b08-4e06-5e86-1556-043e5a55d63f">
      <DeploymentItems>
        <DeploymentItem filename="EmuTest.exe" />
      </DeploymentItems>
      <Execution id="e14f8a80-6e7e-4bb2-9ff6-a08c07fae6dd" />
      <TestMethod codeBase="C:/Users/samcruise/Documents/Visual Studio 2010/Projects/ZXSpectrum/TestProject2/bin/Release/TestProject2.DLL" adapterTypeName="Microsoft.VisualStudio.TestTools.TestTypes.Unit.UnitTestAdapter, Microsoft.VisualStudio.QualityTools.Tips.UnitTest.Adapter, Version=10.0.0.0, Culture=neutral, PublicKeyToken=b03f5f7f11d50a3a" className="TestProject2.Z80Test, TestProject2, Version=1.0.0.0, Culture=neutral, PublicKeyToken=null" name="RET_ccTest" />
    </UnitTest>
    <UnitTest name="INC_rTest" storage="c:\users\samcruise\documents\visual studio 2010\projects\zxspectrum\testproject2\bin\release\testproject2.dll" id="d16ad0a6-d821-4cca-9aac-518623adb362">
      <DeploymentItems>
        <DeploymentItem filename="EmuTest.exe" />
      </DeploymentItems>
      <Execution id="89940f34-65f3-4c80-a171-018559980c4c" />
      <TestMethod codeBase="C:/Users/samcruise/Documents/Visual Studio 2010/Projects/ZXSpectrum/TestProject2/bin/Release/TestProject2.DLL" adapterTypeName="Microsoft.VisualStudio.TestTools.TestTypes.Unit.UnitTestAdapter, Microsoft.VisualStudio.QualityTools.Tips.UnitTest.Adapter, Version=10.0.0.0, Culture=neutral, PublicKeyToken=b03f5f7f11d50a3a" className="TestProject2.Z80Test, TestProject2, Version=1.0.0.0, Culture=neutral, PublicKeyToken=null" name="INC_rTest" />
    </UnitTest>
    <UnitTest name="ADD_A_rTest" storage="c:\users\samcruise\documents\visual studio 2010\projects\zxspectrum\testproject2\bin\release\testproject2.dll" id="61cf7fd2-4675-4774-43a6-1058ba4d6886">
      <DeploymentItems>
        <DeploymentItem filename="EmuTest.exe" />
      </DeploymentItems>
      <Execution id="754016e9-e315-4a0a-a418-0d4418b0f827" />
      <TestMethod codeBase="C:/Users/samcruise/Documents/Visual Studio 2010/Projects/ZXSpectrum/TestProject2/bin/Release/TestProject2.DLL" adapterTypeName="Microsoft.VisualStudio.TestTools.TestTypes.Unit.UnitTestAdapter, Microsoft.VisualStudio.QualityTools.Tips.UnitTest.Adapter, Version=10.0.0.0, Culture=neutral, PublicKeyToken=b03f5f7f11d50a3a" className="TestProject2.Z80Test, TestProject2, Version=1.0.0.0, Culture=neutral, PublicKeyToken=null" name="ADD_A_rTest" />
    </UnitTest>
    <UnitTest name="RLATest" storage="c:\users\samcruise\documents\visual studio 2010\projects\zxspectrum\testproject2\bin\release\testproject2.dll" id="4a4a0e75-24b0-83d9-8bf1-cffe9a6c30c7">
      <DeploymentItems>
        <DeploymentItem filename="EmuTest.exe" />
      </DeploymentItems>
      <Execution id="f33ccf6a-04fc-4378-895b-4f48b6034c32" />
      <TestMethod codeBase="C:/Users/samcruise/Documents/Visual Studio 2010/Projects/ZXSpectrum/TestProject2/bin/Release/TestProject2.DLL" adapterTypeName="Microsoft.VisualStudio.TestTools.TestTypes.Unit.UnitTestAdapter, Microsoft.VisualStudio.QualityTools.Tips.UnitTest.Adapter, Version=10.0.0.0, Culture=neutral, PublicKeyToken=b03f5f7f11d50a3a" className="TestProject2.Z80Test, TestProject2, Version=1.0.0.0, Culture=neutral, PublicKeyToken=null" name="RLATest" />
    </UnitTest>
    <UnitTest name="OTIRTest" storage="c:\users\samcruise\documents\visual studio 2010\projects\zxspectrum\testproject2\bin\release\testproject2.dll" id="613249bd-4594-d153-ca2b-015a8a45b6a0">
      <DeploymentItems>
        <DeploymentItem filename="EmuTest.exe" />
      </DeploymentItems>
      <Execution id="1042f7ab-1c35-42c6-8f82-9e820077e51f" />
      <TestMethod codeBase="C:/Users/samcruise/Documents/Visual Studio 2010/Projects/ZXSpectrum/TestProject2/bin/Release/TestProject2.DLL" adapterTypeName="Microsoft.VisualStudio.TestTools.TestTypes.Unit.UnitTestAdapter, Microsoft.VisualStudio.QualityTools.Tips.UnitTest.Adapter, Version=10.0.0.0, Culture=neutral, PublicKeyToken=b03f5f7f11d50a3a" className="TestProject2.Z80Test, TestProject2, Version=1.0.0.0, Culture=neutral, PublicKeyToken=null" name="OTIRTest" />
    </UnitTest>
    <UnitTest name="LDITest" storage="c:\users\samcruise\documents\visual studio 2010\projects\zxspectrum\testproject2\bin\release\testproject2.dll" id="26cfd68c-0b2b-b154-5fee-9a7274b0546f">
      <DeploymentItems>
        <DeploymentItem filename="EmuTest.exe" />
      </DeploymentItems>
      <Execution id="457a35bd-f1d5-4d8d-aa40-58440133421c" />
      <TestMethod codeBase="C:/Users/samcruise/Documents/Visual Studio 2010/Projects/ZXSpectrum/TestProject2/bin/Release/TestProject2.DLL" adapterTypeName="Microsoft.VisualStudio.TestTools.TestTypes.Unit.UnitTestAdapter, Microsoft.VisualStudio.QualityTools.Tips.UnitTest.Adapter, Version=10.0.0.0, Culture=neutral, PublicKeyToken=b03f5f7f11d50a3a" className="TestProject2.Z80Test, TestProject2, Version=1.0.0.0, Culture=neutral, PublicKeyToken=null" name="LDITest" />
    </UnitTest>
    <UnitTest name="DAATest" storage="c:\users\samcruise\documents\visual studio 2010\projects\zxspectrum\testproject2\bin\release\testproject2.dll" id="8e0d0db1-8d33-69b8-381b-66e942894b60">
      <DeploymentItems>
        <DeploymentItem filename="EmuTest.exe" />
      </DeploymentItems>
      <Execution id="b8386444-91db-4cf8-a0e4-a9315b29d900" />
      <TestMethod codeBase="C:/Users/samcruise/Documents/Visual Studio 2010/Projects/ZXSpectrum/TestProject2/bin/Release/TestProject2.DLL" adapterTypeName="Microsoft.VisualStudio.TestTools.TestTypes.Unit.UnitTestAdapter, Microsoft.VisualStudio.QualityTools.Tips.UnitTest.Adapter, Version=10.0.0.0, Culture=neutral, PublicKeyToken=b03f5f7f11d50a3a" className="TestProject2.Z80Test, TestProject2, Version=1.0.0.0, Culture=neutral, PublicKeyToken=null" name="DAATest" />
    </UnitTest>
    <UnitTest name="CALL_nnTest" storage="c:\users\samcruise\documents\visual studio 2010\projects\zxspectrum\testproject2\bin\release\testproject2.dll" id="fa3e44b0-1a68-2b54-c8d6-5cd6535068e5">
      <DeploymentItems>
        <DeploymentItem filename="EmuTest.exe" />
      </DeploymentItems>
      <Execution id="912b47fb-4a02-4673-9e8a-175c5b128cb9" />
      <TestMethod codeBase="C:/Users/samcruise/Documents/Visual Studio 2010/Projects/ZXSpectrum/TestProject2/bin/Release/TestProject2.DLL" adapterTypeName="Microsoft.VisualStudio.TestTools.TestTypes.Unit.UnitTestAdapter, Microsoft.VisualStudio.QualityTools.Tips.UnitTest.Adapter, Version=10.0.0.0, Culture=neutral, PublicKeyToken=b03f5f7f11d50a3a" className="TestProject2.Z80Test, TestProject2, Version=1.0.0.0, Culture=neutral, PublicKeyToken=null" name="CALL_nnTest" />
    </UnitTest>
    <UnitTest name="LD_nn_ATest" storage="c:\users\samcruise\documents\visual studio 2010\projects\zxspectrum\testproject2\bin\release\testproject2.dll" id="9f97dc1f-2483-ec75-3db2-8e92253870cb">
      <DeploymentItems>
        <DeploymentItem filename="EmuTest.exe" />
      </DeploymentItems>
      <Execution id="5f725dd4-f5dc-4f9a-a798-226d3def5cd6" />
      <TestMethod codeBase="C:/Users/samcruise/Documents/Visual Studio 2010/Projects/ZXSpectrum/TestProject2/bin/Release/TestProject2.DLL" adapterTypeName="Microsoft.VisualStudio.TestTools.TestTypes.Unit.UnitTestAdapter, Microsoft.VisualStudio.QualityTools.Tips.UnitTest.Adapter, Version=10.0.0.0, Culture=neutral, PublicKeyToken=b03f5f7f11d50a3a" className="TestProject2.Z80Test, TestProject2, Version=1.0.0.0, Culture=neutral, PublicKeyToken=null" name="LD_nn_ATest" />
    </UnitTest>
    <UnitTest name="SUB_nTest" storage="c:\users\samcruise\documents\visual studio 2010\projects\zxspectrum\testproject2\bin\release\testproject2.dll" id="46c0ea6c-7511-1a43-1027-23d83e8af062">
      <DeploymentItems>
        <DeploymentItem filename="EmuTest.exe" />
      </DeploymentItems>
      <Execution id="3af20717-305b-4b0e-963a-4ba919ae320e" />
      <TestMethod codeBase="C:/Users/samcruise/Documents/Visual Studio 2010/Projects/ZXSpectrum/TestProject2/bin/Release/TestProject2.DLL" adapterTypeName="Microsoft.VisualStudio.TestTools.TestTypes.Unit.UnitTestAdapter, Microsoft.VisualStudio.QualityTools.Tips.UnitTest.Adapter, Version=10.0.0.0, Culture=neutral, PublicKeyToken=b03f5f7f11d50a3a" className="TestProject2.Z80Test, TestProject2, Version=1.0.0.0, Culture=neutral, PublicKeyToken=null" name="SUB_nTest" />
    </UnitTest>
    <UnitTest name="INITest" storage="c:\users\samcruise\documents\visual studio 2010\projects\zxspectrum\testproject2\bin\release\testproject2.dll" id="663717dd-e6fb-6ae6-4ed1-26415e1cd665">
      <DeploymentItems>
        <DeploymentItem filename="EmuTest.exe" />
      </DeploymentItems>
      <Execution id="83fc61bb-e819-491a-91d2-05983c1b5671" />
      <TestMethod codeBase="C:/Users/samcruise/Documents/Visual Studio 2010/Projects/ZXSpectrum/TestProject2/bin/Release/TestProject2.DLL" adapterTypeName="Microsoft.VisualStudio.TestTools.TestTypes.Unit.UnitTestAdapter, Microsoft.VisualStudio.QualityTools.Tips.UnitTest.Adapter, Version=10.0.0.0, Culture=neutral, PublicKeyToken=b03f5f7f11d50a3a" className="TestProject2.Z80Test, TestProject2, Version=1.0.0.0, Culture=neutral, PublicKeyToken=null" name="INITest" />
    </UnitTest>
    <UnitTest name="ADD_A_nTest" storage="c:\users\samcruise\documents\visual studio 2010\projects\zxspectrum\testproject2\bin\release\testproject2.dll" id="0ebca460-c35e-fb90-0af2-4327104b42ae">
      <DeploymentItems>
        <DeploymentItem filename="EmuTest.exe" />
      </DeploymentItems>
      <Execution id="dfa25592-6fb9-48a3-aa68-524979393c93" />
      <TestMethod codeBase="C:/Users/samcruise/Documents/Visual Studio 2010/Projects/ZXSpectrum/TestProject2/bin/Release/TestProject2.DLL" adapterTypeName="Microsoft.VisualStudio.TestTools.TestTypes.Unit.UnitTestAdapter, Microsoft.VisualStudio.QualityTools.Tips.UnitTest.Adapter, Version=10.0.0.0, Culture=neutral, PublicKeyToken=b03f5f7f11d50a3a" className="TestProject2.Z80Test, TestProject2, Version=1.0.0.0, Culture=neutral, PublicKeyToken=null" name="ADD_A_nTest" />
    </UnitTest>
    <UnitTest name="INDRTest" storage="c:\users\samcruise\documents\visual studio 2010\projects\zxspectrum\testproject2\bin\release\testproject2.dll" id="0eef37c0-80da-2b47-8f3e-2850bbdef705">
      <DeploymentItems>
        <DeploymentItem filename="EmuTest.exe" />
      </DeploymentItems>
      <Execution id="6c98ca1e-dbbd-4017-b94e-c7927c38ecf3" />
      <TestMethod codeBase="C:/Users/samcruise/Documents/Visual Studio 2010/Projects/ZXSpectrum/TestProject2/bin/Release/TestProject2.DLL" adapterTypeName="Microsoft.VisualStudio.TestTools.TestTypes.Unit.UnitTestAdapter, Microsoft.VisualStudio.QualityTools.Tips.UnitTest.Adapter, Version=10.0.0.0, Culture=neutral, PublicKeyToken=b03f5f7f11d50a3a" className="TestProject2.Z80Test, TestProject2, Version=1.0.0.0, Culture=neutral, PublicKeyToken=null" name="INDRTest" />
    </UnitTest>
    <UnitTest name="OR_rTest" storage="c:\users\samcruise\documents\visual studio 2010\projects\zxspectrum\testproject2\bin\release\testproject2.dll" id="429a8c32-55b7-bbd1-b067-032d95921b55">
      <DeploymentItems>
        <DeploymentItem filename="EmuTest.exe" />
      </DeploymentItems>
      <Execution id="8b9e7b60-5dab-41e7-8172-f4c9ceabf439" />
      <TestMethod codeBase="C:/Users/samcruise/Documents/Visual Studio 2010/Projects/ZXSpectrum/TestProject2/bin/Release/TestProject2.DLL" adapterTypeName="Microsoft.VisualStudio.TestTools.TestTypes.Unit.UnitTestAdapter, Microsoft.VisualStudio.QualityTools.Tips.UnitTest.Adapter, Version=10.0.0.0, Culture=neutral, PublicKeyToken=b03f5f7f11d50a3a" className="TestProject2.Z80Test, TestProject2, Version=1.0.0.0, Culture=neutral, PublicKeyToken=null" name="OR_rTest" />
    </UnitTest>
    <UnitTest name="OUTDTest" storage="c:\users\samcruise\documents\visual studio 2010\projects\zxspectrum\testproject2\bin\release\testproject2.dll" id="1e0740c8-2234-8fea-75be-3168c953cfa8">
      <DeploymentItems>
        <DeploymentItem filename="EmuTest.exe" />
      </DeploymentItems>
      <Execution id="a5be680d-9871-46ee-ae9d-2703eb2784b2" />
      <TestMethod codeBase="C:/Users/samcruise/Documents/Visual Studio 2010/Projects/ZXSpectrum/TestProject2/bin/Release/TestProject2.DLL" adapterTypeName="Microsoft.VisualStudio.TestTools.TestTypes.Unit.UnitTestAdapter, Microsoft.VisualStudio.QualityTools.Tips.UnitTest.Adapter, Version=10.0.0.0, Culture=neutral, PublicKeyToken=b03f5f7f11d50a3a" className="TestProject2.Z80Test, TestProject2, Version=1.0.0.0, Culture=neutral, PublicKeyToken=null" name="OUTDTest" />
    </UnitTest>
    <UnitTest name="LD_A_DETest" storage="c:\users\samcruise\documents\visual studio 2010\projects\zxspectrum\testproject2\bin\release\testproject2.dll" id="dedf675d-4710-3439-30c1-2b6f394221dd">
      <DeploymentItems>
        <DeploymentItem filename="EmuTest.exe" />
      </DeploymentItems>
      <Execution id="b73f61d8-8c11-491c-9fbe-999cffffb4ae" />
      <TestMethod codeBase="C:/Users/samcruise/Documents/Visual Studio 2010/Projects/ZXSpectrum/TestProject2/bin/Release/TestProject2.DLL" adapterTypeName="Microsoft.VisualStudio.TestTools.TestTypes.Unit.UnitTestAdapter, Microsoft.VisualStudio.QualityTools.Tips.UnitTest.Adapter, Version=10.0.0.0, Culture=neutral, PublicKeyToken=b03f5f7f11d50a3a" className="TestProject2.Z80Test, TestProject2, Version=1.0.0.0, Culture=neutral, PublicKeyToken=null" name="LD_A_DETest" />
    </UnitTest>
    <UnitTest name="LD_dd_nn2Test" storage="c:\users\samcruise\documents\visual studio 2010\projects\zxspectrum\testproject2\bin\release\testproject2.dll" id="531135d4-b324-d795-f9f5-d51886e82803">
      <DeploymentItems>
        <DeploymentItem filename="EmuTest.exe" />
      </DeploymentItems>
      <Execution id="82a73ad2-9939-45ea-81c4-e1bde8884901" />
      <TestMethod codeBase="C:/Users/samcruise/Documents/Visual Studio 2010/Projects/ZXSpectrum/TestProject2/bin/Release/TestProject2.DLL" adapterTypeName="Microsoft.VisualStudio.TestTools.TestTypes.Unit.UnitTestAdapter, Microsoft.VisualStudio.QualityTools.Tips.UnitTest.Adapter, Version=10.0.0.0, Culture=neutral, PublicKeyToken=b03f5f7f11d50a3a" className="TestProject2.Z80Test, TestProject2, Version=1.0.0.0, Culture=neutral, PublicKeyToken=null" name="LD_dd_nn2Test" />
    </UnitTest>
    <UnitTest name="LDDTest" storage="c:\users\samcruise\documents\visual studio 2010\projects\zxspectrum\testproject2\bin\release\testproject2.dll" id="2725660c-204c-cdd3-cc38-c8cb0969f291">
      <DeploymentItems>
        <DeploymentItem filename="EmuTest.exe" />
      </DeploymentItems>
      <Execution id="4dd127e6-e8e9-4ffb-b7f0-2b514cc7df0e" />
      <TestMethod codeBase="C:/Users/samcruise/Documents/Visual Studio 2010/Projects/ZXSpectrum/TestProject2/bin/Release/TestProject2.DLL" adapterTypeName="Microsoft.VisualStudio.TestTools.TestTypes.Unit.UnitTestAdapter, Microsoft.VisualStudio.QualityTools.Tips.UnitTest.Adapter, Version=10.0.0.0, Culture=neutral, PublicKeyToken=b03f5f7f11d50a3a" className="TestProject2.Z80Test, TestProject2, Version=1.0.0.0, Culture=neutral, PublicKeyToken=null" name="LDDTest" />
    </UnitTest>
    <UnitTest name="LD_HL_nnTest" storage="c:\users\samcruise\documents\visual studio 2010\projects\zxspectrum\testproject2\bin\release\testproject2.dll" id="7a984ac0-e42a-474e-dd34-f1980e6732d9">
      <DeploymentItems>
        <DeploymentItem filename="EmuTest.exe" />
      </DeploymentItems>
      <Execution id="ab014650-94ff-4b90-a1f3-9fc1cad16fe8" />
      <TestMethod codeBase="C:/Users/samcruise/Documents/Visual Studio 2010/Projects/ZXSpectrum/TestProject2/bin/Release/TestProject2.DLL" adapterTypeName="Microsoft.VisualStudio.TestTools.TestTypes.Unit.UnitTestAdapter, Microsoft.VisualStudio.QualityTools.Tips.UnitTest.Adapter, Version=10.0.0.0, Culture=neutral, PublicKeyToken=b03f5f7f11d50a3a" className="TestProject2.Z80Test, TestProject2, Version=1.0.0.0, Culture=neutral, PublicKeyToken=null" name="LD_HL_nnTest" />
    </UnitTest>
    <UnitTest name="LD_SP_HLTest" storage="c:\users\samcruise\documents\visual studio 2010\projects\zxspectrum\testproject2\bin\release\testproject2.dll" id="408ed624-5685-2cc2-3b5f-b6dc3f3441bf">
      <DeploymentItems>
        <DeploymentItem filename="EmuTest.exe" />
      </DeploymentItems>
      <Execution id="92bd49c9-87fd-440e-8468-19796b5137ca" />
      <TestMethod codeBase="C:/Users/samcruise/Documents/Visual Studio 2010/Projects/ZXSpectrum/TestProject2/bin/Release/TestProject2.DLL" adapterTypeName="Microsoft.VisualStudio.TestTools.TestTypes.Unit.UnitTestAdapter, Microsoft.VisualStudio.QualityTools.Tips.UnitTest.Adapter, Version=10.0.0.0, Culture=neutral, PublicKeyToken=b03f5f7f11d50a3a" className="TestProject2.Z80Test, TestProject2, Version=1.0.0.0, Culture=neutral, PublicKeyToken=null" name="LD_SP_HLTest" />
    </UnitTest>
    <UnitTest name="LD_A_RTest" storage="c:\users\samcruise\documents\visual studio 2010\projects\zxspectrum\testproject2\bin\release\testproject2.dll" id="d6f365f5-4679-7038-6450-481adfa7d5c7">
      <DeploymentItems>
        <DeploymentItem filename="EmuTest.exe" />
      </DeploymentItems>
      <Execution id="04ae720f-6030-47ff-9748-cd05ec16bd07" />
      <TestMethod codeBase="C:/Users/samcruise/Documents/Visual Studio 2010/Projects/ZXSpectrum/TestProject2/bin/Release/TestProject2.DLL" adapterTypeName="Microsoft.VisualStudio.TestTools.TestTypes.Unit.UnitTestAdapter, Microsoft.VisualStudio.QualityTools.Tips.UnitTest.Adapter, Version=10.0.0.0, Culture=neutral, PublicKeyToken=b03f5f7f11d50a3a" className="TestProject2.Z80Test, TestProject2, Version=1.0.0.0, Culture=neutral, PublicKeyToken=null" name="LD_A_RTest" />
    </UnitTest>
    <UnitTest name="Arithmetic8BitTest" storage="c:\users\samcruise\documents\visual studio 2010\projects\zxspectrum\testproject2\bin\release\testproject2.dll" id="fa282fd8-ace3-314b-bdaa-b68c035c8013">
      <DeploymentItems>
        <DeploymentItem filename="EmuTest.exe" />
      </DeploymentItems>
      <Execution id="5513476e-5390-4366-85c7-45b19fcc1bc2" />
      <TestMethod codeBase="C:/Users/samcruise/Documents/Visual Studio 2010/Projects/ZXSpectrum/TestProject2/bin/Release/TestProject2.DLL" adapterTypeName="Microsoft.VisualStudio.TestTools.TestTypes.Unit.UnitTestAdapter, Microsoft.VisualStudio.QualityTools.Tips.UnitTest.Adapter, Version=10.0.0.0, Culture=neutral, PublicKeyToken=b03f5f7f11d50a3a" className="TestProject2.Z80Test, TestProject2, Version=1.0.0.0, Culture=neutral, PublicKeyToken=null" name="Arithmetic8BitTest" />
    </UnitTest>
    <UnitTest name="LD_DE_ATest" storage="c:\users\samcruise\documents\visual studio 2010\projects\zxspectrum\testproject2\bin\release\testproject2.dll" id="231bd03e-0d38-6cc5-0783-b65ae0f853d9">
      <DeploymentItems>
        <DeploymentItem filename="EmuTest.exe" />
      </DeploymentItems>
      <Execution id="867f5565-bd1f-45ff-9245-2aca11e02e15" />
      <TestMethod codeBase="C:/Users/samcruise/Documents/Visual Studio 2010/Projects/ZXSpectrum/TestProject2/bin/Release/TestProject2.DLL" adapterTypeName="Microsoft.VisualStudio.TestTools.TestTypes.Unit.UnitTestAdapter, Microsoft.VisualStudio.QualityTools.Tips.UnitTest.Adapter, Version=10.0.0.0, Culture=neutral, PublicKeyToken=b03f5f7f11d50a3a" className="TestProject2.Z80Test, TestProject2, Version=1.0.0.0, Culture=neutral, PublicKeyToken=null" name="LD_DE_ATest" />
    </UnitTest>
    <UnitTest name="ADC_A_rTest" storage="c:\users\samcruise\documents\visual studio 2010\projects\zxspectrum\testproject2\bin\release\testproject2.dll" id="7fa090f1-d9a9-3de8-1087-2d0b0717201b">
      <DeploymentItems>
        <DeploymentItem filename="EmuTest.exe" />
      </DeploymentItems>
      <Execution id="65cb5c94-e007-4c9d-ba36-5aed0d17a943" />
      <TestMethod codeBase="C:/Users/samcruise/Documents/Visual Studio 2010/Projects/ZXSpectrum/TestProject2/bin/Release/TestProject2.DLL" adapterTypeName="Microsoft.VisualStudio.TestTools.TestTypes.Unit.UnitTestAdapter, Microsoft.VisualStudio.QualityTools.Tips.UnitTest.Adapter, Version=10.0.0.0, Culture=neutral, PublicKeyToken=b03f5f7f11d50a3a" className="TestProject2.Z80Test, TestProject2, Version=1.0.0.0, Culture=neutral, PublicKeyToken=null" name="ADC_A_rTest" />
    </UnitTest>
    <UnitTest name="CP_rTest" storage="c:\users\samcruise\documents\visual studio 2010\projects\zxspectrum\testproject2\bin\release\testproject2.dll" id="6b710965-1677-6f38-b88e-91e3b8a9332f">
      <DeploymentItems>
        <DeploymentItem filename="EmuTest.exe" />
      </DeploymentItems>
      <Execution id="718cdf25-3bab-45b0-a0a1-f9657b19bfec" />
      <TestMethod codeBase="C:/Users/samcruise/Documents/Visual Studio 2010/Projects/ZXSpectrum/TestProject2/bin/Release/TestProject2.DLL" adapterTypeName="Microsoft.VisualStudio.TestTools.TestTypes.Unit.UnitTestAdapter, Microsoft.VisualStudio.QualityTools.Tips.UnitTest.Adapter, Version=10.0.0.0, Culture=neutral, PublicKeyToken=b03f5f7f11d50a3a" className="TestProject2.Z80Test, TestProject2, Version=1.0.0.0, Culture=neutral, PublicKeyToken=null" name="CP_rTest" />
    </UnitTest>
    <UnitTest name="LD_nn_ddTest" storage="c:\users\samcruise\documents\visual studio 2010\projects\zxspectrum\testproject2\bin\release\testproject2.dll" id="f9126364-3831-3363-8188-a09b575bcf73">
      <DeploymentItems>
        <DeploymentItem filename="EmuTest.exe" />
      </DeploymentItems>
      <Execution id="4c4ad187-f2ca-4cae-836e-2615d9646da1" />
      <TestMethod codeBase="C:/Users/samcruise/Documents/Visual Studio 2010/Projects/ZXSpectrum/TestProject2/bin/Release/TestProject2.DLL" adapterTypeName="Microsoft.VisualStudio.TestTools.TestTypes.Unit.UnitTestAdapter, Microsoft.VisualStudio.QualityTools.Tips.UnitTest.Adapter, Version=10.0.0.0, Culture=neutral, PublicKeyToken=b03f5f7f11d50a3a" className="TestProject2.Z80Test, TestProject2, Version=1.0.0.0, Culture=neutral, PublicKeyToken=null" name="LD_nn_ddTest" />
    </UnitTest>
    <UnitTest name="ADC_HLTest" storage="c:\users\samcruise\documents\visual studio 2010\projects\zxspectrum\testproject2\bin\release\testproject2.dll" id="0b4144dd-a347-7b17-997b-3df3b8ff73bd">
      <DeploymentItems>
        <DeploymentItem filename="EmuTest.exe" />
      </DeploymentItems>
      <Execution id="ebc05063-7ea0-4b1b-a4b1-28c5afbb31bc" />
      <TestMethod codeBase="C:/Users/samcruise/Documents/Visual Studio 2010/Projects/ZXSpectrum/TestProject2/bin/Release/TestProject2.DLL" adapterTypeName="Microsoft.VisualStudio.TestTools.TestTypes.Unit.UnitTestAdapter, Microsoft.VisualStudio.QualityTools.Tips.UnitTest.Adapter, Version=10.0.0.0, Culture=neutral, PublicKeyToken=b03f5f7f11d50a3a" className="TestProject2.Z80Test, TestProject2, Version=1.0.0.0, Culture=neutral, PublicKeyToken=null" name="ADC_HLTest" />
    </UnitTest>
    <UnitTest name="IMTest" storage="c:\users\samcruise\documents\visual studio 2010\projects\zxspectrum\testproject2\bin\release\testproject2.dll" id="6993b04e-0773-c13a-ebf9-79006fbce62b">
      <DeploymentItems>
        <DeploymentItem filename="EmuTest.exe" />
      </DeploymentItems>
      <Execution id="20f6b91b-0b4c-4cf2-9cb2-544bdc53c81b" />
      <TestMethod codeBase="C:/Users/samcruise/Documents/Visual Studio 2010/Projects/ZXSpectrum/TestProject2/bin/Release/TestProject2.DLL" adapterTypeName="Microsoft.VisualStudio.TestTools.TestTypes.Unit.UnitTestAdapter, Microsoft.VisualStudio.QualityTools.Tips.UnitTest.Adapter, Version=10.0.0.0, Culture=neutral, PublicKeyToken=b03f5f7f11d50a3a" className="TestProject2.Z80Test, TestProject2, Version=1.0.0.0, Culture=neutral, PublicKeyToken=null" name="IMTest" />
    </UnitTest>
    <UnitTest name="JP_HLTest" storage="c:\users\samcruise\documents\visual studio 2010\projects\zxspectrum\testproject2\bin\release\testproject2.dll" id="644506c2-c887-ef59-e127-65e89db16cbc">
      <DeploymentItems>
        <DeploymentItem filename="EmuTest.exe" />
      </DeploymentItems>
      <Execution id="eca4e617-ae4d-4207-9da0-f74749edf3aa" />
      <TestMethod codeBase="C:/Users/samcruise/Documents/Visual Studio 2010/Projects/ZXSpectrum/TestProject2/bin/Release/TestProject2.DLL" adapterTypeName="Microsoft.VisualStudio.TestTools.TestTypes.Unit.UnitTestAdapter, Microsoft.VisualStudio.QualityTools.Tips.UnitTest.Adapter, Version=10.0.0.0, Culture=neutral, PublicKeyToken=b03f5f7f11d50a3a" className="TestProject2.Z80Test, TestProject2, Version=1.0.0.0, Culture=neutral, PublicKeyToken=null" name="JP_HLTest" />
    </UnitTest>
    <UnitTest name="RLCTest" storage="c:\users\samcruise\documents\visual studio 2010\projects\zxspectrum\testproject2\bin\release\testproject2.dll" id="5b87d4fd-91a2-2ead-ea51-310966889653">
      <DeploymentItems>
        <DeploymentItem filename="EmuTest.exe" />
      </DeploymentItems>
      <Execution id="d6d9a313-0f0b-4f43-9497-5141be4ad2b2" />
      <TestMethod codeBase="C:/Users/samcruise/Documents/Visual Studio 2010/Projects/ZXSpectrum/TestProject2/bin/Release/TestProject2.DLL" adapterTypeName="Microsoft.VisualStudio.TestTools.TestTypes.Unit.UnitTestAdapter, Microsoft.VisualStudio.QualityTools.Tips.UnitTest.Adapter, Version=10.0.0.0, Culture=neutral, PublicKeyToken=b03f5f7f11d50a3a" className="TestProject2.Z80Test, TestProject2, Version=1.0.0.0, Culture=neutral, PublicKeyToken=null" name="RLCTest" />
    </UnitTest>
    <UnitTest name="RLTest" storage="c:\users\samcruise\documents\visual studio 2010\projects\zxspectrum\testproject2\bin\release\testproject2.dll" id="8d11f4ff-16dc-c6dd-67b2-df83947219f7">
      <DeploymentItems>
        <DeploymentItem filename="EmuTest.exe" />
      </DeploymentItems>
      <Execution id="9afca8ce-a7ec-439a-9299-261d67ff3bb9" />
      <TestMethod codeBase="C:/Users/samcruise/Documents/Visual Studio 2010/Projects/ZXSpectrum/TestProject2/bin/Release/TestProject2.DLL" adapterTypeName="Microsoft.VisualStudio.TestTools.TestTypes.Unit.UnitTestAdapter, Microsoft.VisualStudio.QualityTools.Tips.UnitTest.Adapter, Version=10.0.0.0, Culture=neutral, PublicKeyToken=b03f5f7f11d50a3a" className="TestProject2.Z80Test, TestProject2, Version=1.0.0.0, Culture=neutral, PublicKeyToken=null" name="RLTest" />
    </UnitTest>
    <UnitTest name="SRATest" storage="c:\users\samcruise\documents\visual studio 2010\projects\zxspectrum\testproject2\bin\release\testproject2.dll" id="d576b2e9-18ab-4c39-22d6-660b702088a3">
      <DeploymentItems>
        <DeploymentItem filename="EmuTest.exe" />
      </DeploymentItems>
      <Execution id="6ac5136b-9dc6-4673-81d1-0a308f01169a" />
      <TestMethod codeBase="C:/Users/samcruise/Documents/Visual Studio 2010/Projects/ZXSpectrum/TestProject2/bin/Release/TestProject2.DLL" adapterTypeName="Microsoft.VisualStudio.TestTools.TestTypes.Unit.UnitTestAdapter, Microsoft.VisualStudio.QualityTools.Tips.UnitTest.Adapter, Version=10.0.0.0, Culture=neutral, PublicKeyToken=b03f5f7f11d50a3a" className="TestProject2.Z80Test, TestProject2, Version=1.0.0.0, Culture=neutral, PublicKeyToken=null" name="SRATest" />
    </UnitTest>
    <UnitTest name="DEC_rTest" storage="c:\users\samcruise\documents\visual studio 2010\projects\zxspectrum\testproject2\bin\release\testproject2.dll" id="64f3a371-75dd-ff36-2172-a082a1bb01a7">
      <DeploymentItems>
        <DeploymentItem filename="EmuTest.exe" />
      </DeploymentItems>
      <Execution id="d4d82460-426d-4442-ac05-3849aa37404d" />
      <TestMethod codeBase="C:/Users/samcruise/Documents/Visual Studio 2010/Projects/ZXSpectrum/TestProject2/bin/Release/TestProject2.DLL" adapterTypeName="Microsoft.VisualStudio.TestTools.TestTypes.Unit.UnitTestAdapter, Microsoft.VisualStudio.QualityTools.Tips.UnitTest.Adapter, Version=10.0.0.0, Culture=neutral, PublicKeyToken=b03f5f7f11d50a3a" className="TestProject2.Z80Test, TestProject2, Version=1.0.0.0, Culture=neutral, PublicKeyToken=null" name="DEC_rTest" />
    </UnitTest>
    <UnitTest name="AND_rTest" storage="c:\users\samcruise\documents\visual studio 2010\projects\zxspectrum\testproject2\bin\release\testproject2.dll" id="7769ab53-4bf0-a65b-8187-75daf24d1434">
      <DeploymentItems>
        <DeploymentItem filename="EmuTest.exe" />
      </DeploymentItems>
      <Execution id="a430506a-25e0-47b4-94f6-0bc3cc120bfc" />
      <TestMethod codeBase="C:/Users/samcruise/Documents/Visual Studio 2010/Projects/ZXSpectrum/TestProject2/bin/Release/TestProject2.DLL" adapterTypeName="Microsoft.VisualStudio.TestTools.TestTypes.Unit.UnitTestAdapter, Microsoft.VisualStudio.QualityTools.Tips.UnitTest.Adapter, Version=10.0.0.0, Culture=neutral, PublicKeyToken=b03f5f7f11d50a3a" className="TestProject2.Z80Test, TestProject2, Version=1.0.0.0, Culture=neutral, PublicKeyToken=null" name="AND_rTest" />
    </UnitTest>
    <UnitTest name="CarryTest" storage="c:\users\samcruise\documents\visual studio 2010\projects\zxspectrum\testproject2\bin\release\testproject2.dll" id="6ea371f5-9713-1500-34a7-78647e13da18">
      <DeploymentItems>
        <DeploymentItem filename="EmuTest.exe" />
      </DeploymentItems>
      <Execution id="4d7dde1d-e80b-4841-9e9a-bf08646886d0" />
      <TestMethod codeBase="C:/Users/samcruise/Documents/Visual Studio 2010/Projects/ZXSpectrum/TestProject2/bin/Release/TestProject2.DLL" adapterTypeName="Microsoft.VisualStudio.TestTools.TestTypes.Unit.UnitTestAdapter, Microsoft.VisualStudio.QualityTools.Tips.UnitTest.Adapter, Version=10.0.0.0, Culture=neutral, PublicKeyToken=b03f5f7f11d50a3a" className="TestProject2.Z80Test, TestProject2, Version=1.0.0.0, Culture=neutral, PublicKeyToken=null" name="CarryTest" />
    </UnitTest>
    <UnitTest name="BITTest" storage="c:\users\samcruise\documents\visual studio 2010\projects\zxspectrum\testproject2\bin\release\testproject2.dll" id="7976e622-0553-0c71-cbd8-e8577be21b5d">
      <DeploymentItems>
        <DeploymentItem filename="EmuTest.exe" />
      </DeploymentItems>
      <Execution id="954c1b41-2150-45ed-876f-38cf225f6875" />
      <TestMethod codeBase="C:/Users/samcruise/Documents/Visual Studio 2010/Projects/ZXSpectrum/TestProject2/bin/Release/TestProject2.DLL" adapterTypeName="Microsoft.VisualStudio.TestTools.TestTypes.Unit.UnitTestAdapter, Microsoft.VisualStudio.QualityTools.Tips.UnitTest.Adapter, Version=10.0.0.0, Culture=neutral, PublicKeyToken=b03f5f7f11d50a3a" className="TestProject2.Z80Test, TestProject2, Version=1.0.0.0, Culture=neutral, PublicKeyToken=null" name="BITTest" />
    </UnitTest>
    <UnitTest name="CPDRTest" storage="c:\users\samcruise\documents\visual studio 2010\projects\zxspectrum\testproject2\bin\release\testproject2.dll" id="225c05c4-9748-a7c6-e24e-08b5a00f73ff">
      <DeploymentItems>
        <DeploymentItem filename="EmuTest.exe" />
      </DeploymentItems>
      <Execution id="de5c4703-04be-484d-bc77-67e8203fda02" />
      <TestMethod codeBase="C:/Users/samcruise/Documents/Visual Studio 2010/Projects/ZXSpectrum/TestProject2/bin/Release/TestProject2.DLL" adapterTypeName="Microsoft.VisualStudio.TestTools.TestTypes.Unit.UnitTestAdapter, Microsoft.VisualStudio.QualityTools.Tips.UnitTest.Adapter, Version=10.0.0.0, Culture=neutral, PublicKeyToken=b03f5f7f11d50a3a" className="TestProject2.Z80Test, TestProject2, Version=1.0.0.0, Culture=neutral, PublicKeyToken=null" name="CPDRTest" />
    </UnitTest>
    <UnitTest name="SBC_A_nTest" storage="c:\users\samcruise\documents\visual studio 2010\projects\zxspectrum\testproject2\bin\release\testproject2.dll" id="f27d20d8-0856-98b6-055e-c7e96212608b">
      <DeploymentItems>
        <DeploymentItem filename="EmuTest.exe" />
      </DeploymentItems>
      <Execution id="3fb32a24-3062-44a2-85e5-6dbbe0daa7f4" />
      <TestMethod codeBase="C:/Users/samcruise/Documents/Visual Studio 2010/Projects/ZXSpectrum/TestProject2/bin/Release/TestProject2.DLL" adapterTypeName="Microsoft.VisualStudio.TestTools.TestTypes.Unit.UnitTestAdapter, Microsoft.VisualStudio.QualityTools.Tips.UnitTest.Adapter, Version=10.0.0.0, Culture=neutral, PublicKeyToken=b03f5f7f11d50a3a" className="TestProject2.Z80Test, TestProject2, Version=1.0.0.0, Culture=neutral, PublicKeyToken=null" name="SBC_A_nTest" />
    </UnitTest>
    <UnitTest name="EXXTest" storage="c:\users\samcruise\documents\visual studio 2010\projects\zxspectrum\testproject2\bin\release\testproject2.dll" id="4362f3ce-6bef-c806-ed6a-f9a0e3284ef0">
      <DeploymentItems>
        <DeploymentItem filename="EmuTest.exe" />
      </DeploymentItems>
      <Execution id="8995682f-3974-46d3-847a-b8157c635c6c" />
      <TestMethod codeBase="C:/Users/samcruise/Documents/Visual Studio 2010/Projects/ZXSpectrum/TestProject2/bin/Release/TestProject2.DLL" adapterTypeName="Microsoft.VisualStudio.TestTools.TestTypes.Unit.UnitTestAdapter, Microsoft.VisualStudio.QualityTools.Tips.UnitTest.Adapter, Version=10.0.0.0, Culture=neutral, PublicKeyToken=b03f5f7f11d50a3a" className="TestProject2.Z80Test, TestProject2, Version=1.0.0.0, Culture=neutral, PublicKeyToken=null" name="EXXTest" />
    </UnitTest>
    <UnitTest name="IN_A_nTest" storage="c:\users\samcruise\documents\visual studio 2010\projects\zxspectrum\testproject2\bin\release\testproject2.dll" id="cb76c32f-1004-2d6e-4048-b5467b53a179">
      <DeploymentItems>
        <DeploymentItem filename="EmuTest.exe" />
      </DeploymentItems>
      <Execution id="f4180f07-7ce3-485c-bf8b-e775b9935aac" />
      <TestMethod codeBase="C:/Users/samcruise/Documents/Visual Studio 2010/Projects/ZXSpectrum/TestProject2/bin/Release/TestProject2.DLL" adapterTypeName="Microsoft.VisualStudio.TestTools.TestTypes.Unit.UnitTestAdapter, Microsoft.VisualStudio.QualityTools.Tips.UnitTest.Adapter, Version=10.0.0.0, Culture=neutral, PublicKeyToken=b03f5f7f11d50a3a" className="TestProject2.Z80Test, TestProject2, Version=1.0.0.0, Culture=neutral, PublicKeyToken=null" name="IN_A_nTest" />
    </UnitTest>
    <UnitTest name="RRTest" storage="c:\users\samcruise\documents\visual studio 2010\projects\zxspectrum\testproject2\bin\release\testproject2.dll" id="c00d5263-9362-91d8-9786-3cf7ff9338c7">
      <DeploymentItems>
        <DeploymentItem filename="EmuTest.exe" />
      </DeploymentItems>
      <Execution id="2d9164fd-1676-47c1-b793-edfc181176f3" />
      <TestMethod codeBase="C:/Users/samcruise/Documents/Visual Studio 2010/Projects/ZXSpectrum/TestProject2/bin/Release/TestProject2.DLL" adapterTypeName="Microsoft.VisualStudio.TestTools.TestTypes.Unit.UnitTestAdapter, Microsoft.VisualStudio.QualityTools.Tips.UnitTest.Adapter, Version=10.0.0.0, Culture=neutral, PublicKeyToken=b03f5f7f11d50a3a" className="TestProject2.Z80Test, TestProject2, Version=1.0.0.0, Culture=neutral, PublicKeyToken=null" name="RRTest" />
    </UnitTest>
    <UnitTest name="SRLTest" storage="c:\users\samcruise\documents\visual studio 2010\projects\zxspectrum\testproject2\bin\release\testproject2.dll" id="a281a993-54ac-242d-6e81-bd7ca5969d50">
      <DeploymentItems>
        <DeploymentItem filename="EmuTest.exe" />
      </DeploymentItems>
      <Execution id="a5bdc334-406b-4ffb-ae6b-e2e6e68d54fd" />
      <TestMethod codeBase="C:/Users/samcruise/Documents/Visual Studio 2010/Projects/ZXSpectrum/TestProject2/bin/Release/TestProject2.DLL" adapterTypeName="Microsoft.VisualStudio.TestTools.TestTypes.Unit.UnitTestAdapter, Microsoft.VisualStudio.QualityTools.Tips.UnitTest.Adapter, Version=10.0.0.0, Culture=neutral, PublicKeyToken=b03f5f7f11d50a3a" className="TestProject2.Z80Test, TestProject2, Version=1.0.0.0, Culture=neutral, PublicKeyToken=null" name="SRLTest" />
    </UnitTest>
    <UnitTest name="XOR_rTest" storage="c:\users\samcruise\documents\visual studio 2010\projects\zxspectrum\testproject2\bin\release\testproject2.dll" id="436605de-6d1c-4402-615f-0938ced05851">
      <DeploymentItems>
        <DeploymentItem filename="EmuTest.exe" />
      </DeploymentItems>
      <Execution id="f18606a8-da1c-4374-be5e-01aa296f075b" />
      <TestMethod codeBase="C:/Users/samcruise/Documents/Visual Studio 2010/Projects/ZXSpectrum/TestProject2/bin/Release/TestProject2.DLL" adapterTypeName="Microsoft.VisualStudio.TestTools.TestTypes.Unit.UnitTestAdapter, Microsoft.VisualStudio.QualityTools.Tips.UnitTest.Adapter, Version=10.0.0.0, Culture=neutral, PublicKeyToken=b03f5f7f11d50a3a" className="TestProject2.Z80Test, TestProject2, Version=1.0.0.0, Culture=neutral, PublicKeyToken=null" name="XOR_rTest" />
    </UnitTest>
    <UnitTest name="RESTest" storage="c:\users\samcruise\documents\visual studio 2010\projects\zxspectrum\testproject2\bin\release\testproject2.dll" id="ec8889aa-5c28-4621-dc4c-a1bae4f864b3">
      <DeploymentItems>
        <DeploymentItem filename="EmuTest.exe" />
      </DeploymentItems>
      <Execution id="4af45826-e388-4d95-b67a-3c42acc6d893" />
      <TestMethod codeBase="C:/Users/samcruise/Documents/Visual Studio 2010/Projects/ZXSpectrum/TestProject2/bin/Release/TestProject2.DLL" adapterTypeName="Microsoft.VisualStudio.TestTools.TestTypes.Unit.UnitTestAdapter, Microsoft.VisualStudio.QualityTools.Tips.UnitTest.Adapter, Version=10.0.0.0, Culture=neutral, PublicKeyToken=b03f5f7f11d50a3a" className="TestProject2.Z80Test, TestProject2, Version=1.0.0.0, Culture=neutral, PublicKeyToken=null" name="RESTest" />
    </UnitTest>
    <UnitTest name="AND_nTest" storage="c:\users\samcruise\documents\visual studio 2010\projects\zxspectrum\testproject2\bin\release\testproject2.dll" id="9f6c528b-5fee-7f40-d59f-122c6aa17338">
      <DeploymentItems>
        <DeploymentItem filename="EmuTest.exe" />
      </DeploymentItems>
      <Execution id="8f2c6a6c-f235-4af9-9a78-f897138bb687" />
      <TestMethod codeBase="C:/Users/samcruise/Documents/Visual Studio 2010/Projects/ZXSpectrum/TestProject2/bin/Release/TestProject2.DLL" adapterTypeName="Microsoft.VisualStudio.TestTools.TestTypes.Unit.UnitTestAdapter, Microsoft.VisualStudio.QualityTools.Tips.UnitTest.Adapter, Version=10.0.0.0, Culture=neutral, PublicKeyToken=b03f5f7f11d50a3a" className="TestProject2.Z80Test, TestProject2, Version=1.0.0.0, Culture=neutral, PublicKeyToken=null" name="AND_nTest" />
    </UnitTest>
    <UnitTest name="RRCATest" storage="c:\users\samcruise\documents\visual studio 2010\projects\zxspectrum\testproject2\bin\release\testproject2.dll" id="947b96e5-70b2-89ca-d911-83455c83ccaf">
      <DeploymentItems>
        <DeploymentItem filename="EmuTest.exe" />
      </DeploymentItems>
      <Execution id="8080ba34-2749-4316-924d-efb3b3884416" />
      <TestMethod codeBase="C:/Users/samcruise/Documents/Visual Studio 2010/Projects/ZXSpectrum/TestProject2/bin/Release/TestProject2.DLL" adapterTypeName="Microsoft.VisualStudio.TestTools.TestTypes.Unit.UnitTestAdapter, Microsoft.VisualStudio.QualityTools.Tips.UnitTest.Adapter, Version=10.0.0.0, Culture=neutral, PublicKeyToken=b03f5f7f11d50a3a" className="TestProject2.Z80Test, TestProject2, Version=1.0.0.0, Culture=neutral, PublicKeyToken=null" name="RRCATest" />
    </UnitTest>
    <UnitTest name="EX_SP_HLTest" storage="c:\users\samcruise\documents\visual studio 2010\projects\zxspectrum\testproject2\bin\release\testproject2.dll" id="5ffd0124-37d8-11bf-fa8d-5062ee6afc91">
      <DeploymentItems>
        <DeploymentItem filename="EmuTest.exe" />
      </DeploymentItems>
      <Execution id="c029ee0c-ebbd-4804-a3e2-1fdd5d289c1f" />
      <TestMethod codeBase="C:/Users/samcruise/Documents/Visual Studio 2010/Projects/ZXSpectrum/TestProject2/bin/Release/TestProject2.DLL" adapterTypeName="Microsoft.VisualStudio.TestTools.TestTypes.Unit.UnitTestAdapter, Microsoft.VisualStudio.QualityTools.Tips.UnitTest.Adapter, Version=10.0.0.0, Culture=neutral, PublicKeyToken=b03f5f7f11d50a3a" className="TestProject2.Z80Test, TestProject2, Version=1.0.0.0, Culture=neutral, PublicKeyToken=null" name="EX_SP_HLTest" />
    </UnitTest>
    <UnitTest name="LD_A_nnTest" storage="c:\users\samcruise\documents\visual studio 2010\projects\zxspectrum\testproject2\bin\release\testproject2.dll" id="3910ea2e-3d0e-baae-5cb5-ee5255a7ee35">
      <DeploymentItems>
        <DeploymentItem filename="EmuTest.exe" />
      </DeploymentItems>
      <Execution id="ea256857-4422-48a5-8258-f7c09779c633" />
      <TestMethod codeBase="C:/Users/samcruise/Documents/Visual Studio 2010/Projects/ZXSpectrum/TestProject2/bin/Release/TestProject2.DLL" adapterTypeName="Microsoft.VisualStudio.TestTools.TestTypes.Unit.UnitTestAdapter, Microsoft.VisualStudio.QualityTools.Tips.UnitTest.Adapter, Version=10.0.0.0, Culture=neutral, PublicKeyToken=b03f5f7f11d50a3a" className="TestProject2.Z80Test, TestProject2, Version=1.0.0.0, Culture=neutral, PublicKeyToken=null" name="LD_A_nnTest" />
    </UnitTest>
    <UnitTest name="XOR_nTest" storage="c:\users\samcruise\documents\visual studio 2010\projects\zxspectrum\testproject2\bin\release\testproject2.dll" id="2d6e4e36-5fe1-42c4-5c13-c7a8f483806d">
      <DeploymentItems>
        <DeploymentItem filename="EmuTest.exe" />
      </DeploymentItems>
      <Execution id="99c6246a-bf7f-4501-addf-f3e54996ab49" />
      <TestMethod codeBase="C:/Users/samcruise/Documents/Visual Studio 2010/Projects/ZXSpectrum/TestProject2/bin/Release/TestProject2.DLL" adapterTypeName="Microsoft.VisualStudio.TestTools.TestTypes.Unit.UnitTestAdapter, Microsoft.VisualStudio.QualityTools.Tips.UnitTest.Adapter, Version=10.0.0.0, Culture=neutral, PublicKeyToken=b03f5f7f11d50a3a" className="TestProject2.Z80Test, TestProject2, Version=1.0.0.0, Culture=neutral, PublicKeyToken=null" name="XOR_nTest" />
    </UnitTest>
    <UnitTest name="DNJZTest" storage="c:\users\samcruise\documents\visual studio 2010\projects\zxspectrum\testproject2\bin\release\testproject2.dll" id="a5b3e069-d5dc-aae1-dab1-7ba2da7e0884">
      <DeploymentItems>
        <DeploymentItem filename="EmuTest.exe" />
      </DeploymentItems>
      <Execution id="0d7901e1-e50e-46ed-8824-edbfb14783ba" />
      <TestMethod codeBase="C:/Users/samcruise/Documents/Visual Studio 2010/Projects/ZXSpectrum/TestProject2/bin/Release/TestProject2.DLL" adapterTypeName="Microsoft.VisualStudio.TestTools.TestTypes.Unit.UnitTestAdapter, Microsoft.VisualStudio.QualityTools.Tips.UnitTest.Adapter, Version=10.0.0.0, Culture=neutral, PublicKeyToken=b03f5f7f11d50a3a" className="TestProject2.Z80Test, TestProject2, Version=1.0.0.0, Culture=neutral, PublicKeyToken=null" name="DNJZTest" />
    </UnitTest>
    <UnitTest name="OUT_n_ATest" storage="c:\users\samcruise\documents\visual studio 2010\projects\zxspectrum\testproject2\bin\release\testproject2.dll" id="ec3dceb2-7476-60e7-45c6-cb4ca611c1fd">
      <DeploymentItems>
        <DeploymentItem filename="EmuTest.exe" />
      </DeploymentItems>
      <Execution id="8f8060c7-ce40-4e96-8fe7-653b2c8d119d" />
      <TestMethod codeBase="C:/Users/samcruise/Documents/Visual Studio 2010/Projects/ZXSpectrum/TestProject2/bin/Release/TestProject2.DLL" adapterTypeName="Microsoft.VisualStudio.TestTools.TestTypes.Unit.UnitTestAdapter, Microsoft.VisualStudio.QualityTools.Tips.UnitTest.Adapter, Version=10.0.0.0, Culture=neutral, PublicKeyToken=b03f5f7f11d50a3a" className="TestProject2.Z80Test, TestProject2, Version=1.0.0.0, Culture=neutral, PublicKeyToken=null" name="OUT_n_ATest" />
    </UnitTest>
    <UnitTest name="LD_r_rTest" storage="c:\users\samcruise\documents\visual studio 2010\projects\zxspectrum\testproject2\bin\release\testproject2.dll" id="4e29e539-acb7-4fe7-b58a-ad776d59b1bb">
      <DeploymentItems>
        <DeploymentItem filename="EmuTest.exe" />
      </DeploymentItems>
      <Execution id="72fe7819-ff0c-41e7-a32a-1ce71bc400cb" />
      <TestMethod codeBase="C:/Users/samcruise/Documents/Visual Studio 2010/Projects/ZXSpectrum/TestProject2/bin/Release/TestProject2.DLL" adapterTypeName="Microsoft.VisualStudio.TestTools.TestTypes.Unit.UnitTestAdapter, Microsoft.VisualStudio.QualityTools.Tips.UnitTest.Adapter, Version=10.0.0.0, Culture=neutral, PublicKeyToken=b03f5f7f11d50a3a" className="TestProject2.Z80Test, TestProject2, Version=1.0.0.0, Culture=neutral, PublicKeyToken=null" name="LD_r_rTest" />
    </UnitTest>
    <UnitTest name="JRTest" storage="c:\users\samcruise\documents\visual studio 2010\projects\zxspectrum\testproject2\bin\release\testproject2.dll" id="d987caa4-b236-d3ff-cce6-1360da40887d">
      <DeploymentItems>
        <DeploymentItem filename="EmuTest.exe" />
      </DeploymentItems>
      <Execution id="279dcb98-4f43-4c60-8072-e3c2ad26dd1d" />
      <TestMethod codeBase="C:/Users/samcruise/Documents/Visual Studio 2010/Projects/ZXSpectrum/TestProject2/bin/Release/TestProject2.DLL" adapterTypeName="Microsoft.VisualStudio.TestTools.TestTypes.Unit.UnitTestAdapter, Microsoft.VisualStudio.QualityTools.Tips.UnitTest.Adapter, Version=10.0.0.0, Culture=neutral, PublicKeyToken=b03f5f7f11d50a3a" className="TestProject2.Z80Test, TestProject2, Version=1.0.0.0, Culture=neutral, PublicKeyToken=null" name="JRTest" />
    </UnitTest>
    <UnitTest name="OR_nTest" storage="c:\users\samcruise\documents\visual studio 2010\projects\zxspectrum\testproject2\bin\release\testproject2.dll" id="ef38ddd6-7755-2790-0e1b-b39d5b54c463">
      <DeploymentItems>
        <DeploymentItem filename="EmuTest.exe" />
      </DeploymentItems>
      <Execution id="c7934d04-4c82-497b-af3d-3b397c1c8d3e" />
      <TestMethod codeBase="C:/Users/samcruise/Documents/Visual Studio 2010/Projects/ZXSpectrum/TestProject2/bin/Release/TestProject2.DLL" adapterTypeName="Microsoft.VisualStudio.TestTools.TestTypes.Unit.UnitTestAdapter, Microsoft.VisualStudio.QualityTools.Tips.UnitTest.Adapter, Version=10.0.0.0, Culture=neutral, PublicKeyToken=b03f5f7f11d50a3a" className="TestProject2.Z80Test, TestProject2, Version=1.0.0.0, Culture=neutral, PublicKeyToken=null" name="OR_nTest" />
    </UnitTest>
    <UnitTest name="INIRTest" storage="c:\users\samcruise\documents\visual studio 2010\projects\zxspectrum\testproject2\bin\release\testproject2.dll" id="accb7fb6-557d-89fd-8c02-43ad3120a4e4">
      <DeploymentItems>
        <DeploymentItem filename="EmuTest.exe" />
      </DeploymentItems>
      <Execution id="a201db46-cccb-43a8-baf5-9b6a7653edbe" />
      <TestMethod codeBase="C:/Users/samcruise/Documents/Visual Studio 2010/Projects/ZXSpectrum/TestProject2/bin/Release/TestProject2.DLL" adapterTypeName="Microsoft.VisualStudio.TestTools.TestTypes.Unit.UnitTestAdapter, Microsoft.VisualStudio.QualityTools.Tips.UnitTest.Adapter, Version=10.0.0.0, Culture=neutral, PublicKeyToken=b03f5f7f11d50a3a" className="TestProject2.Z80Test, TestProject2, Version=1.0.0.0, Culture=neutral, PublicKeyToken=null" name="INIRTest" />
    </UnitTest>
    <UnitTest name="SBC_A_rTest" storage="c:\users\samcruise\documents\visual studio 2010\projects\zxspectrum\testproject2\bin\release\testproject2.dll" id="3c62e18b-0679-84be-4297-06f24bddccec">
      <DeploymentItems>
        <DeploymentItem filename="EmuTest.exe" />
      </DeploymentItems>
      <Execution id="9ff5ac1d-f613-44c7-8fd9-c2575d0a8976" />
      <TestMethod codeBase="C:/Users/samcruise/Documents/Visual Studio 2010/Projects/ZXSpectrum/TestProject2/bin/Release/TestProject2.DLL" adapterTypeName="Microsoft.VisualStudio.TestTools.TestTypes.Unit.UnitTestAdapter, Microsoft.VisualStudio.QualityTools.Tips.UnitTest.Adapter, Version=10.0.0.0, Culture=neutral, PublicKeyToken=b03f5f7f11d50a3a" className="TestProject2.Z80Test, TestProject2, Version=1.0.0.0, Culture=neutral, PublicKeyToken=null" name="SBC_A_rTest" />
    </UnitTest>
    <UnitTest name="SBC_HLTest" storage="c:\users\samcruise\documents\visual studio 2010\projects\zxspectrum\testproject2\bin\release\testproject2.dll" id="395f2e6e-8b8a-dab4-6961-5d67ff30ad80">
      <DeploymentItems>
        <DeploymentItem filename="EmuTest.exe" />
      </DeploymentItems>
      <Execution id="9ee02ce8-5477-4548-ac7d-5607c3c94ba5" />
      <TestMethod codeBase="C:/Users/samcruise/Documents/Visual Studio 2010/Projects/ZXSpectrum/TestProject2/bin/Release/TestProject2.DLL" adapterTypeName="Microsoft.VisualStudio.TestTools.TestTypes.Unit.UnitTestAdapter, Microsoft.VisualStudio.QualityTools.Tips.UnitTest.Adapter, Version=10.0.0.0, Culture=neutral, PublicKeyToken=b03f5f7f11d50a3a" className="TestProject2.Z80Test, TestProject2, Version=1.0.0.0, Culture=neutral, PublicKeyToken=null" name="SBC_HLTest" />
    </UnitTest>
    <UnitTest name="LDDRTest" storage="c:\users\samcruise\documents\visual studio 2010\projects\zxspectrum\testproject2\bin\release\testproject2.dll" id="fbf61387-acd6-ad6e-d454-963c3b13209e">
      <DeploymentItems>
        <DeploymentItem filename="EmuTest.exe" />
      </DeploymentItems>
      <Execution id="0b74f69a-5f2b-4214-8081-87314265fe43" />
      <TestMethod codeBase="C:/Users/samcruise/Documents/Visual Studio 2010/Projects/ZXSpectrum/TestProject2/bin/Release/TestProject2.DLL" adapterTypeName="Microsoft.VisualStudio.TestTools.TestTypes.Unit.UnitTestAdapter, Microsoft.VisualStudio.QualityTools.Tips.UnitTest.Adapter, Version=10.0.0.0, Culture=neutral, PublicKeyToken=b03f5f7f11d50a3a" className="TestProject2.Z80Test, TestProject2, Version=1.0.0.0, Culture=neutral, PublicKeyToken=null" name="LDDRTest" />
    </UnitTest>
    <UnitTest name="SLLTest" storage="c:\users\samcruise\documents\visual studio 2010\projects\zxspectrum\testproject2\bin\release\testproject2.dll" id="3f3d6718-39ff-7fa1-2efb-6ac794445b3b">
      <DeploymentItems>
        <DeploymentItem filename="EmuTest.exe" />
      </DeploymentItems>
      <Execution id="27de39ed-30c0-40e6-ad77-a64e7cdd5d02" />
      <TestMethod codeBase="C:/Users/samcruise/Documents/Visual Studio 2010/Projects/ZXSpectrum/TestProject2/bin/Release/TestProject2.DLL" adapterTypeName="Microsoft.VisualStudio.TestTools.TestTypes.Unit.UnitTestAdapter, Microsoft.VisualStudio.QualityTools.Tips.UnitTest.Adapter, Version=10.0.0.0, Culture=neutral, PublicKeyToken=b03f5f7f11d50a3a" className="TestProject2.Z80Test, TestProject2, Version=1.0.0.0, Culture=neutral, PublicKeyToken=null" name="SLLTest" />
    </UnitTest>
    <UnitTest name="INC_ssTest" storage="c:\users\samcruise\documents\visual studio 2010\projects\zxspectrum\testproject2\bin\release\testproject2.dll" id="d80f292a-b4c2-4be9-b82a-b5573e9be6f2">
      <DeploymentItems>
        <DeploymentItem filename="EmuTest.exe" />
      </DeploymentItems>
      <Execution id="ce7d6ac8-f214-45cf-8e61-5accead19791" />
      <TestMethod codeBase="C:/Users/samcruise/Documents/Visual Studio 2010/Projects/ZXSpectrum/TestProject2/bin/Release/TestProject2.DLL" adapterTypeName="Microsoft.VisualStudio.TestTools.TestTypes.Unit.UnitTestAdapter, Microsoft.VisualStudio.QualityTools.Tips.UnitTest.Adapter, Version=10.0.0.0, Culture=neutral, PublicKeyToken=b03f5f7f11d50a3a" className="TestProject2.Z80Test, TestProject2, Version=1.0.0.0, Culture=neutral, PublicKeyToken=null" name="INC_ssTest" />
    </UnitTest>
    <UnitTest name="JP_nnTest" storage="c:\users\samcruise\documents\visual studio 2010\projects\zxspectrum\testproject2\bin\release\testproject2.dll" id="3cdbe969-b2db-38d4-00ab-7c7380efb3ba">
      <DeploymentItems>
        <DeploymentItem filename="EmuTest.exe" />
      </DeploymentItems>
      <Execution id="04eff5db-9887-45ec-aca7-59b79b791d07" />
      <TestMethod codeBase="C:/Users/samcruise/Documents/Visual Studio 2010/Projects/ZXSpectrum/TestProject2/bin/Release/TestProject2.DLL" adapterTypeName="Microsoft.VisualStudio.TestTools.TestTypes.Unit.UnitTestAdapter, Microsoft.VisualStudio.QualityTools.Tips.UnitTest.Adapter, Version=10.0.0.0, Culture=neutral, PublicKeyToken=b03f5f7f11d50a3a" className="TestProject2.Z80Test, TestProject2, Version=1.0.0.0, Culture=neutral, PublicKeyToken=null" name="JP_nnTest" />
    </UnitTest>
    <UnitTest name="CPIRTest" storage="c:\users\samcruise\documents\visual studio 2010\projects\zxspectrum\testproject2\bin\release\testproject2.dll" id="1a60954a-838a-08ce-4a89-0464a13b3a93">
      <DeploymentItems>
        <DeploymentItem filename="EmuTest.exe" />
      </DeploymentItems>
      <Execution id="3d92236b-c547-4565-9abb-f389c009dde3" />
      <TestMethod codeBase="C:/Users/samcruise/Documents/Visual Studio 2010/Projects/ZXSpectrum/TestProject2/bin/Release/TestProject2.DLL" adapterTypeName="Microsoft.VisualStudio.TestTools.TestTypes.Unit.UnitTestAdapter, Microsoft.VisualStudio.QualityTools.Tips.UnitTest.Adapter, Version=10.0.0.0, Culture=neutral, PublicKeyToken=b03f5f7f11d50a3a" className="TestProject2.Z80Test, TestProject2, Version=1.0.0.0, Culture=neutral, PublicKeyToken=null" name="CPIRTest" />
    </UnitTest>
    <UnitTest name="LD_R_ATest" storage="c:\users\samcruise\documents\visual studio 2010\projects\zxspectrum\testproject2\bin\release\testproject2.dll" id="02081afb-f4e4-3f4d-8158-5c914990d541">
      <DeploymentItems>
        <DeploymentItem filename="EmuTest.exe" />
      </DeploymentItems>
      <Execution id="c0461394-5d6a-464d-b450-762ff10c6534" />
      <TestMethod codeBase="C:/Users/samcruise/Documents/Visual Studio 2010/Projects/ZXSpectrum/TestProject2/bin/Release/TestProject2.DLL" adapterTypeName="Microsoft.VisualStudio.TestTools.TestTypes.Unit.UnitTestAdapter, Microsoft.VisualStudio.QualityTools.Tips.UnitTest.Adapter, Version=10.0.0.0, Culture=neutral, PublicKeyToken=b03f5f7f11d50a3a" className="TestProject2.Z80Test, TestProject2, Version=1.0.0.0, Culture=neutral, PublicKeyToken=null" name="LD_R_ATest" />
    </UnitTest>
    <UnitTest name="ADD_HL_ssTest" storage="c:\users\samcruise\documents\visual studio 2010\projects\zxspectrum\testproject2\bin\release\testproject2.dll" id="77c6ab54-7ca3-396b-513b-a14bf6be574c">
      <DeploymentItems>
        <DeploymentItem filename="EmuTest.exe" />
      </DeploymentItems>
      <Execution id="ad59ac90-3a28-4c65-a22f-d777f5775e29" />
      <TestMethod codeBase="C:/Users/samcruise/Documents/Visual Studio 2010/Projects/ZXSpectrum/TestProject2/bin/Release/TestProject2.DLL" adapterTypeName="Microsoft.VisualStudio.TestTools.TestTypes.Unit.UnitTestAdapter, Microsoft.VisualStudio.QualityTools.Tips.UnitTest.Adapter, Version=10.0.0.0, Culture=neutral, PublicKeyToken=b03f5f7f11d50a3a" className="TestProject2.Z80Test, TestProject2, Version=1.0.0.0, Culture=neutral, PublicKeyToken=null" name="ADD_HL_ssTest" />
    </UnitTest>
    <UnitTest name="INDTest" storage="c:\users\samcruise\documents\visual studio 2010\projects\zxspectrum\testproject2\bin\release\testproject2.dll" id="aece9089-8fd9-3739-7b3a-72bcdb4cb138">
      <DeploymentItems>
        <DeploymentItem filename="EmuTest.exe" />
      </DeploymentItems>
      <Execution id="6b13bf27-768e-46eb-9fdf-617e4f852476" />
      <TestMethod codeBase="C:/Users/samcruise/Documents/Visual Studio 2010/Projects/ZXSpectrum/TestProject2/bin/Release/TestProject2.DLL" adapterTypeName="Microsoft.VisualStudio.TestTools.TestTypes.Unit.UnitTestAdapter, Microsoft.VisualStudio.QualityTools.Tips.UnitTest.Adapter, Version=10.0.0.0, Culture=neutral, PublicKeyToken=b03f5f7f11d50a3a" className="TestProject2.Z80Test, TestProject2, Version=1.0.0.0, Culture=neutral, PublicKeyToken=null" name="INDTest" />
    </UnitTest>
    <UnitTest name="LD_I_ATest" storage="c:\users\samcruise\documents\visual studio 2010\projects\zxspectrum\testproject2\bin\release\testproject2.dll" id="8419ae4f-e0d9-7a9f-7f37-e3a84733904b">
      <DeploymentItems>
        <DeploymentItem filename="EmuTest.exe" />
      </DeploymentItems>
      <Execution id="9e09b568-f61a-4a5d-a2f7-7a21af3dc2ef" />
      <TestMethod codeBase="C:/Users/samcruise/Documents/Visual Studio 2010/Projects/ZXSpectrum/TestProject2/bin/Release/TestProject2.DLL" adapterTypeName="Microsoft.VisualStudio.TestTools.TestTypes.Unit.UnitTestAdapter, Microsoft.VisualStudio.QualityTools.Tips.UnitTest.Adapter, Version=10.0.0.0, Culture=neutral, PublicKeyToken=b03f5f7f11d50a3a" className="TestProject2.Z80Test, TestProject2, Version=1.0.0.0, Culture=neutral, PublicKeyToken=null" name="LD_I_ATest" />
    </UnitTest>
    <UnitTest name="OTDRTest" storage="c:\users\samcruise\documents\visual studio 2010\projects\zxspectrum\testproject2\bin\release\testproject2.dll" id="6582c566-3514-80d9-5e8b-746b8c877c02">
      <DeploymentItems>
        <DeploymentItem filename="EmuTest.exe" />
      </DeploymentItems>
      <Execution id="c5ed178b-0412-4d62-b283-86d79fc2c937" />
      <TestMethod codeBase="C:/Users/samcruise/Documents/Visual Studio 2010/Projects/ZXSpectrum/TestProject2/bin/Release/TestProject2.DLL" adapterTypeName="Microsoft.VisualStudio.TestTools.TestTypes.Unit.UnitTestAdapter, Microsoft.VisualStudio.QualityTools.Tips.UnitTest.Adapter, Version=10.0.0.0, Culture=neutral, PublicKeyToken=b03f5f7f11d50a3a" className="TestProject2.Z80Test, TestProject2, Version=1.0.0.0, Culture=neutral, PublicKeyToken=null" name="OTDRTest" />
    </UnitTest>
    <UnitTest name="EX_AF_AF2Test" storage="c:\users\samcruise\documents\visual studio 2010\projects\zxspectrum\testproject2\bin\release\testproject2.dll" id="a99ddd4b-7030-4db6-9934-7cc5773a9396">
      <DeploymentItems>
        <DeploymentItem filename="EmuTest.exe" />
      </DeploymentItems>
      <Execution id="210f7d07-9557-4b49-9edc-15e419c4448d" />
      <TestMethod codeBase="C:/Users/samcruise/Documents/Visual Studio 2010/Projects/ZXSpectrum/TestProject2/bin/Release/TestProject2.DLL" adapterTypeName="Microsoft.VisualStudio.TestTools.TestTypes.Unit.UnitTestAdapter, Microsoft.VisualStudio.QualityTools.Tips.UnitTest.Adapter, Version=10.0.0.0, Culture=neutral, PublicKeyToken=b03f5f7f11d50a3a" className="TestProject2.Z80Test, TestProject2, Version=1.0.0.0, Culture=neutral, PublicKeyToken=null" name="EX_AF_AF2Test" />
    </UnitTest>
    <UnitTest name="DEC_ssTest" storage="c:\users\samcruise\documents\visual studio 2010\projects\zxspectrum\testproject2\bin\release\testproject2.dll" id="d40644e9-e5a2-7e4e-64e2-b6d9ec18d899">
      <DeploymentItems>
        <DeploymentItem filename="EmuTest.exe" />
      </DeploymentItems>
      <Execution id="cbfeee54-81d1-47c7-821f-6ce8e9af7395" />
      <TestMethod codeBase="C:/Users/samcruise/Documents/Visual Studio 2010/Projects/ZXSpectrum/TestProject2/bin/Release/TestProject2.DLL" adapterTypeName="Microsoft.VisualStudio.TestTools.TestTypes.Unit.UnitTestAdapter, Microsoft.VisualStudio.QualityTools.Tips.UnitTest.Adapter, Version=10.0.0.0, Culture=neutral, PublicKeyToken=b03f5f7f11d50a3a" className="TestProject2.Z80Test, TestProject2, Version=1.0.0.0, Culture=neutral, PublicKeyToken=null" name="DEC_ssTest" />
    </UnitTest>
    <UnitTest name="EX_DE_HLTest" storage="c:\users\samcruise\documents\visual studio 2010\projects\zxspectrum\testproject2\bin\release\testproject2.dll" id="c6073ad2-1dfd-1823-7f61-0e4d779c6b0f">
      <DeploymentItems>
        <DeploymentItem filename="EmuTest.exe" />
      </DeploymentItems>
      <Execution id="43ce0e53-94c9-4115-b994-252b5cbb8616" />
      <TestMethod codeBase="C:/Users/samcruise/Documents/Visual Studio 2010/Projects/ZXSpectrum/TestProject2/bin/Release/TestProject2.DLL" adapterTypeName="Microsoft.VisualStudio.TestTools.TestTypes.Unit.UnitTestAdapter, Microsoft.VisualStudio.QualityTools.Tips.UnitTest.Adapter, Version=10.0.0.0, Culture=neutral, PublicKeyToken=b03f5f7f11d50a3a" className="TestProject2.Z80Test, TestProject2, Version=1.0.0.0, Culture=neutral, PublicKeyToken=null" name="EX_DE_HLTest" />
    </UnitTest>
    <UnitTest name="ADC_A_nTest" storage="c:\users\samcruise\documents\visual studio 2010\projects\zxspectrum\testproject2\bin\release\testproject2.dll" id="a4ae135f-c523-9f9f-d27b-4db4e5509e94">
      <DeploymentItems>
        <DeploymentItem filename="EmuTest.exe" />
      </DeploymentItems>
      <Execution id="281a430a-471b-44c4-893c-41bf39f62c6b" />
      <TestMethod codeBase="C:/Users/samcruise/Documents/Visual Studio 2010/Projects/ZXSpectrum/TestProject2/bin/Release/TestProject2.DLL" adapterTypeName="Microsoft.VisualStudio.TestTools.TestTypes.Unit.UnitTestAdapter, Microsoft.VisualStudio.QualityTools.Tips.UnitTest.Adapter, Version=10.0.0.0, Culture=neutral, PublicKeyToken=b03f5f7f11d50a3a" className="TestProject2.Z80Test, TestProject2, Version=1.0.0.0, Culture=neutral, PublicKeyToken=null" name="ADC_A_nTest" />
    </UnitTest>
    <UnitTest name="RETITest" storage="c:\users\samcruise\documents\visual studio 2010\projects\zxspectrum\testproject2\bin\release\testproject2.dll" id="1a78406e-fc9c-f400-96bf-e6409042a51b">
      <DeploymentItems>
        <DeploymentItem filename="EmuTest.exe" />
      </DeploymentItems>
      <Execution id="3c8e6519-c214-463b-a3ba-9c1f5697ff99" />
      <TestMethod codeBase="C:/Users/samcruise/Documents/Visual Studio 2010/Projects/ZXSpectrum/TestProject2/bin/Release/TestProject2.DLL" adapterTypeName="Microsoft.VisualStudio.TestTools.TestTypes.Unit.UnitTestAdapter, Microsoft.VisualStudio.QualityTools.Tips.UnitTest.Adapter, Version=10.0.0.0, Culture=neutral, PublicKeyToken=b03f5f7f11d50a3a" className="TestProject2.Z80Test, TestProject2, Version=1.0.0.0, Culture=neutral, PublicKeyToken=null" name="RETITest" />
    </UnitTest>
    <UnitTest name="RRATest" storage="c:\users\samcruise\documents\visual studio 2010\projects\zxspectrum\testproject2\bin\release\testproject2.dll" id="2fe7eb0b-f938-cdd3-52dd-f930c2ebb2b1">
      <DeploymentItems>
        <DeploymentItem filename="EmuTest.exe" />
      </DeploymentItems>
      <Execution id="73bfbdb9-555b-48cc-9dea-331be90e4aac" />
      <TestMethod codeBase="C:/Users/samcruise/Documents/Visual Studio 2010/Projects/ZXSpectrum/TestProject2/bin/Release/TestProject2.DLL" adapterTypeName="Microsoft.VisualStudio.TestTools.TestTypes.Unit.UnitTestAdapter, Microsoft.VisualStudio.QualityTools.Tips.UnitTest.Adapter, Version=10.0.0.0, Culture=neutral, PublicKeyToken=b03f5f7f11d50a3a" className="TestProject2.Z80Test, TestProject2, Version=1.0.0.0, Culture=neutral, PublicKeyToken=null" name="RRATest" />
    </UnitTest>
    <UnitTest name="EITest" storage="c:\users\samcruise\documents\visual studio 2010\projects\zxspectrum\testproject2\bin\release\testproject2.dll" id="cbf56f62-df39-1b79-4acc-e7326d9dc27c">
      <DeploymentItems>
        <DeploymentItem filename="EmuTest.exe" />
      </DeploymentItems>
      <Execution id="18cd9cdb-5829-4eef-9fb7-14311c936e77" />
      <TestMethod codeBase="C:/Users/samcruise/Documents/Visual Studio 2010/Projects/ZXSpectrum/TestProject2/bin/Release/TestProject2.DLL" adapterTypeName="Microsoft.VisualStudio.TestTools.TestTypes.Unit.UnitTestAdapter, Microsoft.VisualStudio.QualityTools.Tips.UnitTest.Adapter, Version=10.0.0.0, Culture=neutral, PublicKeyToken=b03f5f7f11d50a3a" className="TestProject2.Z80Test, TestProject2, Version=1.0.0.0, Culture=neutral, PublicKeyToken=null" name="EITest" />
    </UnitTest>
    <UnitTest name="CP_nTest" storage="c:\users\samcruise\documents\visual studio 2010\projects\zxspectrum\testproject2\bin\release\testproject2.dll" id="f418ccbd-868f-1cb5-4064-c312acb76e89">
      <DeploymentItems>
        <DeploymentItem filename="EmuTest.exe" />
      </DeploymentItems>
      <Execution id="a45d6f83-62a4-4d33-bdb7-8fa74a250c9c" />
      <TestMethod codeBase="C:/Users/samcruise/Documents/Visual Studio 2010/Projects/ZXSpectrum/TestProject2/bin/Release/TestProject2.DLL" adapterTypeName="Microsoft.VisualStudio.TestTools.TestTypes.Unit.UnitTestAdapter, Microsoft.VisualStudio.QualityTools.Tips.UnitTest.Adapter, Version=10.0.0.0, Culture=neutral, PublicKeyToken=b03f5f7f11d50a3a" className="TestProject2.Z80Test, TestProject2, Version=1.0.0.0, Culture=neutral, PublicKeyToken=null" name="CP_nTest" />
    </UnitTest>
    <UnitTest name="RRCTest" storage="c:\users\samcruise\documents\visual studio 2010\projects\zxspectrum\testproject2\bin\release\testproject2.dll" id="4bbbd8b9-6ef7-b020-fb32-ef276dcf5e16">
      <DeploymentItems>
        <DeploymentItem filename="EmuTest.exe" />
      </DeploymentItems>
      <Execution id="b7cd3b37-1191-41c3-8b04-a75d5bee238c" />
      <TestMethod codeBase="C:/Users/samcruise/Documents/Visual Studio 2010/Projects/ZXSpectrum/TestProject2/bin/Release/TestProject2.DLL" adapterTypeName="Microsoft.VisualStudio.TestTools.TestTypes.Unit.UnitTestAdapter, Microsoft.VisualStudio.QualityTools.Tips.UnitTest.Adapter, Version=10.0.0.0, Culture=neutral, PublicKeyToken=b03f5f7f11d50a3a" className="TestProject2.Z80Test, TestProject2, Version=1.0.0.0, Culture=neutral, PublicKeyToken=null" name="RRCTest" />
    </UnitTest>
    <UnitTest name="CPDTest" storage="c:\users\samcruise\documents\visual studio 2010\projects\zxspectrum\testproject2\bin\release\testproject2.dll" id="4618a85c-6917-6864-cac1-68e9f062489d">
      <DeploymentItems>
        <DeploymentItem filename="EmuTest.exe" />
      </DeploymentItems>
      <Execution id="be204d50-ea78-4dfb-b594-d053d880d154" />
      <TestMethod codeBase="C:/Users/samcruise/Documents/Visual Studio 2010/Projects/ZXSpectrum/TestProject2/bin/Release/TestProject2.DLL" adapterTypeName="Microsoft.VisualStudio.TestTools.TestTypes.Unit.UnitTestAdapter, Microsoft.VisualStudio.QualityTools.Tips.UnitTest.Adapter, Version=10.0.0.0, Culture=neutral, PublicKeyToken=b03f5f7f11d50a3a" className="TestProject2.Z80Test, TestProject2, Version=1.0.0.0, Culture=neutral, PublicKeyToken=null" name="CPDTest" />
    </UnitTest>
    <UnitTest name="ZeroTest" storage="c:\users\samcruise\documents\visual studio 2010\projects\zxspectrum\testproject2\bin\release\testproject2.dll" id="d4004087-56d4-1d0e-14c6-9815e660af61">
      <DeploymentItems>
        <DeploymentItem filename="EmuTest.exe" />
      </DeploymentItems>
      <Execution id="8acb9842-61a7-4e68-8d55-c32161439ffb" />
      <TestMethod codeBase="C:/Users/samcruise/Documents/Visual Studio 2010/Projects/ZXSpectrum/TestProject2/bin/Release/TestProject2.DLL" adapterTypeName="Microsoft.VisualStudio.TestTools.TestTypes.Unit.UnitTestAdapter, Microsoft.VisualStudio.QualityTools.Tips.UnitTest.Adapter, Version=10.0.0.0, Culture=neutral, PublicKeyToken=b03f5f7f11d50a3a" className="TestProject2.Z80Test, TestProject2, Version=1.0.0.0, Culture=neutral, PublicKeyToken=null" name="ZeroTest" />
    </UnitTest>
    <UnitTest name="PUSH_qqTest" storage="c:\users\samcruise\documents\visual studio 2010\projects\zxspectrum\testproject2\bin\release\testproject2.dll" id="9084bd1d-64fc-c645-d3ae-df82e73934b3">
      <DeploymentItems>
        <DeploymentItem filename="EmuTest.exe" />
      </DeploymentItems>
      <Execution id="8e54dd93-d16e-4ccd-8516-9a65e092115c" />
      <TestMethod codeBase="C:/Users/samcruise/Documents/Visual Studio 2010/Projects/ZXSpectrum/TestProject2/bin/Release/TestProject2.DLL" adapterTypeName="Microsoft.VisualStudio.TestTools.TestTypes.Unit.UnitTestAdapter, Microsoft.VisualStudio.QualityTools.Tips.UnitTest.Adapter, Version=10.0.0.0, Culture=neutral, PublicKeyToken=b03f5f7f11d50a3a" className="TestProject2.Z80Test, TestProject2, Version=1.0.0.0, Culture=neutral, PublicKeyToken=null" name="PUSH_qqTest" />
    </UnitTest>
    <UnitTest name="StackTest" storage="c:\users\samcruise\documents\visual studio 2010\projects\zxspectrum\testproject2\bin\release\testproject2.dll" id="942a0380-d590-7e7a-6851-2cdf34dc5ff1">
      <DeploymentItems>
        <DeploymentItem filename="EmuTest.exe" />
      </DeploymentItems>
      <Execution id="6967dcaf-b75c-4df0-b1e7-21db0cdfbbb0" />
      <TestMethod codeBase="C:/Users/samcruise/Documents/Visual Studio 2010/Projects/ZXSpectrum/TestProject2/bin/Release/TestProject2.DLL" adapterTypeName="Microsoft.VisualStudio.TestTools.TestTypes.Unit.UnitTestAdapter, Microsoft.VisualStudio.QualityTools.Tips.UnitTest.Adapter, Version=10.0.0.0, Culture=neutral, PublicKeyToken=b03f5f7f11d50a3a" className="TestProject2.Z80Test, TestProject2, Version=1.0.0.0, Culture=neutral, PublicKeyToken=null" name="StackTest" />
    </UnitTest>
    <UnitTest name="SLATest" storage="c:\users\samcruise\documents\visual studio 2010\projects\zxspectrum\testproject2\bin\release\testproject2.dll" id="fd05f8bb-7e5b-6c74-7d40-9b6b3ce48014">
      <DeploymentItems>
        <DeploymentItem filename="EmuTest.exe" />
      </DeploymentItems>
      <Execution id="f8f0002f-9540-4e14-8f96-4877a7956b7b" />
      <TestMethod codeBase="C:/Users/samcruise/Documents/Visual Studio 2010/Projects/ZXSpectrum/TestProject2/bin/Release/TestProject2.DLL" adapterTypeName="Microsoft.VisualStudio.TestTools.TestTypes.Unit.UnitTestAdapter, Microsoft.VisualStudio.QualityTools.Tips.UnitTest.Adapter, Version=10.0.0.0, Culture=neutral, PublicKeyToken=b03f5f7f11d50a3a" className="TestProject2.Z80Test, TestProject2, Version=1.0.0.0, Culture=neutral, PublicKeyToken=null" name="SLATest" />
    </UnitTest>
    <UnitTest name="SCFTest" storage="c:\users\samcruise\documents\visual studio 2010\projects\zxspectrum\testproject2\bin\release\testproject2.dll" id="95637e7c-0e69-a183-b60b-a7b697c7d16d">
      <DeploymentItems>
        <DeploymentItem filename="EmuTest.exe" />
      </DeploymentItems>
      <Execution id="2cdb1dd2-1b1d-417e-86fb-6063a2a8710c" />
      <TestMethod codeBase="C:/Users/samcruise/Documents/Visual Studio 2010/Projects/ZXSpectrum/TestProject2/bin/Release/TestProject2.DLL" adapterTypeName="Microsoft.VisualStudio.TestTools.TestTypes.Unit.UnitTestAdapter, Microsoft.VisualStudio.QualityTools.Tips.UnitTest.Adapter, Version=10.0.0.0, Culture=neutral, PublicKeyToken=b03f5f7f11d50a3a" className="TestProject2.Z80Test, TestProject2, Version=1.0.0.0, Culture=neutral, PublicKeyToken=null" name="SCFTest" />
    </UnitTest>
    <UnitTest name="NEGTest" storage="c:\users\samcruise\documents\visual studio 2010\projects\zxspectrum\testproject2\bin\release\testproject2.dll" id="efeb0611-e5d6-72cb-f153-edd9546c4863">
      <DeploymentItems>
        <DeploymentItem filename="EmuTest.exe" />
      </DeploymentItems>
      <Execution id="cf8355b3-573c-4b77-a2a6-d7980387a87d" />
      <TestMethod codeBase="C:/Users/samcruise/Documents/Visual Studio 2010/Projects/ZXSpectrum/TestProject2/bin/Release/TestProject2.DLL" adapterTypeName="Microsoft.VisualStudio.TestTools.TestTypes.Unit.UnitTestAdapter, Microsoft.VisualStudio.QualityTools.Tips.UnitTest.Adapter, Version=10.0.0.0, Culture=neutral, PublicKeyToken=b03f5f7f11d50a3a" className="TestProject2.Z80Test, TestProject2, Version=1.0.0.0, Culture=neutral, PublicKeyToken=null" name="NEGTest" />
    </UnitTest>
    <UnitTest name="LD_BC_ATest" storage="c:\users\samcruise\documents\visual studio 2010\projects\zxspectrum\testproject2\bin\release\testproject2.dll" id="82c0cf7c-d6a8-c070-d23c-58c9b55e047a">
      <DeploymentItems>
        <DeploymentItem filename="EmuTest.exe" />
      </DeploymentItems>
      <Execution id="cc99ab69-cb74-4cc1-ad37-eb598b581c60" />
      <TestMethod codeBase="C:/Users/samcruise/Documents/Visual Studio 2010/Projects/ZXSpectrum/TestProject2/bin/Release/TestProject2.DLL" adapterTypeName="Microsoft.VisualStudio.TestTools.TestTypes.Unit.UnitTestAdapter, Microsoft.VisualStudio.QualityTools.Tips.UnitTest.Adapter, Version=10.0.0.0, Culture=neutral, PublicKeyToken=b03f5f7f11d50a3a" className="TestProject2.Z80Test, TestProject2, Version=1.0.0.0, Culture=neutral, PublicKeyToken=null" name="LD_BC_ATest" />
    </UnitTest>
    <UnitTest name="RETTest" storage="c:\users\samcruise\documents\visual studio 2010\projects\zxspectrum\testproject2\bin\release\testproject2.dll" id="fbc81c52-7315-1e7c-4d04-ddf848c918c9">
      <DeploymentItems>
        <DeploymentItem filename="EmuTest.exe" />
      </DeploymentItems>
      <Execution id="de376672-309a-4e4d-8972-29517fc086f9" />
      <TestMethod codeBase="C:/Users/samcruise/Documents/Visual Studio 2010/Projects/ZXSpectrum/TestProject2/bin/Release/TestProject2.DLL" adapterTypeName="Microsoft.VisualStudio.TestTools.TestTypes.Unit.UnitTestAdapter, Microsoft.VisualStudio.QualityTools.Tips.UnitTest.Adapter, Version=10.0.0.0, Culture=neutral, PublicKeyToken=b03f5f7f11d50a3a" className="TestProject2.Z80Test, TestProject2, Version=1.0.0.0, Culture=neutral, PublicKeyToken=null" name="RETTest" />
    </UnitTest>
    <UnitTest name="RLDTest" storage="c:\users\samcruise\documents\visual studio 2010\projects\zxspectrum\testproject2\bin\release\testproject2.dll" id="0804b260-48c2-c53d-e9c8-4cb6d080560a">
      <DeploymentItems>
        <DeploymentItem filename="EmuTest.exe" />
      </DeploymentItems>
      <Execution id="abdd25cd-befb-4f85-9641-f048a94ce345" />
      <TestMethod codeBase="C:/Users/samcruise/Documents/Visual Studio 2010/Projects/ZXSpectrum/TestProject2/bin/Release/TestProject2.DLL" adapterTypeName="Microsoft.VisualStudio.TestTools.TestTypes.Unit.UnitTestAdapter, Microsoft.VisualStudio.QualityTools.Tips.UnitTest.Adapter, Version=10.0.0.0, Culture=neutral, PublicKeyToken=b03f5f7f11d50a3a" className="TestProject2.Z80Test, TestProject2, Version=1.0.0.0, Culture=neutral, PublicKeyToken=null" name="RLDTest" />
    </UnitTest>
    <UnitTest name="RRDTest" storage="c:\users\samcruise\documents\visual studio 2010\projects\zxspectrum\testproject2\bin\release\testproject2.dll" id="90d80866-ad2b-eaca-8eb7-479ef25dc5d4">
      <DeploymentItems>
        <DeploymentItem filename="EmuTest.exe" />
      </DeploymentItems>
      <Execution id="5a601004-47e0-4c33-8d32-e5b08eb565e8" />
      <TestMethod codeBase="C:/Users/samcruise/Documents/Visual Studio 2010/Projects/ZXSpectrum/TestProject2/bin/Release/TestProject2.DLL" adapterTypeName="Microsoft.VisualStudio.TestTools.TestTypes.Unit.UnitTestAdapter, Microsoft.VisualStudio.QualityTools.Tips.UnitTest.Adapter, Version=10.0.0.0, Culture=neutral, PublicKeyToken=b03f5f7f11d50a3a" className="TestProject2.Z80Test, TestProject2, Version=1.0.0.0, Culture=neutral, PublicKeyToken=null" name="RRDTest" />
    </UnitTest>
    <UnitTest name="IN_r_CTest" storage="c:\users\samcruise\documents\visual studio 2010\projects\zxspectrum\testproject2\bin\release\testproject2.dll" id="6af126f8-3922-fbad-35b8-bf549d275e90">
      <DeploymentItems>
        <DeploymentItem filename="EmuTest.exe" />
      </DeploymentItems>
      <Execution id="75150878-64b6-4bc4-a94a-17ce1c77c380" />
      <TestMethod codeBase="C:/Users/samcruise/Documents/Visual Studio 2010/Projects/ZXSpectrum/TestProject2/bin/Release/TestProject2.DLL" adapterTypeName="Microsoft.VisualStudio.TestTools.TestTypes.Unit.UnitTestAdapter, Microsoft.VisualStudio.QualityTools.Tips.UnitTest.Adapter, Version=10.0.0.0, Culture=neutral, PublicKeyToken=b03f5f7f11d50a3a" className="TestProject2.Z80Test, TestProject2, Version=1.0.0.0, Culture=neutral, PublicKeyToken=null" name="IN_r_CTest" />
    </UnitTest>
    <UnitTest name="CPLTest" storage="c:\users\samcruise\documents\visual studio 2010\projects\zxspectrum\testproject2\bin\release\testproject2.dll" id="f8babc50-25ce-9eb4-fa02-2679067db866">
      <DeploymentItems>
        <DeploymentItem filename="EmuTest.exe" />
      </DeploymentItems>
      <Execution id="e90561e0-c28d-4b76-8420-fd718d8ce0a2" />
      <TestMethod codeBase="C:/Users/samcruise/Documents/Visual Studio 2010/Projects/ZXSpectrum/TestProject2/bin/Release/TestProject2.DLL" adapterTypeName="Microsoft.VisualStudio.TestTools.TestTypes.Unit.UnitTestAdapter, Microsoft.VisualStudio.QualityTools.Tips.UnitTest.Adapter, Version=10.0.0.0, Culture=neutral, PublicKeyToken=b03f5f7f11d50a3a" className="TestProject2.Z80Test, TestProject2, Version=1.0.0.0, Culture=neutral, PublicKeyToken=null" name="CPLTest" />
    </UnitTest>
    <UnitTest name="CALL_cc_nnTest" storage="c:\users\samcruise\documents\visual studio 2010\projects\zxspectrum\testproject2\bin\release\testproject2.dll" id="320aa1ed-8916-5804-9751-99d2b2fcbc6a">
      <DeploymentItems>
        <DeploymentItem filename="EmuTest.exe" />
      </DeploymentItems>
      <Execution id="4f5ff21a-ea1e-49b4-8f84-5a2493d05d34" />
      <TestMethod codeBase="C:/Users/samcruise/Documents/Visual Studio 2010/Projects/ZXSpectrum/TestProject2/bin/Release/TestProject2.DLL" adapterTypeName="Microsoft.VisualStudio.TestTools.TestTypes.Unit.UnitTestAdapter, Microsoft.VisualStudio.QualityTools.Tips.UnitTest.Adapter, Version=10.0.0.0, Culture=neutral, PublicKeyToken=b03f5f7f11d50a3a" className="TestProject2.Z80Test, TestProject2, Version=1.0.0.0, Culture=neutral, PublicKeyToken=null" name="CALL_cc_nnTest" />
    </UnitTest>
    <UnitTest name="LDIRTest" storage="c:\users\samcruise\documents\visual studio 2010\projects\zxspectrum\testproject2\bin\release\testproject2.dll" id="c6014464-c5a6-fa24-8780-9b58004c3f58">
      <DeploymentItems>
        <DeploymentItem filename="EmuTest.exe" />
      </DeploymentItems>
      <Execution id="93d87d2f-6b0e-475b-8744-dbca1d066337" />
      <TestMethod codeBase="C:/Users/samcruise/Documents/Visual Studio 2010/Projects/ZXSpectrum/TestProject2/bin/Release/TestProject2.DLL" adapterTypeName="Microsoft.VisualStudio.TestTools.TestTypes.Unit.UnitTestAdapter, Microsoft.VisualStudio.QualityTools.Tips.UnitTest.Adapter, Version=10.0.0.0, Culture=neutral, PublicKeyToken=b03f5f7f11d50a3a" className="TestProject2.Z80Test, TestProject2, Version=1.0.0.0, Culture=neutral, PublicKeyToken=null" name="LDIRTest" />
    </UnitTest>
    <UnitTest name="DITest" storage="c:\users\samcruise\documents\visual studio 2010\projects\zxspectrum\testproject2\bin\release\testproject2.dll" id="e92b5c19-a5d8-72ee-80c0-df041dccc0be">
      <DeploymentItems>
        <DeploymentItem filename="EmuTest.exe" />
      </DeploymentItems>
      <Execution id="eaec1057-d9c9-4adb-aaad-82a57fc053eb" />
      <TestMethod codeBase="C:/Users/samcruise/Documents/Visual Studio 2010/Projects/ZXSpectrum/TestProject2/bin/Release/TestProject2.DLL" adapterTypeName="Microsoft.VisualStudio.TestTools.TestTypes.Unit.UnitTestAdapter, Microsoft.VisualStudio.QualityTools.Tips.UnitTest.Adapter, Version=10.0.0.0, Culture=neutral, PublicKeyToken=b03f5f7f11d50a3a" className="TestProject2.Z80Test, TestProject2, Version=1.0.0.0, Culture=neutral, PublicKeyToken=null" name="DITest" />
    </UnitTest>
    <UnitTest name="POP_qqTest" storage="c:\users\samcruise\documents\visual studio 2010\projects\zxspectrum\testproject2\bin\release\testproject2.dll" id="1fa28479-68b5-6739-9382-2a843d130358">
      <DeploymentItems>
        <DeploymentItem filename="EmuTest.exe" />
      </DeploymentItems>
      <Execution id="fdaa8b8d-52d3-4e91-8a97-7c4e44711316" />
      <TestMethod codeBase="C:/Users/samcruise/Documents/Visual Studio 2010/Projects/ZXSpectrum/TestProject2/bin/Release/TestProject2.DLL" adapterTypeName="Microsoft.VisualStudio.TestTools.TestTypes.Unit.UnitTestAdapter, Microsoft.VisualStudio.QualityTools.Tips.UnitTest.Adapter, Version=10.0.0.0, Culture=neutral, PublicKeyToken=b03f5f7f11d50a3a" className="TestProject2.Z80Test, TestProject2, Version=1.0.0.0, Culture=neutral, PublicKeyToken=null" name="POP_qqTest" />
    </UnitTest>
    <UnitTest name="RSTTest" storage="c:\users\samcruise\documents\visual studio 2010\projects\zxspectrum\testproject2\bin\release\testproject2.dll" id="ea7626fe-75bd-bf00-5a86-b04022167316">
      <DeploymentItems>
        <DeploymentItem filename="EmuTest.exe" />
      </DeploymentItems>
      <Execution id="1d26cc27-c54e-4fde-8ca7-58e979623950" />
      <TestMethod codeBase="C:/Users/samcruise/Documents/Visual Studio 2010/Projects/ZXSpectrum/TestProject2/bin/Release/TestProject2.DLL" adapterTypeName="Microsoft.VisualStudio.TestTools.TestTypes.Unit.UnitTestAdapter, Microsoft.VisualStudio.QualityTools.Tips.UnitTest.Adapter, Version=10.0.0.0, Culture=neutral, PublicKeyToken=b03f5f7f11d50a3a" className="TestProject2.Z80Test, TestProject2, Version=1.0.0.0, Culture=neutral, PublicKeyToken=null" name="RSTTest" />
    </UnitTest>
    <UnitTest name="CCFTest" storage="c:\users\samcruise\documents\visual studio 2010\projects\zxspectrum\testproject2\bin\release\testproject2.dll" id="da8af087-df0c-8562-0b18-6cdda3360a1f">
      <DeploymentItems>
        <DeploymentItem filename="EmuTest.exe" />
      </DeploymentItems>
      <Execution id="a3009b1d-d99b-40f3-ae8f-b4c3ab785b82" />
      <TestMethod codeBase="C:/Users/samcruise/Documents/Visual Studio 2010/Projects/ZXSpectrum/TestProject2/bin/Release/TestProject2.DLL" adapterTypeName="Microsoft.VisualStudio.TestTools.TestTypes.Unit.UnitTestAdapter, Microsoft.VisualStudio.QualityTools.Tips.UnitTest.Adapter, Version=10.0.0.0, Culture=neutral, PublicKeyToken=b03f5f7f11d50a3a" className="TestProject2.Z80Test, TestProject2, Version=1.0.0.0, Culture=neutral, PublicKeyToken=null" name="CCFTest" />
    </UnitTest>
    <UnitTest name="LD_r_nTest" storage="c:\users\samcruise\documents\visual studio 2010\projects\zxspectrum\testproject2\bin\release\testproject2.dll" id="4ca40fc0-23e6-fedb-25b7-f0ba20aa5cc5">
      <DeploymentItems>
        <DeploymentItem filename="EmuTest.exe" />
      </DeploymentItems>
      <Execution id="7f0b1030-25a1-4173-a649-fa51eaf56105" />
      <TestMethod codeBase="C:/Users/samcruise/Documents/Visual Studio 2010/Projects/ZXSpectrum/TestProject2/bin/Release/TestProject2.DLL" adapterTypeName="Microsoft.VisualStudio.TestTools.TestTypes.Unit.UnitTestAdapter, Microsoft.VisualStudio.QualityTools.Tips.UnitTest.Adapter, Version=10.0.0.0, Culture=neutral, PublicKeyToken=b03f5f7f11d50a3a" className="TestProject2.Z80Test, TestProject2, Version=1.0.0.0, Culture=neutral, PublicKeyToken=null" name="LD_r_nTest" />
    </UnitTest>
    <UnitTest name="FUSETests" storage="c:\users\samcruise\documents\visual studio 2010\projects\zxspectrum\testproject2\bin\release\testproject2.dll" id="06cdd2b0-2e57-8d8b-04bb-80519a9fcc34">
      <DeploymentItems>
        <DeploymentItem filename="EmuTest.exe" />
      </DeploymentItems>
      <Execution id="f9639537-97b9-4d8d-9951-7ecf6df4dbb8" />
      <TestMethod codeBase="C:/Users/samcruise/Documents/Visual Studio 2010/Projects/ZXSpectrum/TestProject2/bin/Release/TestProject2.DLL" adapterTypeName="Microsoft.VisualStudio.TestTools.TestTypes.Unit.UnitTestAdapter, Microsoft.VisualStudio.QualityTools.Tips.UnitTest.Adapter, Version=10.0.0.0, Culture=neutral, PublicKeyToken=b03f5f7f11d50a3a" className="TestProject2.Z80Test, TestProject2, Version=1.0.0.0, Culture=neutral, PublicKeyToken=null" name="FUSETests" />
    </UnitTest>
    <UnitTest name="HALTTest" storage="c:\users\samcruise\documents\visual studio 2010\projects\zxspectrum\testproject2\bin\release\testproject2.dll" id="cc8e988e-fc66-7582-921e-6f44ee2d4fb1">
      <DeploymentItems>
        <DeploymentItem filename="EmuTest.exe" />
      </DeploymentItems>
      <Execution id="987aa9a9-f31c-4d6f-90e4-5413670cd655" />
      <TestMethod codeBase="C:/Users/samcruise/Documents/Visual Studio 2010/Projects/ZXSpectrum/TestProject2/bin/Release/TestProject2.DLL" adapterTypeName="Microsoft.VisualStudio.TestTools.TestTypes.Unit.UnitTestAdapter, Microsoft.VisualStudio.QualityTools.Tips.UnitTest.Adapter, Version=10.0.0.0, Culture=neutral, PublicKeyToken=b03f5f7f11d50a3a" className="TestProject2.Z80Test, TestProject2, Version=1.0.0.0, Culture=neutral, PublicKeyToken=null" name="HALTTest" />
    </UnitTest>
    <UnitTest name="LD_dd_nnTest" storage="c:\users\samcruise\documents\visual studio 2010\projects\zxspectrum\testproject2\bin\release\testproject2.dll" id="9693f54a-8e39-e20e-ac44-1452f0049c4d">
      <DeploymentItems>
        <DeploymentItem filename="EmuTest.exe" />
      </DeploymentItems>
      <Execution id="c5eca7c8-5116-43cd-b435-068b0430a523" />
      <TestMethod codeBase="C:/Users/samcruise/Documents/Visual Studio 2010/Projects/ZXSpectrum/TestProject2/bin/Release/TestProject2.DLL" adapterTypeName="Microsoft.VisualStudio.TestTools.TestTypes.Unit.UnitTestAdapter, Microsoft.VisualStudio.QualityTools.Tips.UnitTest.Adapter, Version=10.0.0.0, Culture=neutral, PublicKeyToken=b03f5f7f11d50a3a" className="TestProject2.Z80Test, TestProject2, Version=1.0.0.0, Culture=neutral, PublicKeyToken=null" name="LD_dd_nnTest" />
    </UnitTest>
    <UnitTest name="LD_A_BCTest" storage="c:\users\samcruise\documents\visual studio 2010\projects\zxspectrum\testproject2\bin\release\testproject2.dll" id="1098bc54-92c2-3c91-e91e-8afcd496d21e">
      <DeploymentItems>
        <DeploymentItem filename="EmuTest.exe" />
      </DeploymentItems>
      <Execution id="b67c01b7-3b79-4423-b3aa-c691733e6902" />
      <TestMethod codeBase="C:/Users/samcruise/Documents/Visual Studio 2010/Projects/ZXSpectrum/TestProject2/bin/Release/TestProject2.DLL" adapterTypeName="Microsoft.VisualStudio.TestTools.TestTypes.Unit.UnitTestAdapter, Microsoft.VisualStudio.QualityTools.Tips.UnitTest.Adapter, Version=10.0.0.0, Culture=neutral, PublicKeyToken=b03f5f7f11d50a3a" className="TestProject2.Z80Test, TestProject2, Version=1.0.0.0, Culture=neutral, PublicKeyToken=null" name="LD_A_BCTest" />
    </UnitTest>
    <UnitTest name="JimmyTest" storage="c:\users\samcruise\documents\visual studio 2010\projects\zxspectrum\testproject2\bin\release\testproject2.dll" id="068cdc8e-c9bd-de02-b833-b329ffaf1fd2">
      <DeploymentItems>
        <DeploymentItem filename="EmuTest.exe" />
      </DeploymentItems>
      <Execution id="f2b25fd8-fe06-40fb-b2b0-539992e0dfb9" />
      <TestMethod codeBase="C:/Users/samcruise/Documents/Visual Studio 2010/Projects/ZXSpectrum/TestProject2/bin/Release/TestProject2.DLL" adapterTypeName="Microsoft.VisualStudio.TestTools.TestTypes.Unit.UnitTestAdapter, Microsoft.VisualStudio.QualityTools.Tips.UnitTest.Adapter, Version=10.0.0.0, Culture=neutral, PublicKeyToken=b03f5f7f11d50a3a" className="TestProject2.Z80Test, TestProject2, Version=1.0.0.0, Culture=neutral, PublicKeyToken=null" name="JimmyTest" />
    </UnitTest>
  </TestDefinitions>
  <TestLists>
    <TestList name="Results Not in a List" id="8c84fa94-04c1-424b-9868-57a2d4851a1d" />
    <TestList name="All Loaded Results" id="19431567-8539-422a-85d7-44ee4e166bda" />
  </TestLists>
  <TestEntries>
    <TestEntry testId="fbc81c52-7315-1e7c-4d04-ddf848c918c9" executionId="de376672-309a-4e4d-8972-29517fc086f9" testListId="8c84fa94-04c1-424b-9868-57a2d4851a1d" />
    <TestEntry testId="1a78406e-fc9c-f400-96bf-e6409042a51b" executionId="3c8e6519-c214-463b-a3ba-9c1f5697ff99" testListId="8c84fa94-04c1-424b-9868-57a2d4851a1d" />
    <TestEntry testId="7a3748d0-d7ac-0d6f-14be-1f126ae99321" executionId="c501a732-013e-4fdd-9951-d0e21b67ccf9" testListId="8c84fa94-04c1-424b-9868-57a2d4851a1d" />
    <TestEntry testId="3a2e5b08-4e06-5e86-1556-043e5a55d63f" executionId="e14f8a80-6e7e-4bb2-9ff6-a08c07fae6dd" testListId="8c84fa94-04c1-424b-9868-57a2d4851a1d" />
    <TestEntry testId="8d11f4ff-16dc-c6dd-67b2-df83947219f7" executionId="9afca8ce-a7ec-439a-9299-261d67ff3bb9" testListId="8c84fa94-04c1-424b-9868-57a2d4851a1d" />
    <TestEntry testId="4a4a0e75-24b0-83d9-8bf1-cffe9a6c30c7" executionId="f33ccf6a-04fc-4378-895b-4f48b6034c32" testListId="8c84fa94-04c1-424b-9868-57a2d4851a1d" />
    <TestEntry testId="5b87d4fd-91a2-2ead-ea51-310966889653" executionId="d6d9a313-0f0b-4f43-9497-5141be4ad2b2" testListId="8c84fa94-04c1-424b-9868-57a2d4851a1d" />
    <TestEntry testId="eb8ea76d-8f52-861c-adb1-87727b91e8dc" executionId="a0091c10-d16a-4755-b4ae-66c71f334cd2" testListId="8c84fa94-04c1-424b-9868-57a2d4851a1d" />
    <TestEntry testId="0804b260-48c2-c53d-e9c8-4cb6d080560a" executionId="abdd25cd-befb-4f85-9641-f048a94ce345" testListId="8c84fa94-04c1-424b-9868-57a2d4851a1d" />
    <TestEntry testId="c00d5263-9362-91d8-9786-3cf7ff9338c7" executionId="2d9164fd-1676-47c1-b793-edfc181176f3" testListId="8c84fa94-04c1-424b-9868-57a2d4851a1d" />
    <TestEntry testId="2fe7eb0b-f938-cdd3-52dd-f930c2ebb2b1" executionId="73bfbdb9-555b-48cc-9dea-331be90e4aac" testListId="8c84fa94-04c1-424b-9868-57a2d4851a1d" />
    <TestEntry testId="4bbbd8b9-6ef7-b020-fb32-ef276dcf5e16" executionId="b7cd3b37-1191-41c3-8b04-a75d5bee238c" testListId="8c84fa94-04c1-424b-9868-57a2d4851a1d" />
    <TestEntry testId="947b96e5-70b2-89ca-d911-83455c83ccaf" executionId="8080ba34-2749-4316-924d-efb3b3884416" testListId="8c84fa94-04c1-424b-9868-57a2d4851a1d" />
    <TestEntry testId="90d80866-ad2b-eaca-8eb7-479ef25dc5d4" executionId="5a601004-47e0-4c33-8d32-e5b08eb565e8" testListId="8c84fa94-04c1-424b-9868-57a2d4851a1d" />
    <TestEntry testId="ea7626fe-75bd-bf00-5a86-b04022167316" executionId="1d26cc27-c54e-4fde-8ca7-58e979623950" testListId="8c84fa94-04c1-424b-9868-57a2d4851a1d" />
    <TestEntry testId="f27d20d8-0856-98b6-055e-c7e96212608b" executionId="3fb32a24-3062-44a2-85e5-6dbbe0daa7f4" testListId="8c84fa94-04c1-424b-9868-57a2d4851a1d" />
    <TestEntry testId="3c62e18b-0679-84be-4297-06f24bddccec" executionId="9ff5ac1d-f613-44c7-8fd9-c2575d0a8976" testListId="8c84fa94-04c1-424b-9868-57a2d4851a1d" />
    <TestEntry testId="395f2e6e-8b8a-dab4-6961-5d67ff30ad80" executionId="9ee02ce8-5477-4548-ac7d-5607c3c94ba5" testListId="8c84fa94-04c1-424b-9868-57a2d4851a1d" />
    <TestEntry testId="95637e7c-0e69-a183-b60b-a7b697c7d16d" executionId="2cdb1dd2-1b1d-417e-86fb-6063a2a8710c" testListId="8c84fa94-04c1-424b-9868-57a2d4851a1d" />
    <TestEntry testId="9577c4f7-7003-b9c5-163a-7c5efd62ae51" executionId="37cb5772-2c94-44f7-8bb3-d3545c37120e" testListId="8c84fa94-04c1-424b-9868-57a2d4851a1d" />
    <TestEntry testId="fd05f8bb-7e5b-6c74-7d40-9b6b3ce48014" executionId="f8f0002f-9540-4e14-8f96-4877a7956b7b" testListId="8c84fa94-04c1-424b-9868-57a2d4851a1d" />
    <TestEntry testId="3f3d6718-39ff-7fa1-2efb-6ac794445b3b" executionId="27de39ed-30c0-40e6-ad77-a64e7cdd5d02" testListId="8c84fa94-04c1-424b-9868-57a2d4851a1d" />
    <TestEntry testId="d576b2e9-18ab-4c39-22d6-660b702088a3" executionId="6ac5136b-9dc6-4673-81d1-0a308f01169a" testListId="8c84fa94-04c1-424b-9868-57a2d4851a1d" />
    <TestEntry testId="a281a993-54ac-242d-6e81-bd7ca5969d50" executionId="a5bdc334-406b-4ffb-ae6b-e2e6e68d54fd" testListId="8c84fa94-04c1-424b-9868-57a2d4851a1d" />
    <TestEntry testId="46c0ea6c-7511-1a43-1027-23d83e8af062" executionId="3af20717-305b-4b0e-963a-4ba919ae320e" testListId="8c84fa94-04c1-424b-9868-57a2d4851a1d" />
    <TestEntry testId="55171caa-19dd-2ede-1df5-fba7324e3535" executionId="06847f44-0542-4d29-a79e-b9a32b894115" testListId="8c84fa94-04c1-424b-9868-57a2d4851a1d" />
    <TestEntry testId="2d6e4e36-5fe1-42c4-5c13-c7a8f483806d" executionId="99c6246a-bf7f-4501-addf-f3e54996ab49" testListId="8c84fa94-04c1-424b-9868-57a2d4851a1d" />
    <TestEntry testId="436605de-6d1c-4402-615f-0938ced05851" executionId="f18606a8-da1c-4374-be5e-01aa296f075b" testListId="8c84fa94-04c1-424b-9868-57a2d4851a1d" />
    <TestEntry testId="06cdd2b0-2e57-8d8b-04bb-80519a9fcc34" executionId="f9639537-97b9-4d8d-9951-7ecf6df4dbb8" testListId="8c84fa94-04c1-424b-9868-57a2d4851a1d" />
    <TestEntry testId="068cdc8e-c9bd-de02-b833-b329ffaf1fd2" executionId="f2b25fd8-fe06-40fb-b2b0-539992e0dfb9" testListId="8c84fa94-04c1-424b-9868-57a2d4851a1d" />
    <TestEntry testId="942a0380-d590-7e7a-6851-2cdf34dc5ff1" executionId="6967dcaf-b75c-4df0-b1e7-21db0cdfbbb0" testListId="8c84fa94-04c1-424b-9868-57a2d4851a1d" />
    <TestEntry testId="6ea371f5-9713-1500-34a7-78647e13da18" executionId="4d7dde1d-e80b-4841-9e9a-bf08646886d0" testListId="8c84fa94-04c1-424b-9868-57a2d4851a1d" />
    <TestEntry testId="fa282fd8-ace3-314b-bdaa-b68c035c8013" executionId="5513476e-5390-4366-85c7-45b19fcc1bc2" testListId="8c84fa94-04c1-424b-9868-57a2d4851a1d" />
    <TestEntry testId="d4004087-56d4-1d0e-14c6-9815e660af61" executionId="8acb9842-61a7-4e68-8d55-c32161439ffb" testListId="8c84fa94-04c1-424b-9868-57a2d4851a1d" />
    <TestEntry testId="a4ae135f-c523-9f9f-d27b-4db4e5509e94" executionId="281a430a-471b-44c4-893c-41bf39f62c6b" testListId="8c84fa94-04c1-424b-9868-57a2d4851a1d" />
    <TestEntry testId="7fa090f1-d9a9-3de8-1087-2d0b0717201b" executionId="65cb5c94-e007-4c9d-ba36-5aed0d17a943" testListId="8c84fa94-04c1-424b-9868-57a2d4851a1d" />
    <TestEntry testId="0b4144dd-a347-7b17-997b-3df3b8ff73bd" executionId="ebc05063-7ea0-4b1b-a4b1-28c5afbb31bc" testListId="8c84fa94-04c1-424b-9868-57a2d4851a1d" />
    <TestEntry testId="0ebca460-c35e-fb90-0af2-4327104b42ae" executionId="dfa25592-6fb9-48a3-aa68-524979393c93" testListId="8c84fa94-04c1-424b-9868-57a2d4851a1d" />
    <TestEntry testId="61cf7fd2-4675-4774-43a6-1058ba4d6886" executionId="754016e9-e315-4a0a-a418-0d4418b0f827" testListId="8c84fa94-04c1-424b-9868-57a2d4851a1d" />
    <TestEntry testId="77c6ab54-7ca3-396b-513b-a14bf6be574c" executionId="ad59ac90-3a28-4c65-a22f-d777f5775e29" testListId="8c84fa94-04c1-424b-9868-57a2d4851a1d" />
    <TestEntry testId="9f6c528b-5fee-7f40-d59f-122c6aa17338" executionId="8f2c6a6c-f235-4af9-9a78-f897138bb687" testListId="8c84fa94-04c1-424b-9868-57a2d4851a1d" />
    <TestEntry testId="7769ab53-4bf0-a65b-8187-75daf24d1434" executionId="a430506a-25e0-47b4-94f6-0bc3cc120bfc" testListId="8c84fa94-04c1-424b-9868-57a2d4851a1d" />
    <TestEntry testId="7976e622-0553-0c71-cbd8-e8577be21b5d" executionId="954c1b41-2150-45ed-876f-38cf225f6875" testListId="8c84fa94-04c1-424b-9868-57a2d4851a1d" />
    <TestEntry testId="320aa1ed-8916-5804-9751-99d2b2fcbc6a" executionId="4f5ff21a-ea1e-49b4-8f84-5a2493d05d34" testListId="8c84fa94-04c1-424b-9868-57a2d4851a1d" />
    <TestEntry testId="fa3e44b0-1a68-2b54-c8d6-5cd6535068e5" executionId="912b47fb-4a02-4673-9e8a-175c5b128cb9" testListId="8c84fa94-04c1-424b-9868-57a2d4851a1d" />
    <TestEntry testId="da8af087-df0c-8562-0b18-6cdda3360a1f" executionId="a3009b1d-d99b-40f3-ae8f-b4c3ab785b82" testListId="8c84fa94-04c1-424b-9868-57a2d4851a1d" />
    <TestEntry testId="4618a85c-6917-6864-cac1-68e9f062489d" executionId="be204d50-ea78-4dfb-b594-d053d880d154" testListId="8c84fa94-04c1-424b-9868-57a2d4851a1d" />
    <TestEntry testId="225c05c4-9748-a7c6-e24e-08b5a00f73ff" executionId="de5c4703-04be-484d-bc77-67e8203fda02" testListId="8c84fa94-04c1-424b-9868-57a2d4851a1d" />
    <TestEntry testId="e8d906d9-8fb1-1c4e-04ae-14b5b043e77e" executionId="ce745c76-62b6-4672-894e-8ea434e9f5cf" testListId="8c84fa94-04c1-424b-9868-57a2d4851a1d" />
    <TestEntry testId="1a60954a-838a-08ce-4a89-0464a13b3a93" executionId="3d92236b-c547-4565-9abb-f389c009dde3" testListId="8c84fa94-04c1-424b-9868-57a2d4851a1d" />
    <TestEntry testId="f8babc50-25ce-9eb4-fa02-2679067db866" executionId="e90561e0-c28d-4b76-8420-fd718d8ce0a2" testListId="8c84fa94-04c1-424b-9868-57a2d4851a1d" />
    <TestEntry testId="f418ccbd-868f-1cb5-4064-c312acb76e89" executionId="a45d6f83-62a4-4d33-bdb7-8fa74a250c9c" testListId="8c84fa94-04c1-424b-9868-57a2d4851a1d" />
    <TestEntry testId="6b710965-1677-6f38-b88e-91e3b8a9332f" executionId="718cdf25-3bab-45b0-a0a1-f9657b19bfec" testListId="8c84fa94-04c1-424b-9868-57a2d4851a1d" />
    <TestEntry testId="8e0d0db1-8d33-69b8-381b-66e942894b60" executionId="b8386444-91db-4cf8-a0e4-a9315b29d900" testListId="8c84fa94-04c1-424b-9868-57a2d4851a1d" />
    <TestEntry testId="64f3a371-75dd-ff36-2172-a082a1bb01a7" executionId="d4d82460-426d-4442-ac05-3849aa37404d" testListId="8c84fa94-04c1-424b-9868-57a2d4851a1d" />
    <TestEntry testId="d40644e9-e5a2-7e4e-64e2-b6d9ec18d899" executionId="cbfeee54-81d1-47c7-821f-6ce8e9af7395" testListId="8c84fa94-04c1-424b-9868-57a2d4851a1d" />
    <TestEntry testId="e92b5c19-a5d8-72ee-80c0-df041dccc0be" executionId="eaec1057-d9c9-4adb-aaad-82a57fc053eb" testListId="8c84fa94-04c1-424b-9868-57a2d4851a1d" />
    <TestEntry testId="a5b3e069-d5dc-aae1-dab1-7ba2da7e0884" executionId="0d7901e1-e50e-46ed-8824-edbfb14783ba" testListId="8c84fa94-04c1-424b-9868-57a2d4851a1d" />
    <TestEntry testId="cbf56f62-df39-1b79-4acc-e7326d9dc27c" executionId="18cd9cdb-5829-4eef-9fb7-14311c936e77" testListId="8c84fa94-04c1-424b-9868-57a2d4851a1d" />
    <TestEntry testId="4362f3ce-6bef-c806-ed6a-f9a0e3284ef0" executionId="8995682f-3974-46d3-847a-b8157c635c6c" testListId="8c84fa94-04c1-424b-9868-57a2d4851a1d" />
    <TestEntry testId="a99ddd4b-7030-4db6-9934-7cc5773a9396" executionId="210f7d07-9557-4b49-9edc-15e419c4448d" testListId="8c84fa94-04c1-424b-9868-57a2d4851a1d" />
    <TestEntry testId="c6073ad2-1dfd-1823-7f61-0e4d779c6b0f" executionId="43ce0e53-94c9-4115-b994-252b5cbb8616" testListId="8c84fa94-04c1-424b-9868-57a2d4851a1d" />
    <TestEntry testId="5ffd0124-37d8-11bf-fa8d-5062ee6afc91" executionId="c029ee0c-ebbd-4804-a3e2-1fdd5d289c1f" testListId="8c84fa94-04c1-424b-9868-57a2d4851a1d" />
    <TestEntry testId="cc8e988e-fc66-7582-921e-6f44ee2d4fb1" executionId="987aa9a9-f31c-4d6f-90e4-5413670cd655" testListId="8c84fa94-04c1-424b-9868-57a2d4851a1d" />
    <TestEntry testId="6993b04e-0773-c13a-ebf9-79006fbce62b" executionId="20f6b91b-0b4c-4cf2-9cb2-544bdc53c81b" testListId="8c84fa94-04c1-424b-9868-57a2d4851a1d" />
    <TestEntry testId="d16ad0a6-d821-4cca-9aac-518623adb362" executionId="89940f34-65f3-4c80-a171-018559980c4c" testListId="8c84fa94-04c1-424b-9868-57a2d4851a1d" />
    <TestEntry testId="d80f292a-b4c2-4be9-b82a-b5573e9be6f2" executionId="ce7d6ac8-f214-45cf-8e61-5accead19791" testListId="8c84fa94-04c1-424b-9868-57a2d4851a1d" />
    <TestEntry testId="aece9089-8fd9-3739-7b3a-72bcdb4cb138" executionId="6b13bf27-768e-46eb-9fdf-617e4f852476" testListId="8c84fa94-04c1-424b-9868-57a2d4851a1d" />
    <TestEntry testId="0eef37c0-80da-2b47-8f3e-2850bbdef705" executionId="6c98ca1e-dbbd-4017-b94e-c7927c38ecf3" testListId="8c84fa94-04c1-424b-9868-57a2d4851a1d" />
    <TestEntry testId="663717dd-e6fb-6ae6-4ed1-26415e1cd665" executionId="83fc61bb-e819-491a-91d2-05983c1b5671" testListId="8c84fa94-04c1-424b-9868-57a2d4851a1d" />
    <TestEntry testId="accb7fb6-557d-89fd-8c02-43ad3120a4e4" executionId="a201db46-cccb-43a8-baf5-9b6a7653edbe" testListId="8c84fa94-04c1-424b-9868-57a2d4851a1d" />
    <TestEntry testId="cb76c32f-1004-2d6e-4048-b5467b53a179" executionId="f4180f07-7ce3-485c-bf8b-e775b9935aac" testListId="8c84fa94-04c1-424b-9868-57a2d4851a1d" />
    <TestEntry testId="6af126f8-3922-fbad-35b8-bf549d275e90" executionId="75150878-64b6-4bc4-a94a-17ce1c77c380" testListId="8c84fa94-04c1-424b-9868-57a2d4851a1d" />
    <TestEntry testId="644506c2-c887-ef59-e127-65e89db16cbc" executionId="eca4e617-ae4d-4207-9da0-f74749edf3aa" testListId="8c84fa94-04c1-424b-9868-57a2d4851a1d" />
    <TestEntry testId="2a561a82-d650-4928-a63a-372019177aa0" executionId="07497adf-13bd-4edd-a1a9-f432554a305f" testListId="8c84fa94-04c1-424b-9868-57a2d4851a1d" />
    <TestEntry testId="3cdbe969-b2db-38d4-00ab-7c7380efb3ba" executionId="04eff5db-9887-45ec-aca7-59b79b791d07" testListId="8c84fa94-04c1-424b-9868-57a2d4851a1d" />
    <TestEntry testId="d987caa4-b236-d3ff-cce6-1360da40887d" executionId="279dcb98-4f43-4c60-8072-e3c2ad26dd1d" testListId="8c84fa94-04c1-424b-9868-57a2d4851a1d" />
    <TestEntry testId="2725660c-204c-cdd3-cc38-c8cb0969f291" executionId="4dd127e6-e8e9-4ffb-b7f0-2b514cc7df0e" testListId="8c84fa94-04c1-424b-9868-57a2d4851a1d" />
    <TestEntry testId="fbf61387-acd6-ad6e-d454-963c3b13209e" executionId="0b74f69a-5f2b-4214-8081-87314265fe43" testListId="8c84fa94-04c1-424b-9868-57a2d4851a1d" />
    <TestEntry testId="26cfd68c-0b2b-b154-5fee-9a7274b0546f" executionId="457a35bd-f1d5-4d8d-aa40-58440133421c" testListId="8c84fa94-04c1-424b-9868-57a2d4851a1d" />
    <TestEntry testId="c6014464-c5a6-fa24-8780-9b58004c3f58" executionId="93d87d2f-6b0e-475b-8744-dbca1d066337" testListId="8c84fa94-04c1-424b-9868-57a2d4851a1d" />
    <TestEntry testId="1098bc54-92c2-3c91-e91e-8afcd496d21e" executionId="b67c01b7-3b79-4423-b3aa-c691733e6902" testListId="8c84fa94-04c1-424b-9868-57a2d4851a1d" />
    <TestEntry testId="dedf675d-4710-3439-30c1-2b6f394221dd" executionId="b73f61d8-8c11-491c-9fbe-999cffffb4ae" testListId="8c84fa94-04c1-424b-9868-57a2d4851a1d" />
    <TestEntry testId="77ea9ad2-e5e0-4a61-f03a-bc81b141b08e" executionId="d790be89-9671-4f9f-a696-695dbd751321" testListId="8c84fa94-04c1-424b-9868-57a2d4851a1d" />
    <TestEntry testId="d6f365f5-4679-7038-6450-481adfa7d5c7" executionId="04ae720f-6030-47ff-9748-cd05ec16bd07" testListId="8c84fa94-04c1-424b-9868-57a2d4851a1d" />
    <TestEntry testId="3910ea2e-3d0e-baae-5cb5-ee5255a7ee35" executionId="ea256857-4422-48a5-8258-f7c09779c633" testListId="8c84fa94-04c1-424b-9868-57a2d4851a1d" />
    <TestEntry testId="82c0cf7c-d6a8-c070-d23c-58c9b55e047a" executionId="cc99ab69-cb74-4cc1-ad37-eb598b581c60" testListId="8c84fa94-04c1-424b-9868-57a2d4851a1d" />
    <TestEntry testId="231bd03e-0d38-6cc5-0783-b65ae0f853d9" executionId="867f5565-bd1f-45ff-9245-2aca11e02e15" testListId="8c84fa94-04c1-424b-9868-57a2d4851a1d" />
    <TestEntry testId="7a984ac0-e42a-474e-dd34-f1980e6732d9" executionId="ab014650-94ff-4b90-a1f3-9fc1cad16fe8" testListId="8c84fa94-04c1-424b-9868-57a2d4851a1d" />
    <TestEntry testId="8419ae4f-e0d9-7a9f-7f37-e3a84733904b" executionId="9e09b568-f61a-4a5d-a2f7-7a21af3dc2ef" testListId="8c84fa94-04c1-424b-9868-57a2d4851a1d" />
    <TestEntry testId="02081afb-f4e4-3f4d-8158-5c914990d541" executionId="c0461394-5d6a-464d-b450-762ff10c6534" testListId="8c84fa94-04c1-424b-9868-57a2d4851a1d" />
    <TestEntry testId="408ed624-5685-2cc2-3b5f-b6dc3f3441bf" executionId="92bd49c9-87fd-440e-8468-19796b5137ca" testListId="8c84fa94-04c1-424b-9868-57a2d4851a1d" />
    <TestEntry testId="9693f54a-8e39-e20e-ac44-1452f0049c4d" executionId="c5eca7c8-5116-43cd-b435-068b0430a523" testListId="8c84fa94-04c1-424b-9868-57a2d4851a1d" />
    <TestEntry testId="531135d4-b324-d795-f9f5-d51886e82803" executionId="82a73ad2-9939-45ea-81c4-e1bde8884901" testListId="8c84fa94-04c1-424b-9868-57a2d4851a1d" />
    <TestEntry testId="9f97dc1f-2483-ec75-3db2-8e92253870cb" executionId="5f725dd4-f5dc-4f9a-a798-226d3def5cd6" testListId="8c84fa94-04c1-424b-9868-57a2d4851a1d" />
    <TestEntry testId="5fd1f04b-dac6-41bb-9db7-15f63c1db9f6" executionId="8f19ad43-006b-4732-9894-d7c651cfa754" testListId="8c84fa94-04c1-424b-9868-57a2d4851a1d" />
    <TestEntry testId="f9126364-3831-3363-8188-a09b575bcf73" executionId="4c4ad187-f2ca-4cae-836e-2615d9646da1" testListId="8c84fa94-04c1-424b-9868-57a2d4851a1d" />
    <TestEntry testId="4ca40fc0-23e6-fedb-25b7-f0ba20aa5cc5" executionId="7f0b1030-25a1-4173-a649-fa51eaf56105" testListId="8c84fa94-04c1-424b-9868-57a2d4851a1d" />
    <TestEntry testId="4e29e539-acb7-4fe7-b58a-ad776d59b1bb" executionId="72fe7819-ff0c-41e7-a32a-1ce71bc400cb" testListId="8c84fa94-04c1-424b-9868-57a2d4851a1d" />
    <TestEntry testId="efeb0611-e5d6-72cb-f153-edd9546c4863" executionId="cf8355b3-573c-4b77-a2a6-d7980387a87d" testListId="8c84fa94-04c1-424b-9868-57a2d4851a1d" />
    <TestEntry testId="ef38ddd6-7755-2790-0e1b-b39d5b54c463" executionId="c7934d04-4c82-497b-af3d-3b397c1c8d3e" testListId="8c84fa94-04c1-424b-9868-57a2d4851a1d" />
    <TestEntry testId="429a8c32-55b7-bbd1-b067-032d95921b55" executionId="8b9e7b60-5dab-41e7-8172-f4c9ceabf439" testListId="8c84fa94-04c1-424b-9868-57a2d4851a1d" />
    <TestEntry testId="6582c566-3514-80d9-5e8b-746b8c877c02" executionId="c5ed178b-0412-4d62-b283-86d79fc2c937" testListId="8c84fa94-04c1-424b-9868-57a2d4851a1d" />
    <TestEntry testId="613249bd-4594-d153-ca2b-015a8a45b6a0" executionId="1042f7ab-1c35-42c6-8f82-9e820077e51f" testListId="8c84fa94-04c1-424b-9868-57a2d4851a1d" />
    <TestEntry testId="1e0740c8-2234-8fea-75be-3168c953cfa8" executionId="a5be680d-9871-46ee-ae9d-2703eb2784b2" testListId="8c84fa94-04c1-424b-9868-57a2d4851a1d" />
    <TestEntry testId="e500e466-400d-7a9d-97dd-2a6998d88e4b" executionId="35fe1467-e9b9-44b9-91ec-32c744865a03" testListId="8c84fa94-04c1-424b-9868-57a2d4851a1d" />
    <TestEntry testId="00f0e72d-0ee9-884c-1553-d761223ad003" executionId="6b4bc9b6-a4c0-4320-99cf-23ccc961ab1c" testListId="8c84fa94-04c1-424b-9868-57a2d4851a1d" />
    <TestEntry testId="ec3dceb2-7476-60e7-45c6-cb4ca611c1fd" executionId="8f8060c7-ce40-4e96-8fe7-653b2c8d119d" testListId="8c84fa94-04c1-424b-9868-57a2d4851a1d" />
    <TestEntry testId="1fa28479-68b5-6739-9382-2a843d130358" executionId="fdaa8b8d-52d3-4e91-8a97-7c4e44711316" testListId="8c84fa94-04c1-424b-9868-57a2d4851a1d" />
    <TestEntry testId="9084bd1d-64fc-c645-d3ae-df82e73934b3" executionId="8e54dd93-d16e-4ccd-8516-9a65e092115c" testListId="8c84fa94-04c1-424b-9868-57a2d4851a1d" />
    <TestEntry testId="ec8889aa-5c28-4621-dc4c-a1bae4f864b3" executionId="4af45826-e388-4d95-b67a-3c42acc6d893" testListId="8c84fa94-04c1-424b-9868-57a2d4851a1d" />
  </TestEntries>
  <Results>
    <UnitTestResult executionId="de376672-309a-4e4d-8972-29517fc086f9" testId="fbc81c52-7315-1e7c-4d04-ddf848c918c9" testName="RETTest" computerName="SAMCRUISE-PC" duration="00:00:00.0269251" startTime="2013-03-14T19:10:19.6714135+00:00" endTime="2013-03-14T19:10:20.4244565+00:00" testType="13cdc9d9-ddb5-4fa4-a97d-d965ccfc6d4b" outcome="Passed" testListId="8c84fa94-04c1-424b-9868-57a2d4851a1d" relativeResultsDirectory="de376672-309a-4e4d-8972-29517fc086f9">
    </UnitTestResult>
    <UnitTestResult executionId="3c8e6519-c214-463b-a3ba-9c1f5697ff99" testId="1a78406e-fc9c-f400-96bf-e6409042a51b" testName="RETITest" computerName="SAMCRUISE-PC" duration="00:00:00.0005617" startTime="2013-03-14T19:10:20.4294568+00:00" endTime="2013-03-14T19:10:20.4334571+00:00" testType="13cdc9d9-ddb5-4fa4-a97d-d965ccfc6d4b" outcome="Passed" testListId="8c84fa94-04c1-424b-9868-57a2d4851a1d" relativeResultsDirectory="3c8e6519-c214-463b-a3ba-9c1f5697ff99">
    </UnitTestResult>
    <UnitTestResult executionId="c501a732-013e-4fdd-9951-d0e21b67ccf9" testId="7a3748d0-d7ac-0d6f-14be-1f126ae99321" testName="RETNTest" computerName="SAMCRUISE-PC" duration="00:00:00.0005475" startTime="2013-03-14T19:10:20.4374573+00:00" endTime="2013-03-14T19:10:20.4414575+00:00" testType="13cdc9d9-ddb5-4fa4-a97d-d965ccfc6d4b" outcome="Passed" testListId="8c84fa94-04c1-424b-9868-57a2d4851a1d" relativeResultsDirectory="c501a732-013e-4fdd-9951-d0e21b67ccf9">
    </UnitTestResult>
    <UnitTestResult executionId="e14f8a80-6e7e-4bb2-9ff6-a08c07fae6dd" testId="3a2e5b08-4e06-5e86-1556-043e5a55d63f" testName="RET_ccTest" computerName="SAMCRUISE-PC" duration="00:00:00.0012258" startTime="2013-03-14T19:10:20.4464578+00:00" endTime="2013-03-14T19:10:20.4504580+00:00" testType="13cdc9d9-ddb5-4fa4-a97d-d965ccfc6d4b" outcome="Passed" testListId="8c84fa94-04c1-424b-9868-57a2d4851a1d" relativeResultsDirectory="e14f8a80-6e7e-4bb2-9ff6-a08c07fae6dd">
    </UnitTestResult>
    <UnitTestResult executionId="9afca8ce-a7ec-439a-9299-261d67ff3bb9" testId="8d11f4ff-16dc-c6dd-67b2-df83947219f7" testName="RLTest" computerName="SAMCRUISE-PC" duration="00:00:00.0023309" startTime="2013-03-14T19:10:20.4544583+00:00" endTime="2013-03-14T19:10:20.4604586+00:00" testType="13cdc9d9-ddb5-4fa4-a97d-d965ccfc6d4b" outcome="Passed" testListId="8c84fa94-04c1-424b-9868-57a2d4851a1d" relativeResultsDirectory="9afca8ce-a7ec-439a-9299-261d67ff3bb9">
    </UnitTestResult>
    <UnitTestResult executionId="f33ccf6a-04fc-4378-895b-4f48b6034c32" testId="4a4a0e75-24b0-83d9-8bf1-cffe9a6c30c7" testName="RLATest" computerName="SAMCRUISE-PC" duration="00:00:00.0008242" startTime="2013-03-14T19:10:20.4654589+00:00" endTime="2013-03-14T19:10:20.4694591+00:00" testType="13cdc9d9-ddb5-4fa4-a97d-d965ccfc6d4b" outcome="Passed" testListId="8c84fa94-04c1-424b-9868-57a2d4851a1d" relativeResultsDirectory="f33ccf6a-04fc-4378-895b-4f48b6034c32">
    </UnitTestResult>
    <UnitTestResult executionId="d6d9a313-0f0b-4f43-9497-5141be4ad2b2" testId="5b87d4fd-91a2-2ead-ea51-310966889653" testName="RLCTest" computerName="SAMCRUISE-PC" duration="00:00:00.0014044" startTime="2013-03-14T19:10:20.4734593+00:00" endTime="2013-03-14T19:10:20.4774596+00:00" testType="13cdc9d9-ddb5-4fa4-a97d-d965ccfc6d4b" outcome="Passed" testListId="8c84fa94-04c1-424b-9868-57a2d4851a1d" relativeResultsDirectory="d6d9a313-0f0b-4f43-9497-5141be4ad2b2">
    </UnitTestResult>
    <UnitTestResult executionId="a0091c10-d16a-4755-b4ae-66c71f334cd2" testId="eb8ea76d-8f52-861c-adb1-87727b91e8dc" testName="RLCATest" computerName="SAMCRUISE-PC" duration="00:00:00.0005948" startTime="2013-03-14T19:10:20.4824599+00:00" endTime="2013-03-14T19:10:20.4854600+00:00" testType="13cdc9d9-ddb5-4fa4-a97d-d965ccfc6d4b" outcome="Passed" testListId="8c84fa94-04c1-424b-9868-57a2d4851a1d" relativeResultsDirectory="a0091c10-d16a-4755-b4ae-66c71f334cd2">
    </UnitTestResult>
    <UnitTestResult executionId="abdd25cd-befb-4f85-9641-f048a94ce345" testId="0804b260-48c2-c53d-e9c8-4cb6d080560a" testName="RLDTest" computerName="SAMCRUISE-PC" duration="00:00:00.0007101" startTime="2013-03-14T19:10:20.4894603+00:00" endTime="2013-03-14T19:10:20.4944605+00:00" testType="13cdc9d9-ddb5-4fa4-a97d-d965ccfc6d4b" outcome="Passed" testListId="8c84fa94-04c1-424b-9868-57a2d4851a1d" relativeResultsDirectory="abdd25cd-befb-4f85-9641-f048a94ce345">
    </UnitTestResult>
    <UnitTestResult executionId="2d9164fd-1676-47c1-b793-edfc181176f3" testId="c00d5263-9362-91d8-9786-3cf7ff9338c7" testName="RRTest" computerName="SAMCRUISE-PC" duration="00:00:00.0007124" startTime="2013-03-14T19:10:20.4984608+00:00" endTime="2013-03-14T19:10:20.5024610+00:00" testType="13cdc9d9-ddb5-4fa4-a97d-d965ccfc6d4b" outcome="Passed" testListId="8c84fa94-04c1-424b-9868-57a2d4851a1d" relativeResultsDirectory="2d9164fd-1676-47c1-b793-edfc181176f3">
    </UnitTestResult>
    <UnitTestResult executionId="73bfbdb9-555b-48cc-9dea-331be90e4aac" testId="2fe7eb0b-f938-cdd3-52dd-f930c2ebb2b1" testName="RRATest" computerName="SAMCRUISE-PC" duration="00:00:00.0005698" startTime="2013-03-14T19:10:20.5064612+00:00" endTime="2013-03-14T19:10:20.5104615+00:00" testType="13cdc9d9-ddb5-4fa4-a97d-d965ccfc6d4b" outcome="Passed" testListId="8c84fa94-04c1-424b-9868-57a2d4851a1d" relativeResultsDirectory="73bfbdb9-555b-48cc-9dea-331be90e4aac">
    </UnitTestResult>
    <UnitTestResult executionId="b7cd3b37-1191-41c3-8b04-a75d5bee238c" testId="4bbbd8b9-6ef7-b020-fb32-ef276dcf5e16" testName="RRCTest" computerName="SAMCRUISE-PC" duration="00:00:00.0006205" startTime="2013-03-14T19:10:20.5144617+00:00" endTime="2013-03-14T19:10:20.5174619+00:00" testType="13cdc9d9-ddb5-4fa4-a97d-d965ccfc6d4b" outcome="Passed" testListId="8c84fa94-04c1-424b-9868-57a2d4851a1d" relativeResultsDirectory="b7cd3b37-1191-41c3-8b04-a75d5bee238c">
    </UnitTestResult>
    <UnitTestResult executionId="8080ba34-2749-4316-924d-efb3b3884416" testId="947b96e5-70b2-89ca-d911-83455c83ccaf" testName="RRCATest" computerName="SAMCRUISE-PC" duration="00:00:00.0005337" startTime="2013-03-14T19:10:20.5214621+00:00" endTime="2013-03-14T19:10:20.5254623+00:00" testType="13cdc9d9-ddb5-4fa4-a97d-d965ccfc6d4b" outcome="Passed" testListId="8c84fa94-04c1-424b-9868-57a2d4851a1d" relativeResultsDirectory="8080ba34-2749-4316-924d-efb3b3884416">
    </UnitTestResult>
    <UnitTestResult executionId="5a601004-47e0-4c33-8d32-e5b08eb565e8" testId="90d80866-ad2b-eaca-8eb7-479ef25dc5d4" testName="RRDTest" computerName="SAMCRUISE-PC" duration="00:00:00.0006421" startTime="2013-03-14T19:10:20.5294625+00:00" endTime="2013-03-14T19:10:20.5324627+00:00" testType="13cdc9d9-ddb5-4fa4-a97d-d965ccfc6d4b" outcome="Passed" testListId="8c84fa94-04c1-424b-9868-57a2d4851a1d" relativeResultsDirectory="5a601004-47e0-4c33-8d32-e5b08eb565e8">
    </UnitTestResult>
    <UnitTestResult executionId="1d26cc27-c54e-4fde-8ca7-58e979623950" testId="ea7626fe-75bd-bf00-5a86-b04022167316" testName="RSTTest" computerName="SAMCRUISE-PC" duration="00:00:00.0006102" startTime="2013-03-14T19:10:20.5374630+00:00" endTime="2013-03-14T19:10:20.5404632+00:00" testType="13cdc9d9-ddb5-4fa4-a97d-d965ccfc6d4b" outcome="Passed" testListId="8c84fa94-04c1-424b-9868-57a2d4851a1d" relativeResultsDirectory="1d26cc27-c54e-4fde-8ca7-58e979623950">
    </UnitTestResult>
    <UnitTestResult executionId="3fb32a24-3062-44a2-85e5-6dbbe0daa7f4" testId="f27d20d8-0856-98b6-055e-c7e96212608b" testName="SBC_A_nTest" computerName="SAMCRUISE-PC" duration="00:00:00.0008987" startTime="2013-03-14T19:10:20.5454635+00:00" endTime="2013-03-14T19:10:20.5494637+00:00" testType="13cdc9d9-ddb5-4fa4-a97d-d965ccfc6d4b" outcome="Passed" testListId="8c84fa94-04c1-424b-9868-57a2d4851a1d" relativeResultsDirectory="3fb32a24-3062-44a2-85e5-6dbbe0daa7f4">
    </UnitTestResult>
    <UnitTestResult executionId="9ff5ac1d-f613-44c7-8fd9-c2575d0a8976" testId="3c62e18b-0679-84be-4297-06f24bddccec" testName="SBC_A_rTest" computerName="SAMCRUISE-PC" duration="00:00:00.0006720" startTime="2013-03-14T19:10:20.5524639+00:00" endTime="2013-03-14T19:10:20.5564641+00:00" testType="13cdc9d9-ddb5-4fa4-a97d-d965ccfc6d4b" outcome="Passed" testListId="8c84fa94-04c1-424b-9868-57a2d4851a1d" relativeResultsDirectory="9ff5ac1d-f613-44c7-8fd9-c2575d0a8976">
    </UnitTestResult>
    <UnitTestResult executionId="9ee02ce8-5477-4548-ac7d-5607c3c94ba5" testId="395f2e6e-8b8a-dab4-6961-5d67ff30ad80" testName="SBC_HLTest" computerName="SAMCRUISE-PC" duration="00:00:00.0012696" startTime="2013-03-14T19:10:20.5604643+00:00" endTime="2013-03-14T19:10:20.5654646+00:00" testType="13cdc9d9-ddb5-4fa4-a97d-d965ccfc6d4b" outcome="Passed" testListId="8c84fa94-04c1-424b-9868-57a2d4851a1d" relativeResultsDirectory="9ee02ce8-5477-4548-ac7d-5607c3c94ba5">
    </UnitTestResult>
    <UnitTestResult executionId="2cdb1dd2-1b1d-417e-86fb-6063a2a8710c" testId="95637e7c-0e69-a183-b60b-a7b697c7d16d" testName="SCFTest" computerName="SAMCRUISE-PC" duration="00:00:00.0004880" startTime="2013-03-14T19:10:20.5684648+00:00" endTime="2013-03-14T19:10:20.5724650+00:00" testType="13cdc9d9-ddb5-4fa4-a97d-d965ccfc6d4b" outcome="Passed" testListId="8c84fa94-04c1-424b-9868-57a2d4851a1d" relativeResultsDirectory="2cdb1dd2-1b1d-417e-86fb-6063a2a8710c">
    </UnitTestResult>
    <UnitTestResult executionId="37cb5772-2c94-44f7-8bb3-d3545c37120e" testId="9577c4f7-7003-b9c5-163a-7c5efd62ae51" testName="SETTest" computerName="SAMCRUISE-PC" duration="00:00:00.0006102" startTime="2013-03-14T19:10:20.5764652+00:00" endTime="2013-03-14T19:10:20.5804655+00:00" testType="13cdc9d9-ddb5-4fa4-a97d-d965ccfc6d4b" outcome="Passed" testListId="8c84fa94-04c1-424b-9868-57a2d4851a1d" relativeResultsDirectory="37cb5772-2c94-44f7-8bb3-d3545c37120e">
    </UnitTestResult>
    <UnitTestResult executionId="f8f0002f-9540-4e14-8f96-4877a7956b7b" testId="fd05f8bb-7e5b-6c74-7d40-9b6b3ce48014" testName="SLATest" computerName="SAMCRUISE-PC" duration="00:00:00.0008415" startTime="2013-03-14T19:10:20.5834656+00:00" endTime="2013-03-14T19:10:20.5874659+00:00" testType="13cdc9d9-ddb5-4fa4-a97d-d965ccfc6d4b" outcome="Passed" testListId="8c84fa94-04c1-424b-9868-57a2d4851a1d" relativeResultsDirectory="f8f0002f-9540-4e14-8f96-4877a7956b7b">
    </UnitTestResult>
    <UnitTestResult executionId="27de39ed-30c0-40e6-ad77-a64e7cdd5d02" testId="3f3d6718-39ff-7fa1-2efb-6ac794445b3b" testName="SLLTest" computerName="SAMCRUISE-PC" duration="00:00:00.0008207" startTime="2013-03-14T19:10:20.5914661+00:00" endTime="2013-03-14T19:10:20.5954663+00:00" testType="13cdc9d9-ddb5-4fa4-a97d-d965ccfc6d4b" outcome="Passed" testListId="8c84fa94-04c1-424b-9868-57a2d4851a1d" relativeResultsDirectory="27de39ed-30c0-40e6-ad77-a64e7cdd5d02">
    </UnitTestResult>
    <UnitTestResult executionId="6ac5136b-9dc6-4673-81d1-0a308f01169a" testId="d576b2e9-18ab-4c39-22d6-660b702088a3" testName="SRATest" computerName="SAMCRUISE-PC" duration="00:00:00.0009318" startTime="2013-03-14T19:10:20.5994665+00:00" endTime="2013-03-14T19:10:20.6034668+00:00" testType="13cdc9d9-ddb5-4fa4-a97d-d965ccfc6d4b" outcome="Passed" testListId="8c84fa94-04c1-424b-9868-57a2d4851a1d" relativeResultsDirectory="6ac5136b-9dc6-4673-81d1-0a308f01169a">
    </UnitTestResult>
    <UnitTestResult executionId="a5bdc334-406b-4ffb-ae6b-e2e6e68d54fd" testId="a281a993-54ac-242d-6e81-bd7ca5969d50" testName="SRLTest" computerName="SAMCRUISE-PC" duration="00:00:00.0006125" startTime="2013-03-14T19:10:20.6074670+00:00" endTime="2013-03-14T19:10:20.6114672+00:00" testType="13cdc9d9-ddb5-4fa4-a97d-d965ccfc6d4b" outcome="Passed" testListId="8c84fa94-04c1-424b-9868-57a2d4851a1d" relativeResultsDirectory="a5bdc334-406b-4ffb-ae6b-e2e6e68d54fd">
    </UnitTestResult>
    <UnitTestResult executionId="3af20717-305b-4b0e-963a-4ba919ae320e" testId="46c0ea6c-7511-1a43-1027-23d83e8af062" testName="SUB_nTest" computerName="SAMCRUISE-PC" duration="00:00:00.0005629" startTime="2013-03-14T19:10:20.6154675+00:00" endTime="2013-03-14T19:10:20.6194677+00:00" testType="13cdc9d9-ddb5-4fa4-a97d-d965ccfc6d4b" outcome="Passed" testListId="8c84fa94-04c1-424b-9868-57a2d4851a1d" relativeResultsDirectory="3af20717-305b-4b0e-963a-4ba919ae320e">
    </UnitTestResult>
    <UnitTestResult executionId="06847f44-0542-4d29-a79e-b9a32b894115" testId="55171caa-19dd-2ede-1df5-fba7324e3535" testName="SUB_rTest" computerName="SAMCRUISE-PC" duration="00:00:00.0006401" startTime="2013-03-14T19:10:20.6234679+00:00" endTime="2013-03-14T19:10:20.6274681+00:00" testType="13cdc9d9-ddb5-4fa4-a97d-d965ccfc6d4b" outcome="Passed" testListId="8c84fa94-04c1-424b-9868-57a2d4851a1d" relativeResultsDirectory="06847f44-0542-4d29-a79e-b9a32b894115">
    </UnitTestResult>
    <UnitTestResult executionId="99c6246a-bf7f-4501-addf-f3e54996ab49" testId="2d6e4e36-5fe1-42c4-5c13-c7a8f483806d" testName="XOR_nTest" computerName="SAMCRUISE-PC" duration="00:00:00.0005591" startTime="2013-03-14T19:10:20.6334685+00:00" endTime="2013-03-14T19:10:20.6374687+00:00" testType="13cdc9d9-ddb5-4fa4-a97d-d965ccfc6d4b" outcome="Passed" testListId="8c84fa94-04c1-424b-9868-57a2d4851a1d" relativeResultsDirectory="99c6246a-bf7f-4501-addf-f3e54996ab49">
    </UnitTestResult>
    <UnitTestResult executionId="f18606a8-da1c-4374-be5e-01aa296f075b" testId="436605de-6d1c-4402-615f-0938ced05851" testName="XOR_rTest" computerName="SAMCRUISE-PC" duration="00:00:00.0006209" startTime="2013-03-14T19:10:20.6414689+00:00" endTime="2013-03-14T19:10:20.6454692+00:00" testType="13cdc9d9-ddb5-4fa4-a97d-d965ccfc6d4b" outcome="Passed" testListId="8c84fa94-04c1-424b-9868-57a2d4851a1d" relativeResultsDirectory="f18606a8-da1c-4374-be5e-01aa296f075b">
    </UnitTestResult>
    <UnitTestResult executionId="f9639537-97b9-4d8d-9951-7ecf6df4dbb8" testId="06cdd2b0-2e57-8d8b-04bb-80519a9fcc34" testName="FUSETests" computerName="SAMCRUISE-PC" duration="00:12:00.5362123" startTime="2013-03-14T19:10:20.6504695+00:00" endTime="2013-03-14T19:22:21.1866818+00:00" testType="13cdc9d9-ddb5-4fa4-a97d-d965ccfc6d4b" outcome="Aborted" testListId="8c84fa94-04c1-424b-9868-57a2d4851a1d" relativeResultsDirectory="f9639537-97b9-4d8d-9951-7ecf6df4dbb8">
    </UnitTestResult>
    <UnitTestResult executionId="f2b25fd8-fe06-40fb-b2b0-539992e0dfb9" testId="068cdc8e-c9bd-de02-b833-b329ffaf1fd2" testName="JimmyTest" computerName="SAMCRUISE-PC" testType="13cdc9d9-ddb5-4fa4-a97d-d965ccfc6d4b" outcome="NotExecuted" testListId="8c84fa94-04c1-424b-9868-57a2d4851a1d" relativeResultsDirectory="f2b25fd8-fe06-40fb-b2b0-539992e0dfb9">
    </UnitTestResult>
    <UnitTestResult executionId="6967dcaf-b75c-4df0-b1e7-21db0cdfbbb0" testId="942a0380-d590-7e7a-6851-2cdf34dc5ff1" testName="StackTest" computerName="SAMCRUISE-PC" testType="13cdc9d9-ddb5-4fa4-a97d-d965ccfc6d4b" outcome="NotExecuted" testListId="8c84fa94-04c1-424b-9868-57a2d4851a1d" relativeResultsDirectory="6967dcaf-b75c-4df0-b1e7-21db0cdfbbb0">
    </UnitTestResult>
    <UnitTestResult executionId="4d7dde1d-e80b-4841-9e9a-bf08646886d0" testId="6ea371f5-9713-1500-34a7-78647e13da18" testName="CarryTest" computerName="SAMCRUISE-PC" testType="13cdc9d9-ddb5-4fa4-a97d-d965ccfc6d4b" outcome="NotExecuted" testListId="8c84fa94-04c1-424b-9868-57a2d4851a1d" relativeResultsDirectory="4d7dde1d-e80b-4841-9e9a-bf08646886d0">
    </UnitTestResult>
    <UnitTestResult executionId="5513476e-5390-4366-85c7-45b19fcc1bc2" testId="fa282fd8-ace3-314b-bdaa-b68c035c8013" testName="Arithmetic8BitTest" computerName="SAMCRUISE-PC" testType="13cdc9d9-ddb5-4fa4-a97d-d965ccfc6d4b" outcome="NotExecuted" testListId="8c84fa94-04c1-424b-9868-57a2d4851a1d" relativeResultsDirectory="5513476e-5390-4366-85c7-45b19fcc1bc2">
    </UnitTestResult>
    <UnitTestResult executionId="8acb9842-61a7-4e68-8d55-c32161439ffb" testId="d4004087-56d4-1d0e-14c6-9815e660af61" testName="ZeroTest" computerName="SAMCRUISE-PC" testType="13cdc9d9-ddb5-4fa4-a97d-d965ccfc6d4b" outcome="NotExecuted" testListId="8c84fa94-04c1-424b-9868-57a2d4851a1d" relativeResultsDirectory="8acb9842-61a7-4e68-8d55-c32161439ffb">
    </UnitTestResult>
    <UnitTestResult executionId="281a430a-471b-44c4-893c-41bf39f62c6b" testId="a4ae135f-c523-9f9f-d27b-4db4e5509e94" testName="ADC_A_nTest" computerName="SAMCRUISE-PC" testType="13cdc9d9-ddb5-4fa4-a97d-d965ccfc6d4b" outcome="NotExecuted" testListId="8c84fa94-04c1-424b-9868-57a2d4851a1d" relativeResultsDirectory="281a430a-471b-44c4-893c-41bf39f62c6b">
    </UnitTestResult>
    <UnitTestResult executionId="65cb5c94-e007-4c9d-ba36-5aed0d17a943" testId="7fa090f1-d9a9-3de8-1087-2d0b0717201b" testName="ADC_A_rTest" computerName="SAMCRUISE-PC" testType="13cdc9d9-ddb5-4fa4-a97d-d965ccfc6d4b" outcome="NotExecuted" testListId="8c84fa94-04c1-424b-9868-57a2d4851a1d" relativeResultsDirectory="65cb5c94-e007-4c9d-ba36-5aed0d17a943">
    </UnitTestResult>
    <UnitTestResult executionId="ebc05063-7ea0-4b1b-a4b1-28c5afbb31bc" testId="0b4144dd-a347-7b17-997b-3df3b8ff73bd" testName="ADC_HLTest" computerName="SAMCRUISE-PC" testType="13cdc9d9-ddb5-4fa4-a97d-d965ccfc6d4b" outcome="NotExecuted" testListId="8c84fa94-04c1-424b-9868-57a2d4851a1d" relativeResultsDirectory="ebc05063-7ea0-4b1b-a4b1-28c5afbb31bc">
    </UnitTestResult>
    <UnitTestResult executionId="dfa25592-6fb9-48a3-aa68-524979393c93" testId="0ebca460-c35e-fb90-0af2-4327104b42ae" testName="ADD_A_nTest" computerName="SAMCRUISE-PC" testType="13cdc9d9-ddb5-4fa4-a97d-d965ccfc6d4b" outcome="NotExecuted" testListId="8c84fa94-04c1-424b-9868-57a2d4851a1d" relativeResultsDirectory="dfa25592-6fb9-48a3-aa68-524979393c93">
    </UnitTestResult>
    <UnitTestResult executionId="754016e9-e315-4a0a-a418-0d4418b0f827" testId="61cf7fd2-4675-4774-43a6-1058ba4d6886" testName="ADD_A_rTest" computerName="SAMCRUISE-PC" testType="13cdc9d9-ddb5-4fa4-a97d-d965ccfc6d4b" outcome="NotExecuted" testListId="8c84fa94-04c1-424b-9868-57a2d4851a1d" relativeResultsDirectory="754016e9-e315-4a0a-a418-0d4418b0f827">
    </UnitTestResult>
    <UnitTestResult executionId="ad59ac90-3a28-4c65-a22f-d777f5775e29" testId="77c6ab54-7ca3-396b-513b-a14bf6be574c" testName="ADD_HL_ssTest" computerName="SAMCRUISE-PC" testType="13cdc9d9-ddb5-4fa4-a97d-d965ccfc6d4b" outcome="NotExecuted" testListId="8c84fa94-04c1-424b-9868-57a2d4851a1d" relativeResultsDirectory="ad59ac90-3a28-4c65-a22f-d777f5775e29">
    </UnitTestResult>
    <UnitTestResult executionId="8f2c6a6c-f235-4af9-9a78-f897138bb687" testId="9f6c528b-5fee-7f40-d59f-122c6aa17338" testName="AND_nTest" computerName="SAMCRUISE-PC" testType="13cdc9d9-ddb5-4fa4-a97d-d965ccfc6d4b" outcome="NotExecuted" testListId="8c84fa94-04c1-424b-9868-57a2d4851a1d" relativeResultsDirectory="8f2c6a6c-f235-4af9-9a78-f897138bb687">
    </UnitTestResult>
    <UnitTestResult executionId="a430506a-25e0-47b4-94f6-0bc3cc120bfc" testId="7769ab53-4bf0-a65b-8187-75daf24d1434" testName="AND_rTest" computerName="SAMCRUISE-PC" testType="13cdc9d9-ddb5-4fa4-a97d-d965ccfc6d4b" outcome="NotExecuted" testListId="8c84fa94-04c1-424b-9868-57a2d4851a1d" relativeResultsDirectory="a430506a-25e0-47b4-94f6-0bc3cc120bfc">
    </UnitTestResult>
    <UnitTestResult executionId="954c1b41-2150-45ed-876f-38cf225f6875" testId="7976e622-0553-0c71-cbd8-e8577be21b5d" testName="BITTest" computerName="SAMCRUISE-PC" testType="13cdc9d9-ddb5-4fa4-a97d-d965ccfc6d4b" outcome="NotExecuted" testListId="8c84fa94-04c1-424b-9868-57a2d4851a1d" relativeResultsDirectory="954c1b41-2150-45ed-876f-38cf225f6875">
    </UnitTestResult>
    <UnitTestResult executionId="4f5ff21a-ea1e-49b4-8f84-5a2493d05d34" testId="320aa1ed-8916-5804-9751-99d2b2fcbc6a" testName="CALL_cc_nnTest" computerName="SAMCRUISE-PC" testType="13cdc9d9-ddb5-4fa4-a97d-d965ccfc6d4b" outcome="NotExecuted" testListId="8c84fa94-04c1-424b-9868-57a2d4851a1d" relativeResultsDirectory="4f5ff21a-ea1e-49b4-8f84-5a2493d05d34">
    </UnitTestResult>
    <UnitTestResult executionId="912b47fb-4a02-4673-9e8a-175c5b128cb9" testId="fa3e44b0-1a68-2b54-c8d6-5cd6535068e5" testName="CALL_nnTest" computerName="SAMCRUISE-PC" testType="13cdc9d9-ddb5-4fa4-a97d-d965ccfc6d4b" outcome="NotExecuted" testListId="8c84fa94-04c1-424b-9868-57a2d4851a1d" relativeResultsDirectory="912b47fb-4a02-4673-9e8a-175c5b128cb9">
    </UnitTestResult>
    <UnitTestResult executionId="a3009b1d-d99b-40f3-ae8f-b4c3ab785b82" testId="da8af087-df0c-8562-0b18-6cdda3360a1f" testName="CCFTest" computerName="SAMCRUISE-PC" testType="13cdc9d9-ddb5-4fa4-a97d-d965ccfc6d4b" outcome="NotExecuted" testListId="8c84fa94-04c1-424b-9868-57a2d4851a1d" relativeResultsDirectory="a3009b1d-d99b-40f3-ae8f-b4c3ab785b82">
    </UnitTestResult>
    <UnitTestResult executionId="be204d50-ea78-4dfb-b594-d053d880d154" testId="4618a85c-6917-6864-cac1-68e9f062489d" testName="CPDTest" computerName="SAMCRUISE-PC" testType="13cdc9d9-ddb5-4fa4-a97d-d965ccfc6d4b" outcome="NotExecuted" testListId="8c84fa94-04c1-424b-9868-57a2d4851a1d" relativeResultsDirectory="be204d50-ea78-4dfb-b594-d053d880d154">
    </UnitTestResult>
    <UnitTestResult executionId="de5c4703-04be-484d-bc77-67e8203fda02" testId="225c05c4-9748-a7c6-e24e-08b5a00f73ff" testName="CPDRTest" computerName="SAMCRUISE-PC" testType="13cdc9d9-ddb5-4fa4-a97d-d965ccfc6d4b" outcome="NotExecuted" testListId="8c84fa94-04c1-424b-9868-57a2d4851a1d" relativeResultsDirectory="de5c4703-04be-484d-bc77-67e8203fda02">
    </UnitTestResult>
    <UnitTestResult executionId="ce745c76-62b6-4672-894e-8ea434e9f5cf" testId="e8d906d9-8fb1-1c4e-04ae-14b5b043e77e" testName="CPITest" computerName="SAMCRUISE-PC" testType="13cdc9d9-ddb5-4fa4-a97d-d965ccfc6d4b" outcome="NotExecuted" testListId="8c84fa94-04c1-424b-9868-57a2d4851a1d" relativeResultsDirectory="ce745c76-62b6-4672-894e-8ea434e9f5cf">
    </UnitTestResult>
    <UnitTestResult executionId="3d92236b-c547-4565-9abb-f389c009dde3" testId="1a60954a-838a-08ce-4a89-0464a13b3a93" testName="CPIRTest" computerName="SAMCRUISE-PC" testType="13cdc9d9-ddb5-4fa4-a97d-d965ccfc6d4b" outcome="NotExecuted" testListId="8c84fa94-04c1-424b-9868-57a2d4851a1d" relativeResultsDirectory="3d92236b-c547-4565-9abb-f389c009dde3">
    </UnitTestResult>
    <UnitTestResult executionId="e90561e0-c28d-4b76-8420-fd718d8ce0a2" testId="f8babc50-25ce-9eb4-fa02-2679067db866" testName="CPLTest" computerName="SAMCRUISE-PC" testType="13cdc9d9-ddb5-4fa4-a97d-d965ccfc6d4b" outcome="NotExecuted" testListId="8c84fa94-04c1-424b-9868-57a2d4851a1d" relativeResultsDirectory="e90561e0-c28d-4b76-8420-fd718d8ce0a2">
    </UnitTestResult>
    <UnitTestResult executionId="a45d6f83-62a4-4d33-bdb7-8fa74a250c9c" testId="f418ccbd-868f-1cb5-4064-c312acb76e89" testName="CP_nTest" computerName="SAMCRUISE-PC" testType="13cdc9d9-ddb5-4fa4-a97d-d965ccfc6d4b" outcome="NotExecuted" testListId="8c84fa94-04c1-424b-9868-57a2d4851a1d" relativeResultsDirectory="a45d6f83-62a4-4d33-bdb7-8fa74a250c9c">
    </UnitTestResult>
    <UnitTestResult executionId="718cdf25-3bab-45b0-a0a1-f9657b19bfec" testId="6b710965-1677-6f38-b88e-91e3b8a9332f" testName="CP_rTest" computerName="SAMCRUISE-PC" testType="13cdc9d9-ddb5-4fa4-a97d-d965ccfc6d4b" outcome="NotExecuted" testListId="8c84fa94-04c1-424b-9868-57a2d4851a1d" relativeResultsDirectory="718cdf25-3bab-45b0-a0a1-f9657b19bfec">
    </UnitTestResult>
    <UnitTestResult executionId="b8386444-91db-4cf8-a0e4-a9315b29d900" testId="8e0d0db1-8d33-69b8-381b-66e942894b60" testName="DAATest" computerName="SAMCRUISE-PC" testType="13cdc9d9-ddb5-4fa4-a97d-d965ccfc6d4b" outcome="NotExecuted" testListId="8c84fa94-04c1-424b-9868-57a2d4851a1d" relativeResultsDirectory="b8386444-91db-4cf8-a0e4-a9315b29d900">
    </UnitTestResult>
    <UnitTestResult executionId="d4d82460-426d-4442-ac05-3849aa37404d" testId="64f3a371-75dd-ff36-2172-a082a1bb01a7" testName="DEC_rTest" computerName="SAMCRUISE-PC" testType="13cdc9d9-ddb5-4fa4-a97d-d965ccfc6d4b" outcome="NotExecuted" testListId="8c84fa94-04c1-424b-9868-57a2d4851a1d" relativeResultsDirectory="d4d82460-426d-4442-ac05-3849aa37404d">
    </UnitTestResult>
    <UnitTestResult executionId="cbfeee54-81d1-47c7-821f-6ce8e9af7395" testId="d40644e9-e5a2-7e4e-64e2-b6d9ec18d899" testName="DEC_ssTest" computerName="SAMCRUISE-PC" testType="13cdc9d9-ddb5-4fa4-a97d-d965ccfc6d4b" outcome="NotExecuted" testListId="8c84fa94-04c1-424b-9868-57a2d4851a1d" relativeResultsDirectory="cbfeee54-81d1-47c7-821f-6ce8e9af7395">
    </UnitTestResult>
    <UnitTestResult executionId="eaec1057-d9c9-4adb-aaad-82a57fc053eb" testId="e92b5c19-a5d8-72ee-80c0-df041dccc0be" testName="DITest" computerName="SAMCRUISE-PC" testType="13cdc9d9-ddb5-4fa4-a97d-d965ccfc6d4b" outcome="NotExecuted" testListId="8c84fa94-04c1-424b-9868-57a2d4851a1d" relativeResultsDirectory="eaec1057-d9c9-4adb-aaad-82a57fc053eb">
    </UnitTestResult>
    <UnitTestResult executionId="0d7901e1-e50e-46ed-8824-edbfb14783ba" testId="a5b3e069-d5dc-aae1-dab1-7ba2da7e0884" testName="DNJZTest" computerName="SAMCRUISE-PC" testType="13cdc9d9-ddb5-4fa4-a97d-d965ccfc6d4b" outcome="NotExecuted" testListId="8c84fa94-04c1-424b-9868-57a2d4851a1d" relativeResultsDirectory="0d7901e1-e50e-46ed-8824-edbfb14783ba">
    </UnitTestResult>
    <UnitTestResult executionId="18cd9cdb-5829-4eef-9fb7-14311c936e77" testId="cbf56f62-df39-1b79-4acc-e7326d9dc27c" testName="EITest" computerName="SAMCRUISE-PC" testType="13cdc9d9-ddb5-4fa4-a97d-d965ccfc6d4b" outcome="NotExecuted" testListId="8c84fa94-04c1-424b-9868-57a2d4851a1d" relativeResultsDirectory="18cd9cdb-5829-4eef-9fb7-14311c936e77">
    </UnitTestResult>
    <UnitTestResult executionId="8995682f-3974-46d3-847a-b8157c635c6c" testId="4362f3ce-6bef-c806-ed6a-f9a0e3284ef0" testName="EXXTest" computerName="SAMCRUISE-PC" testType="13cdc9d9-ddb5-4fa4-a97d-d965ccfc6d4b" outcome="NotExecuted" testListId="8c84fa94-04c1-424b-9868-57a2d4851a1d" relativeResultsDirectory="8995682f-3974-46d3-847a-b8157c635c6c">
    </UnitTestResult>
    <UnitTestResult executionId="210f7d07-9557-4b49-9edc-15e419c4448d" testId="a99ddd4b-7030-4db6-9934-7cc5773a9396" testName="EX_AF_AF2Test" computerName="SAMCRUISE-PC" testType="13cdc9d9-ddb5-4fa4-a97d-d965ccfc6d4b" outcome="NotExecuted" testListId="8c84fa94-04c1-424b-9868-57a2d4851a1d" relativeResultsDirectory="210f7d07-9557-4b49-9edc-15e419c4448d">
    </UnitTestResult>
    <UnitTestResult executionId="43ce0e53-94c9-4115-b994-252b5cbb8616" testId="c6073ad2-1dfd-1823-7f61-0e4d779c6b0f" testName="EX_DE_HLTest" computerName="SAMCRUISE-PC" testType="13cdc9d9-ddb5-4fa4-a97d-d965ccfc6d4b" outcome="NotExecuted" testListId="8c84fa94-04c1-424b-9868-57a2d4851a1d" relativeResultsDirectory="43ce0e53-94c9-4115-b994-252b5cbb8616">
    </UnitTestResult>
    <UnitTestResult executionId="c029ee0c-ebbd-4804-a3e2-1fdd5d289c1f" testId="5ffd0124-37d8-11bf-fa8d-5062ee6afc91" testName="EX_SP_HLTest" computerName="SAMCRUISE-PC" testType="13cdc9d9-ddb5-4fa4-a97d-d965ccfc6d4b" outcome="NotExecuted" testListId="8c84fa94-04c1-424b-9868-57a2d4851a1d" relativeResultsDirectory="c029ee0c-ebbd-4804-a3e2-1fdd5d289c1f">
    </UnitTestResult>
    <UnitTestResult executionId="987aa9a9-f31c-4d6f-90e4-5413670cd655" testId="cc8e988e-fc66-7582-921e-6f44ee2d4fb1" testName="HALTTest" computerName="SAMCRUISE-PC" testType="13cdc9d9-ddb5-4fa4-a97d-d965ccfc6d4b" outcome="NotExecuted" testListId="8c84fa94-04c1-424b-9868-57a2d4851a1d" relativeResultsDirectory="987aa9a9-f31c-4d6f-90e4-5413670cd655">
    </UnitTestResult>
    <UnitTestResult executionId="20f6b91b-0b4c-4cf2-9cb2-544bdc53c81b" testId="6993b04e-0773-c13a-ebf9-79006fbce62b" testName="IMTest" computerName="SAMCRUISE-PC" testType="13cdc9d9-ddb5-4fa4-a97d-d965ccfc6d4b" outcome="NotExecuted" testListId="8c84fa94-04c1-424b-9868-57a2d4851a1d" relativeResultsDirectory="20f6b91b-0b4c-4cf2-9cb2-544bdc53c81b">
    </UnitTestResult>
    <UnitTestResult executionId="89940f34-65f3-4c80-a171-018559980c4c" testId="d16ad0a6-d821-4cca-9aac-518623adb362" testName="INC_rTest" computerName="SAMCRUISE-PC" testType="13cdc9d9-ddb5-4fa4-a97d-d965ccfc6d4b" outcome="NotExecuted" testListId="8c84fa94-04c1-424b-9868-57a2d4851a1d" relativeResultsDirectory="89940f34-65f3-4c80-a171-018559980c4c">
    </UnitTestResult>
    <UnitTestResult executionId="ce7d6ac8-f214-45cf-8e61-5accead19791" testId="d80f292a-b4c2-4be9-b82a-b5573e9be6f2" testName="INC_ssTest" computerName="SAMCRUISE-PC" testType="13cdc9d9-ddb5-4fa4-a97d-d965ccfc6d4b" outcome="NotExecuted" testListId="8c84fa94-04c1-424b-9868-57a2d4851a1d" relativeResultsDirectory="ce7d6ac8-f214-45cf-8e61-5accead19791">
    </UnitTestResult>
    <UnitTestResult executionId="6b13bf27-768e-46eb-9fdf-617e4f852476" testId="aece9089-8fd9-3739-7b3a-72bcdb4cb138" testName="INDTest" computerName="SAMCRUISE-PC" testType="13cdc9d9-ddb5-4fa4-a97d-d965ccfc6d4b" outcome="NotExecuted" testListId="8c84fa94-04c1-424b-9868-57a2d4851a1d" relativeResultsDirectory="6b13bf27-768e-46eb-9fdf-617e4f852476">
    </UnitTestResult>
    <UnitTestResult executionId="6c98ca1e-dbbd-4017-b94e-c7927c38ecf3" testId="0eef37c0-80da-2b47-8f3e-2850bbdef705" testName="INDRTest" computerName="SAMCRUISE-PC" testType="13cdc9d9-ddb5-4fa4-a97d-d965ccfc6d4b" outcome="NotExecuted" testListId="8c84fa94-04c1-424b-9868-57a2d4851a1d" relativeResultsDirectory="6c98ca1e-dbbd-4017-b94e-c7927c38ecf3">
    </UnitTestResult>
    <UnitTestResult executionId="83fc61bb-e819-491a-91d2-05983c1b5671" testId="663717dd-e6fb-6ae6-4ed1-26415e1cd665" testName="INITest" computerName="SAMCRUISE-PC" testType="13cdc9d9-ddb5-4fa4-a97d-d965ccfc6d4b" outcome="NotExecuted" testListId="8c84fa94-04c1-424b-9868-57a2d4851a1d" relativeResultsDirectory="83fc61bb-e819-491a-91d2-05983c1b5671">
    </UnitTestResult>
    <UnitTestResult executionId="a201db46-cccb-43a8-baf5-9b6a7653edbe" testId="accb7fb6-557d-89fd-8c02-43ad3120a4e4" testName="INIRTest" computerName="SAMCRUISE-PC" testType="13cdc9d9-ddb5-4fa4-a97d-d965ccfc6d4b" outcome="NotExecuted" testListId="8c84fa94-04c1-424b-9868-57a2d4851a1d" relativeResultsDirectory="a201db46-cccb-43a8-baf5-9b6a7653edbe">
    </UnitTestResult>
    <UnitTestResult executionId="f4180f07-7ce3-485c-bf8b-e775b9935aac" testId="cb76c32f-1004-2d6e-4048-b5467b53a179" testName="IN_A_nTest" computerName="SAMCRUISE-PC" testType="13cdc9d9-ddb5-4fa4-a97d-d965ccfc6d4b" outcome="NotExecuted" testListId="8c84fa94-04c1-424b-9868-57a2d4851a1d" relativeResultsDirectory="f4180f07-7ce3-485c-bf8b-e775b9935aac">
    </UnitTestResult>
    <UnitTestResult executionId="75150878-64b6-4bc4-a94a-17ce1c77c380" testId="6af126f8-3922-fbad-35b8-bf549d275e90" testName="IN_r_CTest" computerName="SAMCRUISE-PC" testType="13cdc9d9-ddb5-4fa4-a97d-d965ccfc6d4b" outcome="NotExecuted" testListId="8c84fa94-04c1-424b-9868-57a2d4851a1d" relativeResultsDirectory="75150878-64b6-4bc4-a94a-17ce1c77c380">
    </UnitTestResult>
    <UnitTestResult executionId="eca4e617-ae4d-4207-9da0-f74749edf3aa" testId="644506c2-c887-ef59-e127-65e89db16cbc" testName="JP_HLTest" computerName="SAMCRUISE-PC" testType="13cdc9d9-ddb5-4fa4-a97d-d965ccfc6d4b" outcome="NotExecuted" testListId="8c84fa94-04c1-424b-9868-57a2d4851a1d" relativeResultsDirectory="eca4e617-ae4d-4207-9da0-f74749edf3aa">
    </UnitTestResult>
    <UnitTestResult executionId="07497adf-13bd-4edd-a1a9-f432554a305f" testId="2a561a82-d650-4928-a63a-372019177aa0" testName="JP_cc_nnTest" computerName="SAMCRUISE-PC" testType="13cdc9d9-ddb5-4fa4-a97d-d965ccfc6d4b" outcome="NotExecuted" testListId="8c84fa94-04c1-424b-9868-57a2d4851a1d" relativeResultsDirectory="07497adf-13bd-4edd-a1a9-f432554a305f">
    </UnitTestResult>
    <UnitTestResult executionId="04eff5db-9887-45ec-aca7-59b79b791d07" testId="3cdbe969-b2db-38d4-00ab-7c7380efb3ba" testName="JP_nnTest" computerName="SAMCRUISE-PC" testType="13cdc9d9-ddb5-4fa4-a97d-d965ccfc6d4b" outcome="NotExecuted" testListId="8c84fa94-04c1-424b-9868-57a2d4851a1d" relativeResultsDirectory="04eff5db-9887-45ec-aca7-59b79b791d07">
    </UnitTestResult>
    <UnitTestResult executionId="279dcb98-4f43-4c60-8072-e3c2ad26dd1d" testId="d987caa4-b236-d3ff-cce6-1360da40887d" testName="JRTest" computerName="SAMCRUISE-PC" testType="13cdc9d9-ddb5-4fa4-a97d-d965ccfc6d4b" outcome="NotExecuted" testListId="8c84fa94-04c1-424b-9868-57a2d4851a1d" relativeResultsDirectory="279dcb98-4f43-4c60-8072-e3c2ad26dd1d">
    </UnitTestResult>
    <UnitTestResult executionId="4dd127e6-e8e9-4ffb-b7f0-2b514cc7df0e" testId="2725660c-204c-cdd3-cc38-c8cb0969f291" testName="LDDTest" computerName="SAMCRUISE-PC" testType="13cdc9d9-ddb5-4fa4-a97d-d965ccfc6d4b" outcome="NotExecuted" testListId="8c84fa94-04c1-424b-9868-57a2d4851a1d" relativeResultsDirectory="4dd127e6-e8e9-4ffb-b7f0-2b514cc7df0e">
    </UnitTestResult>
    <UnitTestResult executionId="0b74f69a-5f2b-4214-8081-87314265fe43" testId="fbf61387-acd6-ad6e-d454-963c3b13209e" testName="LDDRTest" computerName="SAMCRUISE-PC" testType="13cdc9d9-ddb5-4fa4-a97d-d965ccfc6d4b" outcome="NotExecuted" testListId="8c84fa94-04c1-424b-9868-57a2d4851a1d" relativeResultsDirectory="0b74f69a-5f2b-4214-8081-87314265fe43">
    </UnitTestResult>
    <UnitTestResult executionId="457a35bd-f1d5-4d8d-aa40-58440133421c" testId="26cfd68c-0b2b-b154-5fee-9a7274b0546f" testName="LDITest" computerName="SAMCRUISE-PC" testType="13cdc9d9-ddb5-4fa4-a97d-d965ccfc6d4b" outcome="NotExecuted" testListId="8c84fa94-04c1-424b-9868-57a2d4851a1d" relativeResultsDirectory="457a35bd-f1d5-4d8d-aa40-58440133421c">
    </UnitTestResult>
    <UnitTestResult executionId="93d87d2f-6b0e-475b-8744-dbca1d066337" testId="c6014464-c5a6-fa24-8780-9b58004c3f58" testName="LDIRTest" computerName="SAMCRUISE-PC" testType="13cdc9d9-ddb5-4fa4-a97d-d965ccfc6d4b" outcome="NotExecuted" testListId="8c84fa94-04c1-424b-9868-57a2d4851a1d" relativeResultsDirectory="93d87d2f-6b0e-475b-8744-dbca1d066337">
    </UnitTestResult>
    <UnitTestResult executionId="b67c01b7-3b79-4423-b3aa-c691733e6902" testId="1098bc54-92c2-3c91-e91e-8afcd496d21e" testName="LD_A_BCTest" computerName="SAMCRUISE-PC" testType="13cdc9d9-ddb5-4fa4-a97d-d965ccfc6d4b" outcome="NotExecuted" testListId="8c84fa94-04c1-424b-9868-57a2d4851a1d" relativeResultsDirectory="b67c01b7-3b79-4423-b3aa-c691733e6902">
    </UnitTestResult>
    <UnitTestResult executionId="b73f61d8-8c11-491c-9fbe-999cffffb4ae" testId="dedf675d-4710-3439-30c1-2b6f394221dd" testName="LD_A_DETest" computerName="SAMCRUISE-PC" testType="13cdc9d9-ddb5-4fa4-a97d-d965ccfc6d4b" outcome="NotExecuted" testListId="8c84fa94-04c1-424b-9868-57a2d4851a1d" relativeResultsDirectory="b73f61d8-8c11-491c-9fbe-999cffffb4ae">
    </UnitTestResult>
    <UnitTestResult executionId="d790be89-9671-4f9f-a696-695dbd751321" testId="77ea9ad2-e5e0-4a61-f03a-bc81b141b08e" testName="LD_A_ITest" computerName="SAMCRUISE-PC" testType="13cdc9d9-ddb5-4fa4-a97d-d965ccfc6d4b" outcome="NotExecuted" testListId="8c84fa94-04c1-424b-9868-57a2d4851a1d" relativeResultsDirectory="d790be89-9671-4f9f-a696-695dbd751321">
    </UnitTestResult>
    <UnitTestResult executionId="04ae720f-6030-47ff-9748-cd05ec16bd07" testId="d6f365f5-4679-7038-6450-481adfa7d5c7" testName="LD_A_RTest" computerName="SAMCRUISE-PC" testType="13cdc9d9-ddb5-4fa4-a97d-d965ccfc6d4b" outcome="NotExecuted" testListId="8c84fa94-04c1-424b-9868-57a2d4851a1d" relativeResultsDirectory="04ae720f-6030-47ff-9748-cd05ec16bd07">
    </UnitTestResult>
    <UnitTestResult executionId="ea256857-4422-48a5-8258-f7c09779c633" testId="3910ea2e-3d0e-baae-5cb5-ee5255a7ee35" testName="LD_A_nnTest" computerName="SAMCRUISE-PC" testType="13cdc9d9-ddb5-4fa4-a97d-d965ccfc6d4b" outcome="NotExecuted" testListId="8c84fa94-04c1-424b-9868-57a2d4851a1d" relativeResultsDirectory="ea256857-4422-48a5-8258-f7c09779c633">
    </UnitTestResult>
    <UnitTestResult executionId="cc99ab69-cb74-4cc1-ad37-eb598b581c60" testId="82c0cf7c-d6a8-c070-d23c-58c9b55e047a" testName="LD_BC_ATest" computerName="SAMCRUISE-PC" testType="13cdc9d9-ddb5-4fa4-a97d-d965ccfc6d4b" outcome="NotExecuted" testListId="8c84fa94-04c1-424b-9868-57a2d4851a1d" relativeResultsDirectory="cc99ab69-cb74-4cc1-ad37-eb598b581c60">
    </UnitTestResult>
    <UnitTestResult executionId="867f5565-bd1f-45ff-9245-2aca11e02e15" testId="231bd03e-0d38-6cc5-0783-b65ae0f853d9" testName="LD_DE_ATest" computerName="SAMCRUISE-PC" testType="13cdc9d9-ddb5-4fa4-a97d-d965ccfc6d4b" outcome="NotExecuted" testListId="8c84fa94-04c1-424b-9868-57a2d4851a1d" relativeResultsDirectory="867f5565-bd1f-45ff-9245-2aca11e02e15">
    </UnitTestResult>
    <UnitTestResult executionId="ab014650-94ff-4b90-a1f3-9fc1cad16fe8" testId="7a984ac0-e42a-474e-dd34-f1980e6732d9" testName="LD_HL_nnTest" computerName="SAMCRUISE-PC" testType="13cdc9d9-ddb5-4fa4-a97d-d965ccfc6d4b" outcome="NotExecuted" testListId="8c84fa94-04c1-424b-9868-57a2d4851a1d" relativeResultsDirectory="ab014650-94ff-4b90-a1f3-9fc1cad16fe8">
    </UnitTestResult>
    <UnitTestResult executionId="9e09b568-f61a-4a5d-a2f7-7a21af3dc2ef" testId="8419ae4f-e0d9-7a9f-7f37-e3a84733904b" testName="LD_I_ATest" computerName="SAMCRUISE-PC" testType="13cdc9d9-ddb5-4fa4-a97d-d965ccfc6d4b" outcome="NotExecuted" testListId="8c84fa94-04c1-424b-9868-57a2d4851a1d" relativeResultsDirectory="9e09b568-f61a-4a5d-a2f7-7a21af3dc2ef">
    </UnitTestResult>
    <UnitTestResult executionId="c0461394-5d6a-464d-b450-762ff10c6534" testId="02081afb-f4e4-3f4d-8158-5c914990d541" testName="LD_R_ATest" computerName="SAMCRUISE-PC" testType="13cdc9d9-ddb5-4fa4-a97d-d965ccfc6d4b" outcome="NotExecuted" testListId="8c84fa94-04c1-424b-9868-57a2d4851a1d" relativeResultsDirectory="c0461394-5d6a-464d-b450-762ff10c6534">
    </UnitTestResult>
    <UnitTestResult executionId="92bd49c9-87fd-440e-8468-19796b5137ca" testId="408ed624-5685-2cc2-3b5f-b6dc3f3441bf" testName="LD_SP_HLTest" computerName="SAMCRUISE-PC" testType="13cdc9d9-ddb5-4fa4-a97d-d965ccfc6d4b" outcome="NotExecuted" testListId="8c84fa94-04c1-424b-9868-57a2d4851a1d" relativeResultsDirectory="92bd49c9-87fd-440e-8468-19796b5137ca">
    </UnitTestResult>
    <UnitTestResult executionId="c5eca7c8-5116-43cd-b435-068b0430a523" testId="9693f54a-8e39-e20e-ac44-1452f0049c4d" testName="LD_dd_nnTest" computerName="SAMCRUISE-PC" testType="13cdc9d9-ddb5-4fa4-a97d-d965ccfc6d4b" outcome="NotExecuted" testListId="8c84fa94-04c1-424b-9868-57a2d4851a1d" relativeResultsDirectory="c5eca7c8-5116-43cd-b435-068b0430a523">
    </UnitTestResult>
    <UnitTestResult executionId="82a73ad2-9939-45ea-81c4-e1bde8884901" testId="531135d4-b324-d795-f9f5-d51886e82803" testName="LD_dd_nn2Test" computerName="SAMCRUISE-PC" testType="13cdc9d9-ddb5-4fa4-a97d-d965ccfc6d4b" outcome="NotExecuted" testListId="8c84fa94-04c1-424b-9868-57a2d4851a1d" relativeResultsDirectory="82a73ad2-9939-45ea-81c4-e1bde8884901">
    </UnitTestResult>
    <UnitTestResult executionId="5f725dd4-f5dc-4f9a-a798-226d3def5cd6" testId="9f97dc1f-2483-ec75-3db2-8e92253870cb" testName="LD_nn_ATest" computerName="SAMCRUISE-PC" testType="13cdc9d9-ddb5-4fa4-a97d-d965ccfc6d4b" outcome="NotExecuted" testListId="8c84fa94-04c1-424b-9868-57a2d4851a1d" relativeResultsDirectory="5f725dd4-f5dc-4f9a-a798-226d3def5cd6">
    </UnitTestResult>
    <UnitTestResult executionId="8f19ad43-006b-4732-9894-d7c651cfa754" testId="5fd1f04b-dac6-41bb-9db7-15f63c1db9f6" testName="LD_nn_HLTest" computerName="SAMCRUISE-PC" testType="13cdc9d9-ddb5-4fa4-a97d-d965ccfc6d4b" outcome="NotExecuted" testListId="8c84fa94-04c1-424b-9868-57a2d4851a1d" relativeResultsDirectory="8f19ad43-006b-4732-9894-d7c651cfa754">
    </UnitTestResult>
    <UnitTestResult executionId="4c4ad187-f2ca-4cae-836e-2615d9646da1" testId="f9126364-3831-3363-8188-a09b575bcf73" testName="LD_nn_ddTest" computerName="SAMCRUISE-PC" testType="13cdc9d9-ddb5-4fa4-a97d-d965ccfc6d4b" outcome="NotExecuted" testListId="8c84fa94-04c1-424b-9868-57a2d4851a1d" relativeResultsDirectory="4c4ad187-f2ca-4cae-836e-2615d9646da1">
    </UnitTestResult>
    <UnitTestResult executionId="7f0b1030-25a1-4173-a649-fa51eaf56105" testId="4ca40fc0-23e6-fedb-25b7-f0ba20aa5cc5" testName="LD_r_nTest" computerName="SAMCRUISE-PC" testType="13cdc9d9-ddb5-4fa4-a97d-d965ccfc6d4b" outcome="NotExecuted" testListId="8c84fa94-04c1-424b-9868-57a2d4851a1d" relativeResultsDirectory="7f0b1030-25a1-4173-a649-fa51eaf56105">
    </UnitTestResult>
    <UnitTestResult executionId="72fe7819-ff0c-41e7-a32a-1ce71bc400cb" testId="4e29e539-acb7-4fe7-b58a-ad776d59b1bb" testName="LD_r_rTest" computerName="SAMCRUISE-PC" testType="13cdc9d9-ddb5-4fa4-a97d-d965ccfc6d4b" outcome="NotExecuted" testListId="8c84fa94-04c1-424b-9868-57a2d4851a1d" relativeResultsDirectory="72fe7819-ff0c-41e7-a32a-1ce71bc400cb">
    </UnitTestResult>
    <UnitTestResult executionId="cf8355b3-573c-4b77-a2a6-d7980387a87d" testId="efeb0611-e5d6-72cb-f153-edd9546c4863" testName="NEGTest" computerName="SAMCRUISE-PC" testType="13cdc9d9-ddb5-4fa4-a97d-d965ccfc6d4b" outcome="NotExecuted" testListId="8c84fa94-04c1-424b-9868-57a2d4851a1d" relativeResultsDirectory="cf8355b3-573c-4b77-a2a6-d7980387a87d">
    </UnitTestResult>
    <UnitTestResult executionId="c7934d04-4c82-497b-af3d-3b397c1c8d3e" testId="ef38ddd6-7755-2790-0e1b-b39d5b54c463" testName="OR_nTest" computerName="SAMCRUISE-PC" testType="13cdc9d9-ddb5-4fa4-a97d-d965ccfc6d4b" outcome="NotExecuted" testListId="8c84fa94-04c1-424b-9868-57a2d4851a1d" relativeResultsDirectory="c7934d04-4c82-497b-af3d-3b397c1c8d3e">
    </UnitTestResult>
    <UnitTestResult executionId="8b9e7b60-5dab-41e7-8172-f4c9ceabf439" testId="429a8c32-55b7-bbd1-b067-032d95921b55" testName="OR_rTest" computerName="SAMCRUISE-PC" testType="13cdc9d9-ddb5-4fa4-a97d-d965ccfc6d4b" outcome="NotExecuted" testListId="8c84fa94-04c1-424b-9868-57a2d4851a1d" relativeResultsDirectory="8b9e7b60-5dab-41e7-8172-f4c9ceabf439">
    </UnitTestResult>
    <UnitTestResult executionId="c5ed178b-0412-4d62-b283-86d79fc2c937" testId="6582c566-3514-80d9-5e8b-746b8c877c02" testName="OTDRTest" computerName="SAMCRUISE-PC" testType="13cdc9d9-ddb5-4fa4-a97d-d965ccfc6d4b" outcome="NotExecuted" testListId="8c84fa94-04c1-424b-9868-57a2d4851a1d" relativeResultsDirectory="c5ed178b-0412-4d62-b283-86d79fc2c937">
    </UnitTestResult>
    <UnitTestResult executionId="1042f7ab-1c35-42c6-8f82-9e820077e51f" testId="613249bd-4594-d153-ca2b-015a8a45b6a0" testName="OTIRTest" computerName="SAMCRUISE-PC" testType="13cdc9d9-ddb5-4fa4-a97d-d965ccfc6d4b" outcome="NotExecuted" testListId="8c84fa94-04c1-424b-9868-57a2d4851a1d" relativeResultsDirectory="1042f7ab-1c35-42c6-8f82-9e820077e51f">
    </UnitTestResult>
    <UnitTestResult executionId="a5be680d-9871-46ee-ae9d-2703eb2784b2" testId="1e0740c8-2234-8fea-75be-3168c953cfa8" testName="OUTDTest" computerName="SAMCRUISE-PC" testType="13cdc9d9-ddb5-4fa4-a97d-d965ccfc6d4b" outcome="NotExecuted" testListId="8c84fa94-04c1-424b-9868-57a2d4851a1d" relativeResultsDirectory="a5be680d-9871-46ee-ae9d-2703eb2784b2">
    </UnitTestResult>
    <UnitTestResult executionId="35fe1467-e9b9-44b9-91ec-32c744865a03" testId="e500e466-400d-7a9d-97dd-2a6998d88e4b" testName="OUTITest" computerName="SAMCRUISE-PC" testType="13cdc9d9-ddb5-4fa4-a97d-d965ccfc6d4b" outcome="NotExecuted" testListId="8c84fa94-04c1-424b-9868-57a2d4851a1d" relativeResultsDirectory="35fe1467-e9b9-44b9-91ec-32c744865a03">
    </UnitTestResult>
    <UnitTestResult executionId="6b4bc9b6-a4c0-4320-99cf-23ccc961ab1c" testId="00f0e72d-0ee9-884c-1553-d761223ad003" testName="OUT_C_rTest" computerName="SAMCRUISE-PC" testType="13cdc9d9-ddb5-4fa4-a97d-d965ccfc6d4b" outcome="NotExecuted" testListId="8c84fa94-04c1-424b-9868-57a2d4851a1d" relativeResultsDirectory="6b4bc9b6-a4c0-4320-99cf-23ccc961ab1c">
    </UnitTestResult>
    <UnitTestResult executionId="8f8060c7-ce40-4e96-8fe7-653b2c8d119d" testId="ec3dceb2-7476-60e7-45c6-cb4ca611c1fd" testName="OUT_n_ATest" computerName="SAMCRUISE-PC" testType="13cdc9d9-ddb5-4fa4-a97d-d965ccfc6d4b" outcome="NotExecuted" testListId="8c84fa94-04c1-424b-9868-57a2d4851a1d" relativeResultsDirectory="8f8060c7-ce40-4e96-8fe7-653b2c8d119d">
    </UnitTestResult>
    <UnitTestResult executionId="fdaa8b8d-52d3-4e91-8a97-7c4e44711316" testId="1fa28479-68b5-6739-9382-2a843d130358" testName="POP_qqTest" computerName="SAMCRUISE-PC" testType="13cdc9d9-ddb5-4fa4-a97d-d965ccfc6d4b" outcome="NotExecuted" testListId="8c84fa94-04c1-424b-9868-57a2d4851a1d" relativeResultsDirectory="fdaa8b8d-52d3-4e91-8a97-7c4e44711316">
    </UnitTestResult>
    <UnitTestResult executionId="8e54dd93-d16e-4ccd-8516-9a65e092115c" testId="9084bd1d-64fc-c645-d3ae-df82e73934b3" testName="PUSH_qqTest" computerName="SAMCRUISE-PC" testType="13cdc9d9-ddb5-4fa4-a97d-d965ccfc6d4b" outcome="NotExecuted" testListId="8c84fa94-04c1-424b-9868-57a2d4851a1d" relativeResultsDirectory="8e54dd93-d16e-4ccd-8516-9a65e092115c">
    </UnitTestResult>
    <UnitTestResult executionId="4af45826-e388-4d95-b67a-3c42acc6d893" testId="ec8889aa-5c28-4621-dc4c-a1bae4f864b3" testName="RESTest" computerName="SAMCRUISE-PC" testType="13cdc9d9-ddb5-4fa4-a97d-d965ccfc6d4b" outcome="NotExecuted" testListId="8c84fa94-04c1-424b-9868-57a2d4851a1d" relativeResultsDirectory="4af45826-e388-4d95-b67a-3c42acc6d893">
    </UnitTestResult>
  </Results>
</TestRun>