<?xml version="1.0" encoding="UTF-8"?>
<TestRun id="050129c1-76cc-48f9-8339-1b93ee1855fb" name="samcruise@SAMCRUISE-PC 2012-11-05 17:59:04" runUser="samcruise-PC\samcruise" xmlns="http://microsoft.com/schemas/VisualStudio/TeamTest/2010">
  <TestSettings name="Local" id="65a1706e-8b80-420d-8876-f80050a1a2ce">
    <Description>These are default test settings for a local test run.</Description>
    <Deployment enabled="false" runDeploymentRoot="samcruise_SAMCRUISE-PC 2012-11-05 17_59_04">
      <DeploymentItem filename="C:\Users\samcruise\documents\visual studio 2010\Projects\ZXSpectrum\ZXSpectrum\ZXSpectrum\bin\x86\Debug\ZXSpectrum.exe" />
    </Deployment>
    <Execution>
      <TestTypeSpecific />
      <AgentRule name="Execution Agents">
      </AgentRule>
    </Execution>
  </TestSettings>
  <Times creation="2012-11-05T17:59:04.2031641+00:00" queuing="2012-11-05T17:59:04.8457654+00:00" start="2012-11-05T17:59:04.9081656+00:00" finish="2012-11-05T17:59:07.7473705+00:00" />
  <ResultSummary outcome="Error">
    <Counters total="111" executed="29" passed="28" error="0" failed="0" timeout="0" aborted="1" inconclusive="0" passedButRunAborted="0" notRunnable="0" notExecuted="82" disconnected="0" warning="0" completed="0" inProgress="0" pending="0" />
    <RunInfos>
      <RunInfo computerName="SAMCRUISE-PC" outcome="Warning" timestamp="2012-11-05T17:59:04.2529644+00:00">
        <Text>Deployment is currently disabled. The deployment item 'EmuTest.exe' on test 'TestProject2.Z80Test.SETTest' was not deployed.</Text>
      </RunInfo>
      <RunInfo computerName="SAMCRUISE-PC" outcome="Error" timestamp="2012-11-05T17:59:07.7473705+00:00">
        <Text>Test host process exited unexpectedly.</Text>
      </RunInfo>
    </RunInfos>
  </ResultSummary>
  <TestDefinitions>
    <UnitTest name="SETTest" storage="c:\users\samcruise\documents\visual studio 2010\projects\zxspectrum\testproject2\bin\debug\testproject2.dll" id="9577c4f7-7003-b9c5-163a-7c5efd62ae51">
      <DeploymentItems>
        <DeploymentItem filename="EmuTest.exe" />
      </DeploymentItems>
      <Execution id="7c095ef8-0368-44c3-aa36-48a6c45852bc" />
      <TestMethod codeBase="C:/Users/samcruise/documents/visual studio 2010/Projects/ZXSpectrum/TestProject2/bin/Debug/TestProject2.DLL" adapterTypeName="Microsoft.VisualStudio.TestTools.TestTypes.Unit.UnitTestAdapter, Microsoft.VisualStudio.QualityTools.Tips.UnitTest.Adapter, Version=10.0.0.0, Culture=neutral, PublicKeyToken=b03f5f7f11d50a3a" className="TestProject2.Z80Test, TestProject2, Version=1.0.0.0, Culture=neutral, PublicKeyToken=null" name="SETTest" />
    </UnitTest>
    <UnitTest name="LD_nn_HLTest" storage="c:\users\samcruise\documents\visual studio 2010\projects\zxspectrum\testproject2\bin\debug\testproject2.dll" id="5fd1f04b-dac6-41bb-9db7-15f63c1db9f6">
      <DeploymentItems>
        <DeploymentItem filename="EmuTest.exe" />
      </DeploymentItems>
      <Execution id="7d42fa80-812e-4bd7-bdb0-aa8f4db9c9ce" />
      <TestMethod codeBase="C:/Users/samcruise/documents/visual studio 2010/Projects/ZXSpectrum/TestProject2/bin/Debug/TestProject2.DLL" adapterTypeName="Microsoft.VisualStudio.TestTools.TestTypes.Unit.UnitTestAdapter, Microsoft.VisualStudio.QualityTools.Tips.UnitTest.Adapter, Version=10.0.0.0, Culture=neutral, PublicKeyToken=b03f5f7f11d50a3a" className="TestProject2.Z80Test, TestProject2, Version=1.0.0.0, Culture=neutral, PublicKeyToken=null" name="LD_nn_HLTest" />
    </UnitTest>
    <UnitTest name="RETNTest" storage="c:\users\samcruise\documents\visual studio 2010\projects\zxspectrum\testproject2\bin\debug\testproject2.dll" id="7a3748d0-d7ac-0d6f-14be-1f126ae99321">
      <DeploymentItems>
        <DeploymentItem filename="EmuTest.exe" />
      </DeploymentItems>
      <Execution id="26aeabcd-690a-484a-b681-ceaa0444173c" />
      <TestMethod codeBase="C:/Users/samcruise/documents/visual studio 2010/Projects/ZXSpectrum/TestProject2/bin/Debug/TestProject2.DLL" adapterTypeName="Microsoft.VisualStudio.TestTools.TestTypes.Unit.UnitTestAdapter, Microsoft.VisualStudio.QualityTools.Tips.UnitTest.Adapter, Version=10.0.0.0, Culture=neutral, PublicKeyToken=b03f5f7f11d50a3a" className="TestProject2.Z80Test, TestProject2, Version=1.0.0.0, Culture=neutral, PublicKeyToken=null" name="RETNTest" />
    </UnitTest>
    <UnitTest name="SUB_rTest" storage="c:\users\samcruise\documents\visual studio 2010\projects\zxspectrum\testproject2\bin\debug\testproject2.dll" id="55171caa-19dd-2ede-1df5-fba7324e3535">
      <DeploymentItems>
        <DeploymentItem filename="EmuTest.exe" />
      </DeploymentItems>
      <Execution id="6ae8d378-a48e-4d68-8410-a53df3d79d81" />
      <TestMethod codeBase="C:/Users/samcruise/documents/visual studio 2010/Projects/ZXSpectrum/TestProject2/bin/Debug/TestProject2.DLL" adapterTypeName="Microsoft.VisualStudio.TestTools.TestTypes.Unit.UnitTestAdapter, Microsoft.VisualStudio.QualityTools.Tips.UnitTest.Adapter, Version=10.0.0.0, Culture=neutral, PublicKeyToken=b03f5f7f11d50a3a" className="TestProject2.Z80Test, TestProject2, Version=1.0.0.0, Culture=neutral, PublicKeyToken=null" name="SUB_rTest" />
    </UnitTest>
    <UnitTest name="CPITest" storage="c:\users\samcruise\documents\visual studio 2010\projects\zxspectrum\testproject2\bin\debug\testproject2.dll" id="e8d906d9-8fb1-1c4e-04ae-14b5b043e77e">
      <DeploymentItems>
        <DeploymentItem filename="EmuTest.exe" />
      </DeploymentItems>
      <Execution id="78a31260-9f87-4690-8b68-e106e0b137ba" />
      <TestMethod codeBase="C:/Users/samcruise/documents/visual studio 2010/Projects/ZXSpectrum/TestProject2/bin/Debug/TestProject2.DLL" adapterTypeName="Microsoft.VisualStudio.TestTools.TestTypes.Unit.UnitTestAdapter, Microsoft.VisualStudio.QualityTools.Tips.UnitTest.Adapter, Version=10.0.0.0, Culture=neutral, PublicKeyToken=b03f5f7f11d50a3a" className="TestProject2.Z80Test, TestProject2, Version=1.0.0.0, Culture=neutral, PublicKeyToken=null" name="CPITest" />
    </UnitTest>
    <UnitTest name="RLCATest" storage="c:\users\samcruise\documents\visual studio 2010\projects\zxspectrum\testproject2\bin\debug\testproject2.dll" id="eb8ea76d-8f52-861c-adb1-87727b91e8dc">
      <DeploymentItems>
        <DeploymentItem filename="EmuTest.exe" />
      </DeploymentItems>
      <Execution id="5ec0c8f9-1654-44a6-8194-739fbbdb56f5" />
      <TestMethod codeBase="C:/Users/samcruise/documents/visual studio 2010/Projects/ZXSpectrum/TestProject2/bin/Debug/TestProject2.DLL" adapterTypeName="Microsoft.VisualStudio.TestTools.TestTypes.Unit.UnitTestAdapter, Microsoft.VisualStudio.QualityTools.Tips.UnitTest.Adapter, Version=10.0.0.0, Culture=neutral, PublicKeyToken=b03f5f7f11d50a3a" className="TestProject2.Z80Test, TestProject2, Version=1.0.0.0, Culture=neutral, PublicKeyToken=null" name="RLCATest" />
    </UnitTest>
    <UnitTest name="OUT_C_rTest" storage="c:\users\samcruise\documents\visual studio 2010\projects\zxspectrum\testproject2\bin\debug\testproject2.dll" id="00f0e72d-0ee9-884c-1553-d761223ad003">
      <DeploymentItems>
        <DeploymentItem filename="EmuTest.exe" />
      </DeploymentItems>
      <Execution id="bd1c98fc-2b21-40df-a7b3-218646402bd7" />
      <TestMethod codeBase="C:/Users/samcruise/documents/visual studio 2010/Projects/ZXSpectrum/TestProject2/bin/Debug/TestProject2.DLL" adapterTypeName="Microsoft.VisualStudio.TestTools.TestTypes.Unit.UnitTestAdapter, Microsoft.VisualStudio.QualityTools.Tips.UnitTest.Adapter, Version=10.0.0.0, Culture=neutral, PublicKeyToken=b03f5f7f11d50a3a" className="TestProject2.Z80Test, TestProject2, Version=1.0.0.0, Culture=neutral, PublicKeyToken=null" name="OUT_C_rTest" />
    </UnitTest>
    <UnitTest name="OUTITest" storage="c:\users\samcruise\documents\visual studio 2010\projects\zxspectrum\testproject2\bin\debug\testproject2.dll" id="e500e466-400d-7a9d-97dd-2a6998d88e4b">
      <DeploymentItems>
        <DeploymentItem filename="EmuTest.exe" />
      </DeploymentItems>
      <Execution id="9224df94-edc1-43e0-a563-41704324d7ee" />
      <TestMethod codeBase="C:/Users/samcruise/documents/visual studio 2010/Projects/ZXSpectrum/TestProject2/bin/Debug/TestProject2.DLL" adapterTypeName="Microsoft.VisualStudio.TestTools.TestTypes.Unit.UnitTestAdapter, Microsoft.VisualStudio.QualityTools.Tips.UnitTest.Adapter, Version=10.0.0.0, Culture=neutral, PublicKeyToken=b03f5f7f11d50a3a" className="TestProject2.Z80Test, TestProject2, Version=1.0.0.0, Culture=neutral, PublicKeyToken=null" name="OUTITest" />
    </UnitTest>
    <UnitTest name="JP_cc_nnTest" storage="c:\users\samcruise\documents\visual studio 2010\projects\zxspectrum\testproject2\bin\debug\testproject2.dll" id="2a561a82-d650-4928-a63a-372019177aa0">
      <DeploymentItems>
        <DeploymentItem filename="EmuTest.exe" />
      </DeploymentItems>
      <Execution id="831caa5d-e342-4bae-a934-ca7cdd5b3bf7" />
      <TestMethod codeBase="C:/Users/samcruise/documents/visual studio 2010/Projects/ZXSpectrum/TestProject2/bin/Debug/TestProject2.DLL" adapterTypeName="Microsoft.VisualStudio.TestTools.TestTypes.Unit.UnitTestAdapter, Microsoft.VisualStudio.QualityTools.Tips.UnitTest.Adapter, Version=10.0.0.0, Culture=neutral, PublicKeyToken=b03f5f7f11d50a3a" className="TestProject2.Z80Test, TestProject2, Version=1.0.0.0, Culture=neutral, PublicKeyToken=null" name="JP_cc_nnTest" />
    </UnitTest>
    <UnitTest name="RET_ccTest" storage="c:\users\samcruise\documents\visual studio 2010\projects\zxspectrum\testproject2\bin\debug\testproject2.dll" id="3a2e5b08-4e06-5e86-1556-043e5a55d63f">
      <DeploymentItems>
        <DeploymentItem filename="EmuTest.exe" />
      </DeploymentItems>
      <Execution id="5e789500-8f93-420b-a6f2-f5220e333a0c" />
      <TestMethod codeBase="C:/Users/samcruise/documents/visual studio 2010/Projects/ZXSpectrum/TestProject2/bin/Debug/TestProject2.DLL" adapterTypeName="Microsoft.VisualStudio.TestTools.TestTypes.Unit.UnitTestAdapter, Microsoft.VisualStudio.QualityTools.Tips.UnitTest.Adapter, Version=10.0.0.0, Culture=neutral, PublicKeyToken=b03f5f7f11d50a3a" className="TestProject2.Z80Test, TestProject2, Version=1.0.0.0, Culture=neutral, PublicKeyToken=null" name="RET_ccTest" />
    </UnitTest>
    <UnitTest name="ADD_A_rTest" storage="c:\users\samcruise\documents\visual studio 2010\projects\zxspectrum\testproject2\bin\debug\testproject2.dll" id="61cf7fd2-4675-4774-43a6-1058ba4d6886">
      <DeploymentItems>
        <DeploymentItem filename="EmuTest.exe" />
      </DeploymentItems>
      <Execution id="20b1655c-b508-459e-85c8-4386a46272fc" />
      <TestMethod codeBase="C:/Users/samcruise/documents/visual studio 2010/Projects/ZXSpectrum/TestProject2/bin/Debug/TestProject2.DLL" adapterTypeName="Microsoft.VisualStudio.TestTools.TestTypes.Unit.UnitTestAdapter, Microsoft.VisualStudio.QualityTools.Tips.UnitTest.Adapter, Version=10.0.0.0, Culture=neutral, PublicKeyToken=b03f5f7f11d50a3a" className="TestProject2.Z80Test, TestProject2, Version=1.0.0.0, Culture=neutral, PublicKeyToken=null" name="ADD_A_rTest" />
    </UnitTest>
    <UnitTest name="RLATest" storage="c:\users\samcruise\documents\visual studio 2010\projects\zxspectrum\testproject2\bin\debug\testproject2.dll" id="4a4a0e75-24b0-83d9-8bf1-cffe9a6c30c7">
      <DeploymentItems>
        <DeploymentItem filename="EmuTest.exe" />
      </DeploymentItems>
      <Execution id="05f4df9d-5efc-44ca-8d92-faeb67c859e9" />
      <TestMethod codeBase="C:/Users/samcruise/documents/visual studio 2010/Projects/ZXSpectrum/TestProject2/bin/Debug/TestProject2.DLL" adapterTypeName="Microsoft.VisualStudio.TestTools.TestTypes.Unit.UnitTestAdapter, Microsoft.VisualStudio.QualityTools.Tips.UnitTest.Adapter, Version=10.0.0.0, Culture=neutral, PublicKeyToken=b03f5f7f11d50a3a" className="TestProject2.Z80Test, TestProject2, Version=1.0.0.0, Culture=neutral, PublicKeyToken=null" name="RLATest" />
    </UnitTest>
    <UnitTest name="OTIRTest" storage="c:\users\samcruise\documents\visual studio 2010\projects\zxspectrum\testproject2\bin\debug\testproject2.dll" id="613249bd-4594-d153-ca2b-015a8a45b6a0">
      <DeploymentItems>
        <DeploymentItem filename="EmuTest.exe" />
      </DeploymentItems>
      <Execution id="5a33bd45-f0c3-4871-a9be-ba54d97c2626" />
      <TestMethod codeBase="C:/Users/samcruise/documents/visual studio 2010/Projects/ZXSpectrum/TestProject2/bin/Debug/TestProject2.DLL" adapterTypeName="Microsoft.VisualStudio.TestTools.TestTypes.Unit.UnitTestAdapter, Microsoft.VisualStudio.QualityTools.Tips.UnitTest.Adapter, Version=10.0.0.0, Culture=neutral, PublicKeyToken=b03f5f7f11d50a3a" className="TestProject2.Z80Test, TestProject2, Version=1.0.0.0, Culture=neutral, PublicKeyToken=null" name="OTIRTest" />
    </UnitTest>
    <UnitTest name="LDITest" storage="c:\users\samcruise\documents\visual studio 2010\projects\zxspectrum\testproject2\bin\debug\testproject2.dll" id="26cfd68c-0b2b-b154-5fee-9a7274b0546f">
      <DeploymentItems>
        <DeploymentItem filename="EmuTest.exe" />
      </DeploymentItems>
      <Execution id="94cd5d8c-bb0d-4313-926b-d4e0a5794e4b" />
      <TestMethod codeBase="C:/Users/samcruise/documents/visual studio 2010/Projects/ZXSpectrum/TestProject2/bin/Debug/TestProject2.DLL" adapterTypeName="Microsoft.VisualStudio.TestTools.TestTypes.Unit.UnitTestAdapter, Microsoft.VisualStudio.QualityTools.Tips.UnitTest.Adapter, Version=10.0.0.0, Culture=neutral, PublicKeyToken=b03f5f7f11d50a3a" className="TestProject2.Z80Test, TestProject2, Version=1.0.0.0, Culture=neutral, PublicKeyToken=null" name="LDITest" />
    </UnitTest>
    <UnitTest name="DAATest" storage="c:\users\samcruise\documents\visual studio 2010\projects\zxspectrum\testproject2\bin\debug\testproject2.dll" id="8e0d0db1-8d33-69b8-381b-66e942894b60">
      <DeploymentItems>
        <DeploymentItem filename="EmuTest.exe" />
      </DeploymentItems>
      <Execution id="b8c1447d-7d26-4779-808c-2c7f4ea0dce5" />
      <TestMethod codeBase="C:/Users/samcruise/documents/visual studio 2010/Projects/ZXSpectrum/TestProject2/bin/Debug/TestProject2.DLL" adapterTypeName="Microsoft.VisualStudio.TestTools.TestTypes.Unit.UnitTestAdapter, Microsoft.VisualStudio.QualityTools.Tips.UnitTest.Adapter, Version=10.0.0.0, Culture=neutral, PublicKeyToken=b03f5f7f11d50a3a" className="TestProject2.Z80Test, TestProject2, Version=1.0.0.0, Culture=neutral, PublicKeyToken=null" name="DAATest" />
    </UnitTest>
    <UnitTest name="CALL_nnTest" storage="c:\users\samcruise\documents\visual studio 2010\projects\zxspectrum\testproject2\bin\debug\testproject2.dll" id="fa3e44b0-1a68-2b54-c8d6-5cd6535068e5">
      <DeploymentItems>
        <DeploymentItem filename="EmuTest.exe" />
      </DeploymentItems>
      <Execution id="1819ee06-e4d7-461f-882d-a33c37e4ba4e" />
      <TestMethod codeBase="C:/Users/samcruise/documents/visual studio 2010/Projects/ZXSpectrum/TestProject2/bin/Debug/TestProject2.DLL" adapterTypeName="Microsoft.VisualStudio.TestTools.TestTypes.Unit.UnitTestAdapter, Microsoft.VisualStudio.QualityTools.Tips.UnitTest.Adapter, Version=10.0.0.0, Culture=neutral, PublicKeyToken=b03f5f7f11d50a3a" className="TestProject2.Z80Test, TestProject2, Version=1.0.0.0, Culture=neutral, PublicKeyToken=null" name="CALL_nnTest" />
    </UnitTest>
    <UnitTest name="LD_nn_ATest" storage="c:\users\samcruise\documents\visual studio 2010\projects\zxspectrum\testproject2\bin\debug\testproject2.dll" id="9f97dc1f-2483-ec75-3db2-8e92253870cb">
      <DeploymentItems>
        <DeploymentItem filename="EmuTest.exe" />
      </DeploymentItems>
      <Execution id="936d1715-1d1d-4029-8bee-f39fe12125fa" />
      <TestMethod codeBase="C:/Users/samcruise/documents/visual studio 2010/Projects/ZXSpectrum/TestProject2/bin/Debug/TestProject2.DLL" adapterTypeName="Microsoft.VisualStudio.TestTools.TestTypes.Unit.UnitTestAdapter, Microsoft.VisualStudio.QualityTools.Tips.UnitTest.Adapter, Version=10.0.0.0, Culture=neutral, PublicKeyToken=b03f5f7f11d50a3a" className="TestProject2.Z80Test, TestProject2, Version=1.0.0.0, Culture=neutral, PublicKeyToken=null" name="LD_nn_ATest" />
    </UnitTest>
    <UnitTest name="SUB_nTest" storage="c:\users\samcruise\documents\visual studio 2010\projects\zxspectrum\testproject2\bin\debug\testproject2.dll" id="46c0ea6c-7511-1a43-1027-23d83e8af062">
      <DeploymentItems>
        <DeploymentItem filename="EmuTest.exe" />
      </DeploymentItems>
      <Execution id="b04a7e22-2aeb-444e-9c85-f21433a8e7ab" />
      <TestMethod codeBase="C:/Users/samcruise/documents/visual studio 2010/Projects/ZXSpectrum/TestProject2/bin/Debug/TestProject2.DLL" adapterTypeName="Microsoft.VisualStudio.TestTools.TestTypes.Unit.UnitTestAdapter, Microsoft.VisualStudio.QualityTools.Tips.UnitTest.Adapter, Version=10.0.0.0, Culture=neutral, PublicKeyToken=b03f5f7f11d50a3a" className="TestProject2.Z80Test, TestProject2, Version=1.0.0.0, Culture=neutral, PublicKeyToken=null" name="SUB_nTest" />
    </UnitTest>
    <UnitTest name="ADD_A_nTest" storage="c:\users\samcruise\documents\visual studio 2010\projects\zxspectrum\testproject2\bin\debug\testproject2.dll" id="0ebca460-c35e-fb90-0af2-4327104b42ae">
      <DeploymentItems>
        <DeploymentItem filename="EmuTest.exe" />
      </DeploymentItems>
      <Execution id="063f60fd-3684-4855-8221-20529929ae66" />
      <TestMethod codeBase="C:/Users/samcruise/documents/visual studio 2010/Projects/ZXSpectrum/TestProject2/bin/Debug/TestProject2.DLL" adapterTypeName="Microsoft.VisualStudio.TestTools.TestTypes.Unit.UnitTestAdapter, Microsoft.VisualStudio.QualityTools.Tips.UnitTest.Adapter, Version=10.0.0.0, Culture=neutral, PublicKeyToken=b03f5f7f11d50a3a" className="TestProject2.Z80Test, TestProject2, Version=1.0.0.0, Culture=neutral, PublicKeyToken=null" name="ADD_A_nTest" />
    </UnitTest>
    <UnitTest name="INDRTest" storage="c:\users\samcruise\documents\visual studio 2010\projects\zxspectrum\testproject2\bin\debug\testproject2.dll" id="0eef37c0-80da-2b47-8f3e-2850bbdef705">
      <DeploymentItems>
        <DeploymentItem filename="EmuTest.exe" />
      </DeploymentItems>
      <Execution id="c496d5c8-d9b1-41b0-a4d1-d8e2964eca8d" />
      <TestMethod codeBase="C:/Users/samcruise/documents/visual studio 2010/Projects/ZXSpectrum/TestProject2/bin/Debug/TestProject2.DLL" adapterTypeName="Microsoft.VisualStudio.TestTools.TestTypes.Unit.UnitTestAdapter, Microsoft.VisualStudio.QualityTools.Tips.UnitTest.Adapter, Version=10.0.0.0, Culture=neutral, PublicKeyToken=b03f5f7f11d50a3a" className="TestProject2.Z80Test, TestProject2, Version=1.0.0.0, Culture=neutral, PublicKeyToken=null" name="INDRTest" />
    </UnitTest>
    <UnitTest name="ZeroTest" storage="c:\users\samcruise\documents\visual studio 2010\projects\zxspectrum\testproject2\bin\debug\testproject2.dll" id="d4004087-56d4-1d0e-14c6-9815e660af61">
      <DeploymentItems>
        <DeploymentItem filename="EmuTest.exe" />
      </DeploymentItems>
      <Execution id="908d4ddb-b286-4ceb-bd71-c5cf93f950e4" />
      <TestMethod codeBase="C:/Users/samcruise/documents/visual studio 2010/Projects/ZXSpectrum/TestProject2/bin/Debug/TestProject2.DLL" adapterTypeName="Microsoft.VisualStudio.TestTools.TestTypes.Unit.UnitTestAdapter, Microsoft.VisualStudio.QualityTools.Tips.UnitTest.Adapter, Version=10.0.0.0, Culture=neutral, PublicKeyToken=b03f5f7f11d50a3a" className="TestProject2.Z80Test, TestProject2, Version=1.0.0.0, Culture=neutral, PublicKeyToken=null" name="ZeroTest" />
    </UnitTest>
    <UnitTest name="OUTDTest" storage="c:\users\samcruise\documents\visual studio 2010\projects\zxspectrum\testproject2\bin\debug\testproject2.dll" id="1e0740c8-2234-8fea-75be-3168c953cfa8">
      <DeploymentItems>
        <DeploymentItem filename="EmuTest.exe" />
      </DeploymentItems>
      <Execution id="da6d3a93-51a7-4b23-8ed3-6856847129db" />
      <TestMethod codeBase="C:/Users/samcruise/documents/visual studio 2010/Projects/ZXSpectrum/TestProject2/bin/Debug/TestProject2.DLL" adapterTypeName="Microsoft.VisualStudio.TestTools.TestTypes.Unit.UnitTestAdapter, Microsoft.VisualStudio.QualityTools.Tips.UnitTest.Adapter, Version=10.0.0.0, Culture=neutral, PublicKeyToken=b03f5f7f11d50a3a" className="TestProject2.Z80Test, TestProject2, Version=1.0.0.0, Culture=neutral, PublicKeyToken=null" name="OUTDTest" />
    </UnitTest>
    <UnitTest name="LD_R_ATest" storage="c:\users\samcruise\documents\visual studio 2010\projects\zxspectrum\testproject2\bin\debug\testproject2.dll" id="02081afb-f4e4-3f4d-8158-5c914990d541">
      <DeploymentItems>
        <DeploymentItem filename="EmuTest.exe" />
      </DeploymentItems>
      <Execution id="596fc4d4-b466-4924-8a6a-39eddec0eb04" />
      <TestMethod codeBase="C:/Users/samcruise/documents/visual studio 2010/Projects/ZXSpectrum/TestProject2/bin/Debug/TestProject2.DLL" adapterTypeName="Microsoft.VisualStudio.TestTools.TestTypes.Unit.UnitTestAdapter, Microsoft.VisualStudio.QualityTools.Tips.UnitTest.Adapter, Version=10.0.0.0, Culture=neutral, PublicKeyToken=b03f5f7f11d50a3a" className="TestProject2.Z80Test, TestProject2, Version=1.0.0.0, Culture=neutral, PublicKeyToken=null" name="LD_R_ATest" />
    </UnitTest>
    <UnitTest name="LD_dd_nn2Test" storage="c:\users\samcruise\documents\visual studio 2010\projects\zxspectrum\testproject2\bin\debug\testproject2.dll" id="531135d4-b324-d795-f9f5-d51886e82803">
      <DeploymentItems>
        <DeploymentItem filename="EmuTest.exe" />
      </DeploymentItems>
      <Execution id="6bccf6ae-08f0-45fe-8a2c-8e273e88f812" />
      <TestMethod codeBase="C:/Users/samcruise/documents/visual studio 2010/Projects/ZXSpectrum/TestProject2/bin/Debug/TestProject2.DLL" adapterTypeName="Microsoft.VisualStudio.TestTools.TestTypes.Unit.UnitTestAdapter, Microsoft.VisualStudio.QualityTools.Tips.UnitTest.Adapter, Version=10.0.0.0, Culture=neutral, PublicKeyToken=b03f5f7f11d50a3a" className="TestProject2.Z80Test, TestProject2, Version=1.0.0.0, Culture=neutral, PublicKeyToken=null" name="LD_dd_nn2Test" />
    </UnitTest>
    <UnitTest name="LD_dd_nnTest" storage="c:\users\samcruise\documents\visual studio 2010\projects\zxspectrum\testproject2\bin\debug\testproject2.dll" id="9693f54a-8e39-e20e-ac44-1452f0049c4d">
      <DeploymentItems>
        <DeploymentItem filename="EmuTest.exe" />
      </DeploymentItems>
      <Execution id="bdbd556a-bf4f-49b2-99f4-6354d88d77a4" />
      <TestMethod codeBase="C:/Users/samcruise/documents/visual studio 2010/Projects/ZXSpectrum/TestProject2/bin/Debug/TestProject2.DLL" adapterTypeName="Microsoft.VisualStudio.TestTools.TestTypes.Unit.UnitTestAdapter, Microsoft.VisualStudio.QualityTools.Tips.UnitTest.Adapter, Version=10.0.0.0, Culture=neutral, PublicKeyToken=b03f5f7f11d50a3a" className="TestProject2.Z80Test, TestProject2, Version=1.0.0.0, Culture=neutral, PublicKeyToken=null" name="LD_dd_nnTest" />
    </UnitTest>
    <UnitTest name="LD_HL_nnTest" storage="c:\users\samcruise\documents\visual studio 2010\projects\zxspectrum\testproject2\bin\debug\testproject2.dll" id="7a984ac0-e42a-474e-dd34-f1980e6732d9">
      <DeploymentItems>
        <DeploymentItem filename="EmuTest.exe" />
      </DeploymentItems>
      <Execution id="06b94c92-6766-49c3-be83-1bd676258eda" />
      <TestMethod codeBase="C:/Users/samcruise/documents/visual studio 2010/Projects/ZXSpectrum/TestProject2/bin/Debug/TestProject2.DLL" adapterTypeName="Microsoft.VisualStudio.TestTools.TestTypes.Unit.UnitTestAdapter, Microsoft.VisualStudio.QualityTools.Tips.UnitTest.Adapter, Version=10.0.0.0, Culture=neutral, PublicKeyToken=b03f5f7f11d50a3a" className="TestProject2.Z80Test, TestProject2, Version=1.0.0.0, Culture=neutral, PublicKeyToken=null" name="LD_HL_nnTest" />
    </UnitTest>
    <UnitTest name="LDDRTest" storage="c:\users\samcruise\documents\visual studio 2010\projects\zxspectrum\testproject2\bin\debug\testproject2.dll" id="fbf61387-acd6-ad6e-d454-963c3b13209e">
      <DeploymentItems>
        <DeploymentItem filename="EmuTest.exe" />
      </DeploymentItems>
      <Execution id="05d064ba-834d-46fe-8e74-2b99774d8c4d" />
      <TestMethod codeBase="C:/Users/samcruise/documents/visual studio 2010/Projects/ZXSpectrum/TestProject2/bin/Debug/TestProject2.DLL" adapterTypeName="Microsoft.VisualStudio.TestTools.TestTypes.Unit.UnitTestAdapter, Microsoft.VisualStudio.QualityTools.Tips.UnitTest.Adapter, Version=10.0.0.0, Culture=neutral, PublicKeyToken=b03f5f7f11d50a3a" className="TestProject2.Z80Test, TestProject2, Version=1.0.0.0, Culture=neutral, PublicKeyToken=null" name="LDDRTest" />
    </UnitTest>
    <UnitTest name="LD_SP_HLTest" storage="c:\users\samcruise\documents\visual studio 2010\projects\zxspectrum\testproject2\bin\debug\testproject2.dll" id="408ed624-5685-2cc2-3b5f-b6dc3f3441bf">
      <DeploymentItems>
        <DeploymentItem filename="EmuTest.exe" />
      </DeploymentItems>
      <Execution id="0350d1bf-6e27-4006-a0a9-7fd313ef9e63" />
      <TestMethod codeBase="C:/Users/samcruise/documents/visual studio 2010/Projects/ZXSpectrum/TestProject2/bin/Debug/TestProject2.DLL" adapterTypeName="Microsoft.VisualStudio.TestTools.TestTypes.Unit.UnitTestAdapter, Microsoft.VisualStudio.QualityTools.Tips.UnitTest.Adapter, Version=10.0.0.0, Culture=neutral, PublicKeyToken=b03f5f7f11d50a3a" className="TestProject2.Z80Test, TestProject2, Version=1.0.0.0, Culture=neutral, PublicKeyToken=null" name="LD_SP_HLTest" />
    </UnitTest>
    <UnitTest name="OR_rTest" storage="c:\users\samcruise\documents\visual studio 2010\projects\zxspectrum\testproject2\bin\debug\testproject2.dll" id="429a8c32-55b7-bbd1-b067-032d95921b55">
      <DeploymentItems>
        <DeploymentItem filename="EmuTest.exe" />
      </DeploymentItems>
      <Execution id="95077bad-ae07-478a-88a1-0951fcdc1aca" />
      <TestMethod codeBase="C:/Users/samcruise/documents/visual studio 2010/Projects/ZXSpectrum/TestProject2/bin/Debug/TestProject2.DLL" adapterTypeName="Microsoft.VisualStudio.TestTools.TestTypes.Unit.UnitTestAdapter, Microsoft.VisualStudio.QualityTools.Tips.UnitTest.Adapter, Version=10.0.0.0, Culture=neutral, PublicKeyToken=b03f5f7f11d50a3a" className="TestProject2.Z80Test, TestProject2, Version=1.0.0.0, Culture=neutral, PublicKeyToken=null" name="OR_rTest" />
    </UnitTest>
    <UnitTest name="LD_DE_ATest" storage="c:\users\samcruise\documents\visual studio 2010\projects\zxspectrum\testproject2\bin\debug\testproject2.dll" id="231bd03e-0d38-6cc5-0783-b65ae0f853d9">
      <DeploymentItems>
        <DeploymentItem filename="EmuTest.exe" />
      </DeploymentItems>
      <Execution id="15b787cb-2357-43af-befe-34b0859c9caa" />
      <TestMethod codeBase="C:/Users/samcruise/documents/visual studio 2010/Projects/ZXSpectrum/TestProject2/bin/Debug/TestProject2.DLL" adapterTypeName="Microsoft.VisualStudio.TestTools.TestTypes.Unit.UnitTestAdapter, Microsoft.VisualStudio.QualityTools.Tips.UnitTest.Adapter, Version=10.0.0.0, Culture=neutral, PublicKeyToken=b03f5f7f11d50a3a" className="TestProject2.Z80Test, TestProject2, Version=1.0.0.0, Culture=neutral, PublicKeyToken=null" name="LD_DE_ATest" />
    </UnitTest>
    <UnitTest name="XOR_rTest" storage="c:\users\samcruise\documents\visual studio 2010\projects\zxspectrum\testproject2\bin\debug\testproject2.dll" id="436605de-6d1c-4402-615f-0938ced05851">
      <DeploymentItems>
        <DeploymentItem filename="EmuTest.exe" />
      </DeploymentItems>
      <Execution id="4b068a9f-6cff-4b57-b859-6e920f83b280" />
      <TestMethod codeBase="C:/Users/samcruise/documents/visual studio 2010/Projects/ZXSpectrum/TestProject2/bin/Debug/TestProject2.DLL" adapterTypeName="Microsoft.VisualStudio.TestTools.TestTypes.Unit.UnitTestAdapter, Microsoft.VisualStudio.QualityTools.Tips.UnitTest.Adapter, Version=10.0.0.0, Culture=neutral, PublicKeyToken=b03f5f7f11d50a3a" className="TestProject2.Z80Test, TestProject2, Version=1.0.0.0, Culture=neutral, PublicKeyToken=null" name="XOR_rTest" />
    </UnitTest>
    <UnitTest name="CP_rTest" storage="c:\users\samcruise\documents\visual studio 2010\projects\zxspectrum\testproject2\bin\debug\testproject2.dll" id="6b710965-1677-6f38-b88e-91e3b8a9332f">
      <DeploymentItems>
        <DeploymentItem filename="EmuTest.exe" />
      </DeploymentItems>
      <Execution id="65e25e1a-ce3a-4cab-adeb-25556823c755" />
      <TestMethod codeBase="C:/Users/samcruise/documents/visual studio 2010/Projects/ZXSpectrum/TestProject2/bin/Debug/TestProject2.DLL" adapterTypeName="Microsoft.VisualStudio.TestTools.TestTypes.Unit.UnitTestAdapter, Microsoft.VisualStudio.QualityTools.Tips.UnitTest.Adapter, Version=10.0.0.0, Culture=neutral, PublicKeyToken=b03f5f7f11d50a3a" className="TestProject2.Z80Test, TestProject2, Version=1.0.0.0, Culture=neutral, PublicKeyToken=null" name="CP_rTest" />
    </UnitTest>
    <UnitTest name="LD_nn_ddTest" storage="c:\users\samcruise\documents\visual studio 2010\projects\zxspectrum\testproject2\bin\debug\testproject2.dll" id="f9126364-3831-3363-8188-a09b575bcf73">
      <DeploymentItems>
        <DeploymentItem filename="EmuTest.exe" />
      </DeploymentItems>
      <Execution id="7d1d3516-79c9-4007-b683-8d9fbbada8c1" />
      <TestMethod codeBase="C:/Users/samcruise/documents/visual studio 2010/Projects/ZXSpectrum/TestProject2/bin/Debug/TestProject2.DLL" adapterTypeName="Microsoft.VisualStudio.TestTools.TestTypes.Unit.UnitTestAdapter, Microsoft.VisualStudio.QualityTools.Tips.UnitTest.Adapter, Version=10.0.0.0, Culture=neutral, PublicKeyToken=b03f5f7f11d50a3a" className="TestProject2.Z80Test, TestProject2, Version=1.0.0.0, Culture=neutral, PublicKeyToken=null" name="LD_nn_ddTest" />
    </UnitTest>
    <UnitTest name="ADC_HLTest" storage="c:\users\samcruise\documents\visual studio 2010\projects\zxspectrum\testproject2\bin\debug\testproject2.dll" id="0b4144dd-a347-7b17-997b-3df3b8ff73bd">
      <DeploymentItems>
        <DeploymentItem filename="EmuTest.exe" />
      </DeploymentItems>
      <Execution id="1beec41b-de8b-4968-b5d4-d26eec54d2a8" />
      <TestMethod codeBase="C:/Users/samcruise/documents/visual studio 2010/Projects/ZXSpectrum/TestProject2/bin/Debug/TestProject2.DLL" adapterTypeName="Microsoft.VisualStudio.TestTools.TestTypes.Unit.UnitTestAdapter, Microsoft.VisualStudio.QualityTools.Tips.UnitTest.Adapter, Version=10.0.0.0, Culture=neutral, PublicKeyToken=b03f5f7f11d50a3a" className="TestProject2.Z80Test, TestProject2, Version=1.0.0.0, Culture=neutral, PublicKeyToken=null" name="ADC_HLTest" />
    </UnitTest>
    <UnitTest name="IMTest" storage="c:\users\samcruise\documents\visual studio 2010\projects\zxspectrum\testproject2\bin\debug\testproject2.dll" id="6993b04e-0773-c13a-ebf9-79006fbce62b">
      <DeploymentItems>
        <DeploymentItem filename="EmuTest.exe" />
      </DeploymentItems>
      <Execution id="9d3282cc-a352-4254-b17a-4d425d2a3fa5" />
      <TestMethod codeBase="C:/Users/samcruise/documents/visual studio 2010/Projects/ZXSpectrum/TestProject2/bin/Debug/TestProject2.DLL" adapterTypeName="Microsoft.VisualStudio.TestTools.TestTypes.Unit.UnitTestAdapter, Microsoft.VisualStudio.QualityTools.Tips.UnitTest.Adapter, Version=10.0.0.0, Culture=neutral, PublicKeyToken=b03f5f7f11d50a3a" className="TestProject2.Z80Test, TestProject2, Version=1.0.0.0, Culture=neutral, PublicKeyToken=null" name="IMTest" />
    </UnitTest>
    <UnitTest name="PUSH_qqTest" storage="c:\users\samcruise\documents\visual studio 2010\projects\zxspectrum\testproject2\bin\debug\testproject2.dll" id="9084bd1d-64fc-c645-d3ae-df82e73934b3">
      <DeploymentItems>
        <DeploymentItem filename="EmuTest.exe" />
      </DeploymentItems>
      <Execution id="4c73bc6b-54f2-4c55-bb0f-e0270a309898" />
      <TestMethod codeBase="C:/Users/samcruise/documents/visual studio 2010/Projects/ZXSpectrum/TestProject2/bin/Debug/TestProject2.DLL" adapterTypeName="Microsoft.VisualStudio.TestTools.TestTypes.Unit.UnitTestAdapter, Microsoft.VisualStudio.QualityTools.Tips.UnitTest.Adapter, Version=10.0.0.0, Culture=neutral, PublicKeyToken=b03f5f7f11d50a3a" className="TestProject2.Z80Test, TestProject2, Version=1.0.0.0, Culture=neutral, PublicKeyToken=null" name="PUSH_qqTest" />
    </UnitTest>
    <UnitTest name="RLTest" storage="c:\users\samcruise\documents\visual studio 2010\projects\zxspectrum\testproject2\bin\debug\testproject2.dll" id="8d11f4ff-16dc-c6dd-67b2-df83947219f7">
      <DeploymentItems>
        <DeploymentItem filename="EmuTest.exe" />
      </DeploymentItems>
      <Execution id="e8404ad3-cb52-4bef-a954-e3c469fd0da8" />
      <TestMethod codeBase="C:/Users/samcruise/documents/visual studio 2010/Projects/ZXSpectrum/TestProject2/bin/Debug/TestProject2.DLL" adapterTypeName="Microsoft.VisualStudio.TestTools.TestTypes.Unit.UnitTestAdapter, Microsoft.VisualStudio.QualityTools.Tips.UnitTest.Adapter, Version=10.0.0.0, Culture=neutral, PublicKeyToken=b03f5f7f11d50a3a" className="TestProject2.Z80Test, TestProject2, Version=1.0.0.0, Culture=neutral, PublicKeyToken=null" name="RLTest" />
    </UnitTest>
    <UnitTest name="SRATest" storage="c:\users\samcruise\documents\visual studio 2010\projects\zxspectrum\testproject2\bin\debug\testproject2.dll" id="d576b2e9-18ab-4c39-22d6-660b702088a3">
      <DeploymentItems>
        <DeploymentItem filename="EmuTest.exe" />
      </DeploymentItems>
      <Execution id="bc69b8c6-db09-4aa5-a2fe-4b292f23338f" />
      <TestMethod codeBase="C:/Users/samcruise/documents/visual studio 2010/Projects/ZXSpectrum/TestProject2/bin/Debug/TestProject2.DLL" adapterTypeName="Microsoft.VisualStudio.TestTools.TestTypes.Unit.UnitTestAdapter, Microsoft.VisualStudio.QualityTools.Tips.UnitTest.Adapter, Version=10.0.0.0, Culture=neutral, PublicKeyToken=b03f5f7f11d50a3a" className="TestProject2.Z80Test, TestProject2, Version=1.0.0.0, Culture=neutral, PublicKeyToken=null" name="SRATest" />
    </UnitTest>
    <UnitTest name="DEC_rTest" storage="c:\users\samcruise\documents\visual studio 2010\projects\zxspectrum\testproject2\bin\debug\testproject2.dll" id="64f3a371-75dd-ff36-2172-a082a1bb01a7">
      <DeploymentItems>
        <DeploymentItem filename="EmuTest.exe" />
      </DeploymentItems>
      <Execution id="8c3a77a9-78f3-4244-8ce4-fb40725bd8b9" />
      <TestMethod codeBase="C:/Users/samcruise/documents/visual studio 2010/Projects/ZXSpectrum/TestProject2/bin/Debug/TestProject2.DLL" adapterTypeName="Microsoft.VisualStudio.TestTools.TestTypes.Unit.UnitTestAdapter, Microsoft.VisualStudio.QualityTools.Tips.UnitTest.Adapter, Version=10.0.0.0, Culture=neutral, PublicKeyToken=b03f5f7f11d50a3a" className="TestProject2.Z80Test, TestProject2, Version=1.0.0.0, Culture=neutral, PublicKeyToken=null" name="DEC_rTest" />
    </UnitTest>
    <UnitTest name="AND_rTest" storage="c:\users\samcruise\documents\visual studio 2010\projects\zxspectrum\testproject2\bin\debug\testproject2.dll" id="7769ab53-4bf0-a65b-8187-75daf24d1434">
      <DeploymentItems>
        <DeploymentItem filename="EmuTest.exe" />
      </DeploymentItems>
      <Execution id="0e77fbca-9f13-47ca-86a1-b20ce1d54c98" />
      <TestMethod codeBase="C:/Users/samcruise/documents/visual studio 2010/Projects/ZXSpectrum/TestProject2/bin/Debug/TestProject2.DLL" adapterTypeName="Microsoft.VisualStudio.TestTools.TestTypes.Unit.UnitTestAdapter, Microsoft.VisualStudio.QualityTools.Tips.UnitTest.Adapter, Version=10.0.0.0, Culture=neutral, PublicKeyToken=b03f5f7f11d50a3a" className="TestProject2.Z80Test, TestProject2, Version=1.0.0.0, Culture=neutral, PublicKeyToken=null" name="AND_rTest" />
    </UnitTest>
    <UnitTest name="CarryTest" storage="c:\users\samcruise\documents\visual studio 2010\projects\zxspectrum\testproject2\bin\debug\testproject2.dll" id="6ea371f5-9713-1500-34a7-78647e13da18">
      <DeploymentItems>
        <DeploymentItem filename="EmuTest.exe" />
      </DeploymentItems>
      <Execution id="9f43f4eb-fa9c-4115-8c2a-c40a91fd7c7d" />
      <TestMethod codeBase="C:/Users/samcruise/documents/visual studio 2010/Projects/ZXSpectrum/TestProject2/bin/Debug/TestProject2.DLL" adapterTypeName="Microsoft.VisualStudio.TestTools.TestTypes.Unit.UnitTestAdapter, Microsoft.VisualStudio.QualityTools.Tips.UnitTest.Adapter, Version=10.0.0.0, Culture=neutral, PublicKeyToken=b03f5f7f11d50a3a" className="TestProject2.Z80Test, TestProject2, Version=1.0.0.0, Culture=neutral, PublicKeyToken=null" name="CarryTest" />
    </UnitTest>
    <UnitTest name="INC_rTest" storage="c:\users\samcruise\documents\visual studio 2010\projects\zxspectrum\testproject2\bin\debug\testproject2.dll" id="d16ad0a6-d821-4cca-9aac-518623adb362">
      <DeploymentItems>
        <DeploymentItem filename="EmuTest.exe" />
      </DeploymentItems>
      <Execution id="0394dcc0-4f6e-46ae-a373-80268764b236" />
      <TestMethod codeBase="C:/Users/samcruise/documents/visual studio 2010/Projects/ZXSpectrum/TestProject2/bin/Debug/TestProject2.DLL" adapterTypeName="Microsoft.VisualStudio.TestTools.TestTypes.Unit.UnitTestAdapter, Microsoft.VisualStudio.QualityTools.Tips.UnitTest.Adapter, Version=10.0.0.0, Culture=neutral, PublicKeyToken=b03f5f7f11d50a3a" className="TestProject2.Z80Test, TestProject2, Version=1.0.0.0, Culture=neutral, PublicKeyToken=null" name="INC_rTest" />
    </UnitTest>
    <UnitTest name="BITTest" storage="c:\users\samcruise\documents\visual studio 2010\projects\zxspectrum\testproject2\bin\debug\testproject2.dll" id="7976e622-0553-0c71-cbd8-e8577be21b5d">
      <DeploymentItems>
        <DeploymentItem filename="EmuTest.exe" />
      </DeploymentItems>
      <Execution id="611b329f-78ba-436b-ba4d-23723e877af7" />
      <TestMethod codeBase="C:/Users/samcruise/documents/visual studio 2010/Projects/ZXSpectrum/TestProject2/bin/Debug/TestProject2.DLL" adapterTypeName="Microsoft.VisualStudio.TestTools.TestTypes.Unit.UnitTestAdapter, Microsoft.VisualStudio.QualityTools.Tips.UnitTest.Adapter, Version=10.0.0.0, Culture=neutral, PublicKeyToken=b03f5f7f11d50a3a" className="TestProject2.Z80Test, TestProject2, Version=1.0.0.0, Culture=neutral, PublicKeyToken=null" name="BITTest" />
    </UnitTest>
    <UnitTest name="LD_r_rTest" storage="c:\users\samcruise\documents\visual studio 2010\projects\zxspectrum\testproject2\bin\debug\testproject2.dll" id="4e29e539-acb7-4fe7-b58a-ad776d59b1bb">
      <DeploymentItems>
        <DeploymentItem filename="EmuTest.exe" />
      </DeploymentItems>
      <Execution id="61840ce3-e103-46f4-9f45-62d46eb72342" />
      <TestMethod codeBase="C:/Users/samcruise/documents/visual studio 2010/Projects/ZXSpectrum/TestProject2/bin/Debug/TestProject2.DLL" adapterTypeName="Microsoft.VisualStudio.TestTools.TestTypes.Unit.UnitTestAdapter, Microsoft.VisualStudio.QualityTools.Tips.UnitTest.Adapter, Version=10.0.0.0, Culture=neutral, PublicKeyToken=b03f5f7f11d50a3a" className="TestProject2.Z80Test, TestProject2, Version=1.0.0.0, Culture=neutral, PublicKeyToken=null" name="LD_r_rTest" />
    </UnitTest>
    <UnitTest name="SBC_A_nTest" storage="c:\users\samcruise\documents\visual studio 2010\projects\zxspectrum\testproject2\bin\debug\testproject2.dll" id="f27d20d8-0856-98b6-055e-c7e96212608b">
      <DeploymentItems>
        <DeploymentItem filename="EmuTest.exe" />
      </DeploymentItems>
      <Execution id="57bb4d37-7f02-4b09-9959-68eb044b683d" />
      <TestMethod codeBase="C:/Users/samcruise/documents/visual studio 2010/Projects/ZXSpectrum/TestProject2/bin/Debug/TestProject2.DLL" adapterTypeName="Microsoft.VisualStudio.TestTools.TestTypes.Unit.UnitTestAdapter, Microsoft.VisualStudio.QualityTools.Tips.UnitTest.Adapter, Version=10.0.0.0, Culture=neutral, PublicKeyToken=b03f5f7f11d50a3a" className="TestProject2.Z80Test, TestProject2, Version=1.0.0.0, Culture=neutral, PublicKeyToken=null" name="SBC_A_nTest" />
    </UnitTest>
    <UnitTest name="LD_A_RTest" storage="c:\users\samcruise\documents\visual studio 2010\projects\zxspectrum\testproject2\bin\debug\testproject2.dll" id="d6f365f5-4679-7038-6450-481adfa7d5c7">
      <DeploymentItems>
        <DeploymentItem filename="EmuTest.exe" />
      </DeploymentItems>
      <Execution id="1838344a-2461-4b30-8521-3deddf963d81" />
      <TestMethod codeBase="C:/Users/samcruise/documents/visual studio 2010/Projects/ZXSpectrum/TestProject2/bin/Debug/TestProject2.DLL" adapterTypeName="Microsoft.VisualStudio.TestTools.TestTypes.Unit.UnitTestAdapter, Microsoft.VisualStudio.QualityTools.Tips.UnitTest.Adapter, Version=10.0.0.0, Culture=neutral, PublicKeyToken=b03f5f7f11d50a3a" className="TestProject2.Z80Test, TestProject2, Version=1.0.0.0, Culture=neutral, PublicKeyToken=null" name="LD_A_RTest" />
    </UnitTest>
    <UnitTest name="IN_A_nTest" storage="c:\users\samcruise\documents\visual studio 2010\projects\zxspectrum\testproject2\bin\debug\testproject2.dll" id="cb76c32f-1004-2d6e-4048-b5467b53a179">
      <DeploymentItems>
        <DeploymentItem filename="EmuTest.exe" />
      </DeploymentItems>
      <Execution id="9c747677-c07b-43e6-9ca4-b08b800c6c9c" />
      <TestMethod codeBase="C:/Users/samcruise/documents/visual studio 2010/Projects/ZXSpectrum/TestProject2/bin/Debug/TestProject2.DLL" adapterTypeName="Microsoft.VisualStudio.TestTools.TestTypes.Unit.UnitTestAdapter, Microsoft.VisualStudio.QualityTools.Tips.UnitTest.Adapter, Version=10.0.0.0, Culture=neutral, PublicKeyToken=b03f5f7f11d50a3a" className="TestProject2.Z80Test, TestProject2, Version=1.0.0.0, Culture=neutral, PublicKeyToken=null" name="IN_A_nTest" />
    </UnitTest>
    <UnitTest name="RRTest" storage="c:\users\samcruise\documents\visual studio 2010\projects\zxspectrum\testproject2\bin\debug\testproject2.dll" id="c00d5263-9362-91d8-9786-3cf7ff9338c7">
      <DeploymentItems>
        <DeploymentItem filename="EmuTest.exe" />
      </DeploymentItems>
      <Execution id="3bc55dd3-ec33-4f7b-9013-3941e9f977d0" />
      <TestMethod codeBase="C:/Users/samcruise/documents/visual studio 2010/Projects/ZXSpectrum/TestProject2/bin/Debug/TestProject2.DLL" adapterTypeName="Microsoft.VisualStudio.TestTools.TestTypes.Unit.UnitTestAdapter, Microsoft.VisualStudio.QualityTools.Tips.UnitTest.Adapter, Version=10.0.0.0, Culture=neutral, PublicKeyToken=b03f5f7f11d50a3a" className="TestProject2.Z80Test, TestProject2, Version=1.0.0.0, Culture=neutral, PublicKeyToken=null" name="RRTest" />
    </UnitTest>
    <UnitTest name="SRLTest" storage="c:\users\samcruise\documents\visual studio 2010\projects\zxspectrum\testproject2\bin\debug\testproject2.dll" id="a281a993-54ac-242d-6e81-bd7ca5969d50">
      <DeploymentItems>
        <DeploymentItem filename="EmuTest.exe" />
      </DeploymentItems>
      <Execution id="11c50fe0-1a92-478c-82df-180f3c313cb6" />
      <TestMethod codeBase="C:/Users/samcruise/documents/visual studio 2010/Projects/ZXSpectrum/TestProject2/bin/Debug/TestProject2.DLL" adapterTypeName="Microsoft.VisualStudio.TestTools.TestTypes.Unit.UnitTestAdapter, Microsoft.VisualStudio.QualityTools.Tips.UnitTest.Adapter, Version=10.0.0.0, Culture=neutral, PublicKeyToken=b03f5f7f11d50a3a" className="TestProject2.Z80Test, TestProject2, Version=1.0.0.0, Culture=neutral, PublicKeyToken=null" name="SRLTest" />
    </UnitTest>
    <UnitTest name="JRTest" storage="c:\users\samcruise\documents\visual studio 2010\projects\zxspectrum\testproject2\bin\debug\testproject2.dll" id="d987caa4-b236-d3ff-cce6-1360da40887d">
      <DeploymentItems>
        <DeploymentItem filename="EmuTest.exe" />
      </DeploymentItems>
      <Execution id="93988bea-20d3-4017-8b2c-e4b12d6b18bd" />
      <TestMethod codeBase="C:/Users/samcruise/documents/visual studio 2010/Projects/ZXSpectrum/TestProject2/bin/Debug/TestProject2.DLL" adapterTypeName="Microsoft.VisualStudio.TestTools.TestTypes.Unit.UnitTestAdapter, Microsoft.VisualStudio.QualityTools.Tips.UnitTest.Adapter, Version=10.0.0.0, Culture=neutral, PublicKeyToken=b03f5f7f11d50a3a" className="TestProject2.Z80Test, TestProject2, Version=1.0.0.0, Culture=neutral, PublicKeyToken=null" name="JRTest" />
    </UnitTest>
    <UnitTest name="RESTest" storage="c:\users\samcruise\documents\visual studio 2010\projects\zxspectrum\testproject2\bin\debug\testproject2.dll" id="ec8889aa-5c28-4621-dc4c-a1bae4f864b3">
      <DeploymentItems>
        <DeploymentItem filename="EmuTest.exe" />
      </DeploymentItems>
      <Execution id="70040b5c-1090-41e0-ad8b-5e255483c67f" />
      <TestMethod codeBase="C:/Users/samcruise/documents/visual studio 2010/Projects/ZXSpectrum/TestProject2/bin/Debug/TestProject2.DLL" adapterTypeName="Microsoft.VisualStudio.TestTools.TestTypes.Unit.UnitTestAdapter, Microsoft.VisualStudio.QualityTools.Tips.UnitTest.Adapter, Version=10.0.0.0, Culture=neutral, PublicKeyToken=b03f5f7f11d50a3a" className="TestProject2.Z80Test, TestProject2, Version=1.0.0.0, Culture=neutral, PublicKeyToken=null" name="RESTest" />
    </UnitTest>
    <UnitTest name="OR_nTest" storage="c:\users\samcruise\documents\visual studio 2010\projects\zxspectrum\testproject2\bin\debug\testproject2.dll" id="ef38ddd6-7755-2790-0e1b-b39d5b54c463">
      <DeploymentItems>
        <DeploymentItem filename="EmuTest.exe" />
      </DeploymentItems>
      <Execution id="8cae9a32-e640-423e-9132-2bb3bbbc1358" />
      <TestMethod codeBase="C:/Users/samcruise/documents/visual studio 2010/Projects/ZXSpectrum/TestProject2/bin/Debug/TestProject2.DLL" adapterTypeName="Microsoft.VisualStudio.TestTools.TestTypes.Unit.UnitTestAdapter, Microsoft.VisualStudio.QualityTools.Tips.UnitTest.Adapter, Version=10.0.0.0, Culture=neutral, PublicKeyToken=b03f5f7f11d50a3a" className="TestProject2.Z80Test, TestProject2, Version=1.0.0.0, Culture=neutral, PublicKeyToken=null" name="OR_nTest" />
    </UnitTest>
    <UnitTest name="RLCTest" storage="c:\users\samcruise\documents\visual studio 2010\projects\zxspectrum\testproject2\bin\debug\testproject2.dll" id="5b87d4fd-91a2-2ead-ea51-310966889653">
      <DeploymentItems>
        <DeploymentItem filename="EmuTest.exe" />
      </DeploymentItems>
      <Execution id="4d70581d-f7fc-4f93-9199-8b1f5ed1654f" />
      <TestMethod codeBase="C:/Users/samcruise/documents/visual studio 2010/Projects/ZXSpectrum/TestProject2/bin/Debug/TestProject2.DLL" adapterTypeName="Microsoft.VisualStudio.TestTools.TestTypes.Unit.UnitTestAdapter, Microsoft.VisualStudio.QualityTools.Tips.UnitTest.Adapter, Version=10.0.0.0, Culture=neutral, PublicKeyToken=b03f5f7f11d50a3a" className="TestProject2.Z80Test, TestProject2, Version=1.0.0.0, Culture=neutral, PublicKeyToken=null" name="RLCTest" />
    </UnitTest>
    <UnitTest name="AND_nTest" storage="c:\users\samcruise\documents\visual studio 2010\projects\zxspectrum\testproject2\bin\debug\testproject2.dll" id="9f6c528b-5fee-7f40-d59f-122c6aa17338">
      <DeploymentItems>
        <DeploymentItem filename="EmuTest.exe" />
      </DeploymentItems>
      <Execution id="3d727e30-9966-4815-8ca2-d42853db6fb6" />
      <TestMethod codeBase="C:/Users/samcruise/documents/visual studio 2010/Projects/ZXSpectrum/TestProject2/bin/Debug/TestProject2.DLL" adapterTypeName="Microsoft.VisualStudio.TestTools.TestTypes.Unit.UnitTestAdapter, Microsoft.VisualStudio.QualityTools.Tips.UnitTest.Adapter, Version=10.0.0.0, Culture=neutral, PublicKeyToken=b03f5f7f11d50a3a" className="TestProject2.Z80Test, TestProject2, Version=1.0.0.0, Culture=neutral, PublicKeyToken=null" name="AND_nTest" />
    </UnitTest>
    <UnitTest name="RRCATest" storage="c:\users\samcruise\documents\visual studio 2010\projects\zxspectrum\testproject2\bin\debug\testproject2.dll" id="947b96e5-70b2-89ca-d911-83455c83ccaf">
      <DeploymentItems>
        <DeploymentItem filename="EmuTest.exe" />
      </DeploymentItems>
      <Execution id="e274ad3a-bd2b-4997-97d6-f8d86facf554" />
      <TestMethod codeBase="C:/Users/samcruise/documents/visual studio 2010/Projects/ZXSpectrum/TestProject2/bin/Debug/TestProject2.DLL" adapterTypeName="Microsoft.VisualStudio.TestTools.TestTypes.Unit.UnitTestAdapter, Microsoft.VisualStudio.QualityTools.Tips.UnitTest.Adapter, Version=10.0.0.0, Culture=neutral, PublicKeyToken=b03f5f7f11d50a3a" className="TestProject2.Z80Test, TestProject2, Version=1.0.0.0, Culture=neutral, PublicKeyToken=null" name="RRCATest" />
    </UnitTest>
    <UnitTest name="POP_qqTest" storage="c:\users\samcruise\documents\visual studio 2010\projects\zxspectrum\testproject2\bin\debug\testproject2.dll" id="1fa28479-68b5-6739-9382-2a843d130358">
      <DeploymentItems>
        <DeploymentItem filename="EmuTest.exe" />
      </DeploymentItems>
      <Execution id="36bc2148-80d7-47e5-9c1f-10c367d20ddf" />
      <TestMethod codeBase="C:/Users/samcruise/documents/visual studio 2010/Projects/ZXSpectrum/TestProject2/bin/Debug/TestProject2.DLL" adapterTypeName="Microsoft.VisualStudio.TestTools.TestTypes.Unit.UnitTestAdapter, Microsoft.VisualStudio.QualityTools.Tips.UnitTest.Adapter, Version=10.0.0.0, Culture=neutral, PublicKeyToken=b03f5f7f11d50a3a" className="TestProject2.Z80Test, TestProject2, Version=1.0.0.0, Culture=neutral, PublicKeyToken=null" name="POP_qqTest" />
    </UnitTest>
    <UnitTest name="EX_SP_HLTest" storage="c:\users\samcruise\documents\visual studio 2010\projects\zxspectrum\testproject2\bin\debug\testproject2.dll" id="5ffd0124-37d8-11bf-fa8d-5062ee6afc91">
      <DeploymentItems>
        <DeploymentItem filename="EmuTest.exe" />
      </DeploymentItems>
      <Execution id="3612af5f-59b7-40a5-82ce-991ac0d9cf35" />
      <TestMethod codeBase="C:/Users/samcruise/documents/visual studio 2010/Projects/ZXSpectrum/TestProject2/bin/Debug/TestProject2.DLL" adapterTypeName="Microsoft.VisualStudio.TestTools.TestTypes.Unit.UnitTestAdapter, Microsoft.VisualStudio.QualityTools.Tips.UnitTest.Adapter, Version=10.0.0.0, Culture=neutral, PublicKeyToken=b03f5f7f11d50a3a" className="TestProject2.Z80Test, TestProject2, Version=1.0.0.0, Culture=neutral, PublicKeyToken=null" name="EX_SP_HLTest" />
    </UnitTest>
    <UnitTest name="LD_A_nnTest" storage="c:\users\samcruise\documents\visual studio 2010\projects\zxspectrum\testproject2\bin\debug\testproject2.dll" id="3910ea2e-3d0e-baae-5cb5-ee5255a7ee35">
      <DeploymentItems>
        <DeploymentItem filename="EmuTest.exe" />
      </DeploymentItems>
      <Execution id="f89dce60-2618-42be-b3ad-e5012d94ced8" />
      <TestMethod codeBase="C:/Users/samcruise/documents/visual studio 2010/Projects/ZXSpectrum/TestProject2/bin/Debug/TestProject2.DLL" adapterTypeName="Microsoft.VisualStudio.TestTools.TestTypes.Unit.UnitTestAdapter, Microsoft.VisualStudio.QualityTools.Tips.UnitTest.Adapter, Version=10.0.0.0, Culture=neutral, PublicKeyToken=b03f5f7f11d50a3a" className="TestProject2.Z80Test, TestProject2, Version=1.0.0.0, Culture=neutral, PublicKeyToken=null" name="LD_A_nnTest" />
    </UnitTest>
    <UnitTest name="XOR_nTest" storage="c:\users\samcruise\documents\visual studio 2010\projects\zxspectrum\testproject2\bin\debug\testproject2.dll" id="2d6e4e36-5fe1-42c4-5c13-c7a8f483806d">
      <DeploymentItems>
        <DeploymentItem filename="EmuTest.exe" />
      </DeploymentItems>
      <Execution id="9058b608-ccc4-4757-939e-7e4a29b5adc0" />
      <TestMethod codeBase="C:/Users/samcruise/documents/visual studio 2010/Projects/ZXSpectrum/TestProject2/bin/Debug/TestProject2.DLL" adapterTypeName="Microsoft.VisualStudio.TestTools.TestTypes.Unit.UnitTestAdapter, Microsoft.VisualStudio.QualityTools.Tips.UnitTest.Adapter, Version=10.0.0.0, Culture=neutral, PublicKeyToken=b03f5f7f11d50a3a" className="TestProject2.Z80Test, TestProject2, Version=1.0.0.0, Culture=neutral, PublicKeyToken=null" name="XOR_nTest" />
    </UnitTest>
    <UnitTest name="DNJZTest" storage="c:\users\samcruise\documents\visual studio 2010\projects\zxspectrum\testproject2\bin\debug\testproject2.dll" id="a5b3e069-d5dc-aae1-dab1-7ba2da7e0884">
      <DeploymentItems>
        <DeploymentItem filename="EmuTest.exe" />
      </DeploymentItems>
      <Execution id="7666c51d-bed3-4419-ad16-fd14e31b5254" />
      <TestMethod codeBase="C:/Users/samcruise/documents/visual studio 2010/Projects/ZXSpectrum/TestProject2/bin/Debug/TestProject2.DLL" adapterTypeName="Microsoft.VisualStudio.TestTools.TestTypes.Unit.UnitTestAdapter, Microsoft.VisualStudio.QualityTools.Tips.UnitTest.Adapter, Version=10.0.0.0, Culture=neutral, PublicKeyToken=b03f5f7f11d50a3a" className="TestProject2.Z80Test, TestProject2, Version=1.0.0.0, Culture=neutral, PublicKeyToken=null" name="DNJZTest" />
    </UnitTest>
    <UnitTest name="OUT_n_ATest" storage="c:\users\samcruise\documents\visual studio 2010\projects\zxspectrum\testproject2\bin\debug\testproject2.dll" id="ec3dceb2-7476-60e7-45c6-cb4ca611c1fd">
      <DeploymentItems>
        <DeploymentItem filename="EmuTest.exe" />
      </DeploymentItems>
      <Execution id="d17b2d14-dea8-4b00-b951-80ce49578b72" />
      <TestMethod codeBase="C:/Users/samcruise/documents/visual studio 2010/Projects/ZXSpectrum/TestProject2/bin/Debug/TestProject2.DLL" adapterTypeName="Microsoft.VisualStudio.TestTools.TestTypes.Unit.UnitTestAdapter, Microsoft.VisualStudio.QualityTools.Tips.UnitTest.Adapter, Version=10.0.0.0, Culture=neutral, PublicKeyToken=b03f5f7f11d50a3a" className="TestProject2.Z80Test, TestProject2, Version=1.0.0.0, Culture=neutral, PublicKeyToken=null" name="OUT_n_ATest" />
    </UnitTest>
    <UnitTest name="NEGTest" storage="c:\users\samcruise\documents\visual studio 2010\projects\zxspectrum\testproject2\bin\debug\testproject2.dll" id="efeb0611-e5d6-72cb-f153-edd9546c4863">
      <DeploymentItems>
        <DeploymentItem filename="EmuTest.exe" />
      </DeploymentItems>
      <Execution id="51b50c84-f1f2-463d-828e-caf88bf61b3d" />
      <TestMethod codeBase="C:/Users/samcruise/documents/visual studio 2010/Projects/ZXSpectrum/TestProject2/bin/Debug/TestProject2.DLL" adapterTypeName="Microsoft.VisualStudio.TestTools.TestTypes.Unit.UnitTestAdapter, Microsoft.VisualStudio.QualityTools.Tips.UnitTest.Adapter, Version=10.0.0.0, Culture=neutral, PublicKeyToken=b03f5f7f11d50a3a" className="TestProject2.Z80Test, TestProject2, Version=1.0.0.0, Culture=neutral, PublicKeyToken=null" name="NEGTest" />
    </UnitTest>
    <UnitTest name="LD_A_DETest" storage="c:\users\samcruise\documents\visual studio 2010\projects\zxspectrum\testproject2\bin\debug\testproject2.dll" id="dedf675d-4710-3439-30c1-2b6f394221dd">
      <DeploymentItems>
        <DeploymentItem filename="EmuTest.exe" />
      </DeploymentItems>
      <Execution id="1ccac03b-ac6a-4051-89a7-4020c8f39960" />
      <TestMethod codeBase="C:/Users/samcruise/documents/visual studio 2010/Projects/ZXSpectrum/TestProject2/bin/Debug/TestProject2.DLL" adapterTypeName="Microsoft.VisualStudio.TestTools.TestTypes.Unit.UnitTestAdapter, Microsoft.VisualStudio.QualityTools.Tips.UnitTest.Adapter, Version=10.0.0.0, Culture=neutral, PublicKeyToken=b03f5f7f11d50a3a" className="TestProject2.Z80Test, TestProject2, Version=1.0.0.0, Culture=neutral, PublicKeyToken=null" name="LD_A_DETest" />
    </UnitTest>
    <UnitTest name="INIRTest" storage="c:\users\samcruise\documents\visual studio 2010\projects\zxspectrum\testproject2\bin\debug\testproject2.dll" id="accb7fb6-557d-89fd-8c02-43ad3120a4e4">
      <DeploymentItems>
        <DeploymentItem filename="EmuTest.exe" />
      </DeploymentItems>
      <Execution id="92bf2c5a-7e56-4b75-89f7-e00cf87a86f3" />
      <TestMethod codeBase="C:/Users/samcruise/documents/visual studio 2010/Projects/ZXSpectrum/TestProject2/bin/Debug/TestProject2.DLL" adapterTypeName="Microsoft.VisualStudio.TestTools.TestTypes.Unit.UnitTestAdapter, Microsoft.VisualStudio.QualityTools.Tips.UnitTest.Adapter, Version=10.0.0.0, Culture=neutral, PublicKeyToken=b03f5f7f11d50a3a" className="TestProject2.Z80Test, TestProject2, Version=1.0.0.0, Culture=neutral, PublicKeyToken=null" name="INIRTest" />
    </UnitTest>
    <UnitTest name="SBC_A_rTest" storage="c:\users\samcruise\documents\visual studio 2010\projects\zxspectrum\testproject2\bin\debug\testproject2.dll" id="3c62e18b-0679-84be-4297-06f24bddccec">
      <DeploymentItems>
        <DeploymentItem filename="EmuTest.exe" />
      </DeploymentItems>
      <Execution id="ebf3260c-e04a-41fc-9df0-d21b13965e5b" />
      <TestMethod codeBase="C:/Users/samcruise/documents/visual studio 2010/Projects/ZXSpectrum/TestProject2/bin/Debug/TestProject2.DLL" adapterTypeName="Microsoft.VisualStudio.TestTools.TestTypes.Unit.UnitTestAdapter, Microsoft.VisualStudio.QualityTools.Tips.UnitTest.Adapter, Version=10.0.0.0, Culture=neutral, PublicKeyToken=b03f5f7f11d50a3a" className="TestProject2.Z80Test, TestProject2, Version=1.0.0.0, Culture=neutral, PublicKeyToken=null" name="SBC_A_rTest" />
    </UnitTest>
    <UnitTest name="SBC_HLTest" storage="c:\users\samcruise\documents\visual studio 2010\projects\zxspectrum\testproject2\bin\debug\testproject2.dll" id="395f2e6e-8b8a-dab4-6961-5d67ff30ad80">
      <DeploymentItems>
        <DeploymentItem filename="EmuTest.exe" />
      </DeploymentItems>
      <Execution id="9aecb10f-9ac4-45cc-9678-b6affff09015" />
      <TestMethod codeBase="C:/Users/samcruise/documents/visual studio 2010/Projects/ZXSpectrum/TestProject2/bin/Debug/TestProject2.DLL" adapterTypeName="Microsoft.VisualStudio.TestTools.TestTypes.Unit.UnitTestAdapter, Microsoft.VisualStudio.QualityTools.Tips.UnitTest.Adapter, Version=10.0.0.0, Culture=neutral, PublicKeyToken=b03f5f7f11d50a3a" className="TestProject2.Z80Test, TestProject2, Version=1.0.0.0, Culture=neutral, PublicKeyToken=null" name="SBC_HLTest" />
    </UnitTest>
    <UnitTest name="CPDRTest" storage="c:\users\samcruise\documents\visual studio 2010\projects\zxspectrum\testproject2\bin\debug\testproject2.dll" id="225c05c4-9748-a7c6-e24e-08b5a00f73ff">
      <DeploymentItems>
        <DeploymentItem filename="EmuTest.exe" />
      </DeploymentItems>
      <Execution id="3c0dc658-a1af-413a-8660-aaee3bbd0762" />
      <TestMethod codeBase="C:/Users/samcruise/documents/visual studio 2010/Projects/ZXSpectrum/TestProject2/bin/Debug/TestProject2.DLL" adapterTypeName="Microsoft.VisualStudio.TestTools.TestTypes.Unit.UnitTestAdapter, Microsoft.VisualStudio.QualityTools.Tips.UnitTest.Adapter, Version=10.0.0.0, Culture=neutral, PublicKeyToken=b03f5f7f11d50a3a" className="TestProject2.Z80Test, TestProject2, Version=1.0.0.0, Culture=neutral, PublicKeyToken=null" name="CPDRTest" />
    </UnitTest>
    <UnitTest name="SLLTest" storage="c:\users\samcruise\documents\visual studio 2010\projects\zxspectrum\testproject2\bin\debug\testproject2.dll" id="3f3d6718-39ff-7fa1-2efb-6ac794445b3b">
      <DeploymentItems>
        <DeploymentItem filename="EmuTest.exe" />
      </DeploymentItems>
      <Execution id="b4235dca-4950-44ff-998f-b63f562c5793" />
      <TestMethod codeBase="C:/Users/samcruise/documents/visual studio 2010/Projects/ZXSpectrum/TestProject2/bin/Debug/TestProject2.DLL" adapterTypeName="Microsoft.VisualStudio.TestTools.TestTypes.Unit.UnitTestAdapter, Microsoft.VisualStudio.QualityTools.Tips.UnitTest.Adapter, Version=10.0.0.0, Culture=neutral, PublicKeyToken=b03f5f7f11d50a3a" className="TestProject2.Z80Test, TestProject2, Version=1.0.0.0, Culture=neutral, PublicKeyToken=null" name="SLLTest" />
    </UnitTest>
    <UnitTest name="INC_ssTest" storage="c:\users\samcruise\documents\visual studio 2010\projects\zxspectrum\testproject2\bin\debug\testproject2.dll" id="d80f292a-b4c2-4be9-b82a-b5573e9be6f2">
      <DeploymentItems>
        <DeploymentItem filename="EmuTest.exe" />
      </DeploymentItems>
      <Execution id="f83c838b-3eec-4471-895e-c2a97c742247" />
      <TestMethod codeBase="C:/Users/samcruise/documents/visual studio 2010/Projects/ZXSpectrum/TestProject2/bin/Debug/TestProject2.DLL" adapterTypeName="Microsoft.VisualStudio.TestTools.TestTypes.Unit.UnitTestAdapter, Microsoft.VisualStudio.QualityTools.Tips.UnitTest.Adapter, Version=10.0.0.0, Culture=neutral, PublicKeyToken=b03f5f7f11d50a3a" className="TestProject2.Z80Test, TestProject2, Version=1.0.0.0, Culture=neutral, PublicKeyToken=null" name="INC_ssTest" />
    </UnitTest>
    <UnitTest name="JP_nnTest" storage="c:\users\samcruise\documents\visual studio 2010\projects\zxspectrum\testproject2\bin\debug\testproject2.dll" id="3cdbe969-b2db-38d4-00ab-7c7380efb3ba">
      <DeploymentItems>
        <DeploymentItem filename="EmuTest.exe" />
      </DeploymentItems>
      <Execution id="38b67616-7bb4-4a21-9e39-0f905d994213" />
      <TestMethod codeBase="C:/Users/samcruise/documents/visual studio 2010/Projects/ZXSpectrum/TestProject2/bin/Debug/TestProject2.DLL" adapterTypeName="Microsoft.VisualStudio.TestTools.TestTypes.Unit.UnitTestAdapter, Microsoft.VisualStudio.QualityTools.Tips.UnitTest.Adapter, Version=10.0.0.0, Culture=neutral, PublicKeyToken=b03f5f7f11d50a3a" className="TestProject2.Z80Test, TestProject2, Version=1.0.0.0, Culture=neutral, PublicKeyToken=null" name="JP_nnTest" />
    </UnitTest>
    <UnitTest name="RRATest" storage="c:\users\samcruise\documents\visual studio 2010\projects\zxspectrum\testproject2\bin\debug\testproject2.dll" id="2fe7eb0b-f938-cdd3-52dd-f930c2ebb2b1">
      <DeploymentItems>
        <DeploymentItem filename="EmuTest.exe" />
      </DeploymentItems>
      <Execution id="c0a842e7-f2d3-4574-8997-2601023a265d" />
      <TestMethod codeBase="C:/Users/samcruise/documents/visual studio 2010/Projects/ZXSpectrum/TestProject2/bin/Debug/TestProject2.DLL" adapterTypeName="Microsoft.VisualStudio.TestTools.TestTypes.Unit.UnitTestAdapter, Microsoft.VisualStudio.QualityTools.Tips.UnitTest.Adapter, Version=10.0.0.0, Culture=neutral, PublicKeyToken=b03f5f7f11d50a3a" className="TestProject2.Z80Test, TestProject2, Version=1.0.0.0, Culture=neutral, PublicKeyToken=null" name="RRATest" />
    </UnitTest>
    <UnitTest name="LDDTest" storage="c:\users\samcruise\documents\visual studio 2010\projects\zxspectrum\testproject2\bin\debug\testproject2.dll" id="2725660c-204c-cdd3-cc38-c8cb0969f291">
      <DeploymentItems>
        <DeploymentItem filename="EmuTest.exe" />
      </DeploymentItems>
      <Execution id="7fb200d5-4139-471f-97ca-637902b6ef1e" />
      <TestMethod codeBase="C:/Users/samcruise/documents/visual studio 2010/Projects/ZXSpectrum/TestProject2/bin/Debug/TestProject2.DLL" adapterTypeName="Microsoft.VisualStudio.TestTools.TestTypes.Unit.UnitTestAdapter, Microsoft.VisualStudio.QualityTools.Tips.UnitTest.Adapter, Version=10.0.0.0, Culture=neutral, PublicKeyToken=b03f5f7f11d50a3a" className="TestProject2.Z80Test, TestProject2, Version=1.0.0.0, Culture=neutral, PublicKeyToken=null" name="LDDTest" />
    </UnitTest>
    <UnitTest name="EXXTest" storage="c:\users\samcruise\documents\visual studio 2010\projects\zxspectrum\testproject2\bin\debug\testproject2.dll" id="4362f3ce-6bef-c806-ed6a-f9a0e3284ef0">
      <DeploymentItems>
        <DeploymentItem filename="EmuTest.exe" />
      </DeploymentItems>
      <Execution id="0dddf27e-7285-466a-a840-70857265c4d6" />
      <TestMethod codeBase="C:/Users/samcruise/documents/visual studio 2010/Projects/ZXSpectrum/TestProject2/bin/Debug/TestProject2.DLL" adapterTypeName="Microsoft.VisualStudio.TestTools.TestTypes.Unit.UnitTestAdapter, Microsoft.VisualStudio.QualityTools.Tips.UnitTest.Adapter, Version=10.0.0.0, Culture=neutral, PublicKeyToken=b03f5f7f11d50a3a" className="TestProject2.Z80Test, TestProject2, Version=1.0.0.0, Culture=neutral, PublicKeyToken=null" name="EXXTest" />
    </UnitTest>
    <UnitTest name="INDTest" storage="c:\users\samcruise\documents\visual studio 2010\projects\zxspectrum\testproject2\bin\debug\testproject2.dll" id="aece9089-8fd9-3739-7b3a-72bcdb4cb138">
      <DeploymentItems>
        <DeploymentItem filename="EmuTest.exe" />
      </DeploymentItems>
      <Execution id="1c755e16-1427-4720-a19a-029633e35380" />
      <TestMethod codeBase="C:/Users/samcruise/documents/visual studio 2010/Projects/ZXSpectrum/TestProject2/bin/Debug/TestProject2.DLL" adapterTypeName="Microsoft.VisualStudio.TestTools.TestTypes.Unit.UnitTestAdapter, Microsoft.VisualStudio.QualityTools.Tips.UnitTest.Adapter, Version=10.0.0.0, Culture=neutral, PublicKeyToken=b03f5f7f11d50a3a" className="TestProject2.Z80Test, TestProject2, Version=1.0.0.0, Culture=neutral, PublicKeyToken=null" name="INDTest" />
    </UnitTest>
    <UnitTest name="Arithmetic8BitTest" storage="c:\users\samcruise\documents\visual studio 2010\projects\zxspectrum\testproject2\bin\debug\testproject2.dll" id="fa282fd8-ace3-314b-bdaa-b68c035c8013">
      <DeploymentItems>
        <DeploymentItem filename="EmuTest.exe" />
      </DeploymentItems>
      <Execution id="479f0ff5-e579-487c-86a4-b7bd586bcbc4" />
      <TestMethod codeBase="C:/Users/samcruise/documents/visual studio 2010/Projects/ZXSpectrum/TestProject2/bin/Debug/TestProject2.DLL" adapterTypeName="Microsoft.VisualStudio.TestTools.TestTypes.Unit.UnitTestAdapter, Microsoft.VisualStudio.QualityTools.Tips.UnitTest.Adapter, Version=10.0.0.0, Culture=neutral, PublicKeyToken=b03f5f7f11d50a3a" className="TestProject2.Z80Test, TestProject2, Version=1.0.0.0, Culture=neutral, PublicKeyToken=null" name="Arithmetic8BitTest" />
    </UnitTest>
    <UnitTest name="OTDRTest" storage="c:\users\samcruise\documents\visual studio 2010\projects\zxspectrum\testproject2\bin\debug\testproject2.dll" id="6582c566-3514-80d9-5e8b-746b8c877c02">
      <DeploymentItems>
        <DeploymentItem filename="EmuTest.exe" />
      </DeploymentItems>
      <Execution id="52740dae-c853-40d1-a52c-b2fe7293cf1c" />
      <TestMethod codeBase="C:/Users/samcruise/documents/visual studio 2010/Projects/ZXSpectrum/TestProject2/bin/Debug/TestProject2.DLL" adapterTypeName="Microsoft.VisualStudio.TestTools.TestTypes.Unit.UnitTestAdapter, Microsoft.VisualStudio.QualityTools.Tips.UnitTest.Adapter, Version=10.0.0.0, Culture=neutral, PublicKeyToken=b03f5f7f11d50a3a" className="TestProject2.Z80Test, TestProject2, Version=1.0.0.0, Culture=neutral, PublicKeyToken=null" name="OTDRTest" />
    </UnitTest>
    <UnitTest name="EX_AF_AF2Test" storage="c:\users\samcruise\documents\visual studio 2010\projects\zxspectrum\testproject2\bin\debug\testproject2.dll" id="a99ddd4b-7030-4db6-9934-7cc5773a9396">
      <DeploymentItems>
        <DeploymentItem filename="EmuTest.exe" />
      </DeploymentItems>
      <Execution id="85905055-fb07-4671-b6e3-1dae8245be59" />
      <TestMethod codeBase="C:/Users/samcruise/documents/visual studio 2010/Projects/ZXSpectrum/TestProject2/bin/Debug/TestProject2.DLL" adapterTypeName="Microsoft.VisualStudio.TestTools.TestTypes.Unit.UnitTestAdapter, Microsoft.VisualStudio.QualityTools.Tips.UnitTest.Adapter, Version=10.0.0.0, Culture=neutral, PublicKeyToken=b03f5f7f11d50a3a" className="TestProject2.Z80Test, TestProject2, Version=1.0.0.0, Culture=neutral, PublicKeyToken=null" name="EX_AF_AF2Test" />
    </UnitTest>
    <UnitTest name="DEC_ssTest" storage="c:\users\samcruise\documents\visual studio 2010\projects\zxspectrum\testproject2\bin\debug\testproject2.dll" id="d40644e9-e5a2-7e4e-64e2-b6d9ec18d899">
      <DeploymentItems>
        <DeploymentItem filename="EmuTest.exe" />
      </DeploymentItems>
      <Execution id="201cd106-4e9a-45c2-abfd-4c5f663797d8" />
      <TestMethod codeBase="C:/Users/samcruise/documents/visual studio 2010/Projects/ZXSpectrum/TestProject2/bin/Debug/TestProject2.DLL" adapterTypeName="Microsoft.VisualStudio.TestTools.TestTypes.Unit.UnitTestAdapter, Microsoft.VisualStudio.QualityTools.Tips.UnitTest.Adapter, Version=10.0.0.0, Culture=neutral, PublicKeyToken=b03f5f7f11d50a3a" className="TestProject2.Z80Test, TestProject2, Version=1.0.0.0, Culture=neutral, PublicKeyToken=null" name="DEC_ssTest" />
    </UnitTest>
    <UnitTest name="EX_DE_HLTest" storage="c:\users\samcruise\documents\visual studio 2010\projects\zxspectrum\testproject2\bin\debug\testproject2.dll" id="c6073ad2-1dfd-1823-7f61-0e4d779c6b0f">
      <DeploymentItems>
        <DeploymentItem filename="EmuTest.exe" />
      </DeploymentItems>
      <Execution id="93d3e54f-c77b-4cb1-bcaa-3a1a8b46b49a" />
      <TestMethod codeBase="C:/Users/samcruise/documents/visual studio 2010/Projects/ZXSpectrum/TestProject2/bin/Debug/TestProject2.DLL" adapterTypeName="Microsoft.VisualStudio.TestTools.TestTypes.Unit.UnitTestAdapter, Microsoft.VisualStudio.QualityTools.Tips.UnitTest.Adapter, Version=10.0.0.0, Culture=neutral, PublicKeyToken=b03f5f7f11d50a3a" className="TestProject2.Z80Test, TestProject2, Version=1.0.0.0, Culture=neutral, PublicKeyToken=null" name="EX_DE_HLTest" />
    </UnitTest>
    <UnitTest name="ADC_A_nTest" storage="c:\users\samcruise\documents\visual studio 2010\projects\zxspectrum\testproject2\bin\debug\testproject2.dll" id="a4ae135f-c523-9f9f-d27b-4db4e5509e94">
      <DeploymentItems>
        <DeploymentItem filename="EmuTest.exe" />
      </DeploymentItems>
      <Execution id="3740c94d-8aea-4540-84a3-9c8a21075d2e" />
      <TestMethod codeBase="C:/Users/samcruise/documents/visual studio 2010/Projects/ZXSpectrum/TestProject2/bin/Debug/TestProject2.DLL" adapterTypeName="Microsoft.VisualStudio.TestTools.TestTypes.Unit.UnitTestAdapter, Microsoft.VisualStudio.QualityTools.Tips.UnitTest.Adapter, Version=10.0.0.0, Culture=neutral, PublicKeyToken=b03f5f7f11d50a3a" className="TestProject2.Z80Test, TestProject2, Version=1.0.0.0, Culture=neutral, PublicKeyToken=null" name="ADC_A_nTest" />
    </UnitTest>
    <UnitTest name="RETITest" storage="c:\users\samcruise\documents\visual studio 2010\projects\zxspectrum\testproject2\bin\debug\testproject2.dll" id="1a78406e-fc9c-f400-96bf-e6409042a51b">
      <DeploymentItems>
        <DeploymentItem filename="EmuTest.exe" />
      </DeploymentItems>
      <Execution id="79a55574-873e-4a8d-8809-489b5c818c84" />
      <TestMethod codeBase="C:/Users/samcruise/documents/visual studio 2010/Projects/ZXSpectrum/TestProject2/bin/Debug/TestProject2.DLL" adapterTypeName="Microsoft.VisualStudio.TestTools.TestTypes.Unit.UnitTestAdapter, Microsoft.VisualStudio.QualityTools.Tips.UnitTest.Adapter, Version=10.0.0.0, Culture=neutral, PublicKeyToken=b03f5f7f11d50a3a" className="TestProject2.Z80Test, TestProject2, Version=1.0.0.0, Culture=neutral, PublicKeyToken=null" name="RETITest" />
    </UnitTest>
    <UnitTest name="LDIRTest" storage="c:\users\samcruise\documents\visual studio 2010\projects\zxspectrum\testproject2\bin\debug\testproject2.dll" id="c6014464-c5a6-fa24-8780-9b58004c3f58">
      <DeploymentItems>
        <DeploymentItem filename="EmuTest.exe" />
      </DeploymentItems>
      <Execution id="16ff449a-261a-4f22-af6f-a132b49b99a1" />
      <TestMethod codeBase="C:/Users/samcruise/documents/visual studio 2010/Projects/ZXSpectrum/TestProject2/bin/Debug/TestProject2.DLL" adapterTypeName="Microsoft.VisualStudio.TestTools.TestTypes.Unit.UnitTestAdapter, Microsoft.VisualStudio.QualityTools.Tips.UnitTest.Adapter, Version=10.0.0.0, Culture=neutral, PublicKeyToken=b03f5f7f11d50a3a" className="TestProject2.Z80Test, TestProject2, Version=1.0.0.0, Culture=neutral, PublicKeyToken=null" name="LDIRTest" />
    </UnitTest>
    <UnitTest name="EITest" storage="c:\users\samcruise\documents\visual studio 2010\projects\zxspectrum\testproject2\bin\debug\testproject2.dll" id="cbf56f62-df39-1b79-4acc-e7326d9dc27c">
      <DeploymentItems>
        <DeploymentItem filename="EmuTest.exe" />
      </DeploymentItems>
      <Execution id="dd55c3dc-395f-45aa-a794-1d803754fd68" />
      <TestMethod codeBase="C:/Users/samcruise/documents/visual studio 2010/Projects/ZXSpectrum/TestProject2/bin/Debug/TestProject2.DLL" adapterTypeName="Microsoft.VisualStudio.TestTools.TestTypes.Unit.UnitTestAdapter, Microsoft.VisualStudio.QualityTools.Tips.UnitTest.Adapter, Version=10.0.0.0, Culture=neutral, PublicKeyToken=b03f5f7f11d50a3a" className="TestProject2.Z80Test, TestProject2, Version=1.0.0.0, Culture=neutral, PublicKeyToken=null" name="EITest" />
    </UnitTest>
    <UnitTest name="CP_nTest" storage="c:\users\samcruise\documents\visual studio 2010\projects\zxspectrum\testproject2\bin\debug\testproject2.dll" id="f418ccbd-868f-1cb5-4064-c312acb76e89">
      <DeploymentItems>
        <DeploymentItem filename="EmuTest.exe" />
      </DeploymentItems>
      <Execution id="62391d16-516e-4725-94a6-d3f23fcf5a77" />
      <TestMethod codeBase="C:/Users/samcruise/documents/visual studio 2010/Projects/ZXSpectrum/TestProject2/bin/Debug/TestProject2.DLL" adapterTypeName="Microsoft.VisualStudio.TestTools.TestTypes.Unit.UnitTestAdapter, Microsoft.VisualStudio.QualityTools.Tips.UnitTest.Adapter, Version=10.0.0.0, Culture=neutral, PublicKeyToken=b03f5f7f11d50a3a" className="TestProject2.Z80Test, TestProject2, Version=1.0.0.0, Culture=neutral, PublicKeyToken=null" name="CP_nTest" />
    </UnitTest>
    <UnitTest name="RRCTest" storage="c:\users\samcruise\documents\visual studio 2010\projects\zxspectrum\testproject2\bin\debug\testproject2.dll" id="4bbbd8b9-6ef7-b020-fb32-ef276dcf5e16">
      <DeploymentItems>
        <DeploymentItem filename="EmuTest.exe" />
      </DeploymentItems>
      <Execution id="223c66e7-2c71-423a-b6ed-7909b8006426" />
      <TestMethod codeBase="C:/Users/samcruise/documents/visual studio 2010/Projects/ZXSpectrum/TestProject2/bin/Debug/TestProject2.DLL" adapterTypeName="Microsoft.VisualStudio.TestTools.TestTypes.Unit.UnitTestAdapter, Microsoft.VisualStudio.QualityTools.Tips.UnitTest.Adapter, Version=10.0.0.0, Culture=neutral, PublicKeyToken=b03f5f7f11d50a3a" className="TestProject2.Z80Test, TestProject2, Version=1.0.0.0, Culture=neutral, PublicKeyToken=null" name="RRCTest" />
    </UnitTest>
    <UnitTest name="CPDTest" storage="c:\users\samcruise\documents\visual studio 2010\projects\zxspectrum\testproject2\bin\debug\testproject2.dll" id="4618a85c-6917-6864-cac1-68e9f062489d">
      <DeploymentItems>
        <DeploymentItem filename="EmuTest.exe" />
      </DeploymentItems>
      <Execution id="02816909-64af-4cd1-933c-24a62329bf05" />
      <TestMethod codeBase="C:/Users/samcruise/documents/visual studio 2010/Projects/ZXSpectrum/TestProject2/bin/Debug/TestProject2.DLL" adapterTypeName="Microsoft.VisualStudio.TestTools.TestTypes.Unit.UnitTestAdapter, Microsoft.VisualStudio.QualityTools.Tips.UnitTest.Adapter, Version=10.0.0.0, Culture=neutral, PublicKeyToken=b03f5f7f11d50a3a" className="TestProject2.Z80Test, TestProject2, Version=1.0.0.0, Culture=neutral, PublicKeyToken=null" name="CPDTest" />
    </UnitTest>
    <UnitTest name="StackTest" storage="c:\users\samcruise\documents\visual studio 2010\projects\zxspectrum\testproject2\bin\debug\testproject2.dll" id="942a0380-d590-7e7a-6851-2cdf34dc5ff1">
      <DeploymentItems>
        <DeploymentItem filename="EmuTest.exe" />
      </DeploymentItems>
      <Execution id="942bc6ba-6af7-491c-8b99-f87bdd266db6" />
      <TestMethod codeBase="C:/Users/samcruise/documents/visual studio 2010/Projects/ZXSpectrum/TestProject2/bin/Debug/TestProject2.DLL" adapterTypeName="Microsoft.VisualStudio.TestTools.TestTypes.Unit.UnitTestAdapter, Microsoft.VisualStudio.QualityTools.Tips.UnitTest.Adapter, Version=10.0.0.0, Culture=neutral, PublicKeyToken=b03f5f7f11d50a3a" className="TestProject2.Z80Test, TestProject2, Version=1.0.0.0, Culture=neutral, PublicKeyToken=null" name="StackTest" />
    </UnitTest>
    <UnitTest name="SLATest" storage="c:\users\samcruise\documents\visual studio 2010\projects\zxspectrum\testproject2\bin\debug\testproject2.dll" id="fd05f8bb-7e5b-6c74-7d40-9b6b3ce48014">
      <DeploymentItems>
        <DeploymentItem filename="EmuTest.exe" />
      </DeploymentItems>
      <Execution id="72141066-40d0-426c-8f1d-7288e75b68ee" />
      <TestMethod codeBase="C:/Users/samcruise/documents/visual studio 2010/Projects/ZXSpectrum/TestProject2/bin/Debug/TestProject2.DLL" adapterTypeName="Microsoft.VisualStudio.TestTools.TestTypes.Unit.UnitTestAdapter, Microsoft.VisualStudio.QualityTools.Tips.UnitTest.Adapter, Version=10.0.0.0, Culture=neutral, PublicKeyToken=b03f5f7f11d50a3a" className="TestProject2.Z80Test, TestProject2, Version=1.0.0.0, Culture=neutral, PublicKeyToken=null" name="SLATest" />
    </UnitTest>
    <UnitTest name="SCFTest" storage="c:\users\samcruise\documents\visual studio 2010\projects\zxspectrum\testproject2\bin\debug\testproject2.dll" id="95637e7c-0e69-a183-b60b-a7b697c7d16d">
      <DeploymentItems>
        <DeploymentItem filename="EmuTest.exe" />
      </DeploymentItems>
      <Execution id="c28524a9-9672-47eb-98b9-a36b3005fbb4" />
      <TestMethod codeBase="C:/Users/samcruise/documents/visual studio 2010/Projects/ZXSpectrum/TestProject2/bin/Debug/TestProject2.DLL" adapterTypeName="Microsoft.VisualStudio.TestTools.TestTypes.Unit.UnitTestAdapter, Microsoft.VisualStudio.QualityTools.Tips.UnitTest.Adapter, Version=10.0.0.0, Culture=neutral, PublicKeyToken=b03f5f7f11d50a3a" className="TestProject2.Z80Test, TestProject2, Version=1.0.0.0, Culture=neutral, PublicKeyToken=null" name="SCFTest" />
    </UnitTest>
    <UnitTest name="LD_A_BCTest" storage="c:\users\samcruise\documents\visual studio 2010\projects\zxspectrum\testproject2\bin\debug\testproject2.dll" id="1098bc54-92c2-3c91-e91e-8afcd496d21e">
      <DeploymentItems>
        <DeploymentItem filename="EmuTest.exe" />
      </DeploymentItems>
      <Execution id="76a44e2f-e30b-4bb1-bf21-0480d4f5fedf" />
      <TestMethod codeBase="C:/Users/samcruise/documents/visual studio 2010/Projects/ZXSpectrum/TestProject2/bin/Debug/TestProject2.DLL" adapterTypeName="Microsoft.VisualStudio.TestTools.TestTypes.Unit.UnitTestAdapter, Microsoft.VisualStudio.QualityTools.Tips.UnitTest.Adapter, Version=10.0.0.0, Culture=neutral, PublicKeyToken=b03f5f7f11d50a3a" className="TestProject2.Z80Test, TestProject2, Version=1.0.0.0, Culture=neutral, PublicKeyToken=null" name="LD_A_BCTest" />
    </UnitTest>
    <UnitTest name="JP_HLTest" storage="c:\users\samcruise\documents\visual studio 2010\projects\zxspectrum\testproject2\bin\debug\testproject2.dll" id="644506c2-c887-ef59-e127-65e89db16cbc">
      <DeploymentItems>
        <DeploymentItem filename="EmuTest.exe" />
      </DeploymentItems>
      <Execution id="ef743025-924c-4ddc-8615-ed632e90c81a" />
      <TestMethod codeBase="C:/Users/samcruise/documents/visual studio 2010/Projects/ZXSpectrum/TestProject2/bin/Debug/TestProject2.DLL" adapterTypeName="Microsoft.VisualStudio.TestTools.TestTypes.Unit.UnitTestAdapter, Microsoft.VisualStudio.QualityTools.Tips.UnitTest.Adapter, Version=10.0.0.0, Culture=neutral, PublicKeyToken=b03f5f7f11d50a3a" className="TestProject2.Z80Test, TestProject2, Version=1.0.0.0, Culture=neutral, PublicKeyToken=null" name="JP_HLTest" />
    </UnitTest>
    <UnitTest name="LD_A_ITest" storage="c:\users\samcruise\documents\visual studio 2010\projects\zxspectrum\testproject2\bin\debug\testproject2.dll" id="77ea9ad2-e5e0-4a61-f03a-bc81b141b08e">
      <DeploymentItems>
        <DeploymentItem filename="EmuTest.exe" />
      </DeploymentItems>
      <Execution id="59862ebf-ff52-4b88-8969-2d8235ecd96b" />
      <TestMethod codeBase="C:/Users/samcruise/documents/visual studio 2010/Projects/ZXSpectrum/TestProject2/bin/Debug/TestProject2.DLL" adapterTypeName="Microsoft.VisualStudio.TestTools.TestTypes.Unit.UnitTestAdapter, Microsoft.VisualStudio.QualityTools.Tips.UnitTest.Adapter, Version=10.0.0.0, Culture=neutral, PublicKeyToken=b03f5f7f11d50a3a" className="TestProject2.Z80Test, TestProject2, Version=1.0.0.0, Culture=neutral, PublicKeyToken=null" name="LD_A_ITest" />
    </UnitTest>
    <UnitTest name="LD_BC_ATest" storage="c:\users\samcruise\documents\visual studio 2010\projects\zxspectrum\testproject2\bin\debug\testproject2.dll" id="82c0cf7c-d6a8-c070-d23c-58c9b55e047a">
      <DeploymentItems>
        <DeploymentItem filename="EmuTest.exe" />
      </DeploymentItems>
      <Execution id="86edac64-1385-4d6a-8fd3-6e50a05dfe84" />
      <TestMethod codeBase="C:/Users/samcruise/documents/visual studio 2010/Projects/ZXSpectrum/TestProject2/bin/Debug/TestProject2.DLL" adapterTypeName="Microsoft.VisualStudio.TestTools.TestTypes.Unit.UnitTestAdapter, Microsoft.VisualStudio.QualityTools.Tips.UnitTest.Adapter, Version=10.0.0.0, Culture=neutral, PublicKeyToken=b03f5f7f11d50a3a" className="TestProject2.Z80Test, TestProject2, Version=1.0.0.0, Culture=neutral, PublicKeyToken=null" name="LD_BC_ATest" />
    </UnitTest>
    <UnitTest name="RETTest" storage="c:\users\samcruise\documents\visual studio 2010\projects\zxspectrum\testproject2\bin\debug\testproject2.dll" id="fbc81c52-7315-1e7c-4d04-ddf848c918c9">
      <DeploymentItems>
        <DeploymentItem filename="EmuTest.exe" />
      </DeploymentItems>
      <Execution id="db0d3a7f-f5f7-4ce0-8ce8-f3e1298d6b90" />
      <TestMethod codeBase="C:/Users/samcruise/documents/visual studio 2010/Projects/ZXSpectrum/TestProject2/bin/Debug/TestProject2.DLL" adapterTypeName="Microsoft.VisualStudio.TestTools.TestTypes.Unit.UnitTestAdapter, Microsoft.VisualStudio.QualityTools.Tips.UnitTest.Adapter, Version=10.0.0.0, Culture=neutral, PublicKeyToken=b03f5f7f11d50a3a" className="TestProject2.Z80Test, TestProject2, Version=1.0.0.0, Culture=neutral, PublicKeyToken=null" name="RETTest" />
    </UnitTest>
    <UnitTest name="ADC_A_rTest" storage="c:\users\samcruise\documents\visual studio 2010\projects\zxspectrum\testproject2\bin\debug\testproject2.dll" id="7fa090f1-d9a9-3de8-1087-2d0b0717201b">
      <DeploymentItems>
        <DeploymentItem filename="EmuTest.exe" />
      </DeploymentItems>
      <Execution id="37a0a6bd-a1de-4716-a4a2-128e98f91151" />
      <TestMethod codeBase="C:/Users/samcruise/documents/visual studio 2010/Projects/ZXSpectrum/TestProject2/bin/Debug/TestProject2.DLL" adapterTypeName="Microsoft.VisualStudio.TestTools.TestTypes.Unit.UnitTestAdapter, Microsoft.VisualStudio.QualityTools.Tips.UnitTest.Adapter, Version=10.0.0.0, Culture=neutral, PublicKeyToken=b03f5f7f11d50a3a" className="TestProject2.Z80Test, TestProject2, Version=1.0.0.0, Culture=neutral, PublicKeyToken=null" name="ADC_A_rTest" />
    </UnitTest>
    <UnitTest name="RLDTest" storage="c:\users\samcruise\documents\visual studio 2010\projects\zxspectrum\testproject2\bin\debug\testproject2.dll" id="0804b260-48c2-c53d-e9c8-4cb6d080560a">
      <DeploymentItems>
        <DeploymentItem filename="EmuTest.exe" />
      </DeploymentItems>
      <Execution id="4863031d-9756-45b4-8477-1b39a9a967fd" />
      <TestMethod codeBase="C:/Users/samcruise/documents/visual studio 2010/Projects/ZXSpectrum/TestProject2/bin/Debug/TestProject2.DLL" adapterTypeName="Microsoft.VisualStudio.TestTools.TestTypes.Unit.UnitTestAdapter, Microsoft.VisualStudio.QualityTools.Tips.UnitTest.Adapter, Version=10.0.0.0, Culture=neutral, PublicKeyToken=b03f5f7f11d50a3a" className="TestProject2.Z80Test, TestProject2, Version=1.0.0.0, Culture=neutral, PublicKeyToken=null" name="RLDTest" />
    </UnitTest>
    <UnitTest name="RRDTest" storage="c:\users\samcruise\documents\visual studio 2010\projects\zxspectrum\testproject2\bin\debug\testproject2.dll" id="90d80866-ad2b-eaca-8eb7-479ef25dc5d4">
      <DeploymentItems>
        <DeploymentItem filename="EmuTest.exe" />
      </DeploymentItems>
      <Execution id="0e47dc66-6112-4285-a1e2-6da7f6069ae0" />
      <TestMethod codeBase="C:/Users/samcruise/documents/visual studio 2010/Projects/ZXSpectrum/TestProject2/bin/Debug/TestProject2.DLL" adapterTypeName="Microsoft.VisualStudio.TestTools.TestTypes.Unit.UnitTestAdapter, Microsoft.VisualStudio.QualityTools.Tips.UnitTest.Adapter, Version=10.0.0.0, Culture=neutral, PublicKeyToken=b03f5f7f11d50a3a" className="TestProject2.Z80Test, TestProject2, Version=1.0.0.0, Culture=neutral, PublicKeyToken=null" name="RRDTest" />
    </UnitTest>
    <UnitTest name="IN_r_CTest" storage="c:\users\samcruise\documents\visual studio 2010\projects\zxspectrum\testproject2\bin\debug\testproject2.dll" id="6af126f8-3922-fbad-35b8-bf549d275e90">
      <DeploymentItems>
        <DeploymentItem filename="EmuTest.exe" />
      </DeploymentItems>
      <Execution id="de0f34b9-232f-415b-ae45-4dadfc60edd0" />
      <TestMethod codeBase="C:/Users/samcruise/documents/visual studio 2010/Projects/ZXSpectrum/TestProject2/bin/Debug/TestProject2.DLL" adapterTypeName="Microsoft.VisualStudio.TestTools.TestTypes.Unit.UnitTestAdapter, Microsoft.VisualStudio.QualityTools.Tips.UnitTest.Adapter, Version=10.0.0.0, Culture=neutral, PublicKeyToken=b03f5f7f11d50a3a" className="TestProject2.Z80Test, TestProject2, Version=1.0.0.0, Culture=neutral, PublicKeyToken=null" name="IN_r_CTest" />
    </UnitTest>
    <UnitTest name="ADD_HL_ssTest" storage="c:\users\samcruise\documents\visual studio 2010\projects\zxspectrum\testproject2\bin\debug\testproject2.dll" id="77c6ab54-7ca3-396b-513b-a14bf6be574c">
      <DeploymentItems>
        <DeploymentItem filename="EmuTest.exe" />
      </DeploymentItems>
      <Execution id="6386b6ef-d0f9-441d-8af4-677edbe6dd63" />
      <TestMethod codeBase="C:/Users/samcruise/documents/visual studio 2010/Projects/ZXSpectrum/TestProject2/bin/Debug/TestProject2.DLL" adapterTypeName="Microsoft.VisualStudio.TestTools.TestTypes.Unit.UnitTestAdapter, Microsoft.VisualStudio.QualityTools.Tips.UnitTest.Adapter, Version=10.0.0.0, Culture=neutral, PublicKeyToken=b03f5f7f11d50a3a" className="TestProject2.Z80Test, TestProject2, Version=1.0.0.0, Culture=neutral, PublicKeyToken=null" name="ADD_HL_ssTest" />
    </UnitTest>
    <UnitTest name="CALL_cc_nnTest" storage="c:\users\samcruise\documents\visual studio 2010\projects\zxspectrum\testproject2\bin\debug\testproject2.dll" id="320aa1ed-8916-5804-9751-99d2b2fcbc6a">
      <DeploymentItems>
        <DeploymentItem filename="EmuTest.exe" />
      </DeploymentItems>
      <Execution id="c908683d-bac7-4f1c-9671-45509cf5b595" />
      <TestMethod codeBase="C:/Users/samcruise/documents/visual studio 2010/Projects/ZXSpectrum/TestProject2/bin/Debug/TestProject2.DLL" adapterTypeName="Microsoft.VisualStudio.TestTools.TestTypes.Unit.UnitTestAdapter, Microsoft.VisualStudio.QualityTools.Tips.UnitTest.Adapter, Version=10.0.0.0, Culture=neutral, PublicKeyToken=b03f5f7f11d50a3a" className="TestProject2.Z80Test, TestProject2, Version=1.0.0.0, Culture=neutral, PublicKeyToken=null" name="CALL_cc_nnTest" />
    </UnitTest>
    <UnitTest name="LD_I_ATest" storage="c:\users\samcruise\documents\visual studio 2010\projects\zxspectrum\testproject2\bin\debug\testproject2.dll" id="8419ae4f-e0d9-7a9f-7f37-e3a84733904b">
      <DeploymentItems>
        <DeploymentItem filename="EmuTest.exe" />
      </DeploymentItems>
      <Execution id="57d0d3db-3663-409d-aa96-01cb13011d08" />
      <TestMethod codeBase="C:/Users/samcruise/documents/visual studio 2010/Projects/ZXSpectrum/TestProject2/bin/Debug/TestProject2.DLL" adapterTypeName="Microsoft.VisualStudio.TestTools.TestTypes.Unit.UnitTestAdapter, Microsoft.VisualStudio.QualityTools.Tips.UnitTest.Adapter, Version=10.0.0.0, Culture=neutral, PublicKeyToken=b03f5f7f11d50a3a" className="TestProject2.Z80Test, TestProject2, Version=1.0.0.0, Culture=neutral, PublicKeyToken=null" name="LD_I_ATest" />
    </UnitTest>
    <UnitTest name="DITest" storage="c:\users\samcruise\documents\visual studio 2010\projects\zxspectrum\testproject2\bin\debug\testproject2.dll" id="e92b5c19-a5d8-72ee-80c0-df041dccc0be">
      <DeploymentItems>
        <DeploymentItem filename="EmuTest.exe" />
      </DeploymentItems>
      <Execution id="42fefb7c-8d35-44ed-936a-a7c6c9f00f9e" />
      <TestMethod codeBase="C:/Users/samcruise/documents/visual studio 2010/Projects/ZXSpectrum/TestProject2/bin/Debug/TestProject2.DLL" adapterTypeName="Microsoft.VisualStudio.TestTools.TestTypes.Unit.UnitTestAdapter, Microsoft.VisualStudio.QualityTools.Tips.UnitTest.Adapter, Version=10.0.0.0, Culture=neutral, PublicKeyToken=b03f5f7f11d50a3a" className="TestProject2.Z80Test, TestProject2, Version=1.0.0.0, Culture=neutral, PublicKeyToken=null" name="DITest" />
    </UnitTest>
    <UnitTest name="CPLTest" storage="c:\users\samcruise\documents\visual studio 2010\projects\zxspectrum\testproject2\bin\debug\testproject2.dll" id="f8babc50-25ce-9eb4-fa02-2679067db866">
      <DeploymentItems>
        <DeploymentItem filename="EmuTest.exe" />
      </DeploymentItems>
      <Execution id="09d1381f-ebcc-45dc-87db-36316bb363fc" />
      <TestMethod codeBase="C:/Users/samcruise/documents/visual studio 2010/Projects/ZXSpectrum/TestProject2/bin/Debug/TestProject2.DLL" adapterTypeName="Microsoft.VisualStudio.TestTools.TestTypes.Unit.UnitTestAdapter, Microsoft.VisualStudio.QualityTools.Tips.UnitTest.Adapter, Version=10.0.0.0, Culture=neutral, PublicKeyToken=b03f5f7f11d50a3a" className="TestProject2.Z80Test, TestProject2, Version=1.0.0.0, Culture=neutral, PublicKeyToken=null" name="CPLTest" />
    </UnitTest>
    <UnitTest name="CPIRTest" storage="c:\users\samcruise\documents\visual studio 2010\projects\zxspectrum\testproject2\bin\debug\testproject2.dll" id="1a60954a-838a-08ce-4a89-0464a13b3a93">
      <DeploymentItems>
        <DeploymentItem filename="EmuTest.exe" />
      </DeploymentItems>
      <Execution id="3999b849-3a92-44bd-85f8-6e186720635f" />
      <TestMethod codeBase="C:/Users/samcruise/documents/visual studio 2010/Projects/ZXSpectrum/TestProject2/bin/Debug/TestProject2.DLL" adapterTypeName="Microsoft.VisualStudio.TestTools.TestTypes.Unit.UnitTestAdapter, Microsoft.VisualStudio.QualityTools.Tips.UnitTest.Adapter, Version=10.0.0.0, Culture=neutral, PublicKeyToken=b03f5f7f11d50a3a" className="TestProject2.Z80Test, TestProject2, Version=1.0.0.0, Culture=neutral, PublicKeyToken=null" name="CPIRTest" />
    </UnitTest>
    <UnitTest name="RSTTest" storage="c:\users\samcruise\documents\visual studio 2010\projects\zxspectrum\testproject2\bin\debug\testproject2.dll" id="ea7626fe-75bd-bf00-5a86-b04022167316">
      <DeploymentItems>
        <DeploymentItem filename="EmuTest.exe" />
      </DeploymentItems>
      <Execution id="bce104d0-714a-4cf6-8b11-33b5d8fccce6" />
      <TestMethod codeBase="C:/Users/samcruise/documents/visual studio 2010/Projects/ZXSpectrum/TestProject2/bin/Debug/TestProject2.DLL" adapterTypeName="Microsoft.VisualStudio.TestTools.TestTypes.Unit.UnitTestAdapter, Microsoft.VisualStudio.QualityTools.Tips.UnitTest.Adapter, Version=10.0.0.0, Culture=neutral, PublicKeyToken=b03f5f7f11d50a3a" className="TestProject2.Z80Test, TestProject2, Version=1.0.0.0, Culture=neutral, PublicKeyToken=null" name="RSTTest" />
    </UnitTest>
    <UnitTest name="CCFTest" storage="c:\users\samcruise\documents\visual studio 2010\projects\zxspectrum\testproject2\bin\debug\testproject2.dll" id="da8af087-df0c-8562-0b18-6cdda3360a1f">
      <DeploymentItems>
        <DeploymentItem filename="EmuTest.exe" />
      </DeploymentItems>
      <Execution id="6204ff71-ad7a-4d67-85e6-ace2847abe7f" />
      <TestMethod codeBase="C:/Users/samcruise/documents/visual studio 2010/Projects/ZXSpectrum/TestProject2/bin/Debug/TestProject2.DLL" adapterTypeName="Microsoft.VisualStudio.TestTools.TestTypes.Unit.UnitTestAdapter, Microsoft.VisualStudio.QualityTools.Tips.UnitTest.Adapter, Version=10.0.0.0, Culture=neutral, PublicKeyToken=b03f5f7f11d50a3a" className="TestProject2.Z80Test, TestProject2, Version=1.0.0.0, Culture=neutral, PublicKeyToken=null" name="CCFTest" />
    </UnitTest>
    <UnitTest name="LD_r_nTest" storage="c:\users\samcruise\documents\visual studio 2010\projects\zxspectrum\testproject2\bin\debug\testproject2.dll" id="4ca40fc0-23e6-fedb-25b7-f0ba20aa5cc5">
      <DeploymentItems>
        <DeploymentItem filename="EmuTest.exe" />
      </DeploymentItems>
      <Execution id="ea4eaac3-ffb7-4dba-b13b-6ca0cfb480aa" />
      <TestMethod codeBase="C:/Users/samcruise/documents/visual studio 2010/Projects/ZXSpectrum/TestProject2/bin/Debug/TestProject2.DLL" adapterTypeName="Microsoft.VisualStudio.TestTools.TestTypes.Unit.UnitTestAdapter, Microsoft.VisualStudio.QualityTools.Tips.UnitTest.Adapter, Version=10.0.0.0, Culture=neutral, PublicKeyToken=b03f5f7f11d50a3a" className="TestProject2.Z80Test, TestProject2, Version=1.0.0.0, Culture=neutral, PublicKeyToken=null" name="LD_r_nTest" />
    </UnitTest>
    <UnitTest name="FUSETests" storage="c:\users\samcruise\documents\visual studio 2010\projects\zxspectrum\testproject2\bin\debug\testproject2.dll" id="06cdd2b0-2e57-8d8b-04bb-80519a9fcc34">
      <DeploymentItems>
        <DeploymentItem filename="EmuTest.exe" />
      </DeploymentItems>
      <Execution id="140f6f47-8505-43cd-a14d-409843ab9164" />
      <TestMethod codeBase="C:/Users/samcruise/documents/visual studio 2010/Projects/ZXSpectrum/TestProject2/bin/Debug/TestProject2.DLL" adapterTypeName="Microsoft.VisualStudio.TestTools.TestTypes.Unit.UnitTestAdapter, Microsoft.VisualStudio.QualityTools.Tips.UnitTest.Adapter, Version=10.0.0.0, Culture=neutral, PublicKeyToken=b03f5f7f11d50a3a" className="TestProject2.Z80Test, TestProject2, Version=1.0.0.0, Culture=neutral, PublicKeyToken=null" name="FUSETests" />
    </UnitTest>
    <UnitTest name="HALTTest" storage="c:\users\samcruise\documents\visual studio 2010\projects\zxspectrum\testproject2\bin\debug\testproject2.dll" id="cc8e988e-fc66-7582-921e-6f44ee2d4fb1">
      <DeploymentItems>
        <DeploymentItem filename="EmuTest.exe" />
      </DeploymentItems>
      <Execution id="18f78e8c-a81f-4a7b-80a7-a5d6e2744eec" />
      <TestMethod codeBase="C:/Users/samcruise/documents/visual studio 2010/Projects/ZXSpectrum/TestProject2/bin/Debug/TestProject2.DLL" adapterTypeName="Microsoft.VisualStudio.TestTools.TestTypes.Unit.UnitTestAdapter, Microsoft.VisualStudio.QualityTools.Tips.UnitTest.Adapter, Version=10.0.0.0, Culture=neutral, PublicKeyToken=b03f5f7f11d50a3a" className="TestProject2.Z80Test, TestProject2, Version=1.0.0.0, Culture=neutral, PublicKeyToken=null" name="HALTTest" />
    </UnitTest>
    <UnitTest name="INITest" storage="c:\users\samcruise\documents\visual studio 2010\projects\zxspectrum\testproject2\bin\debug\testproject2.dll" id="663717dd-e6fb-6ae6-4ed1-26415e1cd665">
      <DeploymentItems>
        <DeploymentItem filename="EmuTest.exe" />
      </DeploymentItems>
      <Execution id="8cab8163-7873-4fd3-a0c9-90dfab04c619" />
      <TestMethod codeBase="C:/Users/samcruise/documents/visual studio 2010/Projects/ZXSpectrum/TestProject2/bin/Debug/TestProject2.DLL" adapterTypeName="Microsoft.VisualStudio.TestTools.TestTypes.Unit.UnitTestAdapter, Microsoft.VisualStudio.QualityTools.Tips.UnitTest.Adapter, Version=10.0.0.0, Culture=neutral, PublicKeyToken=b03f5f7f11d50a3a" className="TestProject2.Z80Test, TestProject2, Version=1.0.0.0, Culture=neutral, PublicKeyToken=null" name="INITest" />
    </UnitTest>
    <UnitTest name="JimmyTest" storage="c:\users\samcruise\documents\visual studio 2010\projects\zxspectrum\testproject2\bin\debug\testproject2.dll" id="068cdc8e-c9bd-de02-b833-b329ffaf1fd2">
      <DeploymentItems>
        <DeploymentItem filename="EmuTest.exe" />
      </DeploymentItems>
      <Execution id="88e0b90e-b824-4f4c-91aa-41cbdcf53075" />
      <TestMethod codeBase="C:/Users/samcruise/documents/visual studio 2010/Projects/ZXSpectrum/TestProject2/bin/Debug/TestProject2.DLL" adapterTypeName="Microsoft.VisualStudio.TestTools.TestTypes.Unit.UnitTestAdapter, Microsoft.VisualStudio.QualityTools.Tips.UnitTest.Adapter, Version=10.0.0.0, Culture=neutral, PublicKeyToken=b03f5f7f11d50a3a" className="TestProject2.Z80Test, TestProject2, Version=1.0.0.0, Culture=neutral, PublicKeyToken=null" name="JimmyTest" />
    </UnitTest>
  </TestDefinitions>
  <TestLists>
    <TestList name="Results Not in a List" id="8c84fa94-04c1-424b-9868-57a2d4851a1d" />
    <TestList name="All Loaded Results" id="19431567-8539-422a-85d7-44ee4e166bda" />
  </TestLists>
  <TestEntries>
    <TestEntry testId="fbc81c52-7315-1e7c-4d04-ddf848c918c9" executionId="db0d3a7f-f5f7-4ce0-8ce8-f3e1298d6b90" testListId="8c84fa94-04c1-424b-9868-57a2d4851a1d" />
    <TestEntry testId="1a78406e-fc9c-f400-96bf-e6409042a51b" executionId="79a55574-873e-4a8d-8809-489b5c818c84" testListId="8c84fa94-04c1-424b-9868-57a2d4851a1d" />
    <TestEntry testId="7a3748d0-d7ac-0d6f-14be-1f126ae99321" executionId="26aeabcd-690a-484a-b681-ceaa0444173c" testListId="8c84fa94-04c1-424b-9868-57a2d4851a1d" />
    <TestEntry testId="3a2e5b08-4e06-5e86-1556-043e5a55d63f" executionId="5e789500-8f93-420b-a6f2-f5220e333a0c" testListId="8c84fa94-04c1-424b-9868-57a2d4851a1d" />
    <TestEntry testId="8d11f4ff-16dc-c6dd-67b2-df83947219f7" executionId="e8404ad3-cb52-4bef-a954-e3c469fd0da8" testListId="8c84fa94-04c1-424b-9868-57a2d4851a1d" />
    <TestEntry testId="4a4a0e75-24b0-83d9-8bf1-cffe9a6c30c7" executionId="05f4df9d-5efc-44ca-8d92-faeb67c859e9" testListId="8c84fa94-04c1-424b-9868-57a2d4851a1d" />
    <TestEntry testId="5b87d4fd-91a2-2ead-ea51-310966889653" executionId="4d70581d-f7fc-4f93-9199-8b1f5ed1654f" testListId="8c84fa94-04c1-424b-9868-57a2d4851a1d" />
    <TestEntry testId="eb8ea76d-8f52-861c-adb1-87727b91e8dc" executionId="5ec0c8f9-1654-44a6-8194-739fbbdb56f5" testListId="8c84fa94-04c1-424b-9868-57a2d4851a1d" />
    <TestEntry testId="0804b260-48c2-c53d-e9c8-4cb6d080560a" executionId="4863031d-9756-45b4-8477-1b39a9a967fd" testListId="8c84fa94-04c1-424b-9868-57a2d4851a1d" />
    <TestEntry testId="c00d5263-9362-91d8-9786-3cf7ff9338c7" executionId="3bc55dd3-ec33-4f7b-9013-3941e9f977d0" testListId="8c84fa94-04c1-424b-9868-57a2d4851a1d" />
    <TestEntry testId="2fe7eb0b-f938-cdd3-52dd-f930c2ebb2b1" executionId="c0a842e7-f2d3-4574-8997-2601023a265d" testListId="8c84fa94-04c1-424b-9868-57a2d4851a1d" />
    <TestEntry testId="4bbbd8b9-6ef7-b020-fb32-ef276dcf5e16" executionId="223c66e7-2c71-423a-b6ed-7909b8006426" testListId="8c84fa94-04c1-424b-9868-57a2d4851a1d" />
    <TestEntry testId="947b96e5-70b2-89ca-d911-83455c83ccaf" executionId="e274ad3a-bd2b-4997-97d6-f8d86facf554" testListId="8c84fa94-04c1-424b-9868-57a2d4851a1d" />
    <TestEntry testId="90d80866-ad2b-eaca-8eb7-479ef25dc5d4" executionId="0e47dc66-6112-4285-a1e2-6da7f6069ae0" testListId="8c84fa94-04c1-424b-9868-57a2d4851a1d" />
    <TestEntry testId="ea7626fe-75bd-bf00-5a86-b04022167316" executionId="bce104d0-714a-4cf6-8b11-33b5d8fccce6" testListId="8c84fa94-04c1-424b-9868-57a2d4851a1d" />
    <TestEntry testId="f27d20d8-0856-98b6-055e-c7e96212608b" executionId="57bb4d37-7f02-4b09-9959-68eb044b683d" testListId="8c84fa94-04c1-424b-9868-57a2d4851a1d" />
    <TestEntry testId="3c62e18b-0679-84be-4297-06f24bddccec" executionId="ebf3260c-e04a-41fc-9df0-d21b13965e5b" testListId="8c84fa94-04c1-424b-9868-57a2d4851a1d" />
    <TestEntry testId="395f2e6e-8b8a-dab4-6961-5d67ff30ad80" executionId="9aecb10f-9ac4-45cc-9678-b6affff09015" testListId="8c84fa94-04c1-424b-9868-57a2d4851a1d" />
    <TestEntry testId="95637e7c-0e69-a183-b60b-a7b697c7d16d" executionId="c28524a9-9672-47eb-98b9-a36b3005fbb4" testListId="8c84fa94-04c1-424b-9868-57a2d4851a1d" />
    <TestEntry testId="9577c4f7-7003-b9c5-163a-7c5efd62ae51" executionId="7c095ef8-0368-44c3-aa36-48a6c45852bc" testListId="8c84fa94-04c1-424b-9868-57a2d4851a1d" />
    <TestEntry testId="fd05f8bb-7e5b-6c74-7d40-9b6b3ce48014" executionId="72141066-40d0-426c-8f1d-7288e75b68ee" testListId="8c84fa94-04c1-424b-9868-57a2d4851a1d" />
    <TestEntry testId="3f3d6718-39ff-7fa1-2efb-6ac794445b3b" executionId="b4235dca-4950-44ff-998f-b63f562c5793" testListId="8c84fa94-04c1-424b-9868-57a2d4851a1d" />
    <TestEntry testId="d576b2e9-18ab-4c39-22d6-660b702088a3" executionId="bc69b8c6-db09-4aa5-a2fe-4b292f23338f" testListId="8c84fa94-04c1-424b-9868-57a2d4851a1d" />
    <TestEntry testId="a281a993-54ac-242d-6e81-bd7ca5969d50" executionId="11c50fe0-1a92-478c-82df-180f3c313cb6" testListId="8c84fa94-04c1-424b-9868-57a2d4851a1d" />
    <TestEntry testId="46c0ea6c-7511-1a43-1027-23d83e8af062" executionId="b04a7e22-2aeb-444e-9c85-f21433a8e7ab" testListId="8c84fa94-04c1-424b-9868-57a2d4851a1d" />
    <TestEntry testId="55171caa-19dd-2ede-1df5-fba7324e3535" executionId="6ae8d378-a48e-4d68-8410-a53df3d79d81" testListId="8c84fa94-04c1-424b-9868-57a2d4851a1d" />
    <TestEntry testId="2d6e4e36-5fe1-42c4-5c13-c7a8f483806d" executionId="9058b608-ccc4-4757-939e-7e4a29b5adc0" testListId="8c84fa94-04c1-424b-9868-57a2d4851a1d" />
    <TestEntry testId="436605de-6d1c-4402-615f-0938ced05851" executionId="4b068a9f-6cff-4b57-b859-6e920f83b280" testListId="8c84fa94-04c1-424b-9868-57a2d4851a1d" />
    <TestEntry testId="06cdd2b0-2e57-8d8b-04bb-80519a9fcc34" executionId="140f6f47-8505-43cd-a14d-409843ab9164" testListId="8c84fa94-04c1-424b-9868-57a2d4851a1d" />
    <TestEntry testId="068cdc8e-c9bd-de02-b833-b329ffaf1fd2" executionId="88e0b90e-b824-4f4c-91aa-41cbdcf53075" testListId="8c84fa94-04c1-424b-9868-57a2d4851a1d" />
    <TestEntry testId="942a0380-d590-7e7a-6851-2cdf34dc5ff1" executionId="942bc6ba-6af7-491c-8b99-f87bdd266db6" testListId="8c84fa94-04c1-424b-9868-57a2d4851a1d" />
    <TestEntry testId="6ea371f5-9713-1500-34a7-78647e13da18" executionId="9f43f4eb-fa9c-4115-8c2a-c40a91fd7c7d" testListId="8c84fa94-04c1-424b-9868-57a2d4851a1d" />
    <TestEntry testId="fa282fd8-ace3-314b-bdaa-b68c035c8013" executionId="479f0ff5-e579-487c-86a4-b7bd586bcbc4" testListId="8c84fa94-04c1-424b-9868-57a2d4851a1d" />
    <TestEntry testId="d4004087-56d4-1d0e-14c6-9815e660af61" executionId="908d4ddb-b286-4ceb-bd71-c5cf93f950e4" testListId="8c84fa94-04c1-424b-9868-57a2d4851a1d" />
    <TestEntry testId="a4ae135f-c523-9f9f-d27b-4db4e5509e94" executionId="3740c94d-8aea-4540-84a3-9c8a21075d2e" testListId="8c84fa94-04c1-424b-9868-57a2d4851a1d" />
    <TestEntry testId="7fa090f1-d9a9-3de8-1087-2d0b0717201b" executionId="37a0a6bd-a1de-4716-a4a2-128e98f91151" testListId="8c84fa94-04c1-424b-9868-57a2d4851a1d" />
    <TestEntry testId="0b4144dd-a347-7b17-997b-3df3b8ff73bd" executionId="1beec41b-de8b-4968-b5d4-d26eec54d2a8" testListId="8c84fa94-04c1-424b-9868-57a2d4851a1d" />
    <TestEntry testId="0ebca460-c35e-fb90-0af2-4327104b42ae" executionId="063f60fd-3684-4855-8221-20529929ae66" testListId="8c84fa94-04c1-424b-9868-57a2d4851a1d" />
    <TestEntry testId="61cf7fd2-4675-4774-43a6-1058ba4d6886" executionId="20b1655c-b508-459e-85c8-4386a46272fc" testListId="8c84fa94-04c1-424b-9868-57a2d4851a1d" />
    <TestEntry testId="77c6ab54-7ca3-396b-513b-a14bf6be574c" executionId="6386b6ef-d0f9-441d-8af4-677edbe6dd63" testListId="8c84fa94-04c1-424b-9868-57a2d4851a1d" />
    <TestEntry testId="9f6c528b-5fee-7f40-d59f-122c6aa17338" executionId="3d727e30-9966-4815-8ca2-d42853db6fb6" testListId="8c84fa94-04c1-424b-9868-57a2d4851a1d" />
    <TestEntry testId="7769ab53-4bf0-a65b-8187-75daf24d1434" executionId="0e77fbca-9f13-47ca-86a1-b20ce1d54c98" testListId="8c84fa94-04c1-424b-9868-57a2d4851a1d" />
    <TestEntry testId="7976e622-0553-0c71-cbd8-e8577be21b5d" executionId="611b329f-78ba-436b-ba4d-23723e877af7" testListId="8c84fa94-04c1-424b-9868-57a2d4851a1d" />
    <TestEntry testId="320aa1ed-8916-5804-9751-99d2b2fcbc6a" executionId="c908683d-bac7-4f1c-9671-45509cf5b595" testListId="8c84fa94-04c1-424b-9868-57a2d4851a1d" />
    <TestEntry testId="fa3e44b0-1a68-2b54-c8d6-5cd6535068e5" executionId="1819ee06-e4d7-461f-882d-a33c37e4ba4e" testListId="8c84fa94-04c1-424b-9868-57a2d4851a1d" />
    <TestEntry testId="da8af087-df0c-8562-0b18-6cdda3360a1f" executionId="6204ff71-ad7a-4d67-85e6-ace2847abe7f" testListId="8c84fa94-04c1-424b-9868-57a2d4851a1d" />
    <TestEntry testId="4618a85c-6917-6864-cac1-68e9f062489d" executionId="02816909-64af-4cd1-933c-24a62329bf05" testListId="8c84fa94-04c1-424b-9868-57a2d4851a1d" />
    <TestEntry testId="225c05c4-9748-a7c6-e24e-08b5a00f73ff" executionId="3c0dc658-a1af-413a-8660-aaee3bbd0762" testListId="8c84fa94-04c1-424b-9868-57a2d4851a1d" />
    <TestEntry testId="e8d906d9-8fb1-1c4e-04ae-14b5b043e77e" executionId="78a31260-9f87-4690-8b68-e106e0b137ba" testListId="8c84fa94-04c1-424b-9868-57a2d4851a1d" />
    <TestEntry testId="1a60954a-838a-08ce-4a89-0464a13b3a93" executionId="3999b849-3a92-44bd-85f8-6e186720635f" testListId="8c84fa94-04c1-424b-9868-57a2d4851a1d" />
    <TestEntry testId="f8babc50-25ce-9eb4-fa02-2679067db866" executionId="09d1381f-ebcc-45dc-87db-36316bb363fc" testListId="8c84fa94-04c1-424b-9868-57a2d4851a1d" />
    <TestEntry testId="f418ccbd-868f-1cb5-4064-c312acb76e89" executionId="62391d16-516e-4725-94a6-d3f23fcf5a77" testListId="8c84fa94-04c1-424b-9868-57a2d4851a1d" />
    <TestEntry testId="6b710965-1677-6f38-b88e-91e3b8a9332f" executionId="65e25e1a-ce3a-4cab-adeb-25556823c755" testListId="8c84fa94-04c1-424b-9868-57a2d4851a1d" />
    <TestEntry testId="8e0d0db1-8d33-69b8-381b-66e942894b60" executionId="b8c1447d-7d26-4779-808c-2c7f4ea0dce5" testListId="8c84fa94-04c1-424b-9868-57a2d4851a1d" />
    <TestEntry testId="64f3a371-75dd-ff36-2172-a082a1bb01a7" executionId="8c3a77a9-78f3-4244-8ce4-fb40725bd8b9" testListId="8c84fa94-04c1-424b-9868-57a2d4851a1d" />
    <TestEntry testId="d40644e9-e5a2-7e4e-64e2-b6d9ec18d899" executionId="201cd106-4e9a-45c2-abfd-4c5f663797d8" testListId="8c84fa94-04c1-424b-9868-57a2d4851a1d" />
    <TestEntry testId="e92b5c19-a5d8-72ee-80c0-df041dccc0be" executionId="42fefb7c-8d35-44ed-936a-a7c6c9f00f9e" testListId="8c84fa94-04c1-424b-9868-57a2d4851a1d" />
    <TestEntry testId="a5b3e069-d5dc-aae1-dab1-7ba2da7e0884" executionId="7666c51d-bed3-4419-ad16-fd14e31b5254" testListId="8c84fa94-04c1-424b-9868-57a2d4851a1d" />
    <TestEntry testId="cbf56f62-df39-1b79-4acc-e7326d9dc27c" executionId="dd55c3dc-395f-45aa-a794-1d803754fd68" testListId="8c84fa94-04c1-424b-9868-57a2d4851a1d" />
    <TestEntry testId="4362f3ce-6bef-c806-ed6a-f9a0e3284ef0" executionId="0dddf27e-7285-466a-a840-70857265c4d6" testListId="8c84fa94-04c1-424b-9868-57a2d4851a1d" />
    <TestEntry testId="a99ddd4b-7030-4db6-9934-7cc5773a9396" executionId="85905055-fb07-4671-b6e3-1dae8245be59" testListId="8c84fa94-04c1-424b-9868-57a2d4851a1d" />
    <TestEntry testId="c6073ad2-1dfd-1823-7f61-0e4d779c6b0f" executionId="93d3e54f-c77b-4cb1-bcaa-3a1a8b46b49a" testListId="8c84fa94-04c1-424b-9868-57a2d4851a1d" />
    <TestEntry testId="5ffd0124-37d8-11bf-fa8d-5062ee6afc91" executionId="3612af5f-59b7-40a5-82ce-991ac0d9cf35" testListId="8c84fa94-04c1-424b-9868-57a2d4851a1d" />
    <TestEntry testId="cc8e988e-fc66-7582-921e-6f44ee2d4fb1" executionId="18f78e8c-a81f-4a7b-80a7-a5d6e2744eec" testListId="8c84fa94-04c1-424b-9868-57a2d4851a1d" />
    <TestEntry testId="6993b04e-0773-c13a-ebf9-79006fbce62b" executionId="9d3282cc-a352-4254-b17a-4d425d2a3fa5" testListId="8c84fa94-04c1-424b-9868-57a2d4851a1d" />
    <TestEntry testId="d16ad0a6-d821-4cca-9aac-518623adb362" executionId="0394dcc0-4f6e-46ae-a373-80268764b236" testListId="8c84fa94-04c1-424b-9868-57a2d4851a1d" />
    <TestEntry testId="d80f292a-b4c2-4be9-b82a-b5573e9be6f2" executionId="f83c838b-3eec-4471-895e-c2a97c742247" testListId="8c84fa94-04c1-424b-9868-57a2d4851a1d" />
    <TestEntry testId="aece9089-8fd9-3739-7b3a-72bcdb4cb138" executionId="1c755e16-1427-4720-a19a-029633e35380" testListId="8c84fa94-04c1-424b-9868-57a2d4851a1d" />
    <TestEntry testId="0eef37c0-80da-2b47-8f3e-2850bbdef705" executionId="c496d5c8-d9b1-41b0-a4d1-d8e2964eca8d" testListId="8c84fa94-04c1-424b-9868-57a2d4851a1d" />
    <TestEntry testId="663717dd-e6fb-6ae6-4ed1-26415e1cd665" executionId="8cab8163-7873-4fd3-a0c9-90dfab04c619" testListId="8c84fa94-04c1-424b-9868-57a2d4851a1d" />
    <TestEntry testId="accb7fb6-557d-89fd-8c02-43ad3120a4e4" executionId="92bf2c5a-7e56-4b75-89f7-e00cf87a86f3" testListId="8c84fa94-04c1-424b-9868-57a2d4851a1d" />
    <TestEntry testId="cb76c32f-1004-2d6e-4048-b5467b53a179" executionId="9c747677-c07b-43e6-9ca4-b08b800c6c9c" testListId="8c84fa94-04c1-424b-9868-57a2d4851a1d" />
    <TestEntry testId="6af126f8-3922-fbad-35b8-bf549d275e90" executionId="de0f34b9-232f-415b-ae45-4dadfc60edd0" testListId="8c84fa94-04c1-424b-9868-57a2d4851a1d" />
    <TestEntry testId="644506c2-c887-ef59-e127-65e89db16cbc" executionId="ef743025-924c-4ddc-8615-ed632e90c81a" testListId="8c84fa94-04c1-424b-9868-57a2d4851a1d" />
    <TestEntry testId="2a561a82-d650-4928-a63a-372019177aa0" executionId="831caa5d-e342-4bae-a934-ca7cdd5b3bf7" testListId="8c84fa94-04c1-424b-9868-57a2d4851a1d" />
    <TestEntry testId="3cdbe969-b2db-38d4-00ab-7c7380efb3ba" executionId="38b67616-7bb4-4a21-9e39-0f905d994213" testListId="8c84fa94-04c1-424b-9868-57a2d4851a1d" />
    <TestEntry testId="d987caa4-b236-d3ff-cce6-1360da40887d" executionId="93988bea-20d3-4017-8b2c-e4b12d6b18bd" testListId="8c84fa94-04c1-424b-9868-57a2d4851a1d" />
    <TestEntry testId="2725660c-204c-cdd3-cc38-c8cb0969f291" executionId="7fb200d5-4139-471f-97ca-637902b6ef1e" testListId="8c84fa94-04c1-424b-9868-57a2d4851a1d" />
    <TestEntry testId="fbf61387-acd6-ad6e-d454-963c3b13209e" executionId="05d064ba-834d-46fe-8e74-2b99774d8c4d" testListId="8c84fa94-04c1-424b-9868-57a2d4851a1d" />
    <TestEntry testId="26cfd68c-0b2b-b154-5fee-9a7274b0546f" executionId="94cd5d8c-bb0d-4313-926b-d4e0a5794e4b" testListId="8c84fa94-04c1-424b-9868-57a2d4851a1d" />
    <TestEntry testId="c6014464-c5a6-fa24-8780-9b58004c3f58" executionId="16ff449a-261a-4f22-af6f-a132b49b99a1" testListId="8c84fa94-04c1-424b-9868-57a2d4851a1d" />
    <TestEntry testId="1098bc54-92c2-3c91-e91e-8afcd496d21e" executionId="76a44e2f-e30b-4bb1-bf21-0480d4f5fedf" testListId="8c84fa94-04c1-424b-9868-57a2d4851a1d" />
    <TestEntry testId="dedf675d-4710-3439-30c1-2b6f394221dd" executionId="1ccac03b-ac6a-4051-89a7-4020c8f39960" testListId="8c84fa94-04c1-424b-9868-57a2d4851a1d" />
    <TestEntry testId="77ea9ad2-e5e0-4a61-f03a-bc81b141b08e" executionId="59862ebf-ff52-4b88-8969-2d8235ecd96b" testListId="8c84fa94-04c1-424b-9868-57a2d4851a1d" />
    <TestEntry testId="d6f365f5-4679-7038-6450-481adfa7d5c7" executionId="1838344a-2461-4b30-8521-3deddf963d81" testListId="8c84fa94-04c1-424b-9868-57a2d4851a1d" />
    <TestEntry testId="3910ea2e-3d0e-baae-5cb5-ee5255a7ee35" executionId="f89dce60-2618-42be-b3ad-e5012d94ced8" testListId="8c84fa94-04c1-424b-9868-57a2d4851a1d" />
    <TestEntry testId="82c0cf7c-d6a8-c070-d23c-58c9b55e047a" executionId="86edac64-1385-4d6a-8fd3-6e50a05dfe84" testListId="8c84fa94-04c1-424b-9868-57a2d4851a1d" />
    <TestEntry testId="231bd03e-0d38-6cc5-0783-b65ae0f853d9" executionId="15b787cb-2357-43af-befe-34b0859c9caa" testListId="8c84fa94-04c1-424b-9868-57a2d4851a1d" />
    <TestEntry testId="7a984ac0-e42a-474e-dd34-f1980e6732d9" executionId="06b94c92-6766-49c3-be83-1bd676258eda" testListId="8c84fa94-04c1-424b-9868-57a2d4851a1d" />
    <TestEntry testId="8419ae4f-e0d9-7a9f-7f37-e3a84733904b" executionId="57d0d3db-3663-409d-aa96-01cb13011d08" testListId="8c84fa94-04c1-424b-9868-57a2d4851a1d" />
    <TestEntry testId="02081afb-f4e4-3f4d-8158-5c914990d541" executionId="596fc4d4-b466-4924-8a6a-39eddec0eb04" testListId="8c84fa94-04c1-424b-9868-57a2d4851a1d" />
    <TestEntry testId="408ed624-5685-2cc2-3b5f-b6dc3f3441bf" executionId="0350d1bf-6e27-4006-a0a9-7fd313ef9e63" testListId="8c84fa94-04c1-424b-9868-57a2d4851a1d" />
    <TestEntry testId="9693f54a-8e39-e20e-ac44-1452f0049c4d" executionId="bdbd556a-bf4f-49b2-99f4-6354d88d77a4" testListId="8c84fa94-04c1-424b-9868-57a2d4851a1d" />
    <TestEntry testId="531135d4-b324-d795-f9f5-d51886e82803" executionId="6bccf6ae-08f0-45fe-8a2c-8e273e88f812" testListId="8c84fa94-04c1-424b-9868-57a2d4851a1d" />
    <TestEntry testId="9f97dc1f-2483-ec75-3db2-8e92253870cb" executionId="936d1715-1d1d-4029-8bee-f39fe12125fa" testListId="8c84fa94-04c1-424b-9868-57a2d4851a1d" />
    <TestEntry testId="5fd1f04b-dac6-41bb-9db7-15f63c1db9f6" executionId="7d42fa80-812e-4bd7-bdb0-aa8f4db9c9ce" testListId="8c84fa94-04c1-424b-9868-57a2d4851a1d" />
    <TestEntry testId="f9126364-3831-3363-8188-a09b575bcf73" executionId="7d1d3516-79c9-4007-b683-8d9fbbada8c1" testListId="8c84fa94-04c1-424b-9868-57a2d4851a1d" />
    <TestEntry testId="4ca40fc0-23e6-fedb-25b7-f0ba20aa5cc5" executionId="ea4eaac3-ffb7-4dba-b13b-6ca0cfb480aa" testListId="8c84fa94-04c1-424b-9868-57a2d4851a1d" />
    <TestEntry testId="4e29e539-acb7-4fe7-b58a-ad776d59b1bb" executionId="61840ce3-e103-46f4-9f45-62d46eb72342" testListId="8c84fa94-04c1-424b-9868-57a2d4851a1d" />
    <TestEntry testId="efeb0611-e5d6-72cb-f153-edd9546c4863" executionId="51b50c84-f1f2-463d-828e-caf88bf61b3d" testListId="8c84fa94-04c1-424b-9868-57a2d4851a1d" />
    <TestEntry testId="ef38ddd6-7755-2790-0e1b-b39d5b54c463" executionId="8cae9a32-e640-423e-9132-2bb3bbbc1358" testListId="8c84fa94-04c1-424b-9868-57a2d4851a1d" />
    <TestEntry testId="429a8c32-55b7-bbd1-b067-032d95921b55" executionId="95077bad-ae07-478a-88a1-0951fcdc1aca" testListId="8c84fa94-04c1-424b-9868-57a2d4851a1d" />
    <TestEntry testId="6582c566-3514-80d9-5e8b-746b8c877c02" executionId="52740dae-c853-40d1-a52c-b2fe7293cf1c" testListId="8c84fa94-04c1-424b-9868-57a2d4851a1d" />
    <TestEntry testId="613249bd-4594-d153-ca2b-015a8a45b6a0" executionId="5a33bd45-f0c3-4871-a9be-ba54d97c2626" testListId="8c84fa94-04c1-424b-9868-57a2d4851a1d" />
    <TestEntry testId="1e0740c8-2234-8fea-75be-3168c953cfa8" executionId="da6d3a93-51a7-4b23-8ed3-6856847129db" testListId="8c84fa94-04c1-424b-9868-57a2d4851a1d" />
    <TestEntry testId="e500e466-400d-7a9d-97dd-2a6998d88e4b" executionId="9224df94-edc1-43e0-a563-41704324d7ee" testListId="8c84fa94-04c1-424b-9868-57a2d4851a1d" />
    <TestEntry testId="00f0e72d-0ee9-884c-1553-d761223ad003" executionId="bd1c98fc-2b21-40df-a7b3-218646402bd7" testListId="8c84fa94-04c1-424b-9868-57a2d4851a1d" />
    <TestEntry testId="ec3dceb2-7476-60e7-45c6-cb4ca611c1fd" executionId="d17b2d14-dea8-4b00-b951-80ce49578b72" testListId="8c84fa94-04c1-424b-9868-57a2d4851a1d" />
    <TestEntry testId="1fa28479-68b5-6739-9382-2a843d130358" executionId="36bc2148-80d7-47e5-9c1f-10c367d20ddf" testListId="8c84fa94-04c1-424b-9868-57a2d4851a1d" />
    <TestEntry testId="9084bd1d-64fc-c645-d3ae-df82e73934b3" executionId="4c73bc6b-54f2-4c55-bb0f-e0270a309898" testListId="8c84fa94-04c1-424b-9868-57a2d4851a1d" />
    <TestEntry testId="ec8889aa-5c28-4621-dc4c-a1bae4f864b3" executionId="70040b5c-1090-41e0-ad8b-5e255483c67f" testListId="8c84fa94-04c1-424b-9868-57a2d4851a1d" />
  </TestEntries>
  <Results>
    <UnitTestResult executionId="db0d3a7f-f5f7-4ce0-8ce8-f3e1298d6b90" testId="fbc81c52-7315-1e7c-4d04-ddf848c918c9" testName="RETTest" computerName="SAMCRUISE-PC" duration="00:00:00.0256073" startTime="2012-11-05T17:59:04.9393656+00:00" endTime="2012-11-05T17:59:05.7505670+00:00" testType="13cdc9d9-ddb5-4fa4-a97d-d965ccfc6d4b" outcome="Passed" testListId="8c84fa94-04c1-424b-9868-57a2d4851a1d" relativeResultsDirectory="db0d3a7f-f5f7-4ce0-8ce8-f3e1298d6b90">
    </UnitTestResult>
    <UnitTestResult executionId="79a55574-873e-4a8d-8809-489b5c818c84" testId="1a78406e-fc9c-f400-96bf-e6409042a51b" testName="RETITest" computerName="SAMCRUISE-PC" duration="00:00:00.0006059" startTime="2012-11-05T17:59:05.7505670+00:00" endTime="2012-11-05T17:59:05.7505670+00:00" testType="13cdc9d9-ddb5-4fa4-a97d-d965ccfc6d4b" outcome="Passed" testListId="8c84fa94-04c1-424b-9868-57a2d4851a1d" relativeResultsDirectory="79a55574-873e-4a8d-8809-489b5c818c84">
    </UnitTestResult>
    <UnitTestResult executionId="26aeabcd-690a-484a-b681-ceaa0444173c" testId="7a3748d0-d7ac-0d6f-14be-1f126ae99321" testName="RETNTest" computerName="SAMCRUISE-PC" duration="00:00:00.0005821" startTime="2012-11-05T17:59:05.7661671+00:00" endTime="2012-11-05T17:59:05.7661671+00:00" testType="13cdc9d9-ddb5-4fa4-a97d-d965ccfc6d4b" outcome="Passed" testListId="8c84fa94-04c1-424b-9868-57a2d4851a1d" relativeResultsDirectory="26aeabcd-690a-484a-b681-ceaa0444173c">
    </UnitTestResult>
    <UnitTestResult executionId="5e789500-8f93-420b-a6f2-f5220e333a0c" testId="3a2e5b08-4e06-5e86-1556-043e5a55d63f" testName="RET_ccTest" computerName="SAMCRUISE-PC" duration="00:00:00.0013672" startTime="2012-11-05T17:59:05.7661671+00:00" endTime="2012-11-05T17:59:05.7661671+00:00" testType="13cdc9d9-ddb5-4fa4-a97d-d965ccfc6d4b" outcome="Passed" testListId="8c84fa94-04c1-424b-9868-57a2d4851a1d" relativeResultsDirectory="5e789500-8f93-420b-a6f2-f5220e333a0c">
    </UnitTestResult>
    <UnitTestResult executionId="e8404ad3-cb52-4bef-a954-e3c469fd0da8" testId="8d11f4ff-16dc-c6dd-67b2-df83947219f7" testName="RLTest" computerName="SAMCRUISE-PC" duration="00:00:00.0024550" startTime="2012-11-05T17:59:05.7817671+00:00" endTime="2012-11-05T17:59:05.7817671+00:00" testType="13cdc9d9-ddb5-4fa4-a97d-d965ccfc6d4b" outcome="Passed" testListId="8c84fa94-04c1-424b-9868-57a2d4851a1d" relativeResultsDirectory="e8404ad3-cb52-4bef-a954-e3c469fd0da8">
    </UnitTestResult>
    <UnitTestResult executionId="05f4df9d-5efc-44ca-8d92-faeb67c859e9" testId="4a4a0e75-24b0-83d9-8bf1-cffe9a6c30c7" testName="RLATest" computerName="SAMCRUISE-PC" duration="00:00:00.0010198" startTime="2012-11-05T17:59:05.7817671+00:00" endTime="2012-11-05T17:59:05.7973671+00:00" testType="13cdc9d9-ddb5-4fa4-a97d-d965ccfc6d4b" outcome="Passed" testListId="8c84fa94-04c1-424b-9868-57a2d4851a1d" relativeResultsDirectory="05f4df9d-5efc-44ca-8d92-faeb67c859e9">
    </UnitTestResult>
    <UnitTestResult executionId="4d70581d-f7fc-4f93-9199-8b1f5ed1654f" testId="5b87d4fd-91a2-2ead-ea51-310966889653" testName="RLCTest" computerName="SAMCRUISE-PC" duration="00:00:00.0015297" startTime="2012-11-05T17:59:05.7973671+00:00" endTime="2012-11-05T17:59:05.7973671+00:00" testType="13cdc9d9-ddb5-4fa4-a97d-d965ccfc6d4b" outcome="Passed" testListId="8c84fa94-04c1-424b-9868-57a2d4851a1d" relativeResultsDirectory="4d70581d-f7fc-4f93-9199-8b1f5ed1654f">
    </UnitTestResult>
    <UnitTestResult executionId="5ec0c8f9-1654-44a6-8194-739fbbdb56f5" testId="eb8ea76d-8f52-861c-adb1-87727b91e8dc" testName="RLCATest" computerName="SAMCRUISE-PC" duration="00:00:00.0006551" startTime="2012-11-05T17:59:05.8129671+00:00" endTime="2012-11-05T17:59:05.8129671+00:00" testType="13cdc9d9-ddb5-4fa4-a97d-d965ccfc6d4b" outcome="Passed" testListId="8c84fa94-04c1-424b-9868-57a2d4851a1d" relativeResultsDirectory="5ec0c8f9-1654-44a6-8194-739fbbdb56f5">
    </UnitTestResult>
    <UnitTestResult executionId="4863031d-9756-45b4-8477-1b39a9a967fd" testId="0804b260-48c2-c53d-e9c8-4cb6d080560a" testName="RLDTest" computerName="SAMCRUISE-PC" duration="00:00:00.0006770" startTime="2012-11-05T17:59:05.8129671+00:00" endTime="2012-11-05T17:59:05.8129671+00:00" testType="13cdc9d9-ddb5-4fa4-a97d-d965ccfc6d4b" outcome="Passed" testListId="8c84fa94-04c1-424b-9868-57a2d4851a1d" relativeResultsDirectory="4863031d-9756-45b4-8477-1b39a9a967fd">
    </UnitTestResult>
    <UnitTestResult executionId="3bc55dd3-ec33-4f7b-9013-3941e9f977d0" testId="c00d5263-9362-91d8-9786-3cf7ff9338c7" testName="RRTest" computerName="SAMCRUISE-PC" duration="00:00:00.0007716" startTime="2012-11-05T17:59:05.8285672+00:00" endTime="2012-11-05T17:59:05.8285672+00:00" testType="13cdc9d9-ddb5-4fa4-a97d-d965ccfc6d4b" outcome="Passed" testListId="8c84fa94-04c1-424b-9868-57a2d4851a1d" relativeResultsDirectory="3bc55dd3-ec33-4f7b-9013-3941e9f977d0">
    </UnitTestResult>
    <UnitTestResult executionId="c0a842e7-f2d3-4574-8997-2601023a265d" testId="2fe7eb0b-f938-cdd3-52dd-f930c2ebb2b1" testName="RRATest" computerName="SAMCRUISE-PC" duration="00:00:00.0006363" startTime="2012-11-05T17:59:05.8285672+00:00" endTime="2012-11-05T17:59:05.8285672+00:00" testType="13cdc9d9-ddb5-4fa4-a97d-d965ccfc6d4b" outcome="Passed" testListId="8c84fa94-04c1-424b-9868-57a2d4851a1d" relativeResultsDirectory="c0a842e7-f2d3-4574-8997-2601023a265d">
    </UnitTestResult>
    <UnitTestResult executionId="223c66e7-2c71-423a-b6ed-7909b8006426" testId="4bbbd8b9-6ef7-b020-fb32-ef276dcf5e16" testName="RRCTest" computerName="SAMCRUISE-PC" duration="00:00:00.0007020" startTime="2012-11-05T17:59:05.8441672+00:00" endTime="2012-11-05T17:59:05.8441672+00:00" testType="13cdc9d9-ddb5-4fa4-a97d-d965ccfc6d4b" outcome="Passed" testListId="8c84fa94-04c1-424b-9868-57a2d4851a1d" relativeResultsDirectory="223c66e7-2c71-423a-b6ed-7909b8006426">
    </UnitTestResult>
    <UnitTestResult executionId="e274ad3a-bd2b-4997-97d6-f8d86facf554" testId="947b96e5-70b2-89ca-d911-83455c83ccaf" testName="RRCATest" computerName="SAMCRUISE-PC" duration="00:00:00.0006148" startTime="2012-11-05T17:59:05.8441672+00:00" endTime="2012-11-05T17:59:05.8441672+00:00" testType="13cdc9d9-ddb5-4fa4-a97d-d965ccfc6d4b" outcome="Passed" testListId="8c84fa94-04c1-424b-9868-57a2d4851a1d" relativeResultsDirectory="e274ad3a-bd2b-4997-97d6-f8d86facf554">
    </UnitTestResult>
    <UnitTestResult executionId="0e47dc66-6112-4285-a1e2-6da7f6069ae0" testId="90d80866-ad2b-eaca-8eb7-479ef25dc5d4" testName="RRDTest" computerName="SAMCRUISE-PC" duration="00:00:00.0006770" startTime="2012-11-05T17:59:05.8597672+00:00" endTime="2012-11-05T17:59:05.8597672+00:00" testType="13cdc9d9-ddb5-4fa4-a97d-d965ccfc6d4b" outcome="Passed" testListId="8c84fa94-04c1-424b-9868-57a2d4851a1d" relativeResultsDirectory="0e47dc66-6112-4285-a1e2-6da7f6069ae0">
    </UnitTestResult>
    <UnitTestResult executionId="bce104d0-714a-4cf6-8b11-33b5d8fccce6" testId="ea7626fe-75bd-bf00-5a86-b04022167316" testName="RSTTest" computerName="SAMCRUISE-PC" duration="00:00:00.0006313" startTime="2012-11-05T17:59:05.8597672+00:00" endTime="2012-11-05T17:59:05.8597672+00:00" testType="13cdc9d9-ddb5-4fa4-a97d-d965ccfc6d4b" outcome="Passed" testListId="8c84fa94-04c1-424b-9868-57a2d4851a1d" relativeResultsDirectory="bce104d0-714a-4cf6-8b11-33b5d8fccce6">
    </UnitTestResult>
    <UnitTestResult executionId="57bb4d37-7f02-4b09-9959-68eb044b683d" testId="f27d20d8-0856-98b6-055e-c7e96212608b" testName="SBC_A_nTest" computerName="SAMCRUISE-PC" duration="00:00:00.0010190" startTime="2012-11-05T17:59:05.8753673+00:00" endTime="2012-11-05T17:59:05.8753673+00:00" testType="13cdc9d9-ddb5-4fa4-a97d-d965ccfc6d4b" outcome="Passed" testListId="8c84fa94-04c1-424b-9868-57a2d4851a1d" relativeResultsDirectory="57bb4d37-7f02-4b09-9959-68eb044b683d">
    </UnitTestResult>
    <UnitTestResult executionId="ebf3260c-e04a-41fc-9df0-d21b13965e5b" testId="3c62e18b-0679-84be-4297-06f24bddccec" testName="SBC_A_rTest" computerName="SAMCRUISE-PC" duration="00:00:00.0007892" startTime="2012-11-05T17:59:05.8753673+00:00" endTime="2012-11-05T17:59:05.8753673+00:00" testType="13cdc9d9-ddb5-4fa4-a97d-d965ccfc6d4b" outcome="Passed" testListId="8c84fa94-04c1-424b-9868-57a2d4851a1d" relativeResultsDirectory="ebf3260c-e04a-41fc-9df0-d21b13965e5b">
    </UnitTestResult>
    <UnitTestResult executionId="9aecb10f-9ac4-45cc-9678-b6affff09015" testId="395f2e6e-8b8a-dab4-6961-5d67ff30ad80" testName="SBC_HLTest" computerName="SAMCRUISE-PC" duration="00:00:00.0014221" startTime="2012-11-05T17:59:05.8909673+00:00" endTime="2012-11-05T17:59:05.8909673+00:00" testType="13cdc9d9-ddb5-4fa4-a97d-d965ccfc6d4b" outcome="Passed" testListId="8c84fa94-04c1-424b-9868-57a2d4851a1d" relativeResultsDirectory="9aecb10f-9ac4-45cc-9678-b6affff09015">
    </UnitTestResult>
    <UnitTestResult executionId="c28524a9-9672-47eb-98b9-a36b3005fbb4" testId="95637e7c-0e69-a183-b60b-a7b697c7d16d" testName="SCFTest" computerName="SAMCRUISE-PC" duration="00:00:00.0005310" startTime="2012-11-05T17:59:05.8909673+00:00" endTime="2012-11-05T17:59:05.8909673+00:00" testType="13cdc9d9-ddb5-4fa4-a97d-d965ccfc6d4b" outcome="Passed" testListId="8c84fa94-04c1-424b-9868-57a2d4851a1d" relativeResultsDirectory="c28524a9-9672-47eb-98b9-a36b3005fbb4">
    </UnitTestResult>
    <UnitTestResult executionId="7c095ef8-0368-44c3-aa36-48a6c45852bc" testId="9577c4f7-7003-b9c5-163a-7c5efd62ae51" testName="SETTest" computerName="SAMCRUISE-PC" duration="00:00:00.0006924" startTime="2012-11-05T17:59:05.9065673+00:00" endTime="2012-11-05T17:59:05.9065673+00:00" testType="13cdc9d9-ddb5-4fa4-a97d-d965ccfc6d4b" outcome="Passed" testListId="8c84fa94-04c1-424b-9868-57a2d4851a1d" relativeResultsDirectory="7c095ef8-0368-44c3-aa36-48a6c45852bc">
    </UnitTestResult>
    <UnitTestResult executionId="72141066-40d0-426c-8f1d-7288e75b68ee" testId="fd05f8bb-7e5b-6c74-7d40-9b6b3ce48014" testName="SLATest" computerName="SAMCRUISE-PC" duration="00:00:00.0009379" startTime="2012-11-05T17:59:05.9065673+00:00" endTime="2012-11-05T17:59:05.9065673+00:00" testType="13cdc9d9-ddb5-4fa4-a97d-d965ccfc6d4b" outcome="Passed" testListId="8c84fa94-04c1-424b-9868-57a2d4851a1d" relativeResultsDirectory="72141066-40d0-426c-8f1d-7288e75b68ee">
    </UnitTestResult>
    <UnitTestResult executionId="b4235dca-4950-44ff-998f-b63f562c5793" testId="3f3d6718-39ff-7fa1-2efb-6ac794445b3b" testName="SLLTest" computerName="SAMCRUISE-PC" duration="00:00:00.0009226" startTime="2012-11-05T17:59:05.9221673+00:00" endTime="2012-11-05T17:59:05.9221673+00:00" testType="13cdc9d9-ddb5-4fa4-a97d-d965ccfc6d4b" outcome="Passed" testListId="8c84fa94-04c1-424b-9868-57a2d4851a1d" relativeResultsDirectory="b4235dca-4950-44ff-998f-b63f562c5793">
    </UnitTestResult>
    <UnitTestResult executionId="bc69b8c6-db09-4aa5-a2fe-4b292f23338f" testId="d576b2e9-18ab-4c39-22d6-660b702088a3" testName="SRATest" computerName="SAMCRUISE-PC" duration="00:00:00.0010144" startTime="2012-11-05T17:59:05.9221673+00:00" endTime="2012-11-05T17:59:05.9377674+00:00" testType="13cdc9d9-ddb5-4fa4-a97d-d965ccfc6d4b" outcome="Passed" testListId="8c84fa94-04c1-424b-9868-57a2d4851a1d" relativeResultsDirectory="bc69b8c6-db09-4aa5-a2fe-4b292f23338f">
    </UnitTestResult>
    <UnitTestResult executionId="11c50fe0-1a92-478c-82df-180f3c313cb6" testId="a281a993-54ac-242d-6e81-bd7ca5969d50" testName="SRLTest" computerName="SAMCRUISE-PC" duration="00:00:00.0006974" startTime="2012-11-05T17:59:05.9377674+00:00" endTime="2012-11-05T17:59:05.9377674+00:00" testType="13cdc9d9-ddb5-4fa4-a97d-d965ccfc6d4b" outcome="Passed" testListId="8c84fa94-04c1-424b-9868-57a2d4851a1d" relativeResultsDirectory="11c50fe0-1a92-478c-82df-180f3c313cb6">
    </UnitTestResult>
    <UnitTestResult executionId="b04a7e22-2aeb-444e-9c85-f21433a8e7ab" testId="46c0ea6c-7511-1a43-1027-23d83e8af062" testName="SUB_nTest" computerName="SAMCRUISE-PC" duration="00:00:00.0006159" startTime="2012-11-05T17:59:05.9377674+00:00" endTime="2012-11-05T17:59:05.9533674+00:00" testType="13cdc9d9-ddb5-4fa4-a97d-d965ccfc6d4b" outcome="Passed" testListId="8c84fa94-04c1-424b-9868-57a2d4851a1d" relativeResultsDirectory="b04a7e22-2aeb-444e-9c85-f21433a8e7ab">
    </UnitTestResult>
    <UnitTestResult executionId="6ae8d378-a48e-4d68-8410-a53df3d79d81" testId="55171caa-19dd-2ede-1df5-fba7324e3535" testName="SUB_rTest" computerName="SAMCRUISE-PC" duration="00:00:00.0007885" startTime="2012-11-05T17:59:05.9533674+00:00" endTime="2012-11-05T17:59:05.9689674+00:00" testType="13cdc9d9-ddb5-4fa4-a97d-d965ccfc6d4b" outcome="Passed" testListId="8c84fa94-04c1-424b-9868-57a2d4851a1d" relativeResultsDirectory="6ae8d378-a48e-4d68-8410-a53df3d79d81">
    </UnitTestResult>
    <UnitTestResult executionId="9058b608-ccc4-4757-939e-7e4a29b5adc0" testId="2d6e4e36-5fe1-42c4-5c13-c7a8f483806d" testName="XOR_nTest" computerName="SAMCRUISE-PC" duration="00:00:00.0006574" startTime="2012-11-05T17:59:05.9689674+00:00" endTime="2012-11-05T17:59:05.9689674+00:00" testType="13cdc9d9-ddb5-4fa4-a97d-d965ccfc6d4b" outcome="Passed" testListId="8c84fa94-04c1-424b-9868-57a2d4851a1d" relativeResultsDirectory="9058b608-ccc4-4757-939e-7e4a29b5adc0">
    </UnitTestResult>
    <UnitTestResult executionId="4b068a9f-6cff-4b57-b859-6e920f83b280" testId="436605de-6d1c-4402-615f-0938ced05851" testName="XOR_rTest" computerName="SAMCRUISE-PC" duration="00:00:00.0008115" startTime="2012-11-05T17:59:05.9689674+00:00" endTime="2012-11-05T17:59:05.9845674+00:00" testType="13cdc9d9-ddb5-4fa4-a97d-d965ccfc6d4b" outcome="Passed" testListId="8c84fa94-04c1-424b-9868-57a2d4851a1d" relativeResultsDirectory="4b068a9f-6cff-4b57-b859-6e920f83b280">
    </UnitTestResult>
    <UnitTestResult executionId="140f6f47-8505-43cd-a14d-409843ab9164" testId="06cdd2b0-2e57-8d8b-04bb-80519a9fcc34" testName="FUSETests" computerName="SAMCRUISE-PC" duration="00:00:01.7628031" startTime="2012-11-05T17:59:05.9845674+00:00" endTime="2012-11-05T17:59:07.7473705+00:00" testType="13cdc9d9-ddb5-4fa4-a97d-d965ccfc6d4b" outcome="Aborted" testListId="8c84fa94-04c1-424b-9868-57a2d4851a1d" relativeResultsDirectory="140f6f47-8505-43cd-a14d-409843ab9164">
    </UnitTestResult>
    <UnitTestResult executionId="88e0b90e-b824-4f4c-91aa-41cbdcf53075" testId="068cdc8e-c9bd-de02-b833-b329ffaf1fd2" testName="JimmyTest" computerName="SAMCRUISE-PC" testType="13cdc9d9-ddb5-4fa4-a97d-d965ccfc6d4b" outcome="NotExecuted" testListId="8c84fa94-04c1-424b-9868-57a2d4851a1d" relativeResultsDirectory="88e0b90e-b824-4f4c-91aa-41cbdcf53075">
    </UnitTestResult>
    <UnitTestResult executionId="942bc6ba-6af7-491c-8b99-f87bdd266db6" testId="942a0380-d590-7e7a-6851-2cdf34dc5ff1" testName="StackTest" computerName="SAMCRUISE-PC" testType="13cdc9d9-ddb5-4fa4-a97d-d965ccfc6d4b" outcome="NotExecuted" testListId="8c84fa94-04c1-424b-9868-57a2d4851a1d" relativeResultsDirectory="942bc6ba-6af7-491c-8b99-f87bdd266db6">
    </UnitTestResult>
    <UnitTestResult executionId="9f43f4eb-fa9c-4115-8c2a-c40a91fd7c7d" testId="6ea371f5-9713-1500-34a7-78647e13da18" testName="CarryTest" computerName="SAMCRUISE-PC" testType="13cdc9d9-ddb5-4fa4-a97d-d965ccfc6d4b" outcome="NotExecuted" testListId="8c84fa94-04c1-424b-9868-57a2d4851a1d" relativeResultsDirectory="9f43f4eb-fa9c-4115-8c2a-c40a91fd7c7d">
    </UnitTestResult>
    <UnitTestResult executionId="479f0ff5-e579-487c-86a4-b7bd586bcbc4" testId="fa282fd8-ace3-314b-bdaa-b68c035c8013" testName="Arithmetic8BitTest" computerName="SAMCRUISE-PC" testType="13cdc9d9-ddb5-4fa4-a97d-d965ccfc6d4b" outcome="NotExecuted" testListId="8c84fa94-04c1-424b-9868-57a2d4851a1d" relativeResultsDirectory="479f0ff5-e579-487c-86a4-b7bd586bcbc4">
    </UnitTestResult>
    <UnitTestResult executionId="908d4ddb-b286-4ceb-bd71-c5cf93f950e4" testId="d4004087-56d4-1d0e-14c6-9815e660af61" testName="ZeroTest" computerName="SAMCRUISE-PC" testType="13cdc9d9-ddb5-4fa4-a97d-d965ccfc6d4b" outcome="NotExecuted" testListId="8c84fa94-04c1-424b-9868-57a2d4851a1d" relativeResultsDirectory="908d4ddb-b286-4ceb-bd71-c5cf93f950e4">
    </UnitTestResult>
    <UnitTestResult executionId="3740c94d-8aea-4540-84a3-9c8a21075d2e" testId="a4ae135f-c523-9f9f-d27b-4db4e5509e94" testName="ADC_A_nTest" computerName="SAMCRUISE-PC" testType="13cdc9d9-ddb5-4fa4-a97d-d965ccfc6d4b" outcome="NotExecuted" testListId="8c84fa94-04c1-424b-9868-57a2d4851a1d" relativeResultsDirectory="3740c94d-8aea-4540-84a3-9c8a21075d2e">
    </UnitTestResult>
    <UnitTestResult executionId="37a0a6bd-a1de-4716-a4a2-128e98f91151" testId="7fa090f1-d9a9-3de8-1087-2d0b0717201b" testName="ADC_A_rTest" computerName="SAMCRUISE-PC" testType="13cdc9d9-ddb5-4fa4-a97d-d965ccfc6d4b" outcome="NotExecuted" testListId="8c84fa94-04c1-424b-9868-57a2d4851a1d" relativeResultsDirectory="37a0a6bd-a1de-4716-a4a2-128e98f91151">
    </UnitTestResult>
    <UnitTestResult executionId="1beec41b-de8b-4968-b5d4-d26eec54d2a8" testId="0b4144dd-a347-7b17-997b-3df3b8ff73bd" testName="ADC_HLTest" computerName="SAMCRUISE-PC" testType="13cdc9d9-ddb5-4fa4-a97d-d965ccfc6d4b" outcome="NotExecuted" testListId="8c84fa94-04c1-424b-9868-57a2d4851a1d" relativeResultsDirectory="1beec41b-de8b-4968-b5d4-d26eec54d2a8">
    </UnitTestResult>
    <UnitTestResult executionId="063f60fd-3684-4855-8221-20529929ae66" testId="0ebca460-c35e-fb90-0af2-4327104b42ae" testName="ADD_A_nTest" computerName="SAMCRUISE-PC" testType="13cdc9d9-ddb5-4fa4-a97d-d965ccfc6d4b" outcome="NotExecuted" testListId="8c84fa94-04c1-424b-9868-57a2d4851a1d" relativeResultsDirectory="063f60fd-3684-4855-8221-20529929ae66">
    </UnitTestResult>
    <UnitTestResult executionId="20b1655c-b508-459e-85c8-4386a46272fc" testId="61cf7fd2-4675-4774-43a6-1058ba4d6886" testName="ADD_A_rTest" computerName="SAMCRUISE-PC" testType="13cdc9d9-ddb5-4fa4-a97d-d965ccfc6d4b" outcome="NotExecuted" testListId="8c84fa94-04c1-424b-9868-57a2d4851a1d" relativeResultsDirectory="20b1655c-b508-459e-85c8-4386a46272fc">
    </UnitTestResult>
    <UnitTestResult executionId="6386b6ef-d0f9-441d-8af4-677edbe6dd63" testId="77c6ab54-7ca3-396b-513b-a14bf6be574c" testName="ADD_HL_ssTest" computerName="SAMCRUISE-PC" testType="13cdc9d9-ddb5-4fa4-a97d-d965ccfc6d4b" outcome="NotExecuted" testListId="8c84fa94-04c1-424b-9868-57a2d4851a1d" relativeResultsDirectory="6386b6ef-d0f9-441d-8af4-677edbe6dd63">
    </UnitTestResult>
    <UnitTestResult executionId="3d727e30-9966-4815-8ca2-d42853db6fb6" testId="9f6c528b-5fee-7f40-d59f-122c6aa17338" testName="AND_nTest" computerName="SAMCRUISE-PC" testType="13cdc9d9-ddb5-4fa4-a97d-d965ccfc6d4b" outcome="NotExecuted" testListId="8c84fa94-04c1-424b-9868-57a2d4851a1d" relativeResultsDirectory="3d727e30-9966-4815-8ca2-d42853db6fb6">
    </UnitTestResult>
    <UnitTestResult executionId="0e77fbca-9f13-47ca-86a1-b20ce1d54c98" testId="7769ab53-4bf0-a65b-8187-75daf24d1434" testName="AND_rTest" computerName="SAMCRUISE-PC" testType="13cdc9d9-ddb5-4fa4-a97d-d965ccfc6d4b" outcome="NotExecuted" testListId="8c84fa94-04c1-424b-9868-57a2d4851a1d" relativeResultsDirectory="0e77fbca-9f13-47ca-86a1-b20ce1d54c98">
    </UnitTestResult>
    <UnitTestResult executionId="611b329f-78ba-436b-ba4d-23723e877af7" testId="7976e622-0553-0c71-cbd8-e8577be21b5d" testName="BITTest" computerName="SAMCRUISE-PC" testType="13cdc9d9-ddb5-4fa4-a97d-d965ccfc6d4b" outcome="NotExecuted" testListId="8c84fa94-04c1-424b-9868-57a2d4851a1d" relativeResultsDirectory="611b329f-78ba-436b-ba4d-23723e877af7">
    </UnitTestResult>
    <UnitTestResult executionId="c908683d-bac7-4f1c-9671-45509cf5b595" testId="320aa1ed-8916-5804-9751-99d2b2fcbc6a" testName="CALL_cc_nnTest" computerName="SAMCRUISE-PC" testType="13cdc9d9-ddb5-4fa4-a97d-d965ccfc6d4b" outcome="NotExecuted" testListId="8c84fa94-04c1-424b-9868-57a2d4851a1d" relativeResultsDirectory="c908683d-bac7-4f1c-9671-45509cf5b595">
    </UnitTestResult>
    <UnitTestResult executionId="1819ee06-e4d7-461f-882d-a33c37e4ba4e" testId="fa3e44b0-1a68-2b54-c8d6-5cd6535068e5" testName="CALL_nnTest" computerName="SAMCRUISE-PC" testType="13cdc9d9-ddb5-4fa4-a97d-d965ccfc6d4b" outcome="NotExecuted" testListId="8c84fa94-04c1-424b-9868-57a2d4851a1d" relativeResultsDirectory="1819ee06-e4d7-461f-882d-a33c37e4ba4e">
    </UnitTestResult>
    <UnitTestResult executionId="6204ff71-ad7a-4d67-85e6-ace2847abe7f" testId="da8af087-df0c-8562-0b18-6cdda3360a1f" testName="CCFTest" computerName="SAMCRUISE-PC" testType="13cdc9d9-ddb5-4fa4-a97d-d965ccfc6d4b" outcome="NotExecuted" testListId="8c84fa94-04c1-424b-9868-57a2d4851a1d" relativeResultsDirectory="6204ff71-ad7a-4d67-85e6-ace2847abe7f">
    </UnitTestResult>
    <UnitTestResult executionId="02816909-64af-4cd1-933c-24a62329bf05" testId="4618a85c-6917-6864-cac1-68e9f062489d" testName="CPDTest" computerName="SAMCRUISE-PC" testType="13cdc9d9-ddb5-4fa4-a97d-d965ccfc6d4b" outcome="NotExecuted" testListId="8c84fa94-04c1-424b-9868-57a2d4851a1d" relativeResultsDirectory="02816909-64af-4cd1-933c-24a62329bf05">
    </UnitTestResult>
    <UnitTestResult executionId="3c0dc658-a1af-413a-8660-aaee3bbd0762" testId="225c05c4-9748-a7c6-e24e-08b5a00f73ff" testName="CPDRTest" computerName="SAMCRUISE-PC" testType="13cdc9d9-ddb5-4fa4-a97d-d965ccfc6d4b" outcome="NotExecuted" testListId="8c84fa94-04c1-424b-9868-57a2d4851a1d" relativeResultsDirectory="3c0dc658-a1af-413a-8660-aaee3bbd0762">
    </UnitTestResult>
    <UnitTestResult executionId="78a31260-9f87-4690-8b68-e106e0b137ba" testId="e8d906d9-8fb1-1c4e-04ae-14b5b043e77e" testName="CPITest" computerName="SAMCRUISE-PC" testType="13cdc9d9-ddb5-4fa4-a97d-d965ccfc6d4b" outcome="NotExecuted" testListId="8c84fa94-04c1-424b-9868-57a2d4851a1d" relativeResultsDirectory="78a31260-9f87-4690-8b68-e106e0b137ba">
    </UnitTestResult>
    <UnitTestResult executionId="3999b849-3a92-44bd-85f8-6e186720635f" testId="1a60954a-838a-08ce-4a89-0464a13b3a93" testName="CPIRTest" computerName="SAMCRUISE-PC" testType="13cdc9d9-ddb5-4fa4-a97d-d965ccfc6d4b" outcome="NotExecuted" testListId="8c84fa94-04c1-424b-9868-57a2d4851a1d" relativeResultsDirectory="3999b849-3a92-44bd-85f8-6e186720635f">
    </UnitTestResult>
    <UnitTestResult executionId="09d1381f-ebcc-45dc-87db-36316bb363fc" testId="f8babc50-25ce-9eb4-fa02-2679067db866" testName="CPLTest" computerName="SAMCRUISE-PC" testType="13cdc9d9-ddb5-4fa4-a97d-d965ccfc6d4b" outcome="NotExecuted" testListId="8c84fa94-04c1-424b-9868-57a2d4851a1d" relativeResultsDirectory="09d1381f-ebcc-45dc-87db-36316bb363fc">
    </UnitTestResult>
    <UnitTestResult executionId="62391d16-516e-4725-94a6-d3f23fcf5a77" testId="f418ccbd-868f-1cb5-4064-c312acb76e89" testName="CP_nTest" computerName="SAMCRUISE-PC" testType="13cdc9d9-ddb5-4fa4-a97d-d965ccfc6d4b" outcome="NotExecuted" testListId="8c84fa94-04c1-424b-9868-57a2d4851a1d" relativeResultsDirectory="62391d16-516e-4725-94a6-d3f23fcf5a77">
    </UnitTestResult>
    <UnitTestResult executionId="65e25e1a-ce3a-4cab-adeb-25556823c755" testId="6b710965-1677-6f38-b88e-91e3b8a9332f" testName="CP_rTest" computerName="SAMCRUISE-PC" testType="13cdc9d9-ddb5-4fa4-a97d-d965ccfc6d4b" outcome="NotExecuted" testListId="8c84fa94-04c1-424b-9868-57a2d4851a1d" relativeResultsDirectory="65e25e1a-ce3a-4cab-adeb-25556823c755">
    </UnitTestResult>
    <UnitTestResult executionId="b8c1447d-7d26-4779-808c-2c7f4ea0dce5" testId="8e0d0db1-8d33-69b8-381b-66e942894b60" testName="DAATest" computerName="SAMCRUISE-PC" testType="13cdc9d9-ddb5-4fa4-a97d-d965ccfc6d4b" outcome="NotExecuted" testListId="8c84fa94-04c1-424b-9868-57a2d4851a1d" relativeResultsDirectory="b8c1447d-7d26-4779-808c-2c7f4ea0dce5">
    </UnitTestResult>
    <UnitTestResult executionId="8c3a77a9-78f3-4244-8ce4-fb40725bd8b9" testId="64f3a371-75dd-ff36-2172-a082a1bb01a7" testName="DEC_rTest" computerName="SAMCRUISE-PC" testType="13cdc9d9-ddb5-4fa4-a97d-d965ccfc6d4b" outcome="NotExecuted" testListId="8c84fa94-04c1-424b-9868-57a2d4851a1d" relativeResultsDirectory="8c3a77a9-78f3-4244-8ce4-fb40725bd8b9">
    </UnitTestResult>
    <UnitTestResult executionId="201cd106-4e9a-45c2-abfd-4c5f663797d8" testId="d40644e9-e5a2-7e4e-64e2-b6d9ec18d899" testName="DEC_ssTest" computerName="SAMCRUISE-PC" testType="13cdc9d9-ddb5-4fa4-a97d-d965ccfc6d4b" outcome="NotExecuted" testListId="8c84fa94-04c1-424b-9868-57a2d4851a1d" relativeResultsDirectory="201cd106-4e9a-45c2-abfd-4c5f663797d8">
    </UnitTestResult>
    <UnitTestResult executionId="42fefb7c-8d35-44ed-936a-a7c6c9f00f9e" testId="e92b5c19-a5d8-72ee-80c0-df041dccc0be" testName="DITest" computerName="SAMCRUISE-PC" testType="13cdc9d9-ddb5-4fa4-a97d-d965ccfc6d4b" outcome="NotExecuted" testListId="8c84fa94-04c1-424b-9868-57a2d4851a1d" relativeResultsDirectory="42fefb7c-8d35-44ed-936a-a7c6c9f00f9e">
    </UnitTestResult>
    <UnitTestResult executionId="7666c51d-bed3-4419-ad16-fd14e31b5254" testId="a5b3e069-d5dc-aae1-dab1-7ba2da7e0884" testName="DNJZTest" computerName="SAMCRUISE-PC" testType="13cdc9d9-ddb5-4fa4-a97d-d965ccfc6d4b" outcome="NotExecuted" testListId="8c84fa94-04c1-424b-9868-57a2d4851a1d" relativeResultsDirectory="7666c51d-bed3-4419-ad16-fd14e31b5254">
    </UnitTestResult>
    <UnitTestResult executionId="dd55c3dc-395f-45aa-a794-1d803754fd68" testId="cbf56f62-df39-1b79-4acc-e7326d9dc27c" testName="EITest" computerName="SAMCRUISE-PC" testType="13cdc9d9-ddb5-4fa4-a97d-d965ccfc6d4b" outcome="NotExecuted" testListId="8c84fa94-04c1-424b-9868-57a2d4851a1d" relativeResultsDirectory="dd55c3dc-395f-45aa-a794-1d803754fd68">
    </UnitTestResult>
    <UnitTestResult executionId="0dddf27e-7285-466a-a840-70857265c4d6" testId="4362f3ce-6bef-c806-ed6a-f9a0e3284ef0" testName="EXXTest" computerName="SAMCRUISE-PC" testType="13cdc9d9-ddb5-4fa4-a97d-d965ccfc6d4b" outcome="NotExecuted" testListId="8c84fa94-04c1-424b-9868-57a2d4851a1d" relativeResultsDirectory="0dddf27e-7285-466a-a840-70857265c4d6">
    </UnitTestResult>
    <UnitTestResult executionId="85905055-fb07-4671-b6e3-1dae8245be59" testId="a99ddd4b-7030-4db6-9934-7cc5773a9396" testName="EX_AF_AF2Test" computerName="SAMCRUISE-PC" testType="13cdc9d9-ddb5-4fa4-a97d-d965ccfc6d4b" outcome="NotExecuted" testListId="8c84fa94-04c1-424b-9868-57a2d4851a1d" relativeResultsDirectory="85905055-fb07-4671-b6e3-1dae8245be59">
    </UnitTestResult>
    <UnitTestResult executionId="93d3e54f-c77b-4cb1-bcaa-3a1a8b46b49a" testId="c6073ad2-1dfd-1823-7f61-0e4d779c6b0f" testName="EX_DE_HLTest" computerName="SAMCRUISE-PC" testType="13cdc9d9-ddb5-4fa4-a97d-d965ccfc6d4b" outcome="NotExecuted" testListId="8c84fa94-04c1-424b-9868-57a2d4851a1d" relativeResultsDirectory="93d3e54f-c77b-4cb1-bcaa-3a1a8b46b49a">
    </UnitTestResult>
    <UnitTestResult executionId="3612af5f-59b7-40a5-82ce-991ac0d9cf35" testId="5ffd0124-37d8-11bf-fa8d-5062ee6afc91" testName="EX_SP_HLTest" computerName="SAMCRUISE-PC" testType="13cdc9d9-ddb5-4fa4-a97d-d965ccfc6d4b" outcome="NotExecuted" testListId="8c84fa94-04c1-424b-9868-57a2d4851a1d" relativeResultsDirectory="3612af5f-59b7-40a5-82ce-991ac0d9cf35">
    </UnitTestResult>
    <UnitTestResult executionId="18f78e8c-a81f-4a7b-80a7-a5d6e2744eec" testId="cc8e988e-fc66-7582-921e-6f44ee2d4fb1" testName="HALTTest" computerName="SAMCRUISE-PC" testType="13cdc9d9-ddb5-4fa4-a97d-d965ccfc6d4b" outcome="NotExecuted" testListId="8c84fa94-04c1-424b-9868-57a2d4851a1d" relativeResultsDirectory="18f78e8c-a81f-4a7b-80a7-a5d6e2744eec">
    </UnitTestResult>
    <UnitTestResult executionId="9d3282cc-a352-4254-b17a-4d425d2a3fa5" testId="6993b04e-0773-c13a-ebf9-79006fbce62b" testName="IMTest" computerName="SAMCRUISE-PC" testType="13cdc9d9-ddb5-4fa4-a97d-d965ccfc6d4b" outcome="NotExecuted" testListId="8c84fa94-04c1-424b-9868-57a2d4851a1d" relativeResultsDirectory="9d3282cc-a352-4254-b17a-4d425d2a3fa5">
    </UnitTestResult>
    <UnitTestResult executionId="0394dcc0-4f6e-46ae-a373-80268764b236" testId="d16ad0a6-d821-4cca-9aac-518623adb362" testName="INC_rTest" computerName="SAMCRUISE-PC" testType="13cdc9d9-ddb5-4fa4-a97d-d965ccfc6d4b" outcome="NotExecuted" testListId="8c84fa94-04c1-424b-9868-57a2d4851a1d" relativeResultsDirectory="0394dcc0-4f6e-46ae-a373-80268764b236">
    </UnitTestResult>
    <UnitTestResult executionId="f83c838b-3eec-4471-895e-c2a97c742247" testId="d80f292a-b4c2-4be9-b82a-b5573e9be6f2" testName="INC_ssTest" computerName="SAMCRUISE-PC" testType="13cdc9d9-ddb5-4fa4-a97d-d965ccfc6d4b" outcome="NotExecuted" testListId="8c84fa94-04c1-424b-9868-57a2d4851a1d" relativeResultsDirectory="f83c838b-3eec-4471-895e-c2a97c742247">
    </UnitTestResult>
    <UnitTestResult executionId="1c755e16-1427-4720-a19a-029633e35380" testId="aece9089-8fd9-3739-7b3a-72bcdb4cb138" testName="INDTest" computerName="SAMCRUISE-PC" testType="13cdc9d9-ddb5-4fa4-a97d-d965ccfc6d4b" outcome="NotExecuted" testListId="8c84fa94-04c1-424b-9868-57a2d4851a1d" relativeResultsDirectory="1c755e16-1427-4720-a19a-029633e35380">
    </UnitTestResult>
    <UnitTestResult executionId="c496d5c8-d9b1-41b0-a4d1-d8e2964eca8d" testId="0eef37c0-80da-2b47-8f3e-2850bbdef705" testName="INDRTest" computerName="SAMCRUISE-PC" testType="13cdc9d9-ddb5-4fa4-a97d-d965ccfc6d4b" outcome="NotExecuted" testListId="8c84fa94-04c1-424b-9868-57a2d4851a1d" relativeResultsDirectory="c496d5c8-d9b1-41b0-a4d1-d8e2964eca8d">
    </UnitTestResult>
    <UnitTestResult executionId="8cab8163-7873-4fd3-a0c9-90dfab04c619" testId="663717dd-e6fb-6ae6-4ed1-26415e1cd665" testName="INITest" computerName="SAMCRUISE-PC" testType="13cdc9d9-ddb5-4fa4-a97d-d965ccfc6d4b" outcome="NotExecuted" testListId="8c84fa94-04c1-424b-9868-57a2d4851a1d" relativeResultsDirectory="8cab8163-7873-4fd3-a0c9-90dfab04c619">
    </UnitTestResult>
    <UnitTestResult executionId="92bf2c5a-7e56-4b75-89f7-e00cf87a86f3" testId="accb7fb6-557d-89fd-8c02-43ad3120a4e4" testName="INIRTest" computerName="SAMCRUISE-PC" testType="13cdc9d9-ddb5-4fa4-a97d-d965ccfc6d4b" outcome="NotExecuted" testListId="8c84fa94-04c1-424b-9868-57a2d4851a1d" relativeResultsDirectory="92bf2c5a-7e56-4b75-89f7-e00cf87a86f3">
    </UnitTestResult>
    <UnitTestResult executionId="9c747677-c07b-43e6-9ca4-b08b800c6c9c" testId="cb76c32f-1004-2d6e-4048-b5467b53a179" testName="IN_A_nTest" computerName="SAMCRUISE-PC" testType="13cdc9d9-ddb5-4fa4-a97d-d965ccfc6d4b" outcome="NotExecuted" testListId="8c84fa94-04c1-424b-9868-57a2d4851a1d" relativeResultsDirectory="9c747677-c07b-43e6-9ca4-b08b800c6c9c">
    </UnitTestResult>
    <UnitTestResult executionId="de0f34b9-232f-415b-ae45-4dadfc60edd0" testId="6af126f8-3922-fbad-35b8-bf549d275e90" testName="IN_r_CTest" computerName="SAMCRUISE-PC" testType="13cdc9d9-ddb5-4fa4-a97d-d965ccfc6d4b" outcome="NotExecuted" testListId="8c84fa94-04c1-424b-9868-57a2d4851a1d" relativeResultsDirectory="de0f34b9-232f-415b-ae45-4dadfc60edd0">
    </UnitTestResult>
    <UnitTestResult executionId="ef743025-924c-4ddc-8615-ed632e90c81a" testId="644506c2-c887-ef59-e127-65e89db16cbc" testName="JP_HLTest" computerName="SAMCRUISE-PC" testType="13cdc9d9-ddb5-4fa4-a97d-d965ccfc6d4b" outcome="NotExecuted" testListId="8c84fa94-04c1-424b-9868-57a2d4851a1d" relativeResultsDirectory="ef743025-924c-4ddc-8615-ed632e90c81a">
    </UnitTestResult>
    <UnitTestResult executionId="831caa5d-e342-4bae-a934-ca7cdd5b3bf7" testId="2a561a82-d650-4928-a63a-372019177aa0" testName="JP_cc_nnTest" computerName="SAMCRUISE-PC" testType="13cdc9d9-ddb5-4fa4-a97d-d965ccfc6d4b" outcome="NotExecuted" testListId="8c84fa94-04c1-424b-9868-57a2d4851a1d" relativeResultsDirectory="831caa5d-e342-4bae-a934-ca7cdd5b3bf7">
    </UnitTestResult>
    <UnitTestResult executionId="38b67616-7bb4-4a21-9e39-0f905d994213" testId="3cdbe969-b2db-38d4-00ab-7c7380efb3ba" testName="JP_nnTest" computerName="SAMCRUISE-PC" testType="13cdc9d9-ddb5-4fa4-a97d-d965ccfc6d4b" outcome="NotExecuted" testListId="8c84fa94-04c1-424b-9868-57a2d4851a1d" relativeResultsDirectory="38b67616-7bb4-4a21-9e39-0f905d994213">
    </UnitTestResult>
    <UnitTestResult executionId="93988bea-20d3-4017-8b2c-e4b12d6b18bd" testId="d987caa4-b236-d3ff-cce6-1360da40887d" testName="JRTest" computerName="SAMCRUISE-PC" testType="13cdc9d9-ddb5-4fa4-a97d-d965ccfc6d4b" outcome="NotExecuted" testListId="8c84fa94-04c1-424b-9868-57a2d4851a1d" relativeResultsDirectory="93988bea-20d3-4017-8b2c-e4b12d6b18bd">
    </UnitTestResult>
    <UnitTestResult executionId="7fb200d5-4139-471f-97ca-637902b6ef1e" testId="2725660c-204c-cdd3-cc38-c8cb0969f291" testName="LDDTest" computerName="SAMCRUISE-PC" testType="13cdc9d9-ddb5-4fa4-a97d-d965ccfc6d4b" outcome="NotExecuted" testListId="8c84fa94-04c1-424b-9868-57a2d4851a1d" relativeResultsDirectory="7fb200d5-4139-471f-97ca-637902b6ef1e">
    </UnitTestResult>
    <UnitTestResult executionId="05d064ba-834d-46fe-8e74-2b99774d8c4d" testId="fbf61387-acd6-ad6e-d454-963c3b13209e" testName="LDDRTest" computerName="SAMCRUISE-PC" testType="13cdc9d9-ddb5-4fa4-a97d-d965ccfc6d4b" outcome="NotExecuted" testListId="8c84fa94-04c1-424b-9868-57a2d4851a1d" relativeResultsDirectory="05d064ba-834d-46fe-8e74-2b99774d8c4d">
    </UnitTestResult>
    <UnitTestResult executionId="94cd5d8c-bb0d-4313-926b-d4e0a5794e4b" testId="26cfd68c-0b2b-b154-5fee-9a7274b0546f" testName="LDITest" computerName="SAMCRUISE-PC" testType="13cdc9d9-ddb5-4fa4-a97d-d965ccfc6d4b" outcome="NotExecuted" testListId="8c84fa94-04c1-424b-9868-57a2d4851a1d" relativeResultsDirectory="94cd5d8c-bb0d-4313-926b-d4e0a5794e4b">
    </UnitTestResult>
    <UnitTestResult executionId="16ff449a-261a-4f22-af6f-a132b49b99a1" testId="c6014464-c5a6-fa24-8780-9b58004c3f58" testName="LDIRTest" computerName="SAMCRUISE-PC" testType="13cdc9d9-ddb5-4fa4-a97d-d965ccfc6d4b" outcome="NotExecuted" testListId="8c84fa94-04c1-424b-9868-57a2d4851a1d" relativeResultsDirectory="16ff449a-261a-4f22-af6f-a132b49b99a1">
    </UnitTestResult>
    <UnitTestResult executionId="76a44e2f-e30b-4bb1-bf21-0480d4f5fedf" testId="1098bc54-92c2-3c91-e91e-8afcd496d21e" testName="LD_A_BCTest" computerName="SAMCRUISE-PC" testType="13cdc9d9-ddb5-4fa4-a97d-d965ccfc6d4b" outcome="NotExecuted" testListId="8c84fa94-04c1-424b-9868-57a2d4851a1d" relativeResultsDirectory="76a44e2f-e30b-4bb1-bf21-0480d4f5fedf">
    </UnitTestResult>
    <UnitTestResult executionId="1ccac03b-ac6a-4051-89a7-4020c8f39960" testId="dedf675d-4710-3439-30c1-2b6f394221dd" testName="LD_A_DETest" computerName="SAMCRUISE-PC" testType="13cdc9d9-ddb5-4fa4-a97d-d965ccfc6d4b" outcome="NotExecuted" testListId="8c84fa94-04c1-424b-9868-57a2d4851a1d" relativeResultsDirectory="1ccac03b-ac6a-4051-89a7-4020c8f39960">
    </UnitTestResult>
    <UnitTestResult executionId="59862ebf-ff52-4b88-8969-2d8235ecd96b" testId="77ea9ad2-e5e0-4a61-f03a-bc81b141b08e" testName="LD_A_ITest" computerName="SAMCRUISE-PC" testType="13cdc9d9-ddb5-4fa4-a97d-d965ccfc6d4b" outcome="NotExecuted" testListId="8c84fa94-04c1-424b-9868-57a2d4851a1d" relativeResultsDirectory="59862ebf-ff52-4b88-8969-2d8235ecd96b">
    </UnitTestResult>
    <UnitTestResult executionId="1838344a-2461-4b30-8521-3deddf963d81" testId="d6f365f5-4679-7038-6450-481adfa7d5c7" testName="LD_A_RTest" computerName="SAMCRUISE-PC" testType="13cdc9d9-ddb5-4fa4-a97d-d965ccfc6d4b" outcome="NotExecuted" testListId="8c84fa94-04c1-424b-9868-57a2d4851a1d" relativeResultsDirectory="1838344a-2461-4b30-8521-3deddf963d81">
    </UnitTestResult>
    <UnitTestResult executionId="f89dce60-2618-42be-b3ad-e5012d94ced8" testId="3910ea2e-3d0e-baae-5cb5-ee5255a7ee35" testName="LD_A_nnTest" computerName="SAMCRUISE-PC" testType="13cdc9d9-ddb5-4fa4-a97d-d965ccfc6d4b" outcome="NotExecuted" testListId="8c84fa94-04c1-424b-9868-57a2d4851a1d" relativeResultsDirectory="f89dce60-2618-42be-b3ad-e5012d94ced8">
    </UnitTestResult>
    <UnitTestResult executionId="86edac64-1385-4d6a-8fd3-6e50a05dfe84" testId="82c0cf7c-d6a8-c070-d23c-58c9b55e047a" testName="LD_BC_ATest" computerName="SAMCRUISE-PC" testType="13cdc9d9-ddb5-4fa4-a97d-d965ccfc6d4b" outcome="NotExecuted" testListId="8c84fa94-04c1-424b-9868-57a2d4851a1d" relativeResultsDirectory="86edac64-1385-4d6a-8fd3-6e50a05dfe84">
    </UnitTestResult>
    <UnitTestResult executionId="15b787cb-2357-43af-befe-34b0859c9caa" testId="231bd03e-0d38-6cc5-0783-b65ae0f853d9" testName="LD_DE_ATest" computerName="SAMCRUISE-PC" testType="13cdc9d9-ddb5-4fa4-a97d-d965ccfc6d4b" outcome="NotExecuted" testListId="8c84fa94-04c1-424b-9868-57a2d4851a1d" relativeResultsDirectory="15b787cb-2357-43af-befe-34b0859c9caa">
    </UnitTestResult>
    <UnitTestResult executionId="06b94c92-6766-49c3-be83-1bd676258eda" testId="7a984ac0-e42a-474e-dd34-f1980e6732d9" testName="LD_HL_nnTest" computerName="SAMCRUISE-PC" testType="13cdc9d9-ddb5-4fa4-a97d-d965ccfc6d4b" outcome="NotExecuted" testListId="8c84fa94-04c1-424b-9868-57a2d4851a1d" relativeResultsDirectory="06b94c92-6766-49c3-be83-1bd676258eda">
    </UnitTestResult>
    <UnitTestResult executionId="57d0d3db-3663-409d-aa96-01cb13011d08" testId="8419ae4f-e0d9-7a9f-7f37-e3a84733904b" testName="LD_I_ATest" computerName="SAMCRUISE-PC" testType="13cdc9d9-ddb5-4fa4-a97d-d965ccfc6d4b" outcome="NotExecuted" testListId="8c84fa94-04c1-424b-9868-57a2d4851a1d" relativeResultsDirectory="57d0d3db-3663-409d-aa96-01cb13011d08">
    </UnitTestResult>
    <UnitTestResult executionId="596fc4d4-b466-4924-8a6a-39eddec0eb04" testId="02081afb-f4e4-3f4d-8158-5c914990d541" testName="LD_R_ATest" computerName="SAMCRUISE-PC" testType="13cdc9d9-ddb5-4fa4-a97d-d965ccfc6d4b" outcome="NotExecuted" testListId="8c84fa94-04c1-424b-9868-57a2d4851a1d" relativeResultsDirectory="596fc4d4-b466-4924-8a6a-39eddec0eb04">
    </UnitTestResult>
    <UnitTestResult executionId="0350d1bf-6e27-4006-a0a9-7fd313ef9e63" testId="408ed624-5685-2cc2-3b5f-b6dc3f3441bf" testName="LD_SP_HLTest" computerName="SAMCRUISE-PC" testType="13cdc9d9-ddb5-4fa4-a97d-d965ccfc6d4b" outcome="NotExecuted" testListId="8c84fa94-04c1-424b-9868-57a2d4851a1d" relativeResultsDirectory="0350d1bf-6e27-4006-a0a9-7fd313ef9e63">
    </UnitTestResult>
    <UnitTestResult executionId="bdbd556a-bf4f-49b2-99f4-6354d88d77a4" testId="9693f54a-8e39-e20e-ac44-1452f0049c4d" testName="LD_dd_nnTest" computerName="SAMCRUISE-PC" testType="13cdc9d9-ddb5-4fa4-a97d-d965ccfc6d4b" outcome="NotExecuted" testListId="8c84fa94-04c1-424b-9868-57a2d4851a1d" relativeResultsDirectory="bdbd556a-bf4f-49b2-99f4-6354d88d77a4">
    </UnitTestResult>
    <UnitTestResult executionId="6bccf6ae-08f0-45fe-8a2c-8e273e88f812" testId="531135d4-b324-d795-f9f5-d51886e82803" testName="LD_dd_nn2Test" computerName="SAMCRUISE-PC" testType="13cdc9d9-ddb5-4fa4-a97d-d965ccfc6d4b" outcome="NotExecuted" testListId="8c84fa94-04c1-424b-9868-57a2d4851a1d" relativeResultsDirectory="6bccf6ae-08f0-45fe-8a2c-8e273e88f812">
    </UnitTestResult>
    <UnitTestResult executionId="936d1715-1d1d-4029-8bee-f39fe12125fa" testId="9f97dc1f-2483-ec75-3db2-8e92253870cb" testName="LD_nn_ATest" computerName="SAMCRUISE-PC" testType="13cdc9d9-ddb5-4fa4-a97d-d965ccfc6d4b" outcome="NotExecuted" testListId="8c84fa94-04c1-424b-9868-57a2d4851a1d" relativeResultsDirectory="936d1715-1d1d-4029-8bee-f39fe12125fa">
    </UnitTestResult>
    <UnitTestResult executionId="7d42fa80-812e-4bd7-bdb0-aa8f4db9c9ce" testId="5fd1f04b-dac6-41bb-9db7-15f63c1db9f6" testName="LD_nn_HLTest" computerName="SAMCRUISE-PC" testType="13cdc9d9-ddb5-4fa4-a97d-d965ccfc6d4b" outcome="NotExecuted" testListId="8c84fa94-04c1-424b-9868-57a2d4851a1d" relativeResultsDirectory="7d42fa80-812e-4bd7-bdb0-aa8f4db9c9ce">
    </UnitTestResult>
    <UnitTestResult executionId="7d1d3516-79c9-4007-b683-8d9fbbada8c1" testId="f9126364-3831-3363-8188-a09b575bcf73" testName="LD_nn_ddTest" computerName="SAMCRUISE-PC" testType="13cdc9d9-ddb5-4fa4-a97d-d965ccfc6d4b" outcome="NotExecuted" testListId="8c84fa94-04c1-424b-9868-57a2d4851a1d" relativeResultsDirectory="7d1d3516-79c9-4007-b683-8d9fbbada8c1">
    </UnitTestResult>
    <UnitTestResult executionId="ea4eaac3-ffb7-4dba-b13b-6ca0cfb480aa" testId="4ca40fc0-23e6-fedb-25b7-f0ba20aa5cc5" testName="LD_r_nTest" computerName="SAMCRUISE-PC" testType="13cdc9d9-ddb5-4fa4-a97d-d965ccfc6d4b" outcome="NotExecuted" testListId="8c84fa94-04c1-424b-9868-57a2d4851a1d" relativeResultsDirectory="ea4eaac3-ffb7-4dba-b13b-6ca0cfb480aa">
    </UnitTestResult>
    <UnitTestResult executionId="61840ce3-e103-46f4-9f45-62d46eb72342" testId="4e29e539-acb7-4fe7-b58a-ad776d59b1bb" testName="LD_r_rTest" computerName="SAMCRUISE-PC" testType="13cdc9d9-ddb5-4fa4-a97d-d965ccfc6d4b" outcome="NotExecuted" testListId="8c84fa94-04c1-424b-9868-57a2d4851a1d" relativeResultsDirectory="61840ce3-e103-46f4-9f45-62d46eb72342">
    </UnitTestResult>
    <UnitTestResult executionId="51b50c84-f1f2-463d-828e-caf88bf61b3d" testId="efeb0611-e5d6-72cb-f153-edd9546c4863" testName="NEGTest" computerName="SAMCRUISE-PC" testType="13cdc9d9-ddb5-4fa4-a97d-d965ccfc6d4b" outcome="NotExecuted" testListId="8c84fa94-04c1-424b-9868-57a2d4851a1d" relativeResultsDirectory="51b50c84-f1f2-463d-828e-caf88bf61b3d">
    </UnitTestResult>
    <UnitTestResult executionId="8cae9a32-e640-423e-9132-2bb3bbbc1358" testId="ef38ddd6-7755-2790-0e1b-b39d5b54c463" testName="OR_nTest" computerName="SAMCRUISE-PC" testType="13cdc9d9-ddb5-4fa4-a97d-d965ccfc6d4b" outcome="NotExecuted" testListId="8c84fa94-04c1-424b-9868-57a2d4851a1d" relativeResultsDirectory="8cae9a32-e640-423e-9132-2bb3bbbc1358">
    </UnitTestResult>
    <UnitTestResult executionId="95077bad-ae07-478a-88a1-0951fcdc1aca" testId="429a8c32-55b7-bbd1-b067-032d95921b55" testName="OR_rTest" computerName="SAMCRUISE-PC" testType="13cdc9d9-ddb5-4fa4-a97d-d965ccfc6d4b" outcome="NotExecuted" testListId="8c84fa94-04c1-424b-9868-57a2d4851a1d" relativeResultsDirectory="95077bad-ae07-478a-88a1-0951fcdc1aca">
    </UnitTestResult>
    <UnitTestResult executionId="52740dae-c853-40d1-a52c-b2fe7293cf1c" testId="6582c566-3514-80d9-5e8b-746b8c877c02" testName="OTDRTest" computerName="SAMCRUISE-PC" testType="13cdc9d9-ddb5-4fa4-a97d-d965ccfc6d4b" outcome="NotExecuted" testListId="8c84fa94-04c1-424b-9868-57a2d4851a1d" relativeResultsDirectory="52740dae-c853-40d1-a52c-b2fe7293cf1c">
    </UnitTestResult>
    <UnitTestResult executionId="5a33bd45-f0c3-4871-a9be-ba54d97c2626" testId="613249bd-4594-d153-ca2b-015a8a45b6a0" testName="OTIRTest" computerName="SAMCRUISE-PC" testType="13cdc9d9-ddb5-4fa4-a97d-d965ccfc6d4b" outcome="NotExecuted" testListId="8c84fa94-04c1-424b-9868-57a2d4851a1d" relativeResultsDirectory="5a33bd45-f0c3-4871-a9be-ba54d97c2626">
    </UnitTestResult>
    <UnitTestResult executionId="da6d3a93-51a7-4b23-8ed3-6856847129db" testId="1e0740c8-2234-8fea-75be-3168c953cfa8" testName="OUTDTest" computerName="SAMCRUISE-PC" testType="13cdc9d9-ddb5-4fa4-a97d-d965ccfc6d4b" outcome="NotExecuted" testListId="8c84fa94-04c1-424b-9868-57a2d4851a1d" relativeResultsDirectory="da6d3a93-51a7-4b23-8ed3-6856847129db">
    </UnitTestResult>
    <UnitTestResult executionId="9224df94-edc1-43e0-a563-41704324d7ee" testId="e500e466-400d-7a9d-97dd-2a6998d88e4b" testName="OUTITest" computerName="SAMCRUISE-PC" testType="13cdc9d9-ddb5-4fa4-a97d-d965ccfc6d4b" outcome="NotExecuted" testListId="8c84fa94-04c1-424b-9868-57a2d4851a1d" relativeResultsDirectory="9224df94-edc1-43e0-a563-41704324d7ee">
    </UnitTestResult>
    <UnitTestResult executionId="bd1c98fc-2b21-40df-a7b3-218646402bd7" testId="00f0e72d-0ee9-884c-1553-d761223ad003" testName="OUT_C_rTest" computerName="SAMCRUISE-PC" testType="13cdc9d9-ddb5-4fa4-a97d-d965ccfc6d4b" outcome="NotExecuted" testListId="8c84fa94-04c1-424b-9868-57a2d4851a1d" relativeResultsDirectory="bd1c98fc-2b21-40df-a7b3-218646402bd7">
    </UnitTestResult>
    <UnitTestResult executionId="d17b2d14-dea8-4b00-b951-80ce49578b72" testId="ec3dceb2-7476-60e7-45c6-cb4ca611c1fd" testName="OUT_n_ATest" computerName="SAMCRUISE-PC" testType="13cdc9d9-ddb5-4fa4-a97d-d965ccfc6d4b" outcome="NotExecuted" testListId="8c84fa94-04c1-424b-9868-57a2d4851a1d" relativeResultsDirectory="d17b2d14-dea8-4b00-b951-80ce49578b72">
    </UnitTestResult>
    <UnitTestResult executionId="36bc2148-80d7-47e5-9c1f-10c367d20ddf" testId="1fa28479-68b5-6739-9382-2a843d130358" testName="POP_qqTest" computerName="SAMCRUISE-PC" testType="13cdc9d9-ddb5-4fa4-a97d-d965ccfc6d4b" outcome="NotExecuted" testListId="8c84fa94-04c1-424b-9868-57a2d4851a1d" relativeResultsDirectory="36bc2148-80d7-47e5-9c1f-10c367d20ddf">
    </UnitTestResult>
    <UnitTestResult executionId="4c73bc6b-54f2-4c55-bb0f-e0270a309898" testId="9084bd1d-64fc-c645-d3ae-df82e73934b3" testName="PUSH_qqTest" computerName="SAMCRUISE-PC" testType="13cdc9d9-ddb5-4fa4-a97d-d965ccfc6d4b" outcome="NotExecuted" testListId="8c84fa94-04c1-424b-9868-57a2d4851a1d" relativeResultsDirectory="4c73bc6b-54f2-4c55-bb0f-e0270a309898">
    </UnitTestResult>
    <UnitTestResult executionId="70040b5c-1090-41e0-ad8b-5e255483c67f" testId="ec8889aa-5c28-4621-dc4c-a1bae4f864b3" testName="RESTest" computerName="SAMCRUISE-PC" testType="13cdc9d9-ddb5-4fa4-a97d-d965ccfc6d4b" outcome="NotExecuted" testListId="8c84fa94-04c1-424b-9868-57a2d4851a1d" relativeResultsDirectory="70040b5c-1090-41e0-ad8b-5e255483c67f">
    </UnitTestResult>
  </Results>
</TestRun>